#
# There is insufficient memory for the Java Runtime Environment to continue.
# Native memory allocation (malloc) failed to allocate 1096816 bytes for Chunk::new
# Possible reasons:
#   The system is out of physical RAM or swap space
#   The process is running with CompressedOops enabled, and the Java Heap may be blocking the growth of the native heap
# Possible solutions:
#   Reduce memory load on the system
#   Increase physical memory or swap space
#   Check if swap backing store is full
#   Decrease Java heap size (-Xmx/-Xms)
#   Decrease number of Java threads
#   Decrease Java thread stack sizes (-Xss)
#   Set larger code cache with -XX:ReservedCodeCacheSize=
#   JVM is running with Unscaled Compressed Oops mode in which the Java heap is
#     placed in the first 4GB address space. The Java Heap base address is the
#     maximum limit for the native heap growth. Please use -XX:HeapBaseMinAddress
#     to set the Java Heap base and to place the Java Heap above 4GB virtual address.
# This output file may be truncated or incomplete.
#
#  Out of Memory Error (./src/hotspot/share/memory/arena.cpp:197), pid=11156, tid=1684
#
# JRE version: OpenJDK Runtime Environment (11.0.10) (build 11.0.10+0-b96-7249189)
# Java VM: OpenJDK 64-Bit Server VM (11.0.10+0-b96-7249189, mixed mode, tiered, compressed oops, g1 gc, windows-amd64)
# No core dump will be written. Minidumps are not enabled by default on client versions of Windows
#

---------------  S U M M A R Y ------------

Command Line: --add-opens=java.base/java.util=ALL-UNNAMED --add-opens=java.base/java.lang=ALL-UNNAMED --add-opens=java.base/java.lang.invoke=ALL-UNNAMED --add-opens=java.base/java.util=ALL-UNNAMED --add-opens=java.prefs/java.util.prefs=ALL-UNNAMED --add-opens=java.prefs/java.util.prefs=ALL-UNNAMED --add-opens=java.base/java.nio.charset=ALL-UNNAMED --add-opens=java.base/java.net=ALL-UNNAMED --add-opens=java.base/java.util.concurrent.atomic=ALL-UNNAMED -Xmx2048m -Dfile.encoding=UTF-8 -Duser.country=KR -Duser.language=ko -Duser.variant org.gradle.launcher.daemon.bootstrap.GradleDaemon 7.0.2

Host: Intel(R) Core(TM) i7-10700 CPU @ 2.90GHz, 16 cores, 15G,  Windows 10 , 64 bit Build 19041 (10.0.19041.1202)
Time: Wed Oct 13 14:02:10 2021 대한민국 표준시 elapsed time: 6.344053 seconds (0d 0h 0m 6s)

---------------  T H R E A D  ---------------

Current thread (0x000001f4704d2800):  JavaThread "C2 CompilerThread4" daemon [_thread_in_native, id=1684, stack(0x000000527ee00000,0x000000527ef00000)]


Current CompileTask:
C2:   6344 12484       4       com.android.tools.r8.dex.j::a (1038 bytes)

Stack: [0x000000527ee00000,0x000000527ef00000]
Native frames: (J=compiled Java code, j=interpreted, Vv=VM code, C=native code)
V  [jvm.dll+0x5ecfaa]
V  [jvm.dll+0x722bd5]
V  [jvm.dll+0x72412d]
V  [jvm.dll+0x7247e3]
V  [jvm.dll+0x242928]
V  [jvm.dll+0xbc4fc]
V  [jvm.dll+0xbca0c]
V  [jvm.dll+0x2b4fd4]
V  [jvm.dll+0x506028]
V  [jvm.dll+0x203253]
V  [jvm.dll+0x1fd07c]
V  [jvm.dll+0x1fa77f]
V  [jvm.dll+0x18354c]
V  [jvm.dll+0x208ee7]
V  [jvm.dll+0x207731]
V  [jvm.dll+0x6eb1cf]
V  [jvm.dll+0x6e3d45]
V  [jvm.dll+0x5ebe96]
C  [ucrtbase.dll+0x21bb2]
C  [KERNEL32.DLL+0x17034]
C  [ntdll.dll+0x52651]


---------------  P R O C E S S  ---------------

Threads class SMR info:
_java_thread_list=0x000001f47371e210, length=115, elements={
0x000001f44efda000, 0x000001f46af7f000, 0x000001f46af82000, 0x000001f46aff8800,
0x000001f46aff9800, 0x000001f46affa800, 0x000001f46b005800, 0x000001f46b00c000,
0x000001f46b019800, 0x000001f46a71b800, 0x000001f46b186000, 0x000001f46b344000,
0x000001f46b73a800, 0x000001f46c2fd000, 0x000001f46b806000, 0x000001f46b184800,
0x000001f46b184000, 0x000001f46b185800, 0x000001f46b187000, 0x000001f46b188000,
0x000001f46b188800, 0x000001f46b183000, 0x000001f46b189800, 0x000001f46d640800,
0x000001f46d63a800, 0x000001f46d63e000, 0x000001f46d63c800, 0x000001f46d63b800,
0x000001f46d641800, 0x000001f46d643000, 0x000001f46d63d000, 0x000001f46d642000,
0x000001f46d643800, 0x000001f46d644800, 0x000001f46d63f000, 0x000001f46ebc5800,
0x000001f4704d2800, 0x000001f46d63f800, 0x000001f46d646000, 0x000001f46d648000,
0x000001f46d648800, 0x000001f46d649800, 0x000001f470d70800, 0x000001f470d6d000,
0x000001f470d73000, 0x000001f470d6f000, 0x000001f470d6f800, 0x000001f470d71000,
0x000001f470d6e000, 0x000001f470d72000, 0x000001f470d74800, 0x000001f470d79800,
0x000001f470d78800, 0x000001f470d73800, 0x000001f470d76000, 0x000001f470d78000,
0x000001f470d7a000, 0x000001f470d77000, 0x000001f470d7b000, 0x000001f470d75800,
0x000001f470d7c000, 0x000001f4707f9000, 0x000001f4707fa800, 0x000001f4707fb800,
0x000001f4707f8000, 0x000001f4707f9800, 0x000001f4707f5800, 0x000001f4707fc000,
0x000001f4707f6800, 0x000001f4707fd000, 0x000001f4707f7000, 0x000001f4707fe800,
0x000001f470800000, 0x000001f470803800, 0x000001f470802000, 0x000001f4707fe000,
0x000001f470802800, 0x000001f4707ff800, 0x000001f470804800, 0x000001f4757c0000,
0x000001f4757be800, 0x000001f4757bf800, 0x000001f4757c1000, 0x000001f4757bc000,
0x000001f4757c2000, 0x000001f4757bd000, 0x000001f4757be000, 0x000001f4757c6000,
0x000001f4757c3800, 0x000001f4757c5000, 0x000001f4757c6800, 0x000001f4757c4800,
0x000001f4757c8800, 0x000001f4757c2800, 0x000001f4757c9000, 0x000001f4757ca000,
0x000001f4757cb000, 0x000001f472549000, 0x000001f472549800, 0x000001f47254a800,
0x000001f472545000, 0x000001f47254b800, 0x000001f472546800, 0x000001f472545800,
0x000001f472548000, 0x000001f47254c000, 0x000001f47254d000, 0x000001f472547000,
0x000001f472552000, 0x000001f47254e000, 0x000001f472551000, 0x000001f47254e800,
0x000001f472552800, 0x000001f47254f800, 0x000001f472553800
}

Java Threads: ( => current thread )
  0x000001f44efda000 JavaThread "main" [_thread_blocked, id=7764, stack(0x000000527b500000,0x000000527b600000)]
  0x000001f46af7f000 JavaThread "Reference Handler" daemon [_thread_blocked, id=10272, stack(0x000000527bc00000,0x000000527bd00000)]
  0x000001f46af82000 JavaThread "Finalizer" daemon [_thread_blocked, id=12528, stack(0x000000527bd00000,0x000000527be00000)]
  0x000001f46aff8800 JavaThread "Signal Dispatcher" daemon [_thread_blocked, id=2696, stack(0x000000527be00000,0x000000527bf00000)]
  0x000001f46aff9800 JavaThread "Attach Listener" daemon [_thread_blocked, id=10160, stack(0x000000527bf00000,0x000000527c000000)]
  0x000001f46affa800 JavaThread "Service Thread" daemon [_thread_blocked, id=9224, stack(0x000000527c000000,0x000000527c100000)]
  0x000001f46b005800 JavaThread "C2 CompilerThread0" daemon [_thread_blocked, id=10384, stack(0x000000527c100000,0x000000527c200000)]
  0x000001f46b00c000 JavaThread "C1 CompilerThread0" daemon [_thread_blocked, id=3736, stack(0x000000527c200000,0x000000527c300000)]
  0x000001f46b019800 JavaThread "Sweeper thread" daemon [_thread_blocked, id=7940, stack(0x000000527c300000,0x000000527c400000)]
  0x000001f46a71b800 JavaThread "C1 CompilerThread1" daemon [_thread_blocked, id=12544, stack(0x000000527c400000,0x000000527c500000)]
  0x000001f46b186000 JavaThread "Common-Cleaner" daemon [_thread_blocked, id=7968, stack(0x000000527c500000,0x000000527c600000)]
  0x000001f46b344000 JavaThread "C2 CompilerThread1" daemon [_thread_in_native, id=3916, stack(0x000000527c700000,0x000000527c800000)]
  0x000001f46b73a800 JavaThread "C2 CompilerThread2" daemon [_thread_in_native, id=2428, stack(0x000000527c800000,0x000000527c900000)]
  0x000001f46c2fd000 JavaThread "C1 CompilerThread2" daemon [_thread_blocked, id=11496, stack(0x000000527cd00000,0x000000527ce00000)]
  0x000001f46b806000 JavaThread "C1 CompilerThread3" daemon [_thread_blocked, id=10580, stack(0x000000527ce00000,0x000000527cf00000)]
  0x000001f46b184800 JavaThread "Daemon health stats" [_thread_blocked, id=4196, stack(0x000000527cf00000,0x000000527d000000)]
  0x000001f46b184000 JavaThread "Incoming local TCP Connector on port 63537" [_thread_in_native, id=8692, stack(0x000000527d000000,0x000000527d100000)]
  0x000001f46b185800 JavaThread "Daemon periodic checks" [_thread_blocked, id=8612, stack(0x000000527d100000,0x000000527d200000)]
  0x000001f46b187000 JavaThread "Daemon" [_thread_blocked, id=10208, stack(0x000000527d200000,0x000000527d300000)]
  0x000001f46b188000 JavaThread "Handler for socket connection from /127.0.0.1:63537 to /127.0.0.1:63538" [_thread_in_native, id=10004, stack(0x000000527d300000,0x000000527d400000)]
  0x000001f46b188800 JavaThread "Cancel handler" [_thread_blocked, id=328, stack(0x000000527d400000,0x000000527d500000)]
  0x000001f46b183000 JavaThread "Daemon worker" [_thread_blocked, id=10836, stack(0x000000527d500000,0x000000527d600000)]
  0x000001f46b189800 JavaThread "Asynchronous log dispatcher for DefaultDaemonConnection: socket connection from /127.0.0.1:63537 to /127.0.0.1:63538" [_thread_blocked, id=9076, stack(0x000000527d600000,0x000000527d700000)]
  0x000001f46d640800 JavaThread "Stdin handler" [_thread_blocked, id=9432, stack(0x000000527d700000,0x000000527d800000)]
  0x000001f46d63a800 JavaThread "Daemon client event forwarder" [_thread_blocked, id=5308, stack(0x000000527d800000,0x000000527d900000)]
  0x000001f46d63e000 JavaThread "Cache worker for file hash cache (C:\Users\Administrator\.gradle\caches\7.0.2\fileHashes)" [_thread_blocked, id=13216, stack(0x000000527d900000,0x000000527da00000)]
  0x000001f46d63c800 JavaThread "File lock request listener" [_thread_in_native, id=7608, stack(0x000000527da00000,0x000000527db00000)]
  0x000001f46d63b800 JavaThread "Cache worker for journal cache (C:\Users\Administrator\.gradle\caches\journal-1)" [_thread_blocked, id=6336, stack(0x000000527e500000,0x000000527e600000)]
  0x000001f46d641800 JavaThread "Cache worker for file hash cache (C:\Users\Administrator\AndroidStudioProjects\ChatApplication\.gradle\7.0.2\fileHashes)" [_thread_blocked, id=11696, stack(0x000000527e600000,0x000000527e700000)]
  0x000001f46d643000 JavaThread "File watcher server" daemon [_thread_in_native, id=11100, stack(0x000000527e700000,0x000000527e800000)]
  0x000001f46d63d000 JavaThread "File watcher consumer" daemon [_thread_blocked, id=9484, stack(0x000000527e800000,0x000000527e900000)]
  0x000001f46d642000 JavaThread "Cache worker for checksums cache (C:\Users\Administrator\AndroidStudioProjects\ChatApplication\.gradle\checksums)" [_thread_blocked, id=7256, stack(0x000000527e900000,0x000000527ea00000)]
  0x000001f46d643800 JavaThread "Cache worker for cache directory md-supplier (C:\Users\Administrator\.gradle\caches\7.0.2\md-supplier)" [_thread_blocked, id=10944, stack(0x000000527ea00000,0x000000527eb00000)]
  0x000001f46d644800 JavaThread "Cache worker for cache directory md-rule (C:\Users\Administrator\.gradle\caches\7.0.2\md-rule)" [_thread_blocked, id=9152, stack(0x000000527eb00000,0x000000527ec00000)]
  0x000001f46d63f000 JavaThread "Cache worker for execution history cache (C:\Users\Administrator\.gradle\caches\7.0.2\executionHistory)" [_thread_blocked, id=12668, stack(0x000000527ec00000,0x000000527ed00000)]
  0x000001f46ebc5800 JavaThread "C2 CompilerThread3" daemon [_thread_in_native, id=7520, stack(0x000000527ed00000,0x000000527ee00000)]
=>0x000001f4704d2800 JavaThread "C2 CompilerThread4" daemon [_thread_in_native, id=1684, stack(0x000000527ee00000,0x000000527ef00000)]
  0x000001f46d63f800 JavaThread "jar transforms" [_thread_blocked, id=11880, stack(0x000000527ef00000,0x000000527f000000)]
  0x000001f46d646000 JavaThread "jar transforms Thread 2" [_thread_blocked, id=13080, stack(0x000000527f000000,0x000000527f100000)]
  0x000001f46d648000 JavaThread "Cache worker for file content cache (C:\Users\Administrator\.gradle\caches\7.0.2\fileContent)" [_thread_blocked, id=10140, stack(0x000000527f100000,0x000000527f200000)]
  0x000001f46d648800 JavaThread "Cache worker for dependencies-accessors (C:\Users\Administrator\AndroidStudioProjects\ChatApplication\.gradle\7.0.2\dependencies-accessors)" [_thread_blocked, id=5560, stack(0x000000527f200000,0x000000527f300000)]
  0x000001f46d649800 JavaThread "jar transforms Thread 3" [_thread_blocked, id=8060, stack(0x000000527f300000,0x000000527f400000)]
  0x000001f470d70800 JavaThread "Cache worker for Build Output Cleanup Cache (C:\Users\Administrator\AndroidStudioProjects\ChatApplication\.gradle\buildOutputCleanup)" [_thread_blocked, id=10156, stack(0x000000527f400000,0x000000527f500000)]
  0x000001f470d6d000 JavaThread "Build operations" [_thread_blocked, id=12416, stack(0x000000527f500000,0x000000527f600000)]
  0x000001f470d73000 JavaThread "Build operations Thread 2" [_thread_blocked, id=11904, stack(0x000000527f600000,0x000000527f700000)]
  0x000001f470d6f000 JavaThread "Build operations Thread 3" [_thread_blocked, id=10688, stack(0x000000527f700000,0x000000527f800000)]
  0x000001f470d6f800 JavaThread "Build operations Thread 4" [_thread_blocked, id=9524, stack(0x000000527f800000,0x000000527f900000)]
  0x000001f470d71000 JavaThread "Build operations Thread 5" [_thread_blocked, id=6084, stack(0x000000527f900000,0x000000527fa00000)]
  0x000001f470d6e000 JavaThread "Build operations Thread 6" [_thread_blocked, id=10420, stack(0x000000527fa00000,0x000000527fb00000)]
  0x000001f470d72000 JavaThread "Build operations Thread 7" [_thread_blocked, id=3628, stack(0x000000527fb00000,0x000000527fc00000)]
  0x000001f470d74800 JavaThread "Build operations Thread 8" [_thread_blocked, id=6736, stack(0x000000527fc00000,0x000000527fd00000)]
  0x000001f470d79800 JavaThread "Build operations Thread 9" [_thread_blocked, id=11508, stack(0x000000527fd00000,0x000000527fe00000)]
  0x000001f470d78800 JavaThread "Build operations Thread 10" [_thread_blocked, id=6944, stack(0x000000527fe00000,0x000000527ff00000)]
  0x000001f470d73800 JavaThread "Build operations Thread 11" [_thread_blocked, id=8352, stack(0x000000527ff00000,0x0000005280000000)]
  0x000001f470d76000 JavaThread "Build operations Thread 12" [_thread_blocked, id=5520, stack(0x0000005200000000,0x0000005200100000)]
  0x000001f470d78000 JavaThread "Build operations Thread 13" [_thread_blocked, id=8740, stack(0x0000005200100000,0x0000005200200000)]
  0x000001f470d7a000 JavaThread "Build operations Thread 14" [_thread_blocked, id=10632, stack(0x0000005200200000,0x0000005200300000)]
  0x000001f470d77000 JavaThread "Build operations Thread 15" [_thread_blocked, id=8048, stack(0x0000005200300000,0x0000005200400000)]
  0x000001f470d7b000 JavaThread "Build operations Thread 16" [_thread_blocked, id=10960, stack(0x0000005200400000,0x0000005200500000)]
  0x000001f470d75800 JavaThread "jar transforms Thread 4" [_thread_blocked, id=6904, stack(0x0000005200500000,0x0000005200600000)]
  0x000001f470d7c000 JavaThread "jar transforms Thread 5" [_thread_blocked, id=6048, stack(0x0000005200600000,0x0000005200700000)]
  0x000001f4707f9000 JavaThread "jar transforms Thread 6" [_thread_blocked, id=9812, stack(0x0000005200700000,0x0000005200800000)]
  0x000001f4707fa800 JavaThread "jar transforms Thread 7" [_thread_blocked, id=1988, stack(0x0000005200800000,0x0000005200900000)]
  0x000001f4707fb800 JavaThread "jar transforms Thread 8" [_thread_blocked, id=11172, stack(0x0000005200900000,0x0000005200a00000)]
  0x000001f4707f8000 JavaThread "jar transforms Thread 9" [_thread_blocked, id=5456, stack(0x0000005200a00000,0x0000005200b00000)]
  0x000001f4707f9800 JavaThread "jar transforms Thread 10" [_thread_blocked, id=10080, stack(0x0000005200b00000,0x0000005200c00000)]
  0x000001f4707f5800 JavaThread "jar transforms Thread 11" [_thread_blocked, id=10076, stack(0x0000005200c00000,0x0000005200d00000)]
  0x000001f4707fc000 JavaThread "jar transforms Thread 12" [_thread_blocked, id=11476, stack(0x0000005200d00000,0x0000005200e00000)]
  0x000001f4707f6800 JavaThread "jar transforms Thread 13" [_thread_blocked, id=1252, stack(0x0000005200e00000,0x0000005200f00000)]
  0x000001f4707fd000 JavaThread "jar transforms Thread 14" [_thread_blocked, id=9420, stack(0x0000005200f00000,0x0000005201000000)]
  0x000001f4707f7000 JavaThread "jar transforms Thread 15" [_thread_blocked, id=11660, stack(0x0000005201000000,0x0000005201100000)]
  0x000001f4707fe800 JavaThread "jar transforms Thread 16" [_thread_blocked, id=9972, stack(0x0000005201100000,0x0000005201200000)]
  0x000001f470800000 JavaThread "Memory manager" [_thread_blocked, id=7568, stack(0x0000005201200000,0x0000005201300000)]
  0x000001f470803800 JavaThread "build event listener" [_thread_blocked, id=8252, stack(0x0000005201300000,0x0000005201400000)]
  0x000001f470802000 JavaThread "pool-3-thread-1" [_thread_blocked, id=3164, stack(0x0000005201400000,0x0000005201500000)]
  0x000001f4707fe000 JavaThread "build event listener" [_thread_blocked, id=9836, stack(0x0000005201500000,0x0000005201600000)]
  0x000001f470802800 JavaThread "Execution worker for ':'" [_thread_blocked, id=9676, stack(0x0000005201600000,0x0000005201700000)]
  0x000001f4707ff800 JavaThread "Execution worker for ':' Thread 2" [_thread_blocked, id=3208, stack(0x0000005201700000,0x0000005201800000)]
  0x000001f470804800 JavaThread "Execution worker for ':' Thread 3" [_thread_blocked, id=11756, stack(0x0000005201800000,0x0000005201900000)]
  0x000001f4757c0000 JavaThread "Execution worker for ':' Thread 4" [_thread_blocked, id=1112, stack(0x0000005201900000,0x0000005201a00000)]
  0x000001f4757be800 JavaThread "Execution worker for ':' Thread 5" [_thread_blocked, id=12628, stack(0x0000005201a00000,0x0000005201b00000)]
  0x000001f4757bf800 JavaThread "Execution worker for ':' Thread 6" [_thread_blocked, id=9860, stack(0x0000005201b00000,0x0000005201c00000)]
  0x000001f4757c1000 JavaThread "Execution worker for ':' Thread 7" [_thread_blocked, id=10392, stack(0x0000005201c00000,0x0000005201d00000)]
  0x000001f4757bc000 JavaThread "Execution worker for ':' Thread 8" [_thread_blocked, id=9748, stack(0x0000005201d00000,0x0000005201e00000)]
  0x000001f4757c2000 JavaThread "Execution worker for ':' Thread 9" [_thread_blocked, id=8480, stack(0x0000005201e00000,0x0000005201f00000)]
  0x000001f4757bd000 JavaThread "Execution worker for ':' Thread 10" [_thread_blocked, id=6516, stack(0x0000005201f00000,0x0000005202000000)]
  0x000001f4757be000 JavaThread "Execution worker for ':' Thread 11" [_thread_blocked, id=7152, stack(0x0000005202000000,0x0000005202100000)]
  0x000001f4757c6000 JavaThread "Execution worker for ':' Thread 12" [_thread_blocked, id=9568, stack(0x0000005202100000,0x0000005202200000)]
  0x000001f4757c3800 JavaThread "Execution worker for ':' Thread 13" [_thread_blocked, id=7872, stack(0x0000005202200000,0x0000005202300000)]
  0x000001f4757c5000 JavaThread "Execution worker for ':' Thread 14" [_thread_blocked, id=10356, stack(0x0000005202300000,0x0000005202400000)]
  0x000001f4757c6800 JavaThread "Execution worker for ':' Thread 15" [_thread_blocked, id=8340, stack(0x0000005202400000,0x0000005202500000)]
  0x000001f4757c4800 JavaThread "Cache worker for execution history cache (C:\Users\Administrator\AndroidStudioProjects\ChatApplication\.gradle\7.0.2\executionHistory)" [_thread_blocked, id=8572, stack(0x0000005202500000,0x0000005202600000)]
  0x000001f4757c8800 JavaThread "WorkerExecutor Queue" [_thread_blocked, id=5540, stack(0x0000005202700000,0x0000005202800000)]
  0x000001f4757c2800 JavaThread "WorkerExecutor Queue Thread 2" [_thread_blocked, id=9072, stack(0x0000005202800000,0x0000005202900000)]
  0x000001f4757c9000 JavaThread "WorkerExecutor Queue Thread 3" [_thread_blocked, id=7512, stack(0x0000005202900000,0x0000005202a00000)]
  0x000001f4757ca000 JavaThread "WorkerExecutor Queue Thread 4" [_thread_blocked, id=6328, stack(0x0000005202a00000,0x0000005202b00000)]
  0x000001f4757cb000 JavaThread "pool-4-thread-1" [_thread_blocked, id=12972, stack(0x0000005202b00000,0x0000005202c00000)]
  0x000001f472549000 JavaThread "stderr" [_thread_in_native, id=6444, stack(0x0000005202c00000,0x0000005202d00000)]
  0x000001f472549800 JavaThread "stdout" [_thread_in_native, id=1476, stack(0x0000005202d00000,0x0000005202e00000)]
  0x000001f47254a800 JavaThread "ForkJoinPool-1-worker-19" daemon [_thread_blocked, id=2388, stack(0x0000005202e00000,0x0000005202f00000)]
  0x000001f472545000 JavaThread "ForkJoinPool-1-worker-5" daemon [_thread_blocked, id=12168, stack(0x0000005202f00000,0x0000005203000000)]
  0x000001f47254b800 JavaThread "ForkJoinPool-1-worker-23" daemon [_thread_blocked, id=5148, stack(0x0000005203000000,0x0000005203100000)]
  0x000001f472546800 JavaThread "ForkJoinPool-1-worker-9" daemon [_thread_blocked, id=12396, stack(0x0000005203100000,0x0000005203200000)]
  0x000001f472545800 JavaThread "ForkJoinPool-1-worker-27" daemon [_thread_blocked, id=11524, stack(0x0000005203200000,0x0000005203300000)]
  0x000001f472548000 JavaThread "ForkJoinPool-1-worker-13" daemon [_thread_blocked, id=6008, stack(0x0000005203300000,0x0000005203400000)]
  0x000001f47254c000 JavaThread "ForkJoinPool-1-worker-31" daemon [_thread_blocked, id=11380, stack(0x0000005203400000,0x0000005203500000)]
  0x000001f47254d000 JavaThread "ForkJoinPool-1-worker-17" daemon [_thread_blocked, id=13232, stack(0x0000005203500000,0x0000005203600000)]
  0x000001f472547000 JavaThread "ForkJoinPool-1-worker-3" daemon [_thread_blocked, id=4936, stack(0x0000005203600000,0x0000005203700000)]
  0x000001f472552000 JavaThread "ForkJoinPool-1-worker-21" daemon [_thread_blocked, id=2288, stack(0x0000005203700000,0x0000005203800000)]
  0x000001f47254e000 JavaThread "ForkJoinPool-1-worker-7" daemon [_thread_blocked, id=12188, stack(0x0000005203800000,0x0000005203900000)]
  0x000001f472551000 JavaThread "ForkJoinPool-1-worker-25" daemon [_thread_blocked, id=3224, stack(0x0000005203900000,0x0000005203a00000)]
  0x000001f47254e800 JavaThread "ForkJoinPool-1-worker-11" daemon [_thread_blocked, id=5144, stack(0x0000005203a00000,0x0000005203b00000)]
  0x000001f472552800 JavaThread "ForkJoinPool-1-worker-29" daemon [_thread_blocked, id=12936, stack(0x0000005203b00000,0x0000005203c00000)]
  0x000001f47254f800 JavaThread "ForkJoinPool-1-worker-15" daemon [_thread_blocked, id=12948, stack(0x0000005203c00000,0x0000005203d00000)]
  0x000001f472553800 JavaThread "ForkJoinPool-1-worker-1" daemon [_thread_blocked, id=1608, stack(0x0000005203d00000,0x0000005203e00000)]

Other Threads:
  0x000001f46a74e000 VMThread "VM Thread" [stack: 0x000000527bb00000,0x000000527bc00000] [id=3744]
  0x000001f46b201000 WatcherThread [stack: 0x000000527c600000,0x000000527c700000] [id=9296]
  0x000001f44eff2800 GCTaskThread "GC Thread#0" [stack: 0x000000527b600000,0x000000527b700000] [id=7660]
  0x000001f46c130800 GCTaskThread "GC Thread#1" [stack: 0x000000527c900000,0x000000527ca00000] [id=9452]
  0x000001f46c530000 GCTaskThread "GC Thread#2" [stack: 0x000000527ca00000,0x000000527cb00000] [id=11544]
  0x000001f46c024000 GCTaskThread "GC Thread#3" [stack: 0x000000527cb00000,0x000000527cc00000] [id=3376]
  0x000001f46c1dd000 GCTaskThread "GC Thread#4" [stack: 0x000000527cc00000,0x000000527cd00000] [id=12420]
  0x000001f46d5fe800 GCTaskThread "GC Thread#5" [stack: 0x000000527db00000,0x000000527dc00000] [id=12428]
  0x000001f46d5ff800 GCTaskThread "GC Thread#6" [stack: 0x000000527dc00000,0x000000527dd00000] [id=8332]
  0x000001f46ca24000 GCTaskThread "GC Thread#7" [stack: 0x000000527dd00000,0x000000527de00000] [id=6584]
  0x000001f46ca24800 GCTaskThread "GC Thread#8" [stack: 0x000000527de00000,0x000000527df00000] [id=9552]
  0x000001f46c147800 GCTaskThread "GC Thread#9" [stack: 0x000000527df00000,0x000000527e000000] [id=12700]
  0x000001f46c148000 GCTaskThread "GC Thread#10" [stack: 0x000000527e000000,0x000000527e100000] [id=11848]
  0x000001f46d657000 GCTaskThread "GC Thread#11" [stack: 0x000000527e100000,0x000000527e200000] [id=3780]
  0x000001f46d658000 GCTaskThread "GC Thread#12" [stack: 0x000000527e200000,0x000000527e300000] [id=11260]
  0x000001f44f027800 ConcurrentGCThread "G1 Main Marker" [stack: 0x000000527b700000,0x000000527b800000] [id=11568]
  0x000001f44f02a000 ConcurrentGCThread "G1 Conc#0" [stack: 0x000000527b800000,0x000000527b900000] [id=11104]
  0x000001f46b9c6000 ConcurrentGCThread "G1 Conc#1" [stack: 0x000000527e300000,0x000000527e400000] [id=6820]
  0x000001f46c7c1000 ConcurrentGCThread "G1 Conc#2" [stack: 0x000000527e400000,0x000000527e500000] [id=9448]
  0x000001f46a5cc800 ConcurrentGCThread "G1 Refine#0" [stack: 0x000000527b900000,0x000000527ba00000] [id=2448]
  0x000001f47702f000 ConcurrentGCThread "G1 Refine#1" [stack: 0x0000005202600000,0x0000005202700000] [id=4528]
  0x000001f476566800 ConcurrentGCThread "G1 Refine#2" [stack: 0x0000005203e00000,0x0000005203f00000] [id=9684]
  0x000001f470d2a000 ConcurrentGCThread "G1 Refine#3" [stack: 0x0000005203f00000,0x0000005204000000] [id=3752]
  0x000001f46d7d7000 ConcurrentGCThread "G1 Refine#4" [stack: 0x0000005204000000,0x0000005204100000] [id=2052]
  0x000001f478cac000 ConcurrentGCThread "G1 Refine#5" [stack: 0x0000005204100000,0x0000005204200000] [id=7804]
  0x000001f46c27b800 ConcurrentGCThread "G1 Refine#6" [stack: 0x0000005204200000,0x0000005204300000] [id=7916]
  0x000001f4735ed800 ConcurrentGCThread "G1 Refine#7" [stack: 0x0000005204300000,0x0000005204400000] [id=9664]
  0x000001f473845000 ConcurrentGCThread "G1 Refine#8" [stack: 0x0000005204400000,0x0000005204500000] [id=7752]
  0x000001f46d0a7800 ConcurrentGCThread "G1 Refine#9" [stack: 0x0000005204500000,0x0000005204600000] [id=11620]
  0x000001f4776d2800 ConcurrentGCThread "G1 Refine#10" [stack: 0x0000005204600000,0x0000005204700000] [id=9892]
  0x000001f46a5cd000 ConcurrentGCThread "G1 Young RemSet Sampling" [stack: 0x000000527ba00000,0x000000527bb00000] [id=9112]

Threads with active compile tasks:
C2 CompilerThread0   6356 12725       4       com.android.tools.r8.dex.j::b (36 bytes)
C2 CompilerThread1   6356 12585       4       com.android.tools.r8.dex.j::e (654 bytes)
C2 CompilerThread2   6356 12605       4       com.android.tools.r8.code.w1::a (4137 bytes)
C2 CompilerThread3   6356 12708 %     4       com.android.tools.r8.internal.zh::d @ 58 (188 bytes)
C2 CompilerThread4   6356 12484       4       com.android.tools.r8.dex.j::a (1038 bytes)

VM state:at safepoint (normal execution)

VM Mutex/Monitor currently owned by a thread:  ([mutex/lock_event])
[0x000001f44efd5c00] Threads_lock - owner thread: 0x000001f46a74e000
[0x000001f44efd66b0] Heap_lock - owner thread: 0x000001f47254f800

Heap address: 0x0000000080000000, size: 2048 MB, Compressed Oops mode: 32-bit
Narrow klass base: 0x0000000000000000, Narrow klass shift: 3
Compressed class space size: 1073741824 Address: 0x0000000100000000

Heap:
 garbage-first heap   total 251904K, used 197729K [0x0000000080000000, 0x0000000100000000)
  region size 1024K, 50 young (51200K), 7 survivors (7168K)
 Metaspace       used 97948K, capacity 100659K, committed 101028K, reserved 1136640K
  class space    used 12812K, capacity 13837K, committed 13952K, reserved 1048576K
Heap Regions: E=young(eden), S=young(survivor), O=old, HS=humongous(starts), HC=humongous(continues), CS=collection set, F=free, A=archive, TAMS=top-at-mark-start (previous, next)
|   0|0x0000000080000000, 0x0000000080100000, 0x0000000080100000|100%| O|  |TAMS 0x0000000080100000, 0x0000000080100000| Untracked 
|   1|0x0000000080100000, 0x0000000080200000, 0x0000000080200000|100%| O|  |TAMS 0x0000000080200000, 0x0000000080200000| Untracked 
|   2|0x0000000080200000, 0x0000000080300000, 0x0000000080300000|100%| O|  |TAMS 0x0000000080300000, 0x0000000080300000| Untracked 
|   3|0x0000000080300000, 0x0000000080400000, 0x0000000080400000|100%|HS|  |TAMS 0x0000000080400000, 0x0000000080400000| Complete 
|   4|0x0000000080400000, 0x0000000080500000, 0x0000000080500000|100%|HC|  |TAMS 0x0000000080500000, 0x0000000080500000| Complete 
|   5|0x0000000080500000, 0x0000000080600000, 0x0000000080600000|100%|HC|  |TAMS 0x0000000080600000, 0x0000000080600000| Complete 
|   6|0x0000000080600000, 0x0000000080700000, 0x0000000080700000|100%| O|  |TAMS 0x0000000080700000, 0x0000000080700000| Untracked 
|   7|0x0000000080700000, 0x0000000080800000, 0x0000000080800000|100%| O|  |TAMS 0x0000000080800000, 0x0000000080800000| Untracked 
|   8|0x0000000080800000, 0x0000000080900000, 0x0000000080900000|100%| O|  |TAMS 0x0000000080900000, 0x0000000080900000| Untracked 
|   9|0x0000000080900000, 0x0000000080a00000, 0x0000000080a00000|100%| O|  |TAMS 0x0000000080a00000, 0x0000000080a00000| Untracked 
|  10|0x0000000080a00000, 0x0000000080b00000, 0x0000000080b00000|100%| O|  |TAMS 0x0000000080b00000, 0x0000000080b00000| Untracked 
|  11|0x0000000080b00000, 0x0000000080c00000, 0x0000000080c00000|100%| O|  |TAMS 0x0000000080c00000, 0x0000000080c00000| Untracked 
|  12|0x0000000080c00000, 0x0000000080d00000, 0x0000000080d00000|100%| O|  |TAMS 0x0000000080d00000, 0x0000000080d00000| Untracked 
|  13|0x0000000080d00000, 0x0000000080e00000, 0x0000000080e00000|100%| O|  |TAMS 0x0000000080e00000, 0x0000000080e00000| Untracked 
|  14|0x0000000080e00000, 0x0000000080f00000, 0x0000000080f00000|100%| O|  |TAMS 0x0000000080f00000, 0x0000000080f00000| Untracked 
|  15|0x0000000080f00000, 0x0000000081000000, 0x0000000081000000|100%| O|  |TAMS 0x0000000081000000, 0x0000000081000000| Untracked 
|  16|0x0000000081000000, 0x0000000081100000, 0x0000000081100000|100%| O|  |TAMS 0x0000000081100000, 0x0000000081100000| Untracked 
|  17|0x0000000081100000, 0x0000000081200000, 0x0000000081200000|100%|HS|  |TAMS 0x0000000081200000, 0x0000000081200000| Complete 
|  18|0x0000000081200000, 0x0000000081300000, 0x0000000081300000|100%|HS|  |TAMS 0x0000000081300000, 0x0000000081300000| Complete 
|  19|0x0000000081300000, 0x0000000081400000, 0x0000000081400000|100%|HS|  |TAMS 0x0000000081400000, 0x0000000081400000| Complete 
|  20|0x0000000081400000, 0x0000000081500000, 0x0000000081500000|100%|HS|  |TAMS 0x0000000081500000, 0x0000000081500000| Complete 
|  21|0x0000000081500000, 0x0000000081600000, 0x0000000081600000|100%|HC|  |TAMS 0x0000000081600000, 0x0000000081600000| Complete 
|  22|0x0000000081600000, 0x0000000081700000, 0x0000000081700000|100%|HC|  |TAMS 0x0000000081700000, 0x0000000081700000| Complete 
|  23|0x0000000081700000, 0x0000000081800000, 0x0000000081800000|100%|HS|  |TAMS 0x0000000081800000, 0x0000000081800000| Complete 
|  24|0x0000000081800000, 0x0000000081900000, 0x0000000081900000|100%|HC|  |TAMS 0x0000000081900000, 0x0000000081900000| Complete 
|  25|0x0000000081900000, 0x0000000081a00000, 0x0000000081a00000|100%| O|  |TAMS 0x0000000081a00000, 0x0000000081a00000| Untracked 
|  26|0x0000000081a00000, 0x0000000081b00000, 0x0000000081b00000|100%| O|  |TAMS 0x0000000081b00000, 0x0000000081b00000| Untracked 
|  27|0x0000000081b00000, 0x0000000081c00000, 0x0000000081c00000|100%| O|  |TAMS 0x0000000081c00000, 0x0000000081c00000| Untracked 
|  28|0x0000000081c00000, 0x0000000081d00000, 0x0000000081d00000|100%| O|  |TAMS 0x0000000081d00000, 0x0000000081d00000| Untracked 
|  29|0x0000000081d00000, 0x0000000081e00000, 0x0000000081e00000|100%| O|  |TAMS 0x0000000081e00000, 0x0000000081e00000| Untracked 
|  30|0x0000000081e00000, 0x0000000081f00000, 0x0000000081f00000|100%| O|  |TAMS 0x0000000081f00000, 0x0000000081f00000| Untracked 
|  31|0x0000000081f00000, 0x0000000082000000, 0x0000000082000000|100%| O|  |TAMS 0x0000000082000000, 0x0000000082000000| Untracked 
|  32|0x0000000082000000, 0x0000000082100000, 0x0000000082100000|100%| O|  |TAMS 0x0000000082100000, 0x0000000082100000| Untracked 
|  33|0x0000000082100000, 0x0000000082200000, 0x0000000082200000|100%| O|  |TAMS 0x0000000082200000, 0x0000000082200000| Untracked 
|  34|0x0000000082200000, 0x0000000082300000, 0x0000000082300000|100%| O|  |TAMS 0x0000000082300000, 0x0000000082300000| Untracked 
|  35|0x0000000082300000, 0x0000000082400000, 0x0000000082400000|100%| O|  |TAMS 0x0000000082400000, 0x0000000082400000| Untracked 
|  36|0x0000000082400000, 0x0000000082500000, 0x0000000082500000|100%| O|  |TAMS 0x0000000082500000, 0x0000000082500000| Untracked 
|  37|0x0000000082500000, 0x0000000082600000, 0x0000000082600000|100%| O|  |TAMS 0x0000000082600000, 0x0000000082600000| Untracked 
|  38|0x0000000082600000, 0x0000000082700000, 0x0000000082700000|100%| O|  |TAMS 0x0000000082700000, 0x0000000082700000| Untracked 
|  39|0x0000000082700000, 0x0000000082800000, 0x0000000082800000|100%| O|  |TAMS 0x0000000082800000, 0x0000000082800000| Untracked 
|  40|0x0000000082800000, 0x0000000082900000, 0x0000000082900000|100%| O|  |TAMS 0x0000000082900000, 0x0000000082900000| Untracked 
|  41|0x0000000082900000, 0x0000000082a00000, 0x0000000082a00000|100%| O|  |TAMS 0x0000000082a00000, 0x0000000082a00000| Untracked 
|  42|0x0000000082a00000, 0x0000000082b00000, 0x0000000082b00000|100%| O|  |TAMS 0x0000000082b00000, 0x0000000082b00000| Untracked 
|  43|0x0000000082b00000, 0x0000000082c00000, 0x0000000082c00000|100%| O|  |TAMS 0x0000000082c00000, 0x0000000082c00000| Untracked 
|  44|0x0000000082c00000, 0x0000000082d00000, 0x0000000082d00000|100%| O|  |TAMS 0x0000000082d00000, 0x0000000082d00000| Untracked 
|  45|0x0000000082d00000, 0x0000000082e00000, 0x0000000082e00000|100%| O|  |TAMS 0x0000000082e00000, 0x0000000082e00000| Untracked 
|  46|0x0000000082e00000, 0x0000000082f00000, 0x0000000082f00000|100%| O|  |TAMS 0x0000000082f00000, 0x0000000082f00000| Untracked 
|  47|0x0000000082f00000, 0x0000000083000000, 0x0000000083000000|100%| O|  |TAMS 0x0000000082f9bc00, 0x0000000083000000| Untracked 
|  48|0x0000000083000000, 0x0000000083100000, 0x0000000083100000|100%| O|  |TAMS 0x0000000083000000, 0x0000000083100000| Untracked 
|  49|0x0000000083100000, 0x0000000083200000, 0x0000000083200000|100%| O|  |TAMS 0x0000000083100000, 0x0000000083200000| Untracked 
|  50|0x0000000083200000, 0x0000000083300000, 0x0000000083300000|100%| O|  |TAMS 0x0000000083200000, 0x0000000083300000| Untracked 
|  51|0x0000000083300000, 0x0000000083400000, 0x0000000083400000|100%| O|  |TAMS 0x0000000083300000, 0x0000000083400000| Untracked 
|  52|0x0000000083400000, 0x0000000083500000, 0x0000000083500000|100%| O|  |TAMS 0x0000000083400000, 0x0000000083500000| Untracked 
|  53|0x0000000083500000, 0x0000000083600000, 0x0000000083600000|100%| O|  |TAMS 0x0000000083500000, 0x0000000083600000| Untracked 
|  54|0x0000000083600000, 0x0000000083700000, 0x0000000083700000|100%| O|  |TAMS 0x0000000083600000, 0x0000000083700000| Untracked 
|  55|0x0000000083700000, 0x0000000083800000, 0x0000000083800000|100%| O|  |TAMS 0x0000000083700000, 0x0000000083800000| Untracked 
|  56|0x0000000083800000, 0x0000000083900000, 0x0000000083900000|100%| O|  |TAMS 0x0000000083800000, 0x0000000083900000| Untracked 
|  57|0x0000000083900000, 0x0000000083a00000, 0x0000000083a00000|100%| O|  |TAMS 0x0000000083900000, 0x0000000083a00000| Untracked 
|  58|0x0000000083a00000, 0x0000000083b00000, 0x0000000083b00000|100%| O|  |TAMS 0x0000000083a00000, 0x0000000083b00000| Untracked 
|  59|0x0000000083b00000, 0x0000000083c00000, 0x0000000083c00000|100%| O|  |TAMS 0x0000000083b00000, 0x0000000083c00000| Untracked 
|  60|0x0000000083c00000, 0x0000000083d00000, 0x0000000083d00000|100%| O|  |TAMS 0x0000000083c00000, 0x0000000083d00000| Untracked 
|  61|0x0000000083d00000, 0x0000000083e00000, 0x0000000083e00000|100%| O|  |TAMS 0x0000000083d00000, 0x0000000083e00000| Untracked 
|  62|0x0000000083e00000, 0x0000000083f00000, 0x0000000083f00000|100%| O|  |TAMS 0x0000000083e00000, 0x0000000083f00000| Untracked 
|  63|0x0000000083f00000, 0x0000000084000000, 0x0000000084000000|100%| O|  |TAMS 0x0000000083f00000, 0x0000000084000000| Untracked 
|  64|0x0000000084000000, 0x0000000084100000, 0x0000000084100000|100%| O|  |TAMS 0x0000000084000000, 0x0000000084100000| Untracked 
|  65|0x0000000084100000, 0x0000000084200000, 0x0000000084200000|100%| O|  |TAMS 0x0000000084100000, 0x0000000084200000| Untracked 
|  66|0x0000000084200000, 0x0000000084300000, 0x0000000084300000|100%| O|  |TAMS 0x0000000084200000, 0x0000000084300000| Untracked 
|  67|0x0000000084300000, 0x0000000084400000, 0x0000000084400000|100%| O|  |TAMS 0x0000000084300000, 0x0000000084400000| Untracked 
|  68|0x0000000084400000, 0x0000000084500000, 0x0000000084500000|100%| O|  |TAMS 0x0000000084400000, 0x0000000084500000| Untracked 
|  69|0x0000000084500000, 0x0000000084600000, 0x0000000084600000|100%| O|  |TAMS 0x0000000084500000, 0x0000000084600000| Untracked 
|  70|0x0000000084600000, 0x0000000084700000, 0x0000000084700000|100%| O|  |TAMS 0x0000000084600000, 0x0000000084700000| Untracked 
|  71|0x0000000084700000, 0x0000000084800000, 0x0000000084800000|100%| O|  |TAMS 0x0000000084700000, 0x0000000084800000| Untracked 
|  72|0x0000000084800000, 0x0000000084900000, 0x0000000084900000|100%| O|  |TAMS 0x0000000084800000, 0x0000000084900000| Untracked 
|  73|0x0000000084900000, 0x0000000084a00000, 0x0000000084a00000|100%| O|  |TAMS 0x0000000084900000, 0x0000000084a00000| Untracked 
|  74|0x0000000084a00000, 0x0000000084b00000, 0x0000000084b00000|100%| O|  |TAMS 0x0000000084a00000, 0x0000000084b00000| Untracked 
|  75|0x0000000084b00000, 0x0000000084c00000, 0x0000000084c00000|100%| O|  |TAMS 0x0000000084b00000, 0x0000000084c00000| Untracked 
|  76|0x0000000084c00000, 0x0000000084d00000, 0x0000000084d00000|100%|HS|  |TAMS 0x0000000084c00000, 0x0000000084d00000| Complete 
|  77|0x0000000084d00000, 0x0000000084e00000, 0x0000000084e00000|100%|HC|  |TAMS 0x0000000084d00000, 0x0000000084e00000| Complete 
|  78|0x0000000084e00000, 0x0000000084f00000, 0x0000000084f00000|100%|HS|  |TAMS 0x0000000084e00000, 0x0000000084f00000| Complete 
|  79|0x0000000084f00000, 0x0000000085000000, 0x0000000085000000|100%|HS|  |TAMS 0x0000000084f00000, 0x0000000085000000| Complete 
|  80|0x0000000085000000, 0x0000000085100000, 0x0000000085100000|100%|HS|  |TAMS 0x0000000085000000, 0x0000000085100000| Complete 
|  81|0x0000000085100000, 0x0000000085200000, 0x0000000085200000|100%|HS|  |TAMS 0x0000000085100000, 0x0000000085200000| Complete 
|  82|0x0000000085200000, 0x0000000085300000, 0x0000000085300000|100%|HC|  |TAMS 0x0000000085200000, 0x0000000085300000| Complete 
|  83|0x0000000085300000, 0x0000000085400000, 0x0000000085400000|100%|HC|  |TAMS 0x0000000085300000, 0x0000000085400000| Complete 
|  84|0x0000000085400000, 0x0000000085500000, 0x0000000085500000|100%|HS|  |TAMS 0x0000000085400000, 0x0000000085500000| Complete 
|  85|0x0000000085500000, 0x0000000085600000, 0x0000000085600000|100%|HS|  |TAMS 0x0000000085500000, 0x0000000085600000| Complete 
|  86|0x0000000085600000, 0x0000000085700000, 0x0000000085700000|100%|HS|  |TAMS 0x0000000085600000, 0x0000000085700000| Complete 
|  87|0x0000000085700000, 0x0000000085800000, 0x0000000085800000|100%|HS|  |TAMS 0x0000000085700000, 0x0000000085800000| Complete 
|  88|0x0000000085800000, 0x0000000085900000, 0x0000000085900000|100%|HC|  |TAMS 0x0000000085800000, 0x0000000085900000| Complete 
|  89|0x0000000085900000, 0x0000000085a00000, 0x0000000085a00000|100%| O|  |TAMS 0x0000000085900000, 0x0000000085a00000| Untracked 
|  90|0x0000000085a00000, 0x0000000085b00000, 0x0000000085b00000|100%|HS|  |TAMS 0x0000000085a00000, 0x0000000085b00000| Complete 
|  91|0x0000000085b00000, 0x0000000085c00000, 0x0000000085c00000|100%| O|  |TAMS 0x0000000085b00000, 0x0000000085c00000| Untracked 
|  92|0x0000000085c00000, 0x0000000085d00000, 0x0000000085d00000|100%|HS|  |TAMS 0x0000000085c00000, 0x0000000085d00000| Complete 
|  93|0x0000000085d00000, 0x0000000085e00000, 0x0000000085e00000|100%| O|  |TAMS 0x0000000085d00000, 0x0000000085e00000| Untracked 
|  94|0x0000000085e00000, 0x0000000085f00000, 0x0000000085f00000|100%|HS|  |TAMS 0x0000000085e00000, 0x0000000085f00000| Complete 
|  95|0x0000000085f00000, 0x0000000086000000, 0x0000000086000000|100%| O|  |TAMS 0x0000000085f00000, 0x0000000086000000| Untracked 
|  96|0x0000000086000000, 0x0000000086100000, 0x0000000086100000|100%| O|  |TAMS 0x0000000086000000, 0x0000000086100000| Untracked 
|  97|0x0000000086100000, 0x0000000086200000, 0x0000000086200000|100%| O|  |TAMS 0x0000000086100000, 0x0000000086200000| Untracked 
|  98|0x0000000086200000, 0x0000000086300000, 0x0000000086300000|100%|HS|  |TAMS 0x0000000086200000, 0x0000000086300000| Complete 
|  99|0x0000000086300000, 0x0000000086400000, 0x0000000086400000|100%|HC|  |TAMS 0x0000000086300000, 0x0000000086400000| Complete 
| 100|0x0000000086400000, 0x0000000086500000, 0x0000000086500000|100%|HC|  |TAMS 0x0000000086400000, 0x0000000086500000| Complete 
| 101|0x0000000086500000, 0x0000000086600000, 0x0000000086600000|100%| O|  |TAMS 0x0000000086500000, 0x0000000086600000| Untracked 
| 102|0x0000000086600000, 0x0000000086700000, 0x0000000086700000|100%|HS|  |TAMS 0x0000000086600000, 0x0000000086700000| Complete 
| 103|0x0000000086700000, 0x0000000086800000, 0x0000000086800000|100%| O|  |TAMS 0x0000000086700000, 0x0000000086800000| Untracked 
| 104|0x0000000086800000, 0x0000000086900000, 0x0000000086900000|100%| O|  |TAMS 0x0000000086800000, 0x0000000086900000| Untracked 
| 105|0x0000000086900000, 0x0000000086a00000, 0x0000000086a00000|100%| O|  |TAMS 0x0000000086900000, 0x0000000086a00000| Untracked 
| 106|0x0000000086a00000, 0x0000000086b00000, 0x0000000086b00000|100%| O|  |TAMS 0x0000000086a00000, 0x0000000086b00000| Untracked 
| 107|0x0000000086b00000, 0x0000000086c00000, 0x0000000086c00000|100%| O|  |TAMS 0x0000000086b00000, 0x0000000086c00000| Untracked 
| 108|0x0000000086c00000, 0x0000000086d00000, 0x0000000086d00000|100%| O|  |TAMS 0x0000000086c00000, 0x0000000086d00000| Untracked 
| 109|0x0000000086d00000, 0x0000000086e00000, 0x0000000086e00000|100%| O|  |TAMS 0x0000000086d00000, 0x0000000086e00000| Untracked 
| 110|0x0000000086e00000, 0x0000000086f00000, 0x0000000086f00000|100%| O|  |TAMS 0x0000000086e00000, 0x0000000086f00000| Untracked 
| 111|0x0000000086f00000, 0x0000000087000000, 0x0000000087000000|100%| O|  |TAMS 0x0000000086f00000, 0x0000000087000000| Untracked 
| 112|0x0000000087000000, 0x0000000087100000, 0x0000000087100000|100%| O|  |TAMS 0x0000000087000000, 0x0000000087100000| Untracked 
| 113|0x0000000087100000, 0x0000000087200000, 0x0000000087200000|100%| O|  |TAMS 0x0000000087100000, 0x0000000087200000| Untracked 
| 114|0x0000000087200000, 0x0000000087300000, 0x0000000087300000|100%| O|  |TAMS 0x0000000087200000, 0x0000000087300000| Untracked 
| 115|0x0000000087300000, 0x0000000087400000, 0x0000000087400000|100%| O|  |TAMS 0x0000000087300000, 0x0000000087400000| Untracked 
| 116|0x0000000087400000, 0x0000000087500000, 0x0000000087500000|100%| O|  |TAMS 0x0000000087400000, 0x0000000087500000| Untracked 
| 117|0x0000000087500000, 0x0000000087600000, 0x0000000087600000|100%| O|  |TAMS 0x0000000087500000, 0x0000000087600000| Untracked 
| 118|0x0000000087600000, 0x0000000087700000, 0x0000000087700000|100%| O|  |TAMS 0x0000000087600000, 0x0000000087700000| Untracked 
| 119|0x0000000087700000, 0x0000000087800000, 0x0000000087800000|100%| O|  |TAMS 0x0000000087700000, 0x0000000087800000| Untracked 
| 120|0x0000000087800000, 0x0000000087900000, 0x0000000087900000|100%| O|  |TAMS 0x0000000087800000, 0x0000000087900000| Untracked 
| 121|0x0000000087900000, 0x0000000087a00000, 0x0000000087a00000|100%| O|  |TAMS 0x0000000087900000, 0x0000000087a00000| Untracked 
| 122|0x0000000087a00000, 0x0000000087b00000, 0x0000000087b00000|100%| O|  |TAMS 0x0000000087a00000, 0x0000000087b00000| Untracked 
| 123|0x0000000087b00000, 0x0000000087c00000, 0x0000000087c00000|100%| O|  |TAMS 0x0000000087b00000, 0x0000000087c00000| Untracked 
| 124|0x0000000087c00000, 0x0000000087d00000, 0x0000000087d00000|100%| O|  |TAMS 0x0000000087c00000, 0x0000000087d00000| Untracked 
| 125|0x0000000087d00000, 0x0000000087e00000, 0x0000000087e00000|100%| O|  |TAMS 0x0000000087d00000, 0x0000000087e00000| Untracked 
| 126|0x0000000087e00000, 0x0000000087f00000, 0x0000000087f00000|100%| O|  |TAMS 0x0000000087e00000, 0x0000000087f00000| Untracked 
| 127|0x0000000087f00000, 0x0000000088000000, 0x0000000088000000|100%| O|  |TAMS 0x0000000087f00000, 0x0000000088000000| Untracked 
| 128|0x0000000088000000, 0x0000000088100000, 0x0000000088100000|100%| O|  |TAMS 0x0000000088000000, 0x0000000088100000| Untracked 
| 129|0x0000000088100000, 0x0000000088200000, 0x0000000088200000|100%| O|  |TAMS 0x0000000088100000, 0x0000000088200000| Untracked 
| 130|0x0000000088200000, 0x0000000088300000, 0x0000000088300000|100%| O|  |TAMS 0x0000000088200000, 0x0000000088300000| Untracked 
| 131|0x0000000088300000, 0x0000000088400000, 0x0000000088400000|100%| O|  |TAMS 0x0000000088300000, 0x0000000088400000| Untracked 
| 132|0x0000000088400000, 0x0000000088500000, 0x0000000088500000|100%| O|  |TAMS 0x0000000088400000, 0x0000000088500000| Untracked 
| 133|0x0000000088500000, 0x0000000088600000, 0x0000000088600000|100%| O|  |TAMS 0x0000000088500000, 0x0000000088600000| Untracked 
| 134|0x0000000088600000, 0x0000000088700000, 0x0000000088700000|100%| O|  |TAMS 0x0000000088600000, 0x0000000088700000| Untracked 
| 135|0x0000000088700000, 0x0000000088800000, 0x0000000088800000|100%| O|  |TAMS 0x0000000088700000, 0x0000000088800000| Untracked 
| 136|0x0000000088800000, 0x0000000088900000, 0x0000000088900000|100%| O|  |TAMS 0x0000000088800000, 0x0000000088900000| Untracked 
| 137|0x0000000088900000, 0x0000000088a00000, 0x0000000088a00000|100%| O|  |TAMS 0x0000000088900000, 0x0000000088a00000| Untracked 
| 138|0x0000000088a00000, 0x0000000088b00000, 0x0000000088b00000|100%| O|  |TAMS 0x0000000088a00000, 0x0000000088b00000| Untracked 
| 139|0x0000000088b00000, 0x0000000088c00000, 0x0000000088c00000|100%| O|  |TAMS 0x0000000088b00000, 0x0000000088c00000| Untracked 
| 140|0x0000000088c00000, 0x0000000088d00000, 0x0000000088d00000|100%| O|  |TAMS 0x0000000088c00000, 0x0000000088d00000| Untracked 
| 141|0x0000000088d00000, 0x0000000088e00000, 0x0000000088e00000|100%| O|  |TAMS 0x0000000088d00000, 0x0000000088e00000| Untracked 
| 142|0x0000000088e00000, 0x0000000088f00000, 0x0000000088f00000|100%| O|  |TAMS 0x0000000088e00000, 0x0000000088f00000| Untracked 
| 143|0x0000000088f00000, 0x0000000089000000, 0x0000000089000000|100%| O|  |TAMS 0x0000000088f00000, 0x0000000089000000| Untracked 
| 144|0x0000000089000000, 0x0000000089100000, 0x0000000089100000|100%| O|  |TAMS 0x0000000089000000, 0x0000000089100000| Untracked 
| 145|0x0000000089100000, 0x0000000089200000, 0x0000000089200000|100%| O|  |TAMS 0x0000000089100000, 0x0000000089200000| Untracked 
| 146|0x0000000089200000, 0x0000000089300000, 0x0000000089300000|100%| O|  |TAMS 0x0000000089200000, 0x0000000089300000| Untracked 
| 147|0x0000000089300000, 0x0000000089400000, 0x0000000089400000|100%| O|  |TAMS 0x0000000089300000, 0x0000000089400000| Untracked 
| 148|0x0000000089400000, 0x0000000089500000, 0x0000000089500000|100%| O|  |TAMS 0x0000000089400000, 0x0000000089500000| Untracked 
| 149|0x0000000089500000, 0x0000000089600000, 0x0000000089600000|100%| O|  |TAMS 0x0000000089500000, 0x0000000089600000| Untracked 
| 150|0x0000000089600000, 0x0000000089700000, 0x0000000089700000|100%| O|  |TAMS 0x0000000089600000, 0x0000000089700000| Untracked 
| 151|0x0000000089700000, 0x0000000089800000, 0x0000000089800000|100%| O|  |TAMS 0x0000000089700000, 0x0000000089800000| Untracked 
| 152|0x0000000089800000, 0x0000000089900000, 0x0000000089900000|100%| O|  |TAMS 0x0000000089800000, 0x0000000089900000| Untracked 
| 153|0x0000000089900000, 0x0000000089a00000, 0x0000000089a00000|100%| O|  |TAMS 0x0000000089900000, 0x0000000089a00000| Untracked 
| 154|0x0000000089a00000, 0x0000000089b00000, 0x0000000089b00000|100%| O|  |TAMS 0x0000000089a00000, 0x0000000089b00000| Untracked 
| 155|0x0000000089b00000, 0x0000000089c00000, 0x0000000089c00000|100%| O|  |TAMS 0x0000000089b00000, 0x0000000089c00000| Untracked 
| 156|0x0000000089c00000, 0x0000000089d00000, 0x0000000089d00000|100%| E|CS|TAMS 0x0000000089c00000, 0x0000000089d00000| Complete 
| 157|0x0000000089d00000, 0x0000000089e00000, 0x0000000089e00000|100%| E|CS|TAMS 0x0000000089d00000, 0x0000000089e00000| Complete 
| 158|0x0000000089e00000, 0x0000000089f00000, 0x0000000089f00000|100%| E|CS|TAMS 0x0000000089e00000, 0x0000000089f00000| Complete 
| 159|0x0000000089f00000, 0x000000008a000000, 0x000000008a000000|100%| E|CS|TAMS 0x0000000089f00000, 0x000000008a000000| Complete 
| 160|0x000000008a000000, 0x000000008a100000, 0x000000008a100000|100%| E|CS|TAMS 0x000000008a000000, 0x000000008a100000| Complete 
| 161|0x000000008a100000, 0x000000008a200000, 0x000000008a200000|100%| E|CS|TAMS 0x000000008a100000, 0x000000008a200000| Complete 
| 162|0x000000008a200000, 0x000000008a300000, 0x000000008a300000|100%| E|CS|TAMS 0x000000008a200000, 0x000000008a300000| Complete 
| 163|0x000000008a300000, 0x000000008a400000, 0x000000008a400000|100%| E|CS|TAMS 0x000000008a300000, 0x000000008a400000| Complete 
| 164|0x000000008a400000, 0x000000008a500000, 0x000000008a500000|100%| E|CS|TAMS 0x000000008a400000, 0x000000008a500000| Complete 
| 165|0x000000008a500000, 0x000000008a600000, 0x000000008a600000|100%| E|CS|TAMS 0x000000008a500000, 0x000000008a600000| Complete 
| 166|0x000000008a600000, 0x000000008a700000, 0x000000008a700000|100%| E|CS|TAMS 0x000000008a600000, 0x000000008a700000| Complete 
| 167|0x000000008a700000, 0x000000008a800000, 0x000000008a800000|100%| E|CS|TAMS 0x000000008a700000, 0x000000008a800000| Complete 
| 168|0x000000008a800000, 0x000000008a900000, 0x000000008a900000|100%| O|  |TAMS 0x000000008a800000, 0x000000008a900000| Untracked 
| 169|0x000000008a900000, 0x000000008aa00000, 0x000000008aa00000|100%| O|  |TAMS 0x000000008a900000, 0x000000008aa00000| Untracked 
| 170|0x000000008aa00000, 0x000000008aa5bdf0, 0x000000008ab00000| 35%| O|  |TAMS 0x000000008aa00000, 0x000000008ab00000| Untracked 
| 171|0x000000008ab00000, 0x000000008ab00000, 0x000000008ac00000|  0%| F|  |TAMS 0x000000008ab00000, 0x000000008ab00000| Untracked 
| 172|0x000000008ac00000, 0x000000008ac00000, 0x000000008ad00000|  0%| F|  |TAMS 0x000000008ac00000, 0x000000008ac00000| Untracked 
| 173|0x000000008ad00000, 0x000000008ad00000, 0x000000008ae00000|  0%| F|  |TAMS 0x000000008ad00000, 0x000000008ad00000| Untracked 
| 174|0x000000008ae00000, 0x000000008ae00000, 0x000000008af00000|  0%| F|  |TAMS 0x000000008ae00000, 0x000000008ae00000| Untracked 
| 175|0x000000008af00000, 0x000000008af00000, 0x000000008b000000|  0%| F|  |TAMS 0x000000008af00000, 0x000000008af00000| Untracked 
| 176|0x000000008b000000, 0x000000008b000000, 0x000000008b100000|  0%| F|  |TAMS 0x000000008b000000, 0x000000008b000000| Untracked 
| 177|0x000000008b100000, 0x000000008b100000, 0x000000008b200000|  0%| F|  |TAMS 0x000000008b100000, 0x000000008b100000| Untracked 
| 178|0x000000008b200000, 0x000000008b200000, 0x000000008b300000|  0%| F|  |TAMS 0x000000008b200000, 0x000000008b200000| Untracked 
| 179|0x000000008b300000, 0x000000008b300000, 0x000000008b400000|  0%| F|  |TAMS 0x000000008b300000, 0x000000008b300000| Untracked 
| 180|0x000000008b400000, 0x000000008b400000, 0x000000008b500000|  0%| F|  |TAMS 0x000000008b400000, 0x000000008b400000| Untracked 
| 181|0x000000008b500000, 0x000000008b500000, 0x000000008b600000|  0%| F|  |TAMS 0x000000008b500000, 0x000000008b500000| Untracked 
| 182|0x000000008b600000, 0x000000008b600000, 0x000000008b700000|  0%| F|  |TAMS 0x000000008b600000, 0x000000008b600000| Untracked 
| 183|0x000000008b700000, 0x000000008b700000, 0x000000008b800000|  0%| F|  |TAMS 0x000000008b700000, 0x000000008b700000| Untracked 
| 184|0x000000008b800000, 0x000000008b800000, 0x000000008b900000|  0%| F|  |TAMS 0x000000008b800000, 0x000000008b800000| Untracked 
| 185|0x000000008b900000, 0x000000008b900000, 0x000000008ba00000|  0%| F|  |TAMS 0x000000008b900000, 0x000000008b900000| Untracked 
| 186|0x000000008ba00000, 0x000000008ba00000, 0x000000008bb00000|  0%| F|  |TAMS 0x000000008ba00000, 0x000000008ba00000| Untracked 
| 187|0x000000008bb00000, 0x000000008bb00000, 0x000000008bc00000|  0%| F|  |TAMS 0x000000008bb00000, 0x000000008bb00000| Untracked 
| 188|0x000000008bc00000, 0x000000008bc00000, 0x000000008bd00000|  0%| F|  |TAMS 0x000000008bc00000, 0x000000008bc00000| Untracked 
| 189|0x000000008bd00000, 0x000000008bd00000, 0x000000008be00000|  0%| F|  |TAMS 0x000000008bd00000, 0x000000008bd00000| Untracked 
| 190|0x000000008be00000, 0x000000008be00000, 0x000000008bf00000|  0%| F|  |TAMS 0x000000008be00000, 0x000000008be00000| Untracked 
| 191|0x000000008bf00000, 0x000000008bf00000, 0x000000008c000000|  0%| F|  |TAMS 0x000000008bf00000, 0x000000008bf00000| Untracked 
| 192|0x000000008c000000, 0x000000008c000000, 0x000000008c100000|  0%| F|  |TAMS 0x000000008c000000, 0x000000008c000000| Untracked 
| 193|0x000000008c100000, 0x000000008c100000, 0x000000008c200000|  0%| F|  |TAMS 0x000000008c100000, 0x000000008c100000| Untracked 
| 194|0x000000008c200000, 0x000000008c200000, 0x000000008c300000|  0%| F|  |TAMS 0x000000008c200000, 0x000000008c200000| Untracked 
| 195|0x000000008c300000, 0x000000008c300000, 0x000000008c400000|  0%| F|  |TAMS 0x000000008c300000, 0x000000008c300000| Untracked 
| 196|0x000000008c400000, 0x000000008c500000, 0x000000008c500000|100%| S|  |TAMS 0x000000008c400000, 0x000000008c400000| Complete 
| 197|0x000000008c500000, 0x000000008c600000, 0x000000008c600000|100%| S|  |TAMS 0x000000008c500000, 0x000000008c500000| Complete 
| 198|0x000000008c600000, 0x000000008c700000, 0x000000008c700000|100%| S|  |TAMS 0x000000008c600000, 0x000000008c600000| Complete 
| 199|0x000000008c700000, 0x000000008c800000, 0x000000008c800000|100%| S|  |TAMS 0x000000008c700000, 0x000000008c700000| Complete 
| 200|0x000000008c800000, 0x000000008c900000, 0x000000008c900000|100%| S|  |TAMS 0x000000008c800000, 0x000000008c800000| Complete 
| 201|0x000000008c900000, 0x000000008ca00000, 0x000000008ca00000|100%| S|  |TAMS 0x000000008c900000, 0x000000008c900000| Complete 
| 202|0x000000008ca00000, 0x000000008cb00000, 0x000000008cb00000|100%| S|  |TAMS 0x000000008ca00000, 0x000000008ca00000| Complete 
| 203|0x000000008cb00000, 0x000000008cc00000, 0x000000008cc00000|100%| E|CS|TAMS 0x000000008cb00000, 0x000000008cc00000| Complete 
| 204|0x000000008cc00000, 0x000000008cd00000, 0x000000008cd00000|100%| E|CS|TAMS 0x000000008cc00000, 0x000000008cd00000| Complete 
| 205|0x000000008cd00000, 0x000000008ce00000, 0x000000008ce00000|100%| E|CS|TAMS 0x000000008cd00000, 0x000000008ce00000| Complete 
| 206|0x000000008ce00000, 0x000000008cf00000, 0x000000008cf00000|100%| E|CS|TAMS 0x000000008ce00000, 0x000000008cf00000| Complete 
| 207|0x000000008cf00000, 0x000000008d000000, 0x000000008d000000|100%| E|CS|TAMS 0x000000008cf00000, 0x000000008d000000| Complete 
| 208|0x000000008d000000, 0x000000008d100000, 0x000000008d100000|100%| E|CS|TAMS 0x000000008d000000, 0x000000008d100000| Complete 
| 209|0x000000008d100000, 0x000000008d200000, 0x000000008d200000|100%| E|CS|TAMS 0x000000008d100000, 0x000000008d200000| Complete 
| 210|0x000000008d200000, 0x000000008d300000, 0x000000008d300000|100%| E|CS|TAMS 0x000000008d200000, 0x000000008d300000| Complete 
| 211|0x000000008d300000, 0x000000008d400000, 0x000000008d400000|100%| E|CS|TAMS 0x000000008d300000, 0x000000008d400000| Complete 
| 212|0x000000008d400000, 0x000000008d500000, 0x000000008d500000|100%| E|CS|TAMS 0x000000008d400000, 0x000000008d500000| Complete 
| 213|0x000000008d500000, 0x000000008d600000, 0x000000008d600000|100%| E|CS|TAMS 0x000000008d500000, 0x000000008d600000| Complete 
| 214|0x000000008d600000, 0x000000008d700000, 0x000000008d700000|100%| E|CS|TAMS 0x000000008d600000, 0x000000008d700000| Complete 
| 215|0x000000008d700000, 0x000000008d800000, 0x000000008d800000|100%| E|CS|TAMS 0x000000008d700000, 0x000000008d800000| Complete 
| 216|0x000000008d800000, 0x000000008d900000, 0x000000008d900000|100%| E|CS|TAMS 0x000000008d800000, 0x000000008d900000| Complete 
| 217|0x000000008d900000, 0x000000008da00000, 0x000000008da00000|100%| E|CS|TAMS 0x000000008d900000, 0x000000008da00000| Complete 
| 218|0x000000008da00000, 0x000000008db00000, 0x000000008db00000|100%| E|CS|TAMS 0x000000008da00000, 0x000000008db00000| Complete 
| 219|0x000000008db00000, 0x000000008dc00000, 0x000000008dc00000|100%| E|CS|TAMS 0x000000008db00000, 0x000000008dc00000| Complete 
| 220|0x000000008dc00000, 0x000000008dd00000, 0x000000008dd00000|100%| E|CS|TAMS 0x000000008dc00000, 0x000000008dd00000| Complete 
| 221|0x000000008dd00000, 0x000000008de00000, 0x000000008de00000|100%| E|CS|TAMS 0x000000008dd00000, 0x000000008de00000| Complete 
| 222|0x000000008de00000, 0x000000008df00000, 0x000000008df00000|100%| E|CS|TAMS 0x000000008de00000, 0x000000008df00000| Complete 
| 223|0x000000008df00000, 0x000000008e000000, 0x000000008e000000|100%| E|CS|TAMS 0x000000008df00000, 0x000000008e000000| Complete 
| 224|0x000000008e000000, 0x000000008e100000, 0x000000008e100000|100%| E|CS|TAMS 0x000000008e000000, 0x000000008e100000| Complete 
| 225|0x000000008e100000, 0x000000008e200000, 0x000000008e200000|100%| E|CS|TAMS 0x000000008e100000, 0x000000008e200000| Complete 
| 226|0x000000008e200000, 0x000000008e300000, 0x000000008e300000|100%| E|CS|TAMS 0x000000008e200000, 0x000000008e300000| Complete 
| 227|0x000000008e300000, 0x000000008e400000, 0x000000008e400000|100%| E|CS|TAMS 0x000000008e300000, 0x000000008e400000| Complete 
| 228|0x000000008e400000, 0x000000008e500000, 0x000000008e500000|100%| E|CS|TAMS 0x000000008e400000, 0x000000008e500000| Complete 
| 229|0x000000008e500000, 0x000000008e600000, 0x000000008e600000|100%| E|CS|TAMS 0x000000008e500000, 0x000000008e600000| Complete 
| 230|0x000000008e600000, 0x000000008e700000, 0x000000008e700000|100%| E|CS|TAMS 0x000000008e600000, 0x000000008e700000| Complete 
| 231|0x000000008e700000, 0x000000008e800000, 0x000000008e800000|100%| E|CS|TAMS 0x000000008e700000, 0x000000008e800000| Complete 
| 232|0x000000008e800000, 0x000000008e900000, 0x000000008e900000|100%| E|CS|TAMS 0x000000008e800000, 0x000000008e900000| Complete 
| 233|0x000000008e900000, 0x000000008ea00000, 0x000000008ea00000|100%| E|CS|TAMS 0x000000008e900000, 0x000000008ea00000| Complete 
| 234|0x000000008ea00000, 0x000000008eb00000, 0x000000008eb00000|100%| E|CS|TAMS 0x000000008ea00000, 0x000000008eb00000| Complete 
| 235|0x000000008eb00000, 0x000000008ec00000, 0x000000008ec00000|100%| E|CS|TAMS 0x000000008eb00000, 0x000000008ec00000| Complete 
| 236|0x000000008ec00000, 0x000000008ed00000, 0x000000008ed00000|100%| E|CS|TAMS 0x000000008ec00000, 0x000000008ed00000| Complete 
| 237|0x000000008ed00000, 0x000000008ee00000, 0x000000008ee00000|100%| E|CS|TAMS 0x000000008ed00000, 0x000000008ee00000| Complete 
| 238|0x000000008ee00000, 0x000000008ef00000, 0x000000008ef00000|100%| E|CS|TAMS 0x000000008ee00000, 0x000000008ef00000| Complete 
| 239|0x000000008ef00000, 0x000000008f000000, 0x000000008f000000|100%| E|CS|TAMS 0x000000008ef00000, 0x000000008f000000| Complete 
| 240|0x000000008f000000, 0x000000008f100000, 0x000000008f100000|100%| E|CS|TAMS 0x000000008f000000, 0x000000008f100000| Complete 
| 241|0x000000008f100000, 0x000000008f200000, 0x000000008f200000|100%| E|CS|TAMS 0x000000008f100000, 0x000000008f200000| Complete 
| 242|0x000000008f200000, 0x000000008f300000, 0x000000008f300000|100%| E|CS|TAMS 0x000000008f200000, 0x000000008f300000| Complete 
| 243|0x000000008f300000, 0x000000008f400000, 0x000000008f400000|100%| E|CS|TAMS 0x000000008f300000, 0x000000008f400000| Complete 
| 244|0x000000008f400000, 0x000000008f500000, 0x000000008f500000|100%| E|CS|TAMS 0x000000008f400000, 0x000000008f500000| Complete 
| 245|0x000000008f500000, 0x000000008f600000, 0x000000008f600000|100%| E|CS|TAMS 0x000000008f500000, 0x000000008f600000| Complete 

Card table byte_map: [0x000001f462e90000,0x000001f463290000] _byte_map_base: 0x000001f462a90000

Marking Bits (Prev, Next): (CMBitMap*) 0x000001f44f01ee48, (CMBitMap*) 0x000001f44f01ee80
 Prev Bits: [0x000001f463690000, 0x000001f465690000)
 Next Bits: [0x000001f465690000, 0x000001f467690000)

Polling page: 0x000001f44d7c0000

Metaspace:

Usage:
  Non-class:     84.79 MB capacity,    83.14 MB ( 98%) used,     1.34 MB (  2%) free+waste,   314.38 KB ( <1%) overhead. 
      Class:     13.51 MB capacity,    12.51 MB ( 93%) used,   879.14 KB (  6%) free+waste,   145.19 KB (  1%) overhead. 
       Both:     98.30 MB capacity,    95.65 MB ( 97%) used,     2.20 MB (  2%) free+waste,   459.56 KB ( <1%) overhead. 

Virtual space:
  Non-class space:       86.00 MB reserved,      85.04 MB ( 99%) committed 
      Class space:        1.00 GB reserved,      13.63 MB (  1%) committed 
             Both:        1.08 GB reserved,      98.66 MB (  9%) committed 

Chunk freelists:
   Non-Class:  62.00 KB
       Class:  0 bytes
        Both:  62.00 KB

MaxMetaspaceSize: 17179869184.00 GB
CompressedClassSpaceSize: 1.00 GB

CodeHeap 'non-profiled nmethods': size=119168Kb used=7454Kb max_used=7454Kb free=111713Kb
 bounds [0x000001f45a670000, 0x000001f45adc0000, 0x000001f461ad0000]
CodeHeap 'profiled nmethods': size=119168Kb used=28701Kb max_used=28701Kb free=90466Kb
 bounds [0x000001f453210000, 0x000001f454e20000, 0x000001f45a670000]
CodeHeap 'non-nmethods': size=7424Kb used=3999Kb max_used=4062Kb free=3424Kb
 bounds [0x000001f452ad0000, 0x000001f452ee0000, 0x000001f453210000]
 total_blobs=13561 nmethods=12643 adapters=824
 compilation: enabled
              stopped_count=0, restarted_count=0
 full_count=0

Compilation events (20 events):
Event: 6.318 Thread 0x000001f46c2fd000 12737       2       com.android.tools.r8.code.d::<init> (7 bytes)
Event: 6.318 Thread 0x000001f46b005800 nmethod 12604 0x000001f45ada7410 code [0x000001f45ada75a0, 0x000001f45ada77d8]
Event: 6.318 Thread 0x000001f46b005800 12671   !   4       com.android.tools.r8.graph.c0::J (125 bytes)
Event: 6.318 Thread 0x000001f46c2fd000 nmethod 12737 0x000001f454e15990 code [0x000001f454e15b60, 0x000001f454e15d98]
Event: 6.319 Thread 0x000001f46a71b800 12738       2       com.android.tools.r8.code.K1::<init> (8 bytes)
Event: 6.319 Thread 0x000001f46a71b800 nmethod 12738 0x000001f454e15f90 code [0x000001f454e16160, 0x000001f454e16438]
Event: 6.321 Thread 0x000001f46b00c000 12739       2       com.android.tools.r8.code.p0::<init> (7 bytes)
Event: 6.322 Thread 0x000001f46b00c000 nmethod 12739 0x000001f454e16690 code [0x000001f454e16860, 0x000001f454e16a98]
Event: 6.327 Thread 0x000001f46b806000 12741       2       com.android.tools.r8.code.f1::<init> (7 bytes)
Event: 6.327 Thread 0x000001f46b806000 nmethod 12741 0x000001f454e16c90 code [0x000001f454e16e60, 0x000001f454e17028]
Event: 6.334 Thread 0x000001f46ebc5800 nmethod 12066% 0x000001f45ada7990 code [0x000001f45ada8020, 0x000001f45adaeb28]
Event: 6.334 Thread 0x000001f46ebc5800 12736       4       com.android.tools.r8.internal.h8::a (80 bytes)
Event: 6.334 Thread 0x000001f46b005800 nmethod 12671 0x000001f45adb3590 code [0x000001f45adb3780, 0x000001f45adb4538]
Event: 6.335 Thread 0x000001f46b005800 12742       4       com.android.tools.r8.dex.j::h (41 bytes)
Event: 6.338 Thread 0x000001f46c2fd000 12744       2       com.android.tools.r8.code.E2::<init> (7 bytes)
Event: 6.338 Thread 0x000001f46c2fd000 nmethod 12744 0x000001f454e17190 code [0x000001f454e17340, 0x000001f454e17498]
Event: 6.339 Thread 0x000001f46b005800 nmethod 12742 0x000001f45adb5090 code [0x000001f45adb5260, 0x000001f45adb56e8]
Event: 6.339 Thread 0x000001f46b005800 12743       4       com.android.tools.r8.graph.X::g (62 bytes)
Event: 6.343 Thread 0x000001f46ebc5800 nmethod 12736 0x000001f45adb5a90 code [0x000001f45adb5c60, 0x000001f45adb6358]
Event: 6.343 Thread 0x000001f46ebc5800 12708 %     4       com.android.tools.r8.internal.zh::d @ 58 (188 bytes)

GC Heap History (20 events):
Event: 1.690 GC heap before
{Heap before GC invocations=4 (full 0):
 garbage-first heap   total 251904K, used 84542K [0x0000000080000000, 0x0000000100000000)
  region size 1024K, 68 young (69632K), 3 survivors (3072K)
 Metaspace       used 34863K, capacity 35662K, committed 35708K, reserved 1081344K
  class space    used 4529K, capacity 4832K, committed 4864K, reserved 1048576K
}
Event: 1.694 GC heap after
{Heap after GC invocations=5 (full 0):
 garbage-first heap   total 251904K, used 22306K [0x0000000080000000, 0x0000000100000000)
  region size 1024K, 6 young (6144K), 6 survivors (6144K)
 Metaspace       used 34863K, capacity 35662K, committed 35708K, reserved 1081344K
  class space    used 4529K, capacity 4832K, committed 4864K, reserved 1048576K
}
Event: 2.263 GC heap before
{Heap before GC invocations=6 (full 0):
 garbage-first heap   total 251904K, used 138018K [0x0000000080000000, 0x0000000100000000)
  region size 1024K, 116 young (118784K), 6 survivors (6144K)
 Metaspace       used 44097K, capacity 45150K, committed 45308K, reserved 1089536K
  class space    used 5640K, capacity 6002K, committed 6016K, reserved 1048576K
}
Event: 2.268 GC heap after
{Heap after GC invocations=7 (full 0):
 garbage-first heap   total 251904K, used 28825K [0x0000000080000000, 0x0000000100000000)
  region size 1024K, 12 young (12288K), 12 survivors (12288K)
 Metaspace       used 44097K, capacity 45150K, committed 45308K, reserved 1089536K
  class space    used 5640K, capacity 6002K, committed 6016K, reserved 1048576K
}
Event: 3.083 GC heap before
{Heap before GC invocations=7 (full 0):
 garbage-first heap   total 251904K, used 175257K [0x0000000080000000, 0x0000000100000000)
  region size 1024K, 147 young (150528K), 12 survivors (12288K)
 Metaspace       used 57049K, capacity 58471K, committed 58492K, reserved 1099776K
  class space    used 7141K, capacity 7665K, committed 7680K, reserved 1048576K
}
Event: 3.091 GC heap after
{Heap after GC invocations=8 (full 0):
 garbage-first heap   total 251904K, used 49018K [0x0000000080000000, 0x0000000100000000)
  region size 1024K, 19 young (19456K), 19 survivors (19456K)
 Metaspace       used 57049K, capacity 58471K, committed 58492K, reserved 1099776K
  class space    used 7141K, capacity 7665K, committed 7680K, reserved 1048576K
}
Event: 3.163 GC heap before
{Heap before GC invocations=8 (full 0):
 garbage-first heap   total 251904K, used 60282K [0x0000000080000000, 0x0000000100000000)
  region size 1024K, 31 young (31744K), 19 survivors (19456K)
 Metaspace       used 58334K, capacity 59797K, committed 59940K, reserved 1101824K
  class space    used 7335K, capacity 7890K, committed 7936K, reserved 1048576K
}
Event: 3.176 GC heap after
{Heap after GC invocations=9 (full 0):
 garbage-first heap   total 251904K, used 50996K [0x0000000080000000, 0x0000000100000000)
  region size 1024K, 3 young (3072K), 3 survivors (3072K)
 Metaspace       used 58334K, capacity 59797K, committed 59940K, reserved 1101824K
  class space    used 7335K, capacity 7890K, committed 7936K, reserved 1048576K
}
Event: 3.850 GC heap before
{Heap before GC invocations=10 (full 0):
 garbage-first heap   total 251904K, used 177972K [0x0000000080000000, 0x0000000100000000)
  region size 1024K, 127 young (130048K), 3 survivors (3072K)
 Metaspace       used 68239K, capacity 69881K, committed 70180K, reserved 1110016K
  class space    used 8552K, capacity 9163K, committed 9216K, reserved 1048576K
}
Event: 3.856 GC heap after
{Heap after GC invocations=11 (full 0):
 garbage-first heap   total 251904K, used 59417K [0x0000000080000000, 0x0000000100000000)
  region size 1024K, 11 young (11264K), 11 survivors (11264K)
 Metaspace       used 68239K, capacity 69881K, committed 70180K, reserved 1110016K
  class space    used 8552K, capacity 9163K, committed 9216K, reserved 1048576K
}
Event: 4.628 GC heap before
{Heap before GC invocations=12 (full 0):
 garbage-first heap   total 251904K, used 184345K [0x0000000080000000, 0x0000000100000000)
  region size 1024K, 133 young (136192K), 11 survivors (11264K)
 Metaspace       used 79082K, capacity 80809K, committed 81060K, reserved 1120256K
  class space    used 10168K, capacity 10803K, committed 10880K, reserved 1048576K
}
Event: 4.636 GC heap after
{Heap after GC invocations=13 (full 0):
 garbage-first heap   total 251904K, used 67455K [0x0000000080000000, 0x0000000100000000)
  region size 1024K, 9 young (9216K), 9 survivors (9216K)
 Metaspace       used 79082K, capacity 80809K, committed 81060K, reserved 1120256K
  class space    used 10168K, capacity 10803K, committed 10880K, reserved 1048576K
}
Event: 5.260 GC heap before
{Heap before GC invocations=13 (full 0):
 garbage-first heap   total 251904K, used 188287K [0x0000000080000000, 0x0000000100000000)
  region size 1024K, 128 young (131072K), 9 survivors (9216K)
 Metaspace       used 86345K, capacity 88760K, committed 88996K, reserved 1126400K
  class space    used 11152K, capacity 12033K, committed 12160K, reserved 1048576K
}
Event: 5.269 GC heap after
{Heap after GC invocations=14 (full 0):
 garbage-first heap   total 251904K, used 77300K [0x0000000080000000, 0x0000000100000000)
  region size 1024K, 16 young (16384K), 16 survivors (16384K)
 Metaspace       used 86345K, capacity 88760K, committed 88996K, reserved 1126400K
  class space    used 11152K, capacity 12033K, committed 12160K, reserved 1048576K
}
Event: 5.692 GC heap before
{Heap before GC invocations=14 (full 0):
 garbage-first heap   total 251904K, used 191988K [0x0000000080000000, 0x0000000100000000)
  region size 1024K, 129 young (132096K), 16 survivors (16384K)
 Metaspace       used 91017K, capacity 93369K, committed 93604K, reserved 1130496K
  class space    used 11730K, capacity 12624K, committed 12672K, reserved 1048576K
}
Event: 5.704 GC heap after
{Heap after GC invocations=15 (full 0):
 garbage-first heap   total 251904K, used 84711K [0x0000000080000000, 0x0000000100000000)
  region size 1024K, 8 young (8192K), 8 survivors (8192K)
 Metaspace       used 91017K, capacity 93369K, committed 93604K, reserved 1130496K
  class space    used 11730K, capacity 12624K, committed 12672K, reserved 1048576K
}
Event: 6.014 GC heap before
{Heap before GC invocations=15 (full 0):
 garbage-first heap   total 251904K, used 222951K [0x0000000080000000, 0x0000000100000000)
  region size 1024K, 117 young (119808K), 8 survivors (8192K)
 Metaspace       used 95444K, capacity 97940K, committed 98084K, reserved 1134592K
  class space    used 12284K, capacity 13259K, committed 13312K, reserved 1048576K
}
Event: 6.023 GC heap after
{Heap after GC invocations=16 (full 0):
 garbage-first heap   total 251904K, used 119170K [0x0000000080000000, 0x0000000100000000)
  region size 1024K, 15 young (15360K), 15 survivors (15360K)
 Metaspace       used 95444K, capacity 97940K, committed 98084K, reserved 1134592K
  class space    used 12284K, capacity 13259K, committed 13312K, reserved 1048576K
}
Event: 6.244 GC heap before
{Heap before GC invocations=16 (full 0):
 garbage-first heap   total 251904K, used 200066K [0x0000000080000000, 0x0000000100000000)
  region size 1024K, 93 young (95232K), 15 survivors (15360K)
 Metaspace       used 97922K, capacity 100586K, committed 100772K, reserved 1136640K
  class space    used 12810K, capacity 13835K, committed 13952K, reserved 1048576K
}
Event: 6.267 GC heap after
{Heap after GC invocations=17 (full 0):
 garbage-first heap   total 251904K, used 153697K [0x0000000080000000, 0x0000000100000000)
  region size 1024K, 12 young (12288K), 12 survivors (12288K)
 Metaspace       used 97922K, capacity 100586K, committed 100772K, reserved 1136640K
  class space    used 12810K, capacity 13835K, committed 13952K, reserved 1048576K
}

Deoptimization events (20 events):
Event: 6.145 Thread 0x000001f472552800 Uncommon trap: trap_request=0xffffff4d fr.pc=0x000001f45ad6a784 relative=0x0000000000000144
Event: 6.145 Thread 0x000001f472552800 Uncommon trap: reason=unstable_if action=reinterpret pc=0x000001f45ad6a784 method=com.android.tools.r8.internal.zh.get(I)Ljava/lang/Object; @ 1 c2
Event: 6.145 Thread 0x000001f472552800 DEOPT PACKING pc=0x000001f45ad6a784 sp=0x0000005203bfed00
Event: 6.145 Thread 0x000001f472552800 DEOPT UNPACKING pc=0x000001f452af78af sp=0x0000005203bfec98 mode 2
Event: 6.146 Thread 0x000001f472552800 Uncommon trap: trap_request=0xffffff4d fr.pc=0x000001f45ad74c28 relative=0x00000000000002a8
Event: 6.146 Thread 0x000001f472552800 Uncommon trap: reason=unstable_if action=reinterpret pc=0x000001f45ad74c28 method=com.android.tools.r8.graph.X.g(Ljava/lang/Object;)Z @ 37 c2
Event: 6.146 Thread 0x000001f472552800 DEOPT PACKING pc=0x000001f45ad74c28 sp=0x0000005203bfec50
Event: 6.146 Thread 0x000001f472552800 DEOPT UNPACKING pc=0x000001f452af78af sp=0x0000005203bfebf0 mode 2
Event: 6.172 Thread 0x000001f472545800 Uncommon trap: trap_request=0xffffff4d fr.pc=0x000001f45ad76954 relative=0x0000000000000394
Event: 6.172 Thread 0x000001f472545800 Uncommon trap: reason=unstable_if action=reinterpret pc=0x000001f45ad76954 method=com.android.tools.r8.graph.a0.g(Ljava/lang/Object;)Z @ 23 c2
Event: 6.172 Thread 0x000001f472545800 DEOPT PACKING pc=0x000001f45ad76954 sp=0x00000052032febc0
Event: 6.173 Thread 0x000001f472545800 DEOPT UNPACKING pc=0x000001f452af78af sp=0x00000052032feb60 mode 2
Event: 6.180 Thread 0x000001f47254e000 Uncommon trap: trap_request=0xffffff4d fr.pc=0x000001f45ad863b8 relative=0x00000000000001f8
Event: 6.180 Thread 0x000001f47254e000 Uncommon trap: reason=unstable_if action=reinterpret pc=0x000001f45ad863b8 method=com.android.tools.r8.graph.c0.a(Lcom/android/tools/r8/graph/c0;)I @ 44 c2
Event: 6.180 Thread 0x000001f47254e000 DEOPT PACKING pc=0x000001f45ad863b8 sp=0x00000052038fe3a0
Event: 6.180 Thread 0x000001f47254e000 DEOPT UNPACKING pc=0x000001f452af78af sp=0x00000052038fe320 mode 2
Event: 6.183 Thread 0x000001f47254a800 Uncommon trap: trap_request=0xffffff4d fr.pc=0x000001f45ac54a10 relative=0x0000000000000350
Event: 6.183 Thread 0x000001f47254a800 Uncommon trap: reason=unstable_if action=reinterpret pc=0x000001f45ac54a10 method=java.util.concurrent.ConcurrentLinkedQueue.offer(Ljava/lang/Object;)Z @ 42 c2
Event: 6.183 Thread 0x000001f47254a800 DEOPT PACKING pc=0x000001f45ac54a10 sp=0x0000005202efec70
Event: 6.183 Thread 0x000001f47254a800 DEOPT UNPACKING pc=0x000001f452af78af sp=0x0000005202efec10 mode 2

Classes redefined (0 events):
No events

Internal exceptions (20 events):
Event: 5.918 Thread 0x000001f4757c3800 Exception <a 'java/lang/NoSuchMethodError'{0x000000008a242b88}: <clinit>> (0x000000008a242b88) thrown at [./src/hotspot/share/prims/jni.cpp, line 1362]
Event: 5.931 Thread 0x000001f4757c3800 Exception <a 'java/lang/NoSuchMethodError'{0x000000008a0d9320}: <clinit>> (0x000000008a0d9320) thrown at [./src/hotspot/share/prims/jni.cpp, line 1362]
Event: 5.934 Thread 0x000001f4757c3800 Exception <a 'java/lang/NoSuchMethodError'{0x0000000089f96178}: <clinit>> (0x0000000089f96178) thrown at [./src/hotspot/share/prims/jni.cpp, line 1362]
Event: 5.934 Thread 0x000001f4757c3800 Exception <a 'java/lang/NoSuchMethodError'{0x0000000089fa8cd0}: <clinit>> (0x0000000089fa8cd0) thrown at [./src/hotspot/share/prims/jni.cpp, line 1362]
Event: 5.964 Thread 0x000001f4757c9000 Exception <a 'java/lang/NoSuchMethodError'{0x0000000089af7e50}: 'java.lang.Object java.lang.invoke.DirectMethodHandle$Holder.invokeStatic(java.lang.Object, java.lang.Object, java.lang.Object, java.lang.Object, java.lang.Object, java.lang.Object, java.lang.Object, java.lang.Object, java.lang.Object, java.lang.Object, java.lang.Object, java.lang.Object, java.lang.Object, java.lang.Object, java.lang.Object, java.lang.Object, java.lang.Object, java.lang.Object, int, java.lang.Object)'> (0x0000000089af7e50) thr
Event: 5.964 Thread 0x000001f4757c9000 Exception <a 'java/lang/NoSuchMethodError'{0x0000000089afd920}: 'java.lang.Object java.lang.invoke.DirectMethodHandle$Holder.invokeStaticInit(java.lang.Object, java.lang.Object, java.lang.Object, java.lang.Object, java.lang.Object, java.lang.Object, java.lang.Object, java.lang.Object, java.lang.Object, java.lang.Object, java.lang.Object, java.lang.Object, java.lang.Object, java.lang.Object, java.lang.Object, java.lang.Object, java.lang.Object, java.lang.Object, int, java.lang.Object)'> (0x0000000089afd920)
Event: 5.966 Thread 0x000001f4757c8800 Exception <a 'java/lang/NoSuchMethodError'{0x0000000089adc9e0}: 'void java.lang.invoke.DirectMethodHandle$Holder.invokeStatic(java.lang.Object, long)'> (0x0000000089adc9e0) thrown at [./src/hotspot/share/interpreter/linkResolver.cpp, line 773]
Event: 5.966 Thread 0x000001f4757c8800 Exception <a 'java/lang/NoSuchMethodError'{0x0000000089ae1bf8}: 'java.lang.Object java.lang.invoke.DirectMethodHandle$Holder.invokeStatic(java.lang.Object, long)'> (0x0000000089ae1bf8) thrown at [./src/hotspot/share/interpreter/linkResolver.cpp, line 773]
Event: 5.968 Thread 0x000001f4757c8800 Exception <a 'java/lang/NoSuchMethodError'{0x00000000899a5160}: 'java.lang.Object java.lang.invoke.DirectMethodHandle$Holder.invokeStaticInit(java.lang.Object, java.lang.Object, long, java.lang.Object)'> (0x00000000899a5160) thrown at [./src/hotspot/share/interpreter/linkResolver.cpp, line 773]
Event: 5.968 Thread 0x000001f4757c8800 Exception <a 'java/lang/NoSuchMethodError'{0x00000000899ab2f8}: 'java.lang.Object java.lang.invoke.DirectMethodHandle$Holder.invokeStatic(java.lang.Object, java.lang.Object, long)'> (0x00000000899ab2f8) thrown at [./src/hotspot/share/interpreter/linkResolver.cpp, line 773]
Event: 5.968 Thread 0x000001f4757c8800 Exception <a 'java/lang/NoSuchMethodError'{0x00000000899b1870}: 'java.lang.Object java.lang.invoke.Invokers$Holder.linkToTargetMethod(java.lang.Object, long, java.lang.Object)'> (0x00000000899b1870) thrown at [./src/hotspot/share/interpreter/linkResolver.cpp, line 773]
Event: 6.034 Thread 0x000001f4757c8800 Exception <a 'java/lang/NoSuchMethodError'{0x000000008f2eba48}: 'int java.lang.invoke.DirectMethodHandle$Holder.invokeSpecialIFC(java.lang.Object, java.lang.Object, java.lang.Object)'> (0x000000008f2eba48) thrown at [./src/hotspot/share/interpreter/linkResolver.cpp, line 773]
Event: 6.131 Thread 0x000001f472545800 Exception <a 'java/lang/IncompatibleClassChangeError'{0x000000008d2b4480}: Found class java.lang.Object, but interface was expected> (0x000000008d2b4480) thrown at [./src/hotspot/share/interpreter/linkResolver.cpp, line 839]
Event: 6.142 Thread 0x000001f472548000 Exception <a 'java/lang/IncompatibleClassChangeError'{0x000000008cf4e540}: Found class java.lang.Object, but interface was expected> (0x000000008cf4e540) thrown at [./src/hotspot/share/interpreter/linkResolver.cpp, line 839]
Event: 6.142 Thread 0x000001f47254c000 Exception <a 'java/lang/IncompatibleClassChangeError'{0x000000008cf472e0}: Found class java.lang.Object, but interface was expected> (0x000000008cf472e0) thrown at [./src/hotspot/share/interpreter/linkResolver.cpp, line 839]
Event: 6.142 Thread 0x000001f472553800 Exception <a 'java/lang/IncompatibleClassChangeError'{0x000000008d0c5da0}: Found class java.lang.Object, but interface was expected> (0x000000008d0c5da0) thrown at [./src/hotspot/share/interpreter/linkResolver.cpp, line 839]
Event: 6.142 Thread 0x000001f472553800 Exception <a 'java/lang/IncompatibleClassChangeError'{0x000000008cf5e718}: Found class java.lang.Object, but interface was expected> (0x000000008cf5e718) thrown at [./src/hotspot/share/interpreter/linkResolver.cpp, line 839]
Event: 6.142 Thread 0x000001f472548000 Exception <a 'java/lang/IncompatibleClassChangeError'{0x000000008cf50f70}: Found class java.lang.Object, but interface was expected> (0x000000008cf50f70) thrown at [./src/hotspot/share/interpreter/linkResolver.cpp, line 839]
Event: 6.142 Thread 0x000001f47254c000 Exception <a 'java/lang/IncompatibleClassChangeError'{0x000000008cf49d10}: Found class java.lang.Object, but interface was expected> (0x000000008cf49d10) thrown at [./src/hotspot/share/interpreter/linkResolver.cpp, line 839]
Event: 6.143 Thread 0x000001f47254d000 Exception <a 'java/lang/NoSuchMethodError'{0x000000008cf770b8}: 'java.lang.Object java.lang.invoke.DirectMethodHandle$Holder.newInvokeSpecial(java.lang.Object, int)'> (0x000000008cf770b8) thrown at [./src/hotspot/share/interpreter/linkResolver.cpp, line 773]

Events (20 events):
Event: 6.188 loading class com/android/tools/r8/internal/yu
Event: 6.188 loading class com/android/tools/r8/internal/yu done
Event: 6.188 loading class com/android/tools/r8/internal/ku$a
Event: 6.188 loading class com/android/tools/r8/internal/ku$a done
Event: 6.188 loading class com/android/tools/r8/internal/Hu
Event: 6.188 loading class com/android/tools/r8/internal/Hu done
Event: 6.189 loading class com/android/tools/r8/internal/ku$f
Event: 6.189 loading class com/android/tools/r8/internal/ku$f done
Event: 6.190 loading class com/android/tools/r8/internal/Rb$a
Event: 6.190 loading class com/android/tools/r8/internal/Rb$a done
Event: 6.190 loading class com/android/tools/r8/internal/ku$d
Event: 6.190 loading class com/android/tools/r8/internal/ku$d done
Event: 6.190 loading class com/android/tools/r8/internal/lu
Event: 6.190 loading class com/android/tools/r8/internal/lu done
Event: 6.191 loading class com/android/tools/r8/internal/Yc
Event: 6.191 loading class com/android/tools/r8/internal/Yc done
Event: 6.196 loading class com/android/tools/r8/internal/f8
Event: 6.196 loading class com/android/tools/r8/internal/f8 done
Event: 6.244 Executing VM operation: G1CollectForAllocation
Event: 6.267 Executing VM operation: G1CollectForAllocation done


Dynamic libraries:
0x00007ff629880000 - 0x00007ff62988a000 	C:\Program Files\Android\Android Studio1\jre\bin\java.exe
0x00007ffaf9290000 - 0x00007ffaf9485000 	C:\Windows\SYSTEM32\ntdll.dll
0x00007ffaf8110000 - 0x00007ffaf81ce000 	C:\Windows\System32\KERNEL32.DLL
0x00007ffaf6d80000 - 0x00007ffaf7049000 	C:\Windows\System32\KERNELBASE.dll
0x00007ffaf6a40000 - 0x00007ffaf6b40000 	C:\Windows\System32\ucrtbase.dll
0x00007ffadf960000 - 0x00007ffadf979000 	C:\Program Files\Android\Android Studio1\jre\bin\jli.dll
0x00007ffaf1fe0000 - 0x00007ffaf1ff7000 	C:\Program Files\Android\Android Studio1\jre\bin\VCRUNTIME140.dll
0x00007ffaf90a0000 - 0x00007ffaf9241000 	C:\Windows\System32\USER32.dll
0x00007ffaf72b0000 - 0x00007ffaf72d2000 	C:\Windows\System32\win32u.dll
0x00007ffae4af0000 - 0x00007ffae4d8a000 	C:\Windows\WinSxS\amd64_microsoft.windows.common-controls_6595b64144ccf1df_6.0.19041.1110_none_60b5254171f9507e\COMCTL32.dll
0x00007ffaf8b00000 - 0x00007ffaf8b2b000 	C:\Windows\System32\GDI32.dll
0x00007ffaf7c10000 - 0x00007ffaf7cae000 	C:\Windows\System32\msvcrt.dll
0x00007ffaf7050000 - 0x00007ffaf715b000 	C:\Windows\System32\gdi32full.dll
0x00007ffaf71c0000 - 0x00007ffaf725d000 	C:\Windows\System32\msvcp_win.dll
0x00007ffaf72e0000 - 0x00007ffaf7310000 	C:\Windows\System32\IMM32.DLL
0x00007ffae63e0000 - 0x00007ffae647d000 	C:\Program Files\Android\Android Studio1\jre\bin\msvcp140.dll
0x00007ffaa26e0000 - 0x00007ffaa31af000 	C:\Program Files\Android\Android Studio1\jre\bin\server\jvm.dll
0x00007ffaf87e0000 - 0x00007ffaf888c000 	C:\Windows\System32\ADVAPI32.dll
0x00007ffaf7b70000 - 0x00007ffaf7c0b000 	C:\Windows\System32\sechost.dll
0x00007ffaf89d0000 - 0x00007ffaf8afa000 	C:\Windows\System32\RPCRT4.dll
0x00007ffaf7cb0000 - 0x00007ffaf7cb8000 	C:\Windows\System32\PSAPI.DLL
0x00007ffaf2440000 - 0x00007ffaf2449000 	C:\Windows\SYSTEM32\WSOCK32.dll
0x00007ffadf470000 - 0x00007ffadf497000 	C:\Windows\SYSTEM32\WINMM.dll
0x00007ffaf18c0000 - 0x00007ffaf18ca000 	C:\Windows\SYSTEM32\VERSION.dll
0x00007ffaf8550000 - 0x00007ffaf85bb000 	C:\Windows\System32\WS2_32.dll
0x00007ffaf48d0000 - 0x00007ffaf48e2000 	C:\Windows\SYSTEM32\kernel.appcore.dll
0x00007ffaf1a60000 - 0x00007ffaf1a71000 	C:\Program Files\Android\Android Studio1\jre\bin\verify.dll
0x00007ffade100000 - 0x00007ffade2e4000 	C:\Windows\SYSTEM32\DBGHELP.DLL
0x00007ffaddc10000 - 0x00007ffaddc3c000 	C:\Windows\SYSTEM32\dbgcore.DLL
0x00007ffaf69b0000 - 0x00007ffaf6a33000 	C:\Windows\System32\bcryptPrimitives.dll
0x00007ffaece80000 - 0x00007ffaecea9000 	C:\Program Files\Android\Android Studio1\jre\bin\java.dll
0x00007ffaf1e70000 - 0x00007ffaf1e7b000 	C:\Program Files\Android\Android Studio1\jre\bin\jimage.dll
0x00007ffae66d0000 - 0x00007ffae66e8000 	C:\Program Files\Android\Android Studio1\jre\bin\zip.dll
0x00007ffaf7430000 - 0x00007ffaf7b6f000 	C:\Windows\System32\SHELL32.dll
0x00007ffaf4ad0000 - 0x00007ffaf5260000 	C:\Windows\SYSTEM32\windows.storage.dll
0x00007ffaf81f0000 - 0x00007ffaf8545000 	C:\Windows\System32\combase.dll
0x00007ffaf6330000 - 0x00007ffaf635c000 	C:\Windows\SYSTEM32\Wldp.dll
0x00007ffaf8060000 - 0x00007ffaf810e000 	C:\Windows\System32\SHCORE.dll
0x00007ffaf73d0000 - 0x00007ffaf7425000 	C:\Windows\System32\shlwapi.dll
0x00007ffaf68f0000 - 0x00007ffaf690f000 	C:\Windows\SYSTEM32\profapi.dll
0x00007ffae66b0000 - 0x00007ffae66ca000 	C:\Program Files\Android\Android Studio1\jre\bin\net.dll
0x00007ffaf1900000 - 0x00007ffaf1a08000 	C:\Windows\SYSTEM32\WINHTTP.dll
0x00007ffaf6090000 - 0x00007ffaf60fa000 	C:\Windows\system32\mswsock.dll
0x00007ffae6690000 - 0x00007ffae66a4000 	C:\Program Files\Android\Android Studio1\jre\bin\nio.dll
0x00007ffae3820000 - 0x00007ffae3847000 	C:\Users\Administrator\.gradle\native\8bec1ad78214c89d9ad589b4d07fe93259594b29d510b10fafb7a158f7737e5d\windows-amd64\native-platform.dll
0x00007ffad6580000 - 0x00007ffad66bd000 	C:\Users\Administrator\.gradle\native\53dbd7edfb1c66fb8903c78663c9afc45aea4f116125fa6feffd364cf09443e8\windows-amd64\native-platform-file-events.dll
0x00007ffaf1a50000 - 0x00007ffaf1a5a000 	C:\Program Files\Android\Android Studio1\jre\bin\management.dll
0x00007ffaef9d0000 - 0x00007ffaef9dc000 	C:\Program Files\Android\Android Studio1\jre\bin\management_ext.dll
0x00007ffaf6280000 - 0x00007ffaf6298000 	C:\Windows\SYSTEM32\CRYPTSP.dll
0x00007ffaf5a10000 - 0x00007ffaf5a44000 	C:\Windows\system32\rsaenh.dll
0x00007ffaf6b40000 - 0x00007ffaf6b67000 	C:\Windows\System32\bcrypt.dll
0x00007ffaf68b0000 - 0x00007ffaf68de000 	C:\Windows\SYSTEM32\USERENV.dll
0x00007ffaf62a0000 - 0x00007ffaf62ac000 	C:\Windows\SYSTEM32\CRYPTBASE.dll
0x00007ffaf5d80000 - 0x00007ffaf5dbb000 	C:\Windows\SYSTEM32\IPHLPAPI.DLL
0x00007ffaf9090000 - 0x00007ffaf9098000 	C:\Windows\System32\NSI.dll
0x00007ffaf0770000 - 0x00007ffaf0787000 	C:\Windows\SYSTEM32\dhcpcsvc6.DLL
0x00007ffaf0750000 - 0x00007ffaf076d000 	C:\Windows\SYSTEM32\dhcpcsvc.DLL
0x00007ffaf5dc0000 - 0x00007ffaf5e8c000 	C:\Windows\SYSTEM32\DNSAPI.dll

dbghelp: loaded successfully - version: 4.0.5 - missing functions: none
symbol engine: initialized successfully - sym options: 0x614 - pdb path: .;C:\Program Files\Android\Android Studio1\jre\bin;C:\Windows\SYSTEM32;C:\Windows\WinSxS\amd64_microsoft.windows.common-controls_6595b64144ccf1df_6.0.19041.1110_none_60b5254171f9507e;C:\Program Files\Android\Android Studio1\jre\bin\server;C:\Users\Administrator\.gradle\native\8bec1ad78214c89d9ad589b4d07fe93259594b29d510b10fafb7a158f7737e5d\windows-amd64;C:\Users\Administrator\.gradle\native\53dbd7edfb1c66fb8903c78663c9afc45aea4f116125fa6feffd364cf09443e8\windows-amd64

VM Arguments:
jvm_args: --add-opens=java.base/java.util=ALL-UNNAMED --add-opens=java.base/java.lang=ALL-UNNAMED --add-opens=java.base/java.lang.invoke=ALL-UNNAMED --add-opens=java.base/java.util=ALL-UNNAMED --add-opens=java.prefs/java.util.prefs=ALL-UNNAMED --add-opens=java.prefs/java.util.prefs=ALL-UNNAMED --add-opens=java.base/java.nio.charset=ALL-UNNAMED --add-opens=java.base/java.net=ALL-UNNAMED --add-opens=java.base/java.util.concurrent.atomic=ALL-UNNAMED -Xmx2048m -Dfile.encoding=UTF-8 -Duser.country=KR -Duser.language=ko -Duser.variant 
java_command: org.gradle.launcher.daemon.bootstrap.GradleDaemon 7.0.2
java_class_path (initial): C:\Users\Administrator\.gradle\wrapper\dists\gradle-7.0.2-bin\857tjihv64xamwrf0h14cai3r\gradle-7.0.2\lib\gradle-launcher-7.0.2.jar
Launcher Type: SUN_STANDARD

[Global flags]
     intx CICompilerCount                          = 12                                        {product} {ergonomic}
     uint ConcGCThreads                            = 3                                         {product} {ergonomic}
     uint G1ConcRefinementThreads                  = 13                                        {product} {ergonomic}
   size_t G1HeapRegionSize                         = 1048576                                   {product} {ergonomic}
    uintx GCDrainStackTargetSize                   = 64                                        {product} {ergonomic}
   size_t InitialHeapSize                          = 257949696                                 {product} {ergonomic}
   size_t MarkStackSize                            = 4194304                                   {product} {ergonomic}
   size_t MaxHeapSize                              = 2147483648                                {product} {command line}
   size_t MaxNewSize                               = 1287651328                                {product} {ergonomic}
   size_t MinHeapDeltaBytes                        = 1048576                                   {product} {ergonomic}
    uintx NonNMethodCodeHeapSize                   = 7594288                                {pd product} {ergonomic}
    uintx NonProfiledCodeHeapSize                  = 122031976                              {pd product} {ergonomic}
    uintx ProfiledCodeHeapSize                     = 122031976                              {pd product} {ergonomic}
    uintx ReservedCodeCacheSize                    = 251658240                              {pd product} {ergonomic}
     bool SegmentedCodeCache                       = true                                      {product} {ergonomic}
     bool UseCompressedClassPointers               = true                                 {lp64_product} {ergonomic}
     bool UseCompressedOops                        = true                                 {lp64_product} {ergonomic}
     bool UseG1GC                                  = true                                      {product} {ergonomic}
     bool UseLargePagesIndividualAllocation        = false                                  {pd product} {ergonomic}

Logging:
Log output configuration:
 #0: stdout all=warning uptime,level,tags
 #1: stderr all=off uptime,level,tags

Environment Variables:
PATH=C:\Windows\system32;C:\Windows;C:\Windows\System32\Wbem;C:\Windows\System32\WindowsPowerShell\v1.0\;C:\Windows\System32\OpenSSH\;C:\Users\Administrator\AppData\Local\Microsoft\WindowsApps;
USERNAME=Administrator
OS=Windows_NT
PROCESSOR_IDENTIFIER=Intel64 Family 6 Model 165 Stepping 5, GenuineIntel



---------------  S Y S T E M  ---------------

OS: Windows 10 , 64 bit Build 19041 (10.0.19041.1202)
OS uptime: 3 days 16:00 hours

CPU:total 16 (initial active 16) (8 cores per cpu, 2 threads per core) family 6 model 165 stepping 5 microcode 0xe2, cmov, cx8, fxsr, mmx, sse, sse2, sse3, ssse3, sse4.1, sse4.2, popcnt, avx, avx2, aes, clmul, erms, 3dnowpref, lzcnt, ht, tsc, tscinvbit, bmi1, bmi2, adx, fma

Memory: 4k page, system-wide physical 15735M (765M free)
TotalPageFile size 15735M (AvailPageFile size 10M)
current process WorkingSet (physical memory assigned to process): 565M, peak: 568M
current process commit charge ("private bytes"): 617M, peak: 622M

vm_info: OpenJDK 64-Bit Server VM (11.0.10+0-b96-7249189) for windows-amd64 JRE (11.0.10+0-b96-7249189), built on Mar 31 2021 21:44:00 by "builder" with MS VC++ 14.0 (VS2015)

END.
