#
# There is insufficient memory for the Java Runtime Environment to continue.
# Native memory allocation (mmap) failed to map 52428800 bytes for Failed to commit area from 0x000000008f600000 to 0x0000000092800000 of length 52428800.
# Possible reasons:
#   The system is out of physical RAM or swap space
#   The process is running with CompressedOops enabled, and the Java Heap may be blocking the growth of the native heap
# Possible solutions:
#   Reduce memory load on the system
#   Increase physical memory or swap space
#   Check if swap backing store is full
#   Decrease Java heap size (-Xmx/-Xms)
#   Decrease number of Java threads
#   Decrease Java thread stack sizes (-Xss)
#   Set larger code cache with -XX:ReservedCodeCacheSize=
#   JVM is running with Unscaled Compressed Oops mode in which the Java heap is
#     placed in the first 4GB address space. The Java Heap base address is the
#     maximum limit for the native heap growth. Please use -XX:HeapBaseMinAddress
#     to set the Java Heap base and to place the Java Heap above 4GB virtual address.
# This output file may be truncated or incomplete.
#
#  Out of Memory Error (./src/hotspot/os/windows/os_windows.cpp:3301), pid=5896, tid=1820
#
# JRE version: OpenJDK Runtime Environment (11.0.10) (build 11.0.10+0-b96-7249189)
# Java VM: OpenJDK 64-Bit Server VM (11.0.10+0-b96-7249189, mixed mode, tiered, compressed oops, g1 gc, windows-amd64)
# No core dump will be written. Minidumps are not enabled by default on client versions of Windows
#

---------------  S U M M A R Y ------------

Command Line: --add-opens=java.base/java.util=ALL-UNNAMED --add-opens=java.base/java.lang=ALL-UNNAMED --add-opens=java.base/java.lang.invoke=ALL-UNNAMED --add-opens=java.base/java.util=ALL-UNNAMED --add-opens=java.prefs/java.util.prefs=ALL-UNNAMED --add-opens=java.prefs/java.util.prefs=ALL-UNNAMED --add-opens=java.base/java.nio.charset=ALL-UNNAMED --add-opens=java.base/java.net=ALL-UNNAMED --add-opens=java.base/java.util.concurrent.atomic=ALL-UNNAMED -Xmx2048m -Dfile.encoding=UTF-8 -Duser.country=KR -Duser.language=ko -Duser.variant org.gradle.launcher.daemon.bootstrap.GradleDaemon 7.0.2

Host: Intel(R) Core(TM) i7-10700 CPU @ 2.90GHz, 16 cores, 15G,  Windows 10 , 64 bit Build 19041 (10.0.19041.1202)
Time: Wed Oct 13 14:02:01 2021 대한민국 표준시 elapsed time: 5.889535 seconds (0d 0h 0m 5s)

---------------  T H R E A D  ---------------

Current thread (0x000002197ad7d800):  VMThread "VM Thread" [stack: 0x000000331ea00000,0x000000331eb00000] [id=1820]

Stack: [0x000000331ea00000,0x000000331eb00000]
[error occurred during error reporting (printing stack bounds), id 0xc0000005, EXCEPTION_ACCESS_VIOLATION (0xc0000005) at pc=0x0000021900000f2d]

Native frames: (J=compiled Java code, j=interpreted, Vv=VM code, C=native code)
V  [jvm.dll+0x5ecfaa]
V  [jvm.dll+0x722bd5]
V  [jvm.dll+0x72412d]
V  [jvm.dll+0x724745]
V  [jvm.dll+0x7246fb]
V  [jvm.dll+0x5ec348]
V  [jvm.dll+0x5ecad8]
C  [ntdll.dll+0xa20cf]
C  [ntdll.dll+0x51454]
C  [ntdll.dll+0xa0bfe]
C  0x0000021900000f2d

VM_Operation (0x00000033226fabe0): G1CollectForAllocation, mode: safepoint, requested by thread 0x0000021910aea000


---------------  P R O C E S S  ---------------

Threads class SMR info:
_java_thread_list=0x0000021913c88d60, length=92, elements={
0x000002196e5fc000, 0x000002197ad7f800, 0x000002197ad8a800, 0x000002197adf6800,
0x000002197adf7000, 0x000002197adfa000, 0x000002197ae03000, 0x000002197ae0b800,
0x000002197ae17000, 0x000002197a51c000, 0x000002197af7f000, 0x000002197b1f3800,
0x000002197b2a0800, 0x000002197bf08000, 0x000002197bf9e800, 0x000002197d5b5000,
0x000002197c371000, 0x000002197d545800, 0x000002197c938800, 0x000002197ce02800,
0x000002197c7f4800, 0x000002197c7f5800, 0x000002197dc33000, 0x000002197d5e2000,
0x000002197d1bc800, 0x000002197d1ba000, 0x000002197d1ba800, 0x000002197d1bb800,
0x000002197d1bd000, 0x000002197d1b7800, 0x000002197d1be000, 0x000002197d1b8000,
0x000002197d1b9000, 0x0000021910ae5000, 0x0000021910ae4000, 0x000002191143c800,
0x0000021910ae0000, 0x0000021910ae2800, 0x0000021910ae1000, 0x0000021910ae2000,
0x0000021910aed000, 0x0000021910ae8800, 0x0000021910ae9000, 0x0000021910aee000,
0x0000021910aea000, 0x0000021910aea800, 0x0000021910aeb800, 0x0000021910aec800,
0x000002190f37a000, 0x000002190f378000, 0x000002190f37e000, 0x000002190f37a800,
0x000002190f37b800, 0x000002190f37e800, 0x000002190f37c000, 0x000002190f379000,
0x000002190f380800, 0x000002190f37f800, 0x000002190f381000, 0x000002190f382000,
0x000002190f383000, 0x000002190f37d000, 0x000002190f383800, 0x000002190f384800,
0x000002190f385000, 0x000002190f386000, 0x000002190f387000, 0x000002191208d000,
0x000002191208a800, 0x0000021912089000, 0x000002191208c000, 0x0000021912089800,
0x000002191208e800, 0x000002191208f800, 0x0000021912090800, 0x000002191208b800,
0x0000021912094800, 0x0000021912092000, 0x0000021912091000, 0x0000021912095000,
0x0000021912096000, 0x0000021912097000, 0x0000021912097800, 0x0000021912092800,
0x0000021912093800, 0x0000021916863800, 0x0000021916864800, 0x0000021916862000,
0x0000021916862800, 0x0000021916865000, 0x0000021916866000, 0x0000021916867000
}

Java Threads: ( => current thread )
  0x000002196e5fc000 JavaThread "main" [_thread_blocked, id=9472, stack(0x000000331e400000,0x000000331e500000)]
  0x000002197ad7f800 JavaThread "Reference Handler" daemon [_thread_blocked, id=9612, stack(0x000000331eb00000,0x000000331ec00000)]
  0x000002197ad8a800 JavaThread "Finalizer" daemon [_thread_blocked, id=11796, stack(0x000000331ec00000,0x000000331ed00000)]
  0x000002197adf6800 JavaThread "Signal Dispatcher" daemon [_thread_blocked, id=9168, stack(0x000000331ed00000,0x000000331ee00000)]
  0x000002197adf7000 JavaThread "Attach Listener" daemon [_thread_blocked, id=324, stack(0x000000331ee00000,0x000000331ef00000)]
  0x000002197adfa000 JavaThread "Service Thread" daemon [_thread_blocked, id=8968, stack(0x000000331ef00000,0x000000331f000000)]
  0x000002197ae03000 JavaThread "C2 CompilerThread0" daemon [_thread_blocked, id=12356, stack(0x000000331f000000,0x000000331f100000)]
  0x000002197ae0b800 JavaThread "C1 CompilerThread0" daemon [_thread_blocked, id=6208, stack(0x000000331f100000,0x000000331f200000)]
  0x000002197ae17000 JavaThread "Sweeper thread" daemon [_thread_blocked, id=2816, stack(0x000000331f200000,0x000000331f300000)]
  0x000002197a51c000 JavaThread "C1 CompilerThread1" daemon [_thread_blocked, id=13016, stack(0x000000331f300000,0x000000331f400000)]
  0x000002197af7f000 JavaThread "Common-Cleaner" daemon [_thread_blocked, id=8932, stack(0x000000331f400000,0x000000331f500000)]
  0x000002197b1f3800 JavaThread "C2 CompilerThread1" daemon [_thread_in_native, id=1344, stack(0x000000331f600000,0x000000331f700000)]
  0x000002197b2a0800 JavaThread "C2 CompilerThread2" daemon [_thread_in_native, id=12616, stack(0x000000331f700000,0x000000331f800000)]
  0x000002197bf08000 JavaThread "C1 CompilerThread2" daemon [_thread_blocked, id=6460, stack(0x000000331fc00000,0x000000331fd00000)]
  0x000002197bf9e800 JavaThread "C1 CompilerThread3" daemon [_thread_blocked, id=5952, stack(0x000000331fd00000,0x000000331fe00000)]
  0x000002197d5b5000 JavaThread "Daemon health stats" [_thread_blocked, id=10936, stack(0x000000331fe00000,0x000000331ff00000)]
  0x000002197c371000 JavaThread "Incoming local TCP Connector on port 63523" [_thread_in_native, id=9276, stack(0x000000331ff00000,0x0000003320000000)]
  0x000002197d545800 JavaThread "Daemon periodic checks" [_thread_blocked, id=2260, stack(0x0000003320000000,0x0000003320100000)]
  0x000002197c938800 JavaThread "Daemon" [_thread_blocked, id=6908, stack(0x0000003320100000,0x0000003320200000)]
  0x000002197ce02800 JavaThread "Handler for socket connection from /127.0.0.1:63523 to /127.0.0.1:63524" [_thread_in_native, id=8940, stack(0x0000003320200000,0x0000003320300000)]
  0x000002197c7f4800 JavaThread "Cancel handler" [_thread_blocked, id=12840, stack(0x0000003320300000,0x0000003320400000)]
  0x000002197c7f5800 JavaThread "Daemon worker" [_thread_blocked, id=11216, stack(0x0000003320400000,0x0000003320500000)]
  0x000002197dc33000 JavaThread "Asynchronous log dispatcher for DefaultDaemonConnection: socket connection from /127.0.0.1:63523 to /127.0.0.1:63524" [_thread_blocked, id=3400, stack(0x0000003320500000,0x0000003320600000)]
  0x000002197d5e2000 JavaThread "Stdin handler" [_thread_blocked, id=1316, stack(0x0000003320600000,0x0000003320700000)]
  0x000002197d1bc800 JavaThread "Daemon client event forwarder" [_thread_blocked, id=9228, stack(0x0000003320700000,0x0000003320800000)]
  0x000002197d1ba000 JavaThread "Cache worker for file hash cache (C:\Users\Administrator\.gradle\caches\7.0.2\fileHashes)" [_thread_blocked, id=4308, stack(0x0000003320800000,0x0000003320900000)]
  0x000002197d1ba800 JavaThread "File lock request listener" [_thread_in_native, id=7884, stack(0x0000003320900000,0x0000003320a00000)]
  0x000002197d1bb800 JavaThread "Cache worker for journal cache (C:\Users\Administrator\.gradle\caches\journal-1)" [_thread_blocked, id=3140, stack(0x0000003321400000,0x0000003321500000)]
  0x000002197d1bd000 JavaThread "Cache worker for file hash cache (C:\Users\Administrator\AndroidStudioProjects\ChatApplication\.gradle\7.0.2\fileHashes)" [_thread_blocked, id=5740, stack(0x0000003321500000,0x0000003321600000)]
  0x000002197d1b7800 JavaThread "File watcher server" daemon [_thread_blocked, id=6408, stack(0x0000003321600000,0x0000003321700000)]
  0x000002197d1be000 JavaThread "File watcher consumer" daemon [_thread_blocked, id=4136, stack(0x0000003321700000,0x0000003321800000)]
  0x000002197d1b8000 JavaThread "Cache worker for checksums cache (C:\Users\Administrator\AndroidStudioProjects\ChatApplication\.gradle\checksums)" [_thread_blocked, id=1352, stack(0x0000003321800000,0x0000003321900000)]
  0x000002197d1b9000 JavaThread "Cache worker for cache directory md-supplier (C:\Users\Administrator\.gradle\caches\7.0.2\md-supplier)" [_thread_blocked, id=11608, stack(0x0000003321900000,0x0000003321a00000)]
  0x0000021910ae5000 JavaThread "Cache worker for cache directory md-rule (C:\Users\Administrator\.gradle\caches\7.0.2\md-rule)" [_thread_blocked, id=12660, stack(0x0000003321a00000,0x0000003321b00000)]
  0x0000021910ae4000 JavaThread "Cache worker for execution history cache (C:\Users\Administrator\.gradle\caches\7.0.2\executionHistory)" [_thread_blocked, id=13068, stack(0x0000003321b00000,0x0000003321c00000)]
  0x000002191143c800 JavaThread "C2 CompilerThread3" daemon [_thread_in_native, id=1880, stack(0x0000003321c00000,0x0000003321d00000)]
  0x0000021910ae0000 JavaThread "jar transforms" [_thread_blocked, id=12344, stack(0x0000003321e00000,0x0000003321f00000)]
  0x0000021910ae2800 JavaThread "jar transforms Thread 2" [_thread_blocked, id=10804, stack(0x0000003321f00000,0x0000003322000000)]
  0x0000021910ae1000 JavaThread "Cache worker for file content cache (C:\Users\Administrator\.gradle\caches\7.0.2\fileContent)" [_thread_blocked, id=12944, stack(0x0000003322000000,0x0000003322100000)]
  0x0000021910ae2000 JavaThread "Cache worker for dependencies-accessors (C:\Users\Administrator\AndroidStudioProjects\ChatApplication\.gradle\7.0.2\dependencies-accessors)" [_thread_blocked, id=11876, stack(0x0000003322100000,0x0000003322200000)]
  0x0000021910aed000 JavaThread "jar transforms Thread 3" [_thread_blocked, id=12852, stack(0x0000003322200000,0x0000003322300000)]
  0x0000021910ae8800 JavaThread "Cache worker for Build Output Cleanup Cache (C:\Users\Administrator\AndroidStudioProjects\ChatApplication\.gradle\buildOutputCleanup)" [_thread_blocked, id=8392, stack(0x0000003322300000,0x0000003322400000)]
  0x0000021910ae9000 JavaThread "Build operations" [_thread_blocked, id=8396, stack(0x0000003322400000,0x0000003322500000)]
  0x0000021910aee000 JavaThread "Build operations Thread 2" [_thread_blocked, id=12940, stack(0x0000003322500000,0x0000003322600000)]
  0x0000021910aea000 JavaThread "Build operations Thread 3" [_thread_blocked, id=1528, stack(0x0000003322600000,0x0000003322700000)]
  0x0000021910aea800 JavaThread "Build operations Thread 4" [_thread_blocked, id=8256, stack(0x0000003322700000,0x0000003322800000)]
  0x0000021910aeb800 JavaThread "Build operations Thread 5" [_thread_blocked, id=11320, stack(0x0000003322800000,0x0000003322900000)]
  0x0000021910aec800 JavaThread "Build operations Thread 6" [_thread_blocked, id=10648, stack(0x0000003322900000,0x0000003322a00000)]
  0x000002190f37a000 JavaThread "Build operations Thread 7" [_thread_blocked, id=12828, stack(0x0000003322a00000,0x0000003322b00000)]
  0x000002190f378000 JavaThread "Build operations Thread 8" [_thread_blocked, id=12440, stack(0x0000003322b00000,0x0000003322c00000)]
  0x000002190f37e000 JavaThread "Build operations Thread 9" [_thread_blocked, id=1028, stack(0x0000003322c00000,0x0000003322d00000)]
  0x000002190f37a800 JavaThread "Build operations Thread 10" [_thread_blocked, id=3260, stack(0x0000003322d00000,0x0000003322e00000)]
  0x000002190f37b800 JavaThread "Build operations Thread 11" [_thread_blocked, id=5432, stack(0x0000003322e00000,0x0000003322f00000)]
  0x000002190f37e800 JavaThread "Build operations Thread 12" [_thread_blocked, id=9592, stack(0x0000003322f00000,0x0000003323000000)]
  0x000002190f37c000 JavaThread "Build operations Thread 13" [_thread_blocked, id=10548, stack(0x0000003323000000,0x0000003323100000)]
  0x000002190f379000 JavaThread "Build operations Thread 14" [_thread_blocked, id=856, stack(0x0000003323100000,0x0000003323200000)]
  0x000002190f380800 JavaThread "Build operations Thread 15" [_thread_blocked, id=11472, stack(0x0000003323200000,0x0000003323300000)]
  0x000002190f37f800 JavaThread "Build operations Thread 16" [_thread_blocked, id=4128, stack(0x0000003323300000,0x0000003323400000)]
  0x000002190f381000 JavaThread "jar transforms Thread 4" [_thread_blocked, id=11640, stack(0x0000003323400000,0x0000003323500000)]
  0x000002190f382000 JavaThread "jar transforms Thread 5" [_thread_blocked, id=8012, stack(0x0000003323500000,0x0000003323600000)]
  0x000002190f383000 JavaThread "jar transforms Thread 6" [_thread_blocked, id=4052, stack(0x0000003323600000,0x0000003323700000)]
  0x000002190f37d000 JavaThread "jar transforms Thread 7" [_thread_blocked, id=10216, stack(0x0000003323700000,0x0000003323800000)]
  0x000002190f383800 JavaThread "jar transforms Thread 8" [_thread_blocked, id=11428, stack(0x0000003323800000,0x0000003323900000)]
  0x000002190f384800 JavaThread "jar transforms Thread 9" [_thread_blocked, id=1844, stack(0x0000003323900000,0x0000003323a00000)]
  0x000002190f385000 JavaThread "jar transforms Thread 10" [_thread_blocked, id=7348, stack(0x0000003323a00000,0x0000003323b00000)]
  0x000002190f386000 JavaThread "jar transforms Thread 11" [_thread_blocked, id=11676, stack(0x0000003323b00000,0x0000003323c00000)]
  0x000002190f387000 JavaThread "jar transforms Thread 12" [_thread_blocked, id=6128, stack(0x0000003323c00000,0x0000003323d00000)]
  0x000002191208d000 JavaThread "jar transforms Thread 13" [_thread_blocked, id=10212, stack(0x0000003323d00000,0x0000003323e00000)]
  0x000002191208a800 JavaThread "jar transforms Thread 14" [_thread_blocked, id=1824, stack(0x0000003323e00000,0x0000003323f00000)]
  0x0000021912089000 JavaThread "jar transforms Thread 15" [_thread_blocked, id=12172, stack(0x0000003323f00000,0x0000003324000000)]
  0x000002191208c000 JavaThread "jar transforms Thread 16" [_thread_blocked, id=12748, stack(0x0000003324000000,0x0000003324100000)]
  0x0000021912089800 JavaThread "Memory manager" [_thread_blocked, id=10056, stack(0x0000003324100000,0x0000003324200000)]
  0x000002191208e800 JavaThread "build event listener" [_thread_blocked, id=11556, stack(0x0000003324200000,0x0000003324300000)]
  0x000002191208f800 JavaThread "pool-3-thread-1" [_thread_blocked, id=316, stack(0x0000003324300000,0x0000003324400000)]
  0x0000021912090800 JavaThread "build event listener" [_thread_blocked, id=8712, stack(0x0000003324400000,0x0000003324500000)]
  0x000002191208b800 JavaThread "Execution worker for ':'" [_thread_blocked, id=7360, stack(0x0000003324500000,0x0000003324600000)]
  0x0000021912094800 JavaThread "Execution worker for ':' Thread 2" [_thread_blocked, id=3900, stack(0x0000003324600000,0x0000003324700000)]
  0x0000021912092000 JavaThread "Execution worker for ':' Thread 3" [_thread_blocked, id=5964, stack(0x0000003324700000,0x0000003324800000)]
  0x0000021912091000 JavaThread "Execution worker for ':' Thread 4" [_thread_blocked, id=2708, stack(0x0000003324800000,0x0000003324900000)]
  0x0000021912095000 JavaThread "Execution worker for ':' Thread 5" [_thread_blocked, id=2740, stack(0x0000003324900000,0x0000003324a00000)]
  0x0000021912096000 JavaThread "Execution worker for ':' Thread 6" [_thread_blocked, id=11444, stack(0x0000003324a00000,0x0000003324b00000)]
  0x0000021912097000 JavaThread "Execution worker for ':' Thread 7" [_thread_blocked, id=1016, stack(0x0000003324b00000,0x0000003324c00000)]
  0x0000021912097800 JavaThread "Execution worker for ':' Thread 8" [_thread_blocked, id=9424, stack(0x0000003324c00000,0x0000003324d00000)]
  0x0000021912092800 JavaThread "Execution worker for ':' Thread 9" [_thread_blocked, id=9528, stack(0x0000003324d00000,0x0000003324e00000)]
  0x0000021912093800 JavaThread "Execution worker for ':' Thread 10" [_thread_blocked, id=7944, stack(0x0000003324e00000,0x0000003324f00000)]
  0x0000021916863800 JavaThread "Execution worker for ':' Thread 11" [_thread_blocked, id=5588, stack(0x0000003324f00000,0x0000003325000000)]
  0x0000021916864800 JavaThread "Execution worker for ':' Thread 12" [_thread_blocked, id=12904, stack(0x0000003325000000,0x0000003325100000)]
  0x0000021916862000 JavaThread "Execution worker for ':' Thread 13" [_thread_blocked, id=5516, stack(0x0000003325100000,0x0000003325200000)]
  0x0000021916862800 JavaThread "Execution worker for ':' Thread 14" [_thread_blocked, id=2820, stack(0x0000003325200000,0x0000003325300000)]
  0x0000021916865000 JavaThread "Execution worker for ':' Thread 15" [_thread_blocked, id=1856, stack(0x0000003325300000,0x0000003325400000)]
  0x0000021916866000 JavaThread "Cache worker for execution history cache (C:\Users\Administrator\AndroidStudioProjects\ChatApplication\.gradle\7.0.2\executionHistory)" [_thread_blocked, id=10624, stack(0x0000003325400000,0x0000003325500000)]
  0x0000021916867000 JavaThread "WorkerExecutor Queue" [_thread_blocked, id=12640, stack(0x0000003321d00000,0x0000003321e00000)]

Other Threads:
=>0x000002197ad7d800 VMThread "VM Thread" [stack: 0x000000331ea00000,0x000000331eb00000] [id=1820]
  0x000002197af81800 WatcherThread [stack: 0x000000331f500000,0x000000331f600000] [id=11668]
  0x000002196e614800 GCTaskThread "GC Thread#0" [stack: 0x000000331e500000,0x000000331e600000] [id=4268]
  0x000002197ba29000 GCTaskThread "GC Thread#1" [stack: 0x000000331f800000,0x000000331f900000] [id=2800]
  0x000002197c510800 GCTaskThread "GC Thread#2" [stack: 0x000000331f900000,0x000000331fa00000] [id=12872]
  0x000002197bc4e800 GCTaskThread "GC Thread#3" [stack: 0x000000331fa00000,0x000000331fb00000] [id=13044]
  0x000002197bd97000 GCTaskThread "GC Thread#4" [stack: 0x000000331fb00000,0x000000331fc00000] [id=11180]
  0x000002197c9be800 GCTaskThread "GC Thread#5" [stack: 0x0000003320a00000,0x0000003320b00000] [id=9888]
  0x000002197db65000 GCTaskThread "GC Thread#6" [stack: 0x0000003320b00000,0x0000003320c00000] [id=4356]
  0x000002197dccc000 GCTaskThread "GC Thread#7" [stack: 0x0000003320c00000,0x0000003320d00000] [id=2364]
  0x000002197d830000 GCTaskThread "GC Thread#8" [stack: 0x0000003320d00000,0x0000003320e00000] [id=4044]
  0x000002197d831000 GCTaskThread "GC Thread#9" [stack: 0x0000003320e00000,0x0000003320f00000] [id=9176]
  0x000002197d831800 GCTaskThread "GC Thread#10" [stack: 0x0000003320f00000,0x0000003321000000] [id=1616]
  0x000002197d832000 GCTaskThread "GC Thread#11" [stack: 0x0000003321000000,0x0000003321100000] [id=8460]
  0x000002197d5de800 GCTaskThread "GC Thread#12" [stack: 0x0000003321100000,0x0000003321200000] [id=11436]
  0x000002196e648800 ConcurrentGCThread "G1 Main Marker" [stack: 0x000000331e600000,0x000000331e700000] [id=7372]
  0x000002196e64a800 ConcurrentGCThread "G1 Conc#0" [stack: 0x000000331e700000,0x000000331e800000] [id=3180]
  0x000002197c122000 ConcurrentGCThread "G1 Conc#1" [stack: 0x0000003321200000,0x0000003321300000] [id=9560]
  0x000002197bd00000 ConcurrentGCThread "G1 Conc#2" [stack: 0x0000003321300000,0x0000003321400000] [id=7876]
  0x000002197a3cb800 ConcurrentGCThread "G1 Refine#0" [stack: 0x000000331e800000,0x000000331e900000] [id=8808]
  0x000002197a3cc800 ConcurrentGCThread "G1 Young RemSet Sampling" [stack: 0x000000331e900000,0x000000331ea00000] [id=5420]

Threads with active compile tasks:
C2 CompilerThread0   5895 11599       4       org.gradle.internal.file.DefaultFileHierarchySet$Node::isChildOfOrThis (110 bytes)
C2 CompilerThread1   5895 11393       4       java.lang.reflect.AccessibleObject::checkAccess (40 bytes)
C2 CompilerThread2   5895 11322       4       java.lang.reflect.Method::invoke (65 bytes)
C1 CompilerThread2   5895 11668   !   3       sun.nio.fs.WindowsChannelFactory::open (447 bytes)
C2 CompilerThread3   5895 11445       4       java.lang.reflect.AccessibleObject::verifyAccess (84 bytes)

VM state:at safepoint (normal execution)

VM Mutex/Monitor currently owned by a thread:  ([mutex/lock_event])
[0x000002196e5f92c0] Threads_lock - owner thread: 0x000002197ad7d800
[0x000002196e5f7d60] Heap_lock - owner thread: 0x0000021910aea000

Heap address: 0x0000000080000000, size: 2048 MB, Compressed Oops mode: 32-bit
Narrow klass base: 0x0000000000000000, Narrow klass shift: 3
Compressed class space size: 1073741824 Address: 0x0000000100000000

Heap:
 garbage-first heap   total 303104K, used 84567K [0x0000000080000000, 0x0000000100000000)
  region size 1024K, 6 young (6144K), 6 survivors (6144K)
 Metaspace       used 92342K, capacity 94905K, committed 95140K, reserved 1132544K
  class space    used 11894K, capacity 12878K, committed 12928K, reserved 1048576K
Heap Regions: E=young(eden), S=young(survivor), O=old, HS=humongous(starts), HC=humongous(continues), CS=collection set, F=free, A=archive, TAMS=top-at-mark-start (previous, next)
|   0|0x0000000080000000, 0x0000000080100000, 0x0000000080100000|100%| O|  |TAMS 0x0000000080100000, 0x0000000080000000| Untracked 
|   1|0x0000000080100000, 0x0000000080200000, 0x0000000080200000|100%| O|  |TAMS 0x0000000080200000, 0x0000000080100000| Untracked 
|   2|0x0000000080200000, 0x0000000080300000, 0x0000000080300000|100%| O|  |TAMS 0x0000000080300000, 0x0000000080200000| Untracked 
|   3|0x0000000080300000, 0x0000000080400000, 0x0000000080400000|100%|HS|  |TAMS 0x0000000080400000, 0x0000000080300000| Complete 
|   4|0x0000000080400000, 0x0000000080500000, 0x0000000080500000|100%|HC|  |TAMS 0x0000000080500000, 0x0000000080400000| Complete 
|   5|0x0000000080500000, 0x0000000080600000, 0x0000000080600000|100%|HC|  |TAMS 0x0000000080600000, 0x0000000080500000| Complete 
|   6|0x0000000080600000, 0x0000000080700000, 0x0000000080700000|100%| O|  |TAMS 0x0000000080700000, 0x0000000080600000| Untracked 
|   7|0x0000000080700000, 0x0000000080800000, 0x0000000080800000|100%| O|  |TAMS 0x0000000080800000, 0x0000000080700000| Untracked 
|   8|0x0000000080800000, 0x0000000080900000, 0x0000000080900000|100%| O|  |TAMS 0x0000000080900000, 0x0000000080800000| Untracked 
|   9|0x0000000080900000, 0x0000000080a00000, 0x0000000080a00000|100%| O|  |TAMS 0x0000000080a00000, 0x0000000080900000| Untracked 
|  10|0x0000000080a00000, 0x0000000080b00000, 0x0000000080b00000|100%| O|  |TAMS 0x0000000080b00000, 0x0000000080a00000| Untracked 
|  11|0x0000000080b00000, 0x0000000080c00000, 0x0000000080c00000|100%| O|  |TAMS 0x0000000080c00000, 0x0000000080b00000| Untracked 
|  12|0x0000000080c00000, 0x0000000080d00000, 0x0000000080d00000|100%| O|  |TAMS 0x0000000080d00000, 0x0000000080c00000| Untracked 
|  13|0x0000000080d00000, 0x0000000080e00000, 0x0000000080e00000|100%| O|  |TAMS 0x0000000080e00000, 0x0000000080d00000| Untracked 
|  14|0x0000000080e00000, 0x0000000080f00000, 0x0000000080f00000|100%| O|  |TAMS 0x0000000080f00000, 0x0000000080e00000| Untracked 
|  15|0x0000000080f00000, 0x0000000081000000, 0x0000000081000000|100%| O|  |TAMS 0x0000000081000000, 0x0000000080f00000| Untracked 
|  16|0x0000000081000000, 0x0000000081100000, 0x0000000081100000|100%| O|  |TAMS 0x0000000081100000, 0x0000000081000000| Untracked 
|  17|0x0000000081100000, 0x0000000081200000, 0x0000000081200000|100%|HS|  |TAMS 0x0000000081200000, 0x0000000081100000| Complete 
|  18|0x0000000081200000, 0x0000000081300000, 0x0000000081300000|100%|HS|  |TAMS 0x0000000081300000, 0x0000000081200000| Complete 
|  19|0x0000000081300000, 0x0000000081400000, 0x0000000081400000|100%|HS|  |TAMS 0x0000000081400000, 0x0000000081300000| Complete 
|  20|0x0000000081400000, 0x0000000081500000, 0x0000000081500000|100%|HS|  |TAMS 0x0000000081500000, 0x0000000081400000| Complete 
|  21|0x0000000081500000, 0x0000000081600000, 0x0000000081600000|100%|HC|  |TAMS 0x0000000081600000, 0x0000000081500000| Complete 
|  22|0x0000000081600000, 0x0000000081700000, 0x0000000081700000|100%|HC|  |TAMS 0x0000000081700000, 0x0000000081600000| Complete 
|  23|0x0000000081700000, 0x0000000081800000, 0x0000000081800000|100%|HS|  |TAMS 0x0000000081800000, 0x0000000081700000| Complete 
|  24|0x0000000081800000, 0x0000000081900000, 0x0000000081900000|100%|HC|  |TAMS 0x0000000081900000, 0x0000000081800000| Complete 
|  25|0x0000000081900000, 0x0000000081a00000, 0x0000000081a00000|100%| O|  |TAMS 0x0000000081a00000, 0x0000000081900000| Untracked 
|  26|0x0000000081a00000, 0x0000000081b00000, 0x0000000081b00000|100%| O|  |TAMS 0x0000000081b00000, 0x0000000081a00000| Untracked 
|  27|0x0000000081b00000, 0x0000000081c00000, 0x0000000081c00000|100%| O|  |TAMS 0x0000000081c00000, 0x0000000081b00000| Untracked 
|  28|0x0000000081c00000, 0x0000000081d00000, 0x0000000081d00000|100%| O|  |TAMS 0x0000000081d00000, 0x0000000081c00000| Untracked 
|  29|0x0000000081d00000, 0x0000000081e00000, 0x0000000081e00000|100%| O|  |TAMS 0x0000000081e00000, 0x0000000081d00000| Untracked 
|  30|0x0000000081e00000, 0x0000000081f00000, 0x0000000081f00000|100%| O|  |TAMS 0x0000000081f00000, 0x0000000081e00000| Untracked 
|  31|0x0000000081f00000, 0x0000000082000000, 0x0000000082000000|100%| O|  |TAMS 0x0000000082000000, 0x0000000081f00000| Untracked 
|  32|0x0000000082000000, 0x0000000082100000, 0x0000000082100000|100%| O|  |TAMS 0x0000000082100000, 0x0000000082000000| Untracked 
|  33|0x0000000082100000, 0x0000000082200000, 0x0000000082200000|100%| O|  |TAMS 0x0000000082200000, 0x0000000082100000| Untracked 
|  34|0x0000000082200000, 0x0000000082300000, 0x0000000082300000|100%| O|  |TAMS 0x0000000082300000, 0x0000000082200000| Untracked 
|  35|0x0000000082300000, 0x0000000082400000, 0x0000000082400000|100%| O|  |TAMS 0x0000000082400000, 0x0000000082300000| Untracked 
|  36|0x0000000082400000, 0x0000000082500000, 0x0000000082500000|100%| O|  |TAMS 0x0000000082500000, 0x0000000082400000| Untracked 
|  37|0x0000000082500000, 0x0000000082600000, 0x0000000082600000|100%| O|  |TAMS 0x0000000082600000, 0x0000000082500000| Untracked 
|  38|0x0000000082600000, 0x0000000082700000, 0x0000000082700000|100%| O|  |TAMS 0x0000000082700000, 0x0000000082600000| Untracked 
|  39|0x0000000082700000, 0x0000000082800000, 0x0000000082800000|100%| O|  |TAMS 0x0000000082800000, 0x0000000082700000| Untracked 
|  40|0x0000000082800000, 0x0000000082900000, 0x0000000082900000|100%| O|  |TAMS 0x0000000082900000, 0x0000000082800000| Untracked 
|  41|0x0000000082900000, 0x0000000082a00000, 0x0000000082a00000|100%| O|  |TAMS 0x0000000082a00000, 0x0000000082900000| Untracked 
|  42|0x0000000082a00000, 0x0000000082b00000, 0x0000000082b00000|100%| O|  |TAMS 0x0000000082b00000, 0x0000000082a00000| Untracked 
|  43|0x0000000082b00000, 0x0000000082c00000, 0x0000000082c00000|100%| O|  |TAMS 0x0000000082c00000, 0x0000000082b00000| Untracked 
|  44|0x0000000082c00000, 0x0000000082d00000, 0x0000000082d00000|100%| O|  |TAMS 0x0000000082d00000, 0x0000000082c00000| Untracked 
|  45|0x0000000082d00000, 0x0000000082e00000, 0x0000000082e00000|100%| O|  |TAMS 0x0000000082dfa200, 0x0000000082d00000| Untracked 
|  46|0x0000000082e00000, 0x0000000082f00000, 0x0000000082f00000|100%| O|  |TAMS 0x0000000082e00000, 0x0000000082e00000| Untracked 
|  47|0x0000000082f00000, 0x0000000083000000, 0x0000000083000000|100%| O|  |TAMS 0x0000000082f00000, 0x0000000082f00000| Untracked 
|  48|0x0000000083000000, 0x0000000083100000, 0x0000000083100000|100%| O|  |TAMS 0x0000000083000000, 0x0000000083000000| Untracked 
|  49|0x0000000083100000, 0x0000000083200000, 0x0000000083200000|100%| O|  |TAMS 0x0000000083100000, 0x0000000083100000| Untracked 
|  50|0x0000000083200000, 0x0000000083300000, 0x0000000083300000|100%| O|  |TAMS 0x0000000083200000, 0x0000000083200000| Untracked 
|  51|0x0000000083300000, 0x0000000083400000, 0x0000000083400000|100%| O|  |TAMS 0x0000000083300000, 0x0000000083300000| Untracked 
|  52|0x0000000083400000, 0x0000000083500000, 0x0000000083500000|100%| O|  |TAMS 0x0000000083400000, 0x0000000083400000| Untracked 
|  53|0x0000000083500000, 0x0000000083600000, 0x0000000083600000|100%| O|  |TAMS 0x0000000083500000, 0x0000000083500000| Untracked 
|  54|0x0000000083600000, 0x0000000083700000, 0x0000000083700000|100%| O|  |TAMS 0x0000000083600000, 0x0000000083600000| Untracked 
|  55|0x0000000083700000, 0x0000000083800000, 0x0000000083800000|100%| O|  |TAMS 0x0000000083700000, 0x0000000083700000| Untracked 
|  56|0x0000000083800000, 0x0000000083900000, 0x0000000083900000|100%| O|  |TAMS 0x0000000083800000, 0x0000000083800000| Untracked 
|  57|0x0000000083900000, 0x0000000083a00000, 0x0000000083a00000|100%| O|  |TAMS 0x0000000083900000, 0x0000000083900000| Untracked 
|  58|0x0000000083a00000, 0x0000000083b00000, 0x0000000083b00000|100%| O|  |TAMS 0x0000000083a00000, 0x0000000083a00000| Untracked 
|  59|0x0000000083b00000, 0x0000000083c00000, 0x0000000083c00000|100%| O|  |TAMS 0x0000000083b00000, 0x0000000083b00000| Untracked 
|  60|0x0000000083c00000, 0x0000000083d00000, 0x0000000083d00000|100%| O|  |TAMS 0x0000000083c00000, 0x0000000083c00000| Untracked 
|  61|0x0000000083d00000, 0x0000000083e00000, 0x0000000083e00000|100%| O|  |TAMS 0x0000000083d00000, 0x0000000083d00000| Untracked 
|  62|0x0000000083e00000, 0x0000000083f00000, 0x0000000083f00000|100%| O|  |TAMS 0x0000000083e00000, 0x0000000083e00000| Untracked 
|  63|0x0000000083f00000, 0x0000000084000000, 0x0000000084000000|100%| O|  |TAMS 0x0000000083f00000, 0x0000000083f00000| Untracked 
|  64|0x0000000084000000, 0x0000000084100000, 0x0000000084100000|100%| O|  |TAMS 0x0000000084000000, 0x0000000084000000| Untracked 
|  65|0x0000000084100000, 0x0000000084200000, 0x0000000084200000|100%| O|  |TAMS 0x0000000084100000, 0x0000000084100000| Untracked 
|  66|0x0000000084200000, 0x0000000084300000, 0x0000000084300000|100%| O|  |TAMS 0x0000000084200000, 0x0000000084200000| Untracked 
|  67|0x0000000084300000, 0x0000000084400000, 0x0000000084400000|100%| O|  |TAMS 0x0000000084300000, 0x0000000084300000| Untracked 
|  68|0x0000000084400000, 0x0000000084500000, 0x0000000084500000|100%| O|  |TAMS 0x0000000084400000, 0x0000000084400000| Untracked 
|  69|0x0000000084500000, 0x0000000084600000, 0x0000000084600000|100%| O|  |TAMS 0x0000000084500000, 0x0000000084500000| Untracked 
|  70|0x0000000084600000, 0x0000000084700000, 0x0000000084700000|100%| O|  |TAMS 0x0000000084600000, 0x0000000084600000| Untracked 
|  71|0x0000000084700000, 0x0000000084800000, 0x0000000084800000|100%| O|  |TAMS 0x0000000084700000, 0x0000000084700000| Untracked 
|  72|0x0000000084800000, 0x0000000084900000, 0x0000000084900000|100%| O|  |TAMS 0x0000000084800000, 0x0000000084800000| Untracked 
|  73|0x0000000084900000, 0x0000000084a00000, 0x0000000084a00000|100%| O|  |TAMS 0x0000000084900000, 0x0000000084900000| Untracked 
|  74|0x0000000084a00000, 0x0000000084b00000, 0x0000000084b00000|100%| O|  |TAMS 0x0000000084a00000, 0x0000000084a00000| Untracked 
|  75|0x0000000084b00000, 0x0000000084c00000, 0x0000000084c00000|100%| O|  |TAMS 0x0000000084b00000, 0x0000000084b00000| Untracked 
|  76|0x0000000084c00000, 0x0000000084d00000, 0x0000000084d00000|100%| O|  |TAMS 0x0000000084c00000, 0x0000000084c00000| Untracked 
|  77|0x0000000084d00000, 0x0000000084d29400, 0x0000000084e00000| 16%| O|  |TAMS 0x0000000084d00000, 0x0000000084d00000| Untracked 
|  78|0x0000000084e00000, 0x0000000084e00000, 0x0000000084f00000|  0%| F|  |TAMS 0x0000000084e00000, 0x0000000084e00000| Untracked 
|  79|0x0000000084f00000, 0x0000000084f00000, 0x0000000085000000|  0%| F|  |TAMS 0x0000000084f00000, 0x0000000084f00000| Untracked 
|  80|0x0000000085000000, 0x0000000085000000, 0x0000000085100000|  0%| F|  |TAMS 0x0000000085000000, 0x0000000085000000| Untracked 
|  81|0x0000000085100000, 0x0000000085100000, 0x0000000085200000|  0%| F|  |TAMS 0x0000000085100000, 0x0000000085100000| Untracked 
|  82|0x0000000085200000, 0x0000000085200000, 0x0000000085300000|  0%| F|  |TAMS 0x0000000085200000, 0x0000000085200000| Untracked 
|  83|0x0000000085300000, 0x0000000085300000, 0x0000000085400000|  0%| F|  |TAMS 0x0000000085300000, 0x0000000085300000| Untracked 
|  84|0x0000000085400000, 0x0000000085400000, 0x0000000085500000|  0%| F|  |TAMS 0x0000000085400000, 0x0000000085400000| Untracked 
|  85|0x0000000085500000, 0x0000000085500000, 0x0000000085600000|  0%| F|  |TAMS 0x0000000085500000, 0x0000000085500000| Untracked 
|  86|0x0000000085600000, 0x0000000085600000, 0x0000000085700000|  0%| F|  |TAMS 0x0000000085600000, 0x0000000085600000| Untracked 
|  87|0x0000000085700000, 0x0000000085700000, 0x0000000085800000|  0%| F|  |TAMS 0x0000000085700000, 0x0000000085700000| Untracked 
|  88|0x0000000085800000, 0x0000000085800000, 0x0000000085900000|  0%| F|  |TAMS 0x0000000085800000, 0x0000000085800000| Untracked 
|  89|0x0000000085900000, 0x0000000085900000, 0x0000000085a00000|  0%| F|  |TAMS 0x0000000085900000, 0x0000000085900000| Untracked 
|  90|0x0000000085a00000, 0x0000000085a00000, 0x0000000085b00000|  0%| F|  |TAMS 0x0000000085a00000, 0x0000000085a00000| Untracked 
|  91|0x0000000085b00000, 0x0000000085b00000, 0x0000000085c00000|  0%| F|  |TAMS 0x0000000085b00000, 0x0000000085b00000| Untracked 
|  92|0x0000000085c00000, 0x0000000085c00000, 0x0000000085d00000|  0%| F|  |TAMS 0x0000000085c00000, 0x0000000085c00000| Untracked 
|  93|0x0000000085d00000, 0x0000000085d00000, 0x0000000085e00000|  0%| F|  |TAMS 0x0000000085d00000, 0x0000000085d00000| Untracked 
|  94|0x0000000085e00000, 0x0000000085e00000, 0x0000000085f00000|  0%| F|  |TAMS 0x0000000085e00000, 0x0000000085e00000| Untracked 
|  95|0x0000000085f00000, 0x0000000085f00000, 0x0000000086000000|  0%| F|  |TAMS 0x0000000085f00000, 0x0000000085f00000| Untracked 
|  96|0x0000000086000000, 0x0000000086000000, 0x0000000086100000|  0%| F|  |TAMS 0x0000000086000000, 0x0000000086000000| Untracked 
|  97|0x0000000086100000, 0x0000000086100000, 0x0000000086200000|  0%| F|  |TAMS 0x0000000086100000, 0x0000000086100000| Untracked 
|  98|0x0000000086200000, 0x0000000086200000, 0x0000000086300000|  0%| F|  |TAMS 0x0000000086200000, 0x0000000086200000| Untracked 
|  99|0x0000000086300000, 0x0000000086300000, 0x0000000086400000|  0%| F|  |TAMS 0x0000000086300000, 0x0000000086300000| Untracked 
| 100|0x0000000086400000, 0x0000000086400000, 0x0000000086500000|  0%| F|  |TAMS 0x0000000086400000, 0x0000000086400000| Untracked 
| 101|0x0000000086500000, 0x0000000086500000, 0x0000000086600000|  0%| F|  |TAMS 0x0000000086500000, 0x0000000086500000| Untracked 
| 102|0x0000000086600000, 0x0000000086600000, 0x0000000086700000|  0%| F|  |TAMS 0x0000000086600000, 0x0000000086600000| Untracked 
| 103|0x0000000086700000, 0x0000000086700000, 0x0000000086800000|  0%| F|  |TAMS 0x0000000086700000, 0x0000000086700000| Untracked 
| 104|0x0000000086800000, 0x0000000086800000, 0x0000000086900000|  0%| F|  |TAMS 0x0000000086800000, 0x0000000086800000| Untracked 
| 105|0x0000000086900000, 0x0000000086900000, 0x0000000086a00000|  0%| F|  |TAMS 0x0000000086900000, 0x0000000086900000| Untracked 
| 106|0x0000000086a00000, 0x0000000086a00000, 0x0000000086b00000|  0%| F|  |TAMS 0x0000000086a00000, 0x0000000086a00000| Untracked 
| 107|0x0000000086b00000, 0x0000000086b00000, 0x0000000086c00000|  0%| F|  |TAMS 0x0000000086b00000, 0x0000000086b00000| Untracked 
| 108|0x0000000086c00000, 0x0000000086c00000, 0x0000000086d00000|  0%| F|  |TAMS 0x0000000086c00000, 0x0000000086c00000| Untracked 
| 109|0x0000000086d00000, 0x0000000086d00000, 0x0000000086e00000|  0%| F|  |TAMS 0x0000000086d00000, 0x0000000086d00000| Untracked 
| 110|0x0000000086e00000, 0x0000000086e00000, 0x0000000086f00000|  0%| F|  |TAMS 0x0000000086e00000, 0x0000000086e00000| Untracked 
| 111|0x0000000086f00000, 0x0000000086f00000, 0x0000000087000000|  0%| F|  |TAMS 0x0000000086f00000, 0x0000000086f00000| Untracked 
| 112|0x0000000087000000, 0x0000000087000000, 0x0000000087100000|  0%| F|  |TAMS 0x0000000087000000, 0x0000000087000000| Untracked 
| 113|0x0000000087100000, 0x0000000087100000, 0x0000000087200000|  0%| F|  |TAMS 0x0000000087100000, 0x0000000087100000| Untracked 
| 114|0x0000000087200000, 0x0000000087200000, 0x0000000087300000|  0%| F|  |TAMS 0x0000000087200000, 0x0000000087200000| Untracked 
| 115|0x0000000087300000, 0x0000000087300000, 0x0000000087400000|  0%| F|  |TAMS 0x0000000087300000, 0x0000000087300000| Untracked 
| 116|0x0000000087400000, 0x0000000087400000, 0x0000000087500000|  0%| F|  |TAMS 0x0000000087400000, 0x0000000087400000| Untracked 
| 117|0x0000000087500000, 0x0000000087500000, 0x0000000087600000|  0%| F|  |TAMS 0x0000000087500000, 0x0000000087500000| Untracked 
| 118|0x0000000087600000, 0x0000000087600000, 0x0000000087700000|  0%| F|  |TAMS 0x0000000087600000, 0x0000000087600000| Untracked 
| 119|0x0000000087700000, 0x0000000087700000, 0x0000000087800000|  0%| F|  |TAMS 0x0000000087700000, 0x0000000087700000| Untracked 
| 120|0x0000000087800000, 0x0000000087800000, 0x0000000087900000|  0%| F|  |TAMS 0x0000000087800000, 0x0000000087800000| Untracked 
| 121|0x0000000087900000, 0x0000000087900000, 0x0000000087a00000|  0%| F|  |TAMS 0x0000000087900000, 0x0000000087900000| Untracked 
| 122|0x0000000087a00000, 0x0000000087a00000, 0x0000000087b00000|  0%| F|  |TAMS 0x0000000087a00000, 0x0000000087a00000| Untracked 
| 123|0x0000000087b00000, 0x0000000087b00000, 0x0000000087c00000|  0%| F|  |TAMS 0x0000000087b00000, 0x0000000087b00000| Untracked 
| 124|0x0000000087c00000, 0x0000000087c00000, 0x0000000087d00000|  0%| F|  |TAMS 0x0000000087c00000, 0x0000000087c00000| Untracked 
| 125|0x0000000087d00000, 0x0000000087d00000, 0x0000000087e00000|  0%| F|  |TAMS 0x0000000087d00000, 0x0000000087d00000| Untracked 
| 126|0x0000000087e00000, 0x0000000087e00000, 0x0000000087f00000|  0%| F|  |TAMS 0x0000000087e00000, 0x0000000087e00000| Untracked 
| 127|0x0000000087f00000, 0x0000000087f00000, 0x0000000088000000|  0%| F|  |TAMS 0x0000000087f00000, 0x0000000087f00000| Untracked 
| 128|0x0000000088000000, 0x0000000088000000, 0x0000000088100000|  0%| F|  |TAMS 0x0000000088000000, 0x0000000088000000| Untracked 
| 129|0x0000000088100000, 0x0000000088100000, 0x0000000088200000|  0%| F|  |TAMS 0x0000000088100000, 0x0000000088100000| Untracked 
| 130|0x0000000088200000, 0x0000000088200000, 0x0000000088300000|  0%| F|  |TAMS 0x0000000088200000, 0x0000000088200000| Untracked 
| 131|0x0000000088300000, 0x0000000088300000, 0x0000000088400000|  0%| F|  |TAMS 0x0000000088300000, 0x0000000088300000| Untracked 
| 132|0x0000000088400000, 0x0000000088400000, 0x0000000088500000|  0%| F|  |TAMS 0x0000000088400000, 0x0000000088400000| Untracked 
| 133|0x0000000088500000, 0x0000000088500000, 0x0000000088600000|  0%| F|  |TAMS 0x0000000088500000, 0x0000000088500000| Untracked 
| 134|0x0000000088600000, 0x0000000088600000, 0x0000000088700000|  0%| F|  |TAMS 0x0000000088600000, 0x0000000088600000| Untracked 
| 135|0x0000000088700000, 0x0000000088700000, 0x0000000088800000|  0%| F|  |TAMS 0x0000000088700000, 0x0000000088700000| Untracked 
| 136|0x0000000088800000, 0x0000000088800000, 0x0000000088900000|  0%| F|  |TAMS 0x0000000088800000, 0x0000000088800000| Untracked 
| 137|0x0000000088900000, 0x0000000088900000, 0x0000000088a00000|  0%| F|  |TAMS 0x0000000088900000, 0x0000000088900000| Untracked 
| 138|0x0000000088a00000, 0x0000000088a00000, 0x0000000088b00000|  0%| F|  |TAMS 0x0000000088a00000, 0x0000000088a00000| Untracked 
| 139|0x0000000088b00000, 0x0000000088b00000, 0x0000000088c00000|  0%| F|  |TAMS 0x0000000088b00000, 0x0000000088b00000| Untracked 
| 140|0x0000000088c00000, 0x0000000088c6cb00, 0x0000000088d00000| 42%| S|CS|TAMS 0x0000000088c00000, 0x0000000088c00000| Complete 
| 141|0x0000000088d00000, 0x0000000088e00000, 0x0000000088e00000|100%| S|CS|TAMS 0x0000000088d00000, 0x0000000088d00000| Complete 
| 142|0x0000000088e00000, 0x0000000088f00000, 0x0000000088f00000|100%| S|CS|TAMS 0x0000000088e00000, 0x0000000088e00000| Complete 
| 143|0x0000000088f00000, 0x0000000089000000, 0x0000000089000000|100%| S|CS|TAMS 0x0000000088f00000, 0x0000000088f00000| Complete 
| 144|0x0000000089000000, 0x0000000089100000, 0x0000000089100000|100%| S|CS|TAMS 0x0000000089000000, 0x0000000089000000| Complete 
| 145|0x0000000089100000, 0x0000000089200000, 0x0000000089200000|100%| S|CS|TAMS 0x0000000089100000, 0x0000000089100000| Complete 
| 146|0x0000000089200000, 0x0000000089200000, 0x0000000089300000|  0%| F|  |TAMS 0x0000000089200000, 0x0000000089200000| Untracked 
| 147|0x0000000089300000, 0x0000000089300000, 0x0000000089400000|  0%| F|  |TAMS 0x0000000089300000, 0x0000000089300000| Untracked 
| 148|0x0000000089400000, 0x0000000089400000, 0x0000000089500000|  0%| F|  |TAMS 0x0000000089400000, 0x0000000089400000| Untracked 
| 149|0x0000000089500000, 0x0000000089500000, 0x0000000089600000|  0%| F|  |TAMS 0x0000000089500000, 0x0000000089500000| Untracked 
| 150|0x0000000089600000, 0x0000000089600000, 0x0000000089700000|  0%| F|  |TAMS 0x0000000089600000, 0x0000000089600000| Untracked 
| 151|0x0000000089700000, 0x0000000089700000, 0x0000000089800000|  0%| F|  |TAMS 0x0000000089700000, 0x0000000089700000| Untracked 
| 152|0x0000000089800000, 0x0000000089800000, 0x0000000089900000|  0%| F|  |TAMS 0x0000000089800000, 0x0000000089800000| Untracked 
| 153|0x0000000089900000, 0x0000000089900000, 0x0000000089a00000|  0%| F|  |TAMS 0x0000000089900000, 0x0000000089900000| Untracked 
| 154|0x0000000089a00000, 0x0000000089a00000, 0x0000000089b00000|  0%| F|  |TAMS 0x0000000089a00000, 0x0000000089a00000| Untracked 
| 155|0x0000000089b00000, 0x0000000089b00000, 0x0000000089c00000|  0%| F|  |TAMS 0x0000000089b00000, 0x0000000089b00000| Untracked 
| 156|0x0000000089c00000, 0x0000000089c00000, 0x0000000089d00000|  0%| F|  |TAMS 0x0000000089c00000, 0x0000000089c00000| Untracked 
| 157|0x0000000089d00000, 0x0000000089d00000, 0x0000000089e00000|  0%| F|  |TAMS 0x0000000089d00000, 0x0000000089d00000| Untracked 
| 158|0x0000000089e00000, 0x0000000089e00000, 0x0000000089f00000|  0%| F|  |TAMS 0x0000000089e00000, 0x0000000089e00000| Untracked 
| 159|0x0000000089f00000, 0x0000000089f00000, 0x000000008a000000|  0%| F|  |TAMS 0x0000000089f00000, 0x0000000089f00000| Untracked 
| 160|0x000000008a000000, 0x000000008a000000, 0x000000008a100000|  0%| F|  |TAMS 0x000000008a000000, 0x000000008a000000| Untracked 
| 161|0x000000008a100000, 0x000000008a100000, 0x000000008a200000|  0%| F|  |TAMS 0x000000008a100000, 0x000000008a100000| Untracked 
| 162|0x000000008a200000, 0x000000008a200000, 0x000000008a300000|  0%| F|  |TAMS 0x000000008a200000, 0x000000008a200000| Untracked 
| 163|0x000000008a300000, 0x000000008a300000, 0x000000008a400000|  0%| F|  |TAMS 0x000000008a300000, 0x000000008a300000| Untracked 
| 164|0x000000008a400000, 0x000000008a400000, 0x000000008a500000|  0%| F|  |TAMS 0x000000008a400000, 0x000000008a400000| Untracked 
| 165|0x000000008a500000, 0x000000008a500000, 0x000000008a600000|  0%| F|  |TAMS 0x000000008a500000, 0x000000008a500000| Untracked 
| 166|0x000000008a600000, 0x000000008a600000, 0x000000008a700000|  0%| F|  |TAMS 0x000000008a600000, 0x000000008a600000| Untracked 
| 167|0x000000008a700000, 0x000000008a700000, 0x000000008a800000|  0%| F|  |TAMS 0x000000008a700000, 0x000000008a700000| Untracked 
| 168|0x000000008a800000, 0x000000008a800000, 0x000000008a900000|  0%| F|  |TAMS 0x000000008a800000, 0x000000008a800000| Untracked 
| 169|0x000000008a900000, 0x000000008a900000, 0x000000008aa00000|  0%| F|  |TAMS 0x000000008a900000, 0x000000008a900000| Untracked 
| 170|0x000000008aa00000, 0x000000008aa00000, 0x000000008ab00000|  0%| F|  |TAMS 0x000000008aa00000, 0x000000008aa00000| Untracked 
| 171|0x000000008ab00000, 0x000000008ab00000, 0x000000008ac00000|  0%| F|  |TAMS 0x000000008ab00000, 0x000000008ab00000| Untracked 
| 172|0x000000008ac00000, 0x000000008ac00000, 0x000000008ad00000|  0%| F|  |TAMS 0x000000008ac00000, 0x000000008ac00000| Untracked 
| 173|0x000000008ad00000, 0x000000008ad00000, 0x000000008ae00000|  0%| F|  |TAMS 0x000000008ad00000, 0x000000008ad00000| Untracked 
| 174|0x000000008ae00000, 0x000000008ae00000, 0x000000008af00000|  0%| F|  |TAMS 0x000000008ae00000, 0x000000008ae00000| Untracked 
| 175|0x000000008af00000, 0x000000008af00000, 0x000000008b000000|  0%| F|  |TAMS 0x000000008af00000, 0x000000008af00000| Untracked 
| 176|0x000000008b000000, 0x000000008b000000, 0x000000008b100000|  0%| F|  |TAMS 0x000000008b000000, 0x000000008b000000| Untracked 
| 177|0x000000008b100000, 0x000000008b100000, 0x000000008b200000|  0%| F|  |TAMS 0x000000008b100000, 0x000000008b100000| Untracked 
| 178|0x000000008b200000, 0x000000008b200000, 0x000000008b300000|  0%| F|  |TAMS 0x000000008b200000, 0x000000008b200000| Untracked 
| 179|0x000000008b300000, 0x000000008b300000, 0x000000008b400000|  0%| F|  |TAMS 0x000000008b300000, 0x000000008b300000| Untracked 
| 180|0x000000008b400000, 0x000000008b400000, 0x000000008b500000|  0%| F|  |TAMS 0x000000008b400000, 0x000000008b400000| Untracked 
| 181|0x000000008b500000, 0x000000008b500000, 0x000000008b600000|  0%| F|  |TAMS 0x000000008b500000, 0x000000008b500000| Untracked 
| 182|0x000000008b600000, 0x000000008b600000, 0x000000008b700000|  0%| F|  |TAMS 0x000000008b600000, 0x000000008b600000| Untracked 
| 183|0x000000008b700000, 0x000000008b700000, 0x000000008b800000|  0%| F|  |TAMS 0x000000008b700000, 0x000000008b700000| Untracked 
| 184|0x000000008b800000, 0x000000008b800000, 0x000000008b900000|  0%| F|  |TAMS 0x000000008b800000, 0x000000008b800000| Untracked 
| 185|0x000000008b900000, 0x000000008b900000, 0x000000008ba00000|  0%| F|  |TAMS 0x000000008b900000, 0x000000008b900000| Untracked 
| 186|0x000000008ba00000, 0x000000008ba00000, 0x000000008bb00000|  0%| F|  |TAMS 0x000000008ba00000, 0x000000008ba00000| Untracked 
| 187|0x000000008bb00000, 0x000000008bb00000, 0x000000008bc00000|  0%| F|  |TAMS 0x000000008bb00000, 0x000000008bb00000| Untracked 
| 188|0x000000008bc00000, 0x000000008bc00000, 0x000000008bd00000|  0%| F|  |TAMS 0x000000008bc00000, 0x000000008bc00000| Untracked 
| 189|0x000000008bd00000, 0x000000008bd00000, 0x000000008be00000|  0%| F|  |TAMS 0x000000008bd00000, 0x000000008bd00000| Untracked 
| 190|0x000000008be00000, 0x000000008be00000, 0x000000008bf00000|  0%| F|  |TAMS 0x000000008be00000, 0x000000008be00000| Untracked 
| 191|0x000000008bf00000, 0x000000008bf00000, 0x000000008c000000|  0%| F|  |TAMS 0x000000008bf00000, 0x000000008bf00000| Untracked 
| 192|0x000000008c000000, 0x000000008c000000, 0x000000008c100000|  0%| F|  |TAMS 0x000000008c000000, 0x000000008c000000| Untracked 
| 193|0x000000008c100000, 0x000000008c100000, 0x000000008c200000|  0%| F|  |TAMS 0x000000008c100000, 0x000000008c100000| Untracked 
| 194|0x000000008c200000, 0x000000008c200000, 0x000000008c300000|  0%| F|  |TAMS 0x000000008c200000, 0x000000008c200000| Untracked 
| 195|0x000000008c300000, 0x000000008c300000, 0x000000008c400000|  0%| F|  |TAMS 0x000000008c300000, 0x000000008c300000| Untracked 
| 196|0x000000008c400000, 0x000000008c400000, 0x000000008c500000|  0%| F|  |TAMS 0x000000008c400000, 0x000000008c400000| Untracked 
| 197|0x000000008c500000, 0x000000008c500000, 0x000000008c600000|  0%| F|  |TAMS 0x000000008c500000, 0x000000008c500000| Untracked 
| 198|0x000000008c600000, 0x000000008c600000, 0x000000008c700000|  0%| F|  |TAMS 0x000000008c600000, 0x000000008c600000| Untracked 
| 199|0x000000008c700000, 0x000000008c700000, 0x000000008c800000|  0%| F|  |TAMS 0x000000008c700000, 0x000000008c700000| Untracked 
| 200|0x000000008c800000, 0x000000008c800000, 0x000000008c900000|  0%| F|  |TAMS 0x000000008c800000, 0x000000008c800000| Untracked 
| 201|0x000000008c900000, 0x000000008c900000, 0x000000008ca00000|  0%| F|  |TAMS 0x000000008c900000, 0x000000008c900000| Untracked 
| 202|0x000000008ca00000, 0x000000008ca00000, 0x000000008cb00000|  0%| F|  |TAMS 0x000000008ca00000, 0x000000008ca00000| Untracked 
| 203|0x000000008cb00000, 0x000000008cb00000, 0x000000008cc00000|  0%| F|  |TAMS 0x000000008cb00000, 0x000000008cb00000| Untracked 
| 204|0x000000008cc00000, 0x000000008cc00000, 0x000000008cd00000|  0%| F|  |TAMS 0x000000008cc00000, 0x000000008cc00000| Untracked 
| 205|0x000000008cd00000, 0x000000008cd00000, 0x000000008ce00000|  0%| F|  |TAMS 0x000000008cd00000, 0x000000008cd00000| Untracked 
| 206|0x000000008ce00000, 0x000000008ce00000, 0x000000008cf00000|  0%| F|  |TAMS 0x000000008ce00000, 0x000000008ce00000| Untracked 
| 207|0x000000008cf00000, 0x000000008cf00000, 0x000000008d000000|  0%| F|  |TAMS 0x000000008cf00000, 0x000000008cf00000| Untracked 
| 208|0x000000008d000000, 0x000000008d000000, 0x000000008d100000|  0%| F|  |TAMS 0x000000008d000000, 0x000000008d000000| Untracked 
| 209|0x000000008d100000, 0x000000008d100000, 0x000000008d200000|  0%| F|  |TAMS 0x000000008d100000, 0x000000008d100000| Untracked 
| 210|0x000000008d200000, 0x000000008d200000, 0x000000008d300000|  0%| F|  |TAMS 0x000000008d200000, 0x000000008d200000| Untracked 
| 211|0x000000008d300000, 0x000000008d300000, 0x000000008d400000|  0%| F|  |TAMS 0x000000008d300000, 0x000000008d300000| Untracked 
| 212|0x000000008d400000, 0x000000008d400000, 0x000000008d500000|  0%| F|  |TAMS 0x000000008d400000, 0x000000008d400000| Untracked 
| 213|0x000000008d500000, 0x000000008d500000, 0x000000008d600000|  0%| F|  |TAMS 0x000000008d500000, 0x000000008d500000| Untracked 
| 214|0x000000008d600000, 0x000000008d600000, 0x000000008d700000|  0%| F|  |TAMS 0x000000008d600000, 0x000000008d600000| Untracked 
| 215|0x000000008d700000, 0x000000008d700000, 0x000000008d800000|  0%| F|  |TAMS 0x000000008d700000, 0x000000008d700000| Untracked 
| 216|0x000000008d800000, 0x000000008d800000, 0x000000008d900000|  0%| F|  |TAMS 0x000000008d800000, 0x000000008d800000| Untracked 
| 217|0x000000008d900000, 0x000000008d900000, 0x000000008da00000|  0%| F|  |TAMS 0x000000008d900000, 0x000000008d900000| Untracked 
| 218|0x000000008da00000, 0x000000008da00000, 0x000000008db00000|  0%| F|  |TAMS 0x000000008da00000, 0x000000008da00000| Untracked 
| 219|0x000000008db00000, 0x000000008db00000, 0x000000008dc00000|  0%| F|  |TAMS 0x000000008db00000, 0x000000008db00000| Untracked 
| 220|0x000000008dc00000, 0x000000008dc00000, 0x000000008dd00000|  0%| F|  |TAMS 0x000000008dc00000, 0x000000008dc00000| Untracked 
| 221|0x000000008dd00000, 0x000000008dd00000, 0x000000008de00000|  0%| F|  |TAMS 0x000000008dd00000, 0x000000008dd00000| Untracked 
| 222|0x000000008de00000, 0x000000008de00000, 0x000000008df00000|  0%| F|  |TAMS 0x000000008de00000, 0x000000008de00000| Untracked 
| 223|0x000000008df00000, 0x000000008df00000, 0x000000008e000000|  0%| F|  |TAMS 0x000000008df00000, 0x000000008df00000| Untracked 
| 224|0x000000008e000000, 0x000000008e000000, 0x000000008e100000|  0%| F|  |TAMS 0x000000008e000000, 0x000000008e000000| Untracked 
| 225|0x000000008e100000, 0x000000008e100000, 0x000000008e200000|  0%| F|  |TAMS 0x000000008e100000, 0x000000008e100000| Untracked 
| 226|0x000000008e200000, 0x000000008e200000, 0x000000008e300000|  0%| F|  |TAMS 0x000000008e200000, 0x000000008e200000| Untracked 
| 227|0x000000008e300000, 0x000000008e300000, 0x000000008e400000|  0%| F|  |TAMS 0x000000008e300000, 0x000000008e300000| Untracked 
| 228|0x000000008e400000, 0x000000008e400000, 0x000000008e500000|  0%| F|  |TAMS 0x000000008e400000, 0x000000008e400000| Untracked 
| 229|0x000000008e500000, 0x000000008e500000, 0x000000008e600000|  0%| F|  |TAMS 0x000000008e500000, 0x000000008e500000| Untracked 
| 230|0x000000008e600000, 0x000000008e600000, 0x000000008e700000|  0%| F|  |TAMS 0x000000008e600000, 0x000000008e600000| Untracked 
| 231|0x000000008e700000, 0x000000008e700000, 0x000000008e800000|  0%| F|  |TAMS 0x000000008e700000, 0x000000008e700000| Untracked 
| 232|0x000000008e800000, 0x000000008e800000, 0x000000008e900000|  0%| F|  |TAMS 0x000000008e800000, 0x000000008e800000| Untracked 
| 233|0x000000008e900000, 0x000000008e900000, 0x000000008ea00000|  0%| F|  |TAMS 0x000000008e900000, 0x000000008e900000| Untracked 
| 234|0x000000008ea00000, 0x000000008ea00000, 0x000000008eb00000|  0%| F|  |TAMS 0x000000008ea00000, 0x000000008ea00000| Untracked 
| 235|0x000000008eb00000, 0x000000008eb00000, 0x000000008ec00000|  0%| F|  |TAMS 0x000000008eb00000, 0x000000008eb00000| Untracked 
| 236|0x000000008ec00000, 0x000000008ec00000, 0x000000008ed00000|  0%| F|  |TAMS 0x000000008ec00000, 0x000000008ec00000| Untracked 
| 237|0x000000008ed00000, 0x000000008ed00000, 0x000000008ee00000|  0%| F|  |TAMS 0x000000008ed00000, 0x000000008ed00000| Untracked 
| 238|0x000000008ee00000, 0x000000008ee00000, 0x000000008ef00000|  0%| F|  |TAMS 0x000000008ee00000, 0x000000008ee00000| Untracked 
| 239|0x000000008ef00000, 0x000000008ef00000, 0x000000008f000000|  0%| F|  |TAMS 0x000000008ef00000, 0x000000008ef00000| Untracked 
| 240|0x000000008f000000, 0x000000008f000000, 0x000000008f100000|  0%| F|  |TAMS 0x000000008f000000, 0x000000008f000000| Untracked 
| 241|0x000000008f100000, 0x000000008f100000, 0x000000008f200000|  0%| F|  |TAMS 0x000000008f100000, 0x000000008f100000| Untracked 
| 242|0x000000008f200000, 0x000000008f200000, 0x000000008f300000|  0%| F|  |TAMS 0x000000008f200000, 0x000000008f200000| Untracked 
| 243|0x000000008f300000, 0x000000008f300000, 0x000000008f400000|  0%| F|  |TAMS 0x000000008f300000, 0x000000008f300000| Untracked 
| 244|0x000000008f400000, 0x000000008f400000, 0x000000008f500000|  0%| F|  |TAMS 0x000000008f400000, 0x000000008f400000| Untracked 
| 245|0x000000008f500000, 0x000000008f500000, 0x000000008f600000|  0%| F|  |TAMS 0x000000008f500000, 0x000000008f500000| Untracked 

Card table byte_map: [0x0000021972d70000,0x0000021973170000] _byte_map_base: 0x0000021972970000

Marking Bits (Prev, Next): (CMBitMap*) 0x000002196e63f8f8, (CMBitMap*) 0x000002196e63f930
 Prev Bits: [0x0000021973570000, 0x0000021975570000)
 Next Bits: [0x0000021975570000, 0x0000021977570000)

Polling page: 0x000002196c490000

Metaspace:

Usage:
  Non-class:     80.10 MB capacity,    78.56 MB ( 98%) used,     1.26 MB (  2%) free+waste,   286.75 KB ( <1%) overhead. 
      Class:     12.58 MB capacity,    11.62 MB ( 92%) used,   851.70 KB (  7%) free+waste,   131.75 KB (  1%) overhead. 
       Both:     92.68 MB capacity,    90.18 MB ( 97%) used,     2.09 MB (  2%) free+waste,   418.50 KB ( <1%) overhead. 

Virtual space:
  Non-class space:       82.00 MB reserved,      80.29 MB ( 98%) committed 
      Class space:        1.00 GB reserved,      12.63 MB (  1%) committed 
             Both:        1.08 GB reserved,      92.91 MB (  8%) committed 

Chunk freelists:
   Non-Class:  57.00 KB
       Class:  18.00 KB
        Both:  75.00 KB

MaxMetaspaceSize: 17179869184.00 GB
CompressedClassSpaceSize: 1.00 GB

CodeHeap 'non-profiled nmethods': size=119168Kb used=6818Kb max_used=6818Kb free=112349Kb
 bounds [0x0000021907ba0000, 0x0000021908250000, 0x000002190f000000]
CodeHeap 'profiled nmethods': size=119168Kb used=26160Kb max_used=26160Kb free=93007Kb
 bounds [0x0000021900740000, 0x00000219020d0000, 0x0000021907ba0000]
CodeHeap 'non-nmethods': size=7424Kb used=3980Kb max_used=4036Kb free=3443Kb
 bounds [0x0000021900000000, 0x0000021900400000, 0x0000021900740000]
 total_blobs=12520 nmethods=11622 adapters=804
 compilation: enabled
              stopped_count=0, restarted_count=0
 full_count=0

Compilation events (20 events):
Event: 5.876 Thread 0x000002197bf9e800 11654       3       org.gradle.api.internal.artifacts.transform.DefaultTransformerInvocationFactory$TransformerExecution::visitImplementations (16 bytes)
Event: 5.877 Thread 0x000002197bf9e800 nmethod 11654 0x00000219020be290 code [0x00000219020be480, 0x00000219020be918]
Event: 5.877 Thread 0x000002197bf9e800 11662       3       sun.nio.fs.WindowsChannelFactory$Flags::<init> (20 bytes)
Event: 5.877 Thread 0x000002197bf9e800 nmethod 11662 0x00000219020beb10 code [0x00000219020becc0, 0x00000219020bee18]
Event: 5.877 Thread 0x000002197bf9e800 11663       3       java.io.BufferedReader::<init> (62 bytes)
Event: 5.877 Thread 0x000002197a51c000 nmethod 11653 0x00000219020bef10 code [0x00000219020bf1a0, 0x00000219020bfbe8]
Event: 5.877 Thread 0x000002197a51c000 11665   !   3       org.gradle.api.internal.artifacts.transform.DefaultTransformerInvocationFactory$TransformerExecution::readResultsFile (168 bytes)
Event: 5.877 Thread 0x000002197bf9e800 nmethod 11663 0x00000219020bff90 code [0x00000219020c0180, 0x00000219020c0758]
Event: 5.877 Thread 0x000002197bf9e800 11666       3       sun.nio.fs.WindowsChannelFactory$Flags::toFlags (320 bytes)
Event: 5.877 Thread 0x000002197ae0b800 nmethod 11644 0x00000219020c0910 code [0x00000219020c0c60, 0x00000219020c2418]
Event: 5.877 Thread 0x000002197ae0b800 11664       3       org.gradle.internal.execution.steps.IdentityCacheStep$$Lambda$1161/0x0000000100ba9c40::apply (10 bytes)
Event: 5.877 Thread 0x000002197ae0b800 nmethod 11664 0x00000219020c2c10 code [0x00000219020c2de0, 0x00000219020c30a8]
Event: 5.877 Thread 0x000002197ae0b800 11667   !   3       java.io.BufferedReader::close (61 bytes)
Event: 5.878 Thread 0x000002197bf08000 nmethod 11655 0x00000219020c3190 code [0x00000219020c3580, 0x00000219020c5458]
Event: 5.878 Thread 0x000002197bf08000 11668   !   3       sun.nio.fs.WindowsChannelFactory::open (447 bytes)
Event: 5.878 Thread 0x000002197ae0b800 nmethod 11667 0x00000219020c5d90 code [0x00000219020c5f60, 0x00000219020c6488]
Event: 5.878 Thread 0x000002197ae0b800 11669       3       sun.nio.fs.WindowsSecurityDescriptor::release (75 bytes)
Event: 5.878 Thread 0x000002197bf9e800 nmethod 11666 0x00000219020c6610 code [0x00000219020c69a0, 0x00000219020c81d8]
Event: 5.878 Thread 0x000002197ae0b800 nmethod 11669 0x00000219020c8910 code [0x00000219020c8b60, 0x00000219020c9278]
Event: 5.878 Thread 0x000002197a51c000 nmethod 11665 0x00000219020c9510 code [0x00000219020c9940, 0x00000219020cb3a8]

GC Heap History (20 events):
Event: 1.035 GC heap after
{Heap after GC invocations=2 (full 0):
 garbage-first heap   total 251904K, used 16593K [0x0000000080000000, 0x0000000100000000)
  region size 1024K, 10 young (10240K), 10 survivors (10240K)
 Metaspace       used 20598K, capacity 21120K, committed 21296K, reserved 1069056K
  class space    used 2499K, capacity 2658K, committed 2688K, reserved 1048576K
}
Event: 1.246 GC heap before
{Heap before GC invocations=3 (full 0):
 garbage-first heap   total 251904K, used 59601K [0x0000000080000000, 0x0000000100000000)
  region size 1024K, 52 young (53248K), 10 survivors (10240K)
 Metaspace       used 24909K, capacity 25564K, committed 25648K, reserved 1071104K
  class space    used 3208K, capacity 3420K, committed 3456K, reserved 1048576K
}
Event: 1.249 GC heap after
{Heap after GC invocations=4 (full 0):
 garbage-first heap   total 251904K, used 18531K [0x0000000080000000, 0x0000000100000000)
  region size 1024K, 2 young (2048K), 2 survivors (2048K)
 Metaspace       used 24909K, capacity 25564K, committed 25648K, reserved 1071104K
  class space    used 3208K, capacity 3420K, committed 3456K, reserved 1048576K
}
Event: 1.702 GC heap before
{Heap before GC invocations=4 (full 0):
 garbage-first heap   total 251904K, used 85091K [0x0000000080000000, 0x0000000100000000)
  region size 1024K, 68 young (69632K), 2 survivors (2048K)
 Metaspace       used 34864K, capacity 35662K, committed 35708K, reserved 1081344K
  class space    used 4531K, capacity 4832K, committed 4864K, reserved 1048576K
}
Event: 1.706 GC heap after
{Heap after GC invocations=5 (full 0):
 garbage-first heap   total 251904K, used 22048K [0x0000000080000000, 0x0000000100000000)
  region size 1024K, 6 young (6144K), 6 survivors (6144K)
 Metaspace       used 34864K, capacity 35662K, committed 35708K, reserved 1081344K
  class space    used 4531K, capacity 4832K, committed 4864K, reserved 1048576K
}
Event: 2.223 GC heap before
{Heap before GC invocations=6 (full 0):
 garbage-first heap   total 251904K, used 121376K [0x0000000080000000, 0x0000000100000000)
  region size 1024K, 100 young (102400K), 6 survivors (6144K)
 Metaspace       used 43104K, capacity 44108K, committed 44412K, reserved 1087488K
  class space    used 5479K, capacity 5823K, committed 5888K, reserved 1048576K
}
Event: 2.227 GC heap after
{Heap after GC invocations=7 (full 0):
 garbage-first heap   total 251904K, used 28254K [0x0000000080000000, 0x0000000100000000)
  region size 1024K, 12 young (12288K), 12 survivors (12288K)
 Metaspace       used 43104K, capacity 44108K, committed 44412K, reserved 1087488K
  class space    used 5479K, capacity 5823K, committed 5888K, reserved 1048576K
}
Event: 2.823 GC heap before
{Heap before GC invocations=7 (full 0):
 garbage-first heap   total 251904K, used 147038K [0x0000000080000000, 0x0000000100000000)
  region size 1024K, 121 young (123904K), 12 survivors (12288K)
 Metaspace       used 50481K, capacity 51864K, committed 52092K, reserved 1095680K
  class space    used 6403K, capacity 6892K, committed 6912K, reserved 1048576K
}
Event: 2.831 GC heap after
{Heap after GC invocations=8 (full 0):
 garbage-first heap   total 251904K, used 46657K [0x0000000080000000, 0x0000000100000000)
  region size 1024K, 16 young (16384K), 16 survivors (16384K)
 Metaspace       used 50481K, capacity 51864K, committed 52092K, reserved 1095680K
  class space    used 6403K, capacity 6892K, committed 6912K, reserved 1048576K
}
Event: 3.183 GC heap before
{Heap before GC invocations=8 (full 0):
 garbage-first heap   total 251904K, used 99905K [0x0000000080000000, 0x0000000100000000)
  region size 1024K, 69 young (70656K), 16 survivors (16384K)
 Metaspace       used 58341K, capacity 59801K, committed 59940K, reserved 1101824K
  class space    used 7337K, capacity 7890K, committed 7936K, reserved 1048576K
}
Event: 3.196 GC heap after
{Heap after GC invocations=9 (full 0):
 garbage-first heap   total 251904K, used 50324K [0x0000000080000000, 0x0000000100000000)
  region size 1024K, 4 young (4096K), 4 survivors (4096K)
 Metaspace       used 58341K, capacity 59801K, committed 59940K, reserved 1101824K
  class space    used 7337K, capacity 7890K, committed 7936K, reserved 1048576K
}
Event: 3.745 GC heap before
{Heap before GC invocations=10 (full 0):
 garbage-first heap   total 251904K, used 147604K [0x0000000080000000, 0x0000000100000000)
  region size 1024K, 99 young (101376K), 4 survivors (4096K)
 Metaspace       used 67308K, capacity 68864K, committed 69028K, reserved 1110016K
  class space    used 8456K, capacity 9016K, committed 9088K, reserved 1048576K
}
Event: 3.753 GC heap after
{Heap after GC invocations=11 (full 0):
 garbage-first heap   total 251904K, used 56946K [0x0000000080000000, 0x0000000100000000)
  region size 1024K, 10 young (10240K), 10 survivors (10240K)
 Metaspace       used 67308K, capacity 68864K, committed 69028K, reserved 1110016K
  class space    used 8456K, capacity 9016K, committed 9088K, reserved 1048576K
}
Event: 4.304 GC heap before
{Heap before GC invocations=12 (full 0):
 garbage-first heap   total 251904K, used 157298K [0x0000000080000000, 0x0000000100000000)
  region size 1024K, 108 young (110592K), 10 survivors (10240K)
 Metaspace       used 73872K, capacity 75546K, committed 75684K, reserved 1116160K
  class space    used 9433K, capacity 10084K, committed 10112K, reserved 1048576K
}
Event: 4.311 GC heap after
{Heap after GC invocations=13 (full 0):
 garbage-first heap   total 251904K, used 64196K [0x0000000080000000, 0x0000000100000000)
  region size 1024K, 8 young (8192K), 8 survivors (8192K)
 Metaspace       used 73872K, capacity 75546K, committed 75684K, reserved 1116160K
  class space    used 9433K, capacity 10084K, committed 10112K, reserved 1048576K
}
Event: 4.954 GC heap before
{Heap before GC invocations=13 (full 0):
 garbage-first heap   total 251904K, used 165572K [0x0000000080000000, 0x0000000100000000)
  region size 1024K, 108 young (110592K), 8 survivors (8192K)
 Metaspace       used 82365K, capacity 84170K, committed 84388K, reserved 1122304K
  class space    used 10574K, capacity 11266K, committed 11392K, reserved 1048576K
}
Event: 4.960 GC heap after
{Heap after GC invocations=14 (full 0):
 garbage-first heap   total 251904K, used 71098K [0x0000000080000000, 0x0000000100000000)
  region size 1024K, 14 young (14336K), 14 survivors (14336K)
 Metaspace       used 82365K, capacity 84170K, committed 84388K, reserved 1122304K
  class space    used 10574K, capacity 11266K, committed 11392K, reserved 1048576K
}
Event: 5.395 GC heap before
{Heap before GC invocations=14 (full 0):
 garbage-first heap   total 251904K, used 174522K [0x0000000080000000, 0x0000000100000000)
  region size 1024K, 116 young (118784K), 14 survivors (14336K)
 Metaspace       used 86883K, capacity 89301K, committed 89508K, reserved 1126400K
  class space    used 11227K, capacity 12117K, committed 12160K, reserved 1048576K
}
Event: 5.406 GC heap after
{Heap after GC invocations=15 (full 0):
 garbage-first heap   total 251904K, used 79047K [0x0000000080000000, 0x0000000100000000)
  region size 1024K, 15 young (15360K), 15 survivors (15360K)
 Metaspace       used 86883K, capacity 89301K, committed 89508K, reserved 1126400K
  class space    used 11227K, capacity 12117K, committed 12160K, reserved 1048576K
}
Event: 5.878 GC heap before
{Heap before GC invocations=15 (full 0):
 garbage-first heap   total 251904K, used 180423K [0x0000000080000000, 0x0000000100000000)
  region size 1024K, 115 young (117760K), 15 survivors (15360K)
 Metaspace       used 92342K, capacity 94905K, committed 95140K, reserved 1132544K
  class space    used 11894K, capacity 12878K, committed 12928K, reserved 1048576K
}

Deoptimization events (20 events):
Event: 5.760 Thread 0x000002197d1be000 Uncommon trap: trap_request=0xffffffde fr.pc=0x00000219081bf6c8 relative=0x0000000000000fc8
Event: 5.760 Thread 0x000002197d1be000 Uncommon trap: reason=class_check action=maybe_recompile pc=0x00000219081bf6c8 method=org.gradle.internal.snapshot.ChildMap$Entry.handleAncestorDescendantOrExactMatch(Lorg/gradle/internal/snapshot/VfsRelativePath;Lorg/gradle/internal/snapshot/CaseSensitiv
Event: 5.760 Thread 0x000002197d1be000 DEOPT PACKING pc=0x00000219081bf6c8 sp=0x00000033217fdf40
Event: 5.760 Thread 0x000002197d1be000 DEOPT UNPACKING pc=0x00000219000278af sp=0x00000033217fdf10 mode 2
Event: 5.804 Thread 0x0000021912094800 Uncommon trap: trap_request=0xffffffcc fr.pc=0x000002190823f2bc relative=0x000000000000017c
Event: 5.804 Thread 0x0000021912094800 Uncommon trap: reason=intrinsic_or_type_checked_inlining action=make_not_entrant pc=0x000002190823f2bc method=java.util.ArrayList$SubList.toArray([Ljava/lang/Object;)[Ljava/lang/Object; @ 58 c2
Event: 5.804 Thread 0x0000021912094800 DEOPT PACKING pc=0x000002190823f2bc sp=0x00000033246f94b0
Event: 5.804 Thread 0x0000021912094800 DEOPT UNPACKING pc=0x00000219000278af sp=0x00000033246f9470 mode 2
Event: 5.834 Thread 0x0000021916867000 DEOPT PACKING pc=0x0000021901eab322 sp=0x0000003321dfd7c0
Event: 5.834 Thread 0x0000021916867000 DEOPT UNPACKING pc=0x00000219000276ce sp=0x0000003321dfcd00 mode 0
Event: 5.847 Thread 0x000002190f37c000 Uncommon trap: trap_request=0xffffffcc fr.pc=0x00000219081dab10 relative=0x0000000000000250
Event: 5.847 Thread 0x000002190f37e800 Uncommon trap: trap_request=0xffffffcc fr.pc=0x00000219081dab10 relative=0x0000000000000250
Event: 5.847 Thread 0x000002190f37c000 Uncommon trap: reason=intrinsic_or_type_checked_inlining action=make_not_entrant pc=0x00000219081dab10 method=java.util.Arrays.copyOfRange([Ljava/lang/Object;IILjava/lang/Class;)[Ljava/lang/Object; @ 83 c2
Event: 5.847 Thread 0x000002190f37e800 Uncommon trap: reason=intrinsic_or_type_checked_inlining action=make_not_entrant pc=0x00000219081dab10 method=java.util.Arrays.copyOfRange([Ljava/lang/Object;IILjava/lang/Class;)[Ljava/lang/Object; @ 83 c2
Event: 5.847 Thread 0x000002190f37e800 DEOPT PACKING pc=0x00000219081dab10 sp=0x0000003322ffbe50
Event: 5.847 Thread 0x000002190f37c000 DEOPT PACKING pc=0x00000219081dab10 sp=0x00000033230fc240
Event: 5.847 Thread 0x000002190f37e800 DEOPT UNPACKING pc=0x00000219000278af sp=0x0000003322ffbdd0 mode 2
Event: 5.847 Thread 0x000002190f37c000 DEOPT UNPACKING pc=0x00000219000278af sp=0x00000033230fc1c0 mode 2
Event: 5.876 Thread 0x0000021910aea000 DEOPT PACKING pc=0x0000021901d499f6 sp=0x00000033226fde40
Event: 5.876 Thread 0x0000021910aea000 DEOPT UNPACKING pc=0x00000219000276ce sp=0x00000033226fd360 mode 0

Classes redefined (0 events):
No events

Internal exceptions (20 events):
Event: 5.177 Thread 0x000002190f37e000 Exception <a 'java/lang/NoSuchMethodError'{0x000000008d47a318}: 'void java.lang.invoke.DirectMethodHandle$Holder.invokeVirtual(java.lang.Object, java.lang.Object)'> (0x000000008d47a318) thrown at [./src/hotspot/share/interpreter/linkResolver.cpp, line 773]
Event: 5.177 Thread 0x0000021910aeb800 Exception <a 'java/lang/NoSuchMethodError'{0x000000008d449b00}: 'void java.lang.invoke.DirectMethodHandle$Holder.invokeVirtual(java.lang.Object, java.lang.Object)'> (0x000000008d449b00) thrown at [./src/hotspot/share/interpreter/linkResolver.cpp, line 773]
Event: 5.185 Thread 0x000002190f378000 Exception <a 'java/lang/NoSuchMethodError'{0x000000008d12ae60}: 'java.lang.Object java.lang.invoke.DirectMethodHandle$Holder.invokeSpecialIFC(java.lang.Object, java.lang.Object, java.lang.Object)'> (0x000000008d12ae60) thrown at [./src/hotspot/share/interpreter/linkResolver.cpp, line 773]
Event: 5.185 Thread 0x000002190f37f800 Exception <a 'java/lang/NoSuchMethodError'{0x000000008d2463c8}: 'java.lang.Object java.lang.invoke.DirectMethodHandle$Holder.invokeSpecialIFC(java.lang.Object, java.lang.Object, java.lang.Object)'> (0x000000008d2463c8) thrown at [./src/hotspot/share/interpreter/linkResolver.cpp, line 773]
Event: 5.185 Thread 0x0000021910aeb800 Exception <a 'java/lang/NoSuchMethodError'{0x000000008d2ea020}: 'java.lang.Object java.lang.invoke.DirectMethodHandle$Holder.invokeSpecialIFC(java.lang.Object, java.lang.Object, java.lang.Object)'> (0x000000008d2ea020) thrown at [./src/hotspot/share/interpreter/linkResolver.cpp, line 773]
Event: 5.185 Thread 0x0000021910aec800 Exception <a 'java/lang/NoSuchMethodError'{0x000000008d28bed0}: 'java.lang.Object java.lang.invoke.DirectMethodHandle$Holder.invokeSpecialIFC(java.lang.Object, java.lang.Object, java.lang.Object)'> (0x000000008d28bed0) thrown at [./src/hotspot/share/interpreter/linkResolver.cpp, line 773]
Event: 5.185 Thread 0x0000021910ae9000 Exception <a 'java/lang/NoSuchMethodError'{0x000000008d1999d0}: 'java.lang.Object java.lang.invoke.DirectMethodHandle$Holder.invokeSpecialIFC(java.lang.Object, java.lang.Object, java.lang.Object)'> (0x000000008d1999d0) thrown at [./src/hotspot/share/interpreter/linkResolver.cpp, line 773]
Event: 5.185 Thread 0x000002190f379000 Exception <a 'java/lang/NoSuchMethodError'{0x000000008d2d6810}: 'java.lang.Object java.lang.invoke.DirectMethodHandle$Holder.invokeSpecialIFC(java.lang.Object, java.lang.Object, java.lang.Object)'> (0x000000008d2d6810) thrown at [./src/hotspot/share/interpreter/linkResolver.cpp, line 773]
Event: 5.185 Thread 0x000002190f37b800 Exception <a 'java/lang/NoSuchMethodError'{0x000000008d110610}: 'java.lang.Object java.lang.invoke.DirectMethodHandle$Holder.invokeSpecialIFC(java.lang.Object, java.lang.Object, java.lang.Object)'> (0x000000008d110610) thrown at [./src/hotspot/share/interpreter/linkResolver.cpp, line 773]
Event: 5.185 Thread 0x000002190f37c000 Exception <a 'java/lang/NoSuchMethodError'{0x000000008d215b58}: 'java.lang.Object java.lang.invoke.DirectMethodHandle$Holder.invokeSpecialIFC(java.lang.Object, java.lang.Object, java.lang.Object)'> (0x000000008d215b58) thrown at [./src/hotspot/share/interpreter/linkResolver.cpp, line 773]
Event: 5.185 Thread 0x000002190f37a000 Exception <a 'java/lang/NoSuchMethodError'{0x000000008d16d208}: 'java.lang.Object java.lang.invoke.DirectMethodHandle$Holder.invokeSpecialIFC(java.lang.Object, java.lang.Object, java.lang.Object)'> (0x000000008d16d208) thrown at [./src/hotspot/share/interpreter/linkResolver.cpp, line 773]
Event: 5.185 Thread 0x0000021910aea800 Exception <a 'java/lang/NoSuchMethodError'{0x000000008d13cff0}: 'java.lang.Object java.lang.invoke.DirectMethodHandle$Holder.invokeSpecialIFC(java.lang.Object, java.lang.Object, java.lang.Object)'> (0x000000008d13cff0) thrown at [./src/hotspot/share/interpreter/linkResolver.cpp, line 773]
Event: 5.185 Thread 0x0000021910aea000 Exception <a 'java/lang/NoSuchMethodError'{0x000000008d272a58}: 'java.lang.Object java.lang.invoke.DirectMethodHandle$Holder.invokeSpecialIFC(java.lang.Object, java.lang.Object, java.lang.Object)'> (0x000000008d272a58) thrown at [./src/hotspot/share/interpreter/linkResolver.cpp, line 773]
Event: 5.185 Thread 0x000002190f37e000 Exception <a 'java/lang/NoSuchMethodError'{0x000000008d183d70}: 'java.lang.Object java.lang.invoke.DirectMethodHandle$Holder.invokeSpecialIFC(java.lang.Object, java.lang.Object, java.lang.Object)'> (0x000000008d183d70) thrown at [./src/hotspot/share/interpreter/linkResolver.cpp, line 773]
Event: 5.185 Thread 0x0000021910aee000 Exception <a 'java/lang/NoSuchMethodError'{0x000000008d22ee88}: 'java.lang.Object java.lang.invoke.DirectMethodHandle$Holder.invokeSpecialIFC(java.lang.Object, java.lang.Object, java.lang.Object)'> (0x000000008d22ee88) thrown at [./src/hotspot/share/interpreter/linkResolver.cpp, line 773]
Event: 5.185 Thread 0x000002190f37a800 Exception <a 'java/lang/NoSuchMethodError'{0x000000008d1ae058}: 'java.lang.Object java.lang.invoke.DirectMethodHandle$Holder.invokeSpecialIFC(java.lang.Object, java.lang.Object, java.lang.Object)'> (0x000000008d1ae058) thrown at [./src/hotspot/share/interpreter/linkResolver.cpp, line 773]
Event: 5.185 Thread 0x000002190f37e800 Exception <a 'java/lang/NoSuchMethodError'{0x000000008d2b8aa0}: 'java.lang.Object java.lang.invoke.DirectMethodHandle$Holder.invokeSpecialIFC(java.lang.Object, java.lang.Object, java.lang.Object)'> (0x000000008d2b8aa0) thrown at [./src/hotspot/share/interpreter/linkResolver.cpp, line 773]
Event: 5.544 Thread 0x0000021912094800 Implicit null exception at 0x0000021907fa22f4 to 0x0000021907fa2910
Event: 5.591 Thread 0x0000021912094800 Exception <a 'java/lang/NoSuchMethodError'{0x000000008dcc27e8}: 'void java.lang.invoke.DirectMethodHandle$Holder.invokeStatic(java.lang.Object, java.lang.Object, java.lang.Object, java.lang.Object, java.lang.Object, java.lang.Object, java.lang.Object)'> (0x000000008dcc27e8) thrown at [./src/hotspot/share/interpreter/linkResolver.cpp, line 773]
Event: 5.596 Thread 0x000002197d1bc800 Exception <a 'java/lang/NoSuchMethodError'{0x000000008dbcea78}: <clinit>> (0x000000008dbcea78) thrown at [./src/hotspot/share/prims/jni.cpp, line 1362]

Events (20 events):
Event: 5.839 loading class org/gradle/api/file/ReproducibleFileVisitor
Event: 5.839 loading class org/gradle/api/file/ReproducibleFileVisitor done
Event: 5.840 loading class org/gradle/api/internal/file/collections/DefaultDirectoryWalker$PathVisitor
Event: 5.840 loading class org/gradle/api/internal/file/collections/DefaultDirectoryWalker$PathVisitor done
Event: 5.840 loading class java/nio/file/FileTreeWalker$1
Event: 5.840 loading class java/nio/file/FileTreeWalker$1 done
Event: 5.841 loading class org/gradle/api/internal/file/DefaultFileVisitDetails
Event: 5.841 loading class org/gradle/api/internal/file/DefaultFileVisitDetails done
Event: 5.841 loading class org/gradle/api/internal/file/DefaultFileTreeElement
Event: 5.841 loading class org/gradle/api/internal/file/DefaultFileTreeElement done
Event: 5.841 loading class org/gradle/api/internal/file/AbstractFileTreeElement
Event: 5.841 loading class org/gradle/api/internal/file/AbstractFileTreeElement done
Event: 5.842 loading class org/gradle/api/internal/file/AbstractFileTreeElement$CopyFileElementException
Event: 5.842 loading class org/gradle/api/internal/file/AbstractFileTreeElement$CopyFileElementException done
Event: 5.854 Executing VM operation: RevokeBias
Event: 5.854 Executing VM operation: RevokeBias done
Event: 5.860 loading class org/gradle/api/specs/OrSpec
Event: 5.860 loading class org/gradle/api/specs/OrSpec done
Event: 5.871 Loaded shared library C:\Program Files\Android\Android Studio1\jre\bin\nio.dll
Event: 5.878 Executing VM operation: G1CollectForAllocation


Dynamic libraries:
0x00007ff629880000 - 0x00007ff62988a000 	C:\Program Files\Android\Android Studio1\jre\bin\java.exe
0x00007ffaf9290000 - 0x00007ffaf9485000 	C:\Windows\SYSTEM32\ntdll.dll
0x00007ffaf8110000 - 0x00007ffaf81ce000 	C:\Windows\System32\KERNEL32.DLL
0x00007ffaf6d80000 - 0x00007ffaf7049000 	C:\Windows\System32\KERNELBASE.dll
0x00007ffaf6a40000 - 0x00007ffaf6b40000 	C:\Windows\System32\ucrtbase.dll
0x00007ffadf960000 - 0x00007ffadf979000 	C:\Program Files\Android\Android Studio1\jre\bin\jli.dll
0x00007ffaf1fe0000 - 0x00007ffaf1ff7000 	C:\Program Files\Android\Android Studio1\jre\bin\VCRUNTIME140.dll
0x00007ffaf90a0000 - 0x00007ffaf9241000 	C:\Windows\System32\USER32.dll
0x00007ffaf72b0000 - 0x00007ffaf72d2000 	C:\Windows\System32\win32u.dll
0x00007ffae4af0000 - 0x00007ffae4d8a000 	C:\Windows\WinSxS\amd64_microsoft.windows.common-controls_6595b64144ccf1df_6.0.19041.1110_none_60b5254171f9507e\COMCTL32.dll
0x00007ffaf8b00000 - 0x00007ffaf8b2b000 	C:\Windows\System32\GDI32.dll
0x00007ffaf7c10000 - 0x00007ffaf7cae000 	C:\Windows\System32\msvcrt.dll
0x00007ffaf7050000 - 0x00007ffaf715b000 	C:\Windows\System32\gdi32full.dll
0x00007ffaf71c0000 - 0x00007ffaf725d000 	C:\Windows\System32\msvcp_win.dll
0x00007ffaf72e0000 - 0x00007ffaf7310000 	C:\Windows\System32\IMM32.DLL
0x00007ffae63e0000 - 0x00007ffae647d000 	C:\Program Files\Android\Android Studio1\jre\bin\msvcp140.dll
0x00007ffaa26e0000 - 0x00007ffaa31af000 	C:\Program Files\Android\Android Studio1\jre\bin\server\jvm.dll
0x00007ffaf87e0000 - 0x00007ffaf888c000 	C:\Windows\System32\ADVAPI32.dll
0x00007ffaf7b70000 - 0x00007ffaf7c0b000 	C:\Windows\System32\sechost.dll
0x00007ffaf89d0000 - 0x00007ffaf8afa000 	C:\Windows\System32\RPCRT4.dll
0x00007ffaf7cb0000 - 0x00007ffaf7cb8000 	C:\Windows\System32\PSAPI.DLL
0x00007ffaf2440000 - 0x00007ffaf2449000 	C:\Windows\SYSTEM32\WSOCK32.dll
0x00007ffadf470000 - 0x00007ffadf497000 	C:\Windows\SYSTEM32\WINMM.dll
0x00007ffaf18c0000 - 0x00007ffaf18ca000 	C:\Windows\SYSTEM32\VERSION.dll
0x00007ffaf8550000 - 0x00007ffaf85bb000 	C:\Windows\System32\WS2_32.dll
0x00007ffaf48d0000 - 0x00007ffaf48e2000 	C:\Windows\SYSTEM32\kernel.appcore.dll
0x00007ffaf1a60000 - 0x00007ffaf1a71000 	C:\Program Files\Android\Android Studio1\jre\bin\verify.dll
0x00007ffade100000 - 0x00007ffade2e4000 	C:\Windows\SYSTEM32\DBGHELP.DLL
0x00007ffaddc10000 - 0x00007ffaddc3c000 	C:\Windows\SYSTEM32\dbgcore.DLL
0x00007ffaf69b0000 - 0x00007ffaf6a33000 	C:\Windows\System32\bcryptPrimitives.dll
0x00007ffaece80000 - 0x00007ffaecea9000 	C:\Program Files\Android\Android Studio1\jre\bin\java.dll
0x00007ffaf1e70000 - 0x00007ffaf1e7b000 	C:\Program Files\Android\Android Studio1\jre\bin\jimage.dll
0x00007ffae66d0000 - 0x00007ffae66e8000 	C:\Program Files\Android\Android Studio1\jre\bin\zip.dll
0x00007ffaf7430000 - 0x00007ffaf7b6f000 	C:\Windows\System32\SHELL32.dll
0x00007ffaf4ad0000 - 0x00007ffaf5260000 	C:\Windows\SYSTEM32\windows.storage.dll
0x00007ffaf81f0000 - 0x00007ffaf8545000 	C:\Windows\System32\combase.dll
0x00007ffaf6330000 - 0x00007ffaf635c000 	C:\Windows\SYSTEM32\Wldp.dll
0x00007ffaf8060000 - 0x00007ffaf810e000 	C:\Windows\System32\SHCORE.dll
0x00007ffaf73d0000 - 0x00007ffaf7425000 	C:\Windows\System32\shlwapi.dll
0x00007ffaf68f0000 - 0x00007ffaf690f000 	C:\Windows\SYSTEM32\profapi.dll
0x00007ffae66b0000 - 0x00007ffae66ca000 	C:\Program Files\Android\Android Studio1\jre\bin\net.dll
0x00007ffaf1900000 - 0x00007ffaf1a08000 	C:\Windows\SYSTEM32\WINHTTP.dll
0x00007ffaf6090000 - 0x00007ffaf60fa000 	C:\Windows\system32\mswsock.dll
0x00007ffae6690000 - 0x00007ffae66a4000 	C:\Program Files\Android\Android Studio1\jre\bin\nio.dll
0x00007ffae3820000 - 0x00007ffae3847000 	C:\Users\Administrator\.gradle\native\8bec1ad78214c89d9ad589b4d07fe93259594b29d510b10fafb7a158f7737e5d\windows-amd64\native-platform.dll
0x00007ffad6580000 - 0x00007ffad66bd000 	C:\Users\Administrator\.gradle\native\53dbd7edfb1c66fb8903c78663c9afc45aea4f116125fa6feffd364cf09443e8\windows-amd64\native-platform-file-events.dll
0x00007ffaf1a50000 - 0x00007ffaf1a5a000 	C:\Program Files\Android\Android Studio1\jre\bin\management.dll
0x00007ffaef9d0000 - 0x00007ffaef9dc000 	C:\Program Files\Android\Android Studio1\jre\bin\management_ext.dll
0x00007ffaf6280000 - 0x00007ffaf6298000 	C:\Windows\SYSTEM32\CRYPTSP.dll
0x00007ffaf5a10000 - 0x00007ffaf5a44000 	C:\Windows\system32\rsaenh.dll
0x00007ffaf6b40000 - 0x00007ffaf6b67000 	C:\Windows\System32\bcrypt.dll
0x00007ffaf68b0000 - 0x00007ffaf68de000 	C:\Windows\SYSTEM32\USERENV.dll
0x00007ffaf62a0000 - 0x00007ffaf62ac000 	C:\Windows\SYSTEM32\CRYPTBASE.dll
0x00007ffaf5d80000 - 0x00007ffaf5dbb000 	C:\Windows\SYSTEM32\IPHLPAPI.DLL
0x00007ffaf9090000 - 0x00007ffaf9098000 	C:\Windows\System32\NSI.dll
0x00007ffaf0770000 - 0x00007ffaf0787000 	C:\Windows\SYSTEM32\dhcpcsvc6.DLL
0x00007ffaf0750000 - 0x00007ffaf076d000 	C:\Windows\SYSTEM32\dhcpcsvc.DLL
0x00007ffaf5dc0000 - 0x00007ffaf5e8c000 	C:\Windows\SYSTEM32\DNSAPI.dll

dbghelp: loaded successfully - version: 4.0.5 - missing functions: none
symbol engine: initialized successfully - sym options: 0x614 - pdb path: .;C:\Program Files\Android\Android Studio1\jre\bin;C:\Windows\SYSTEM32;C:\Windows\WinSxS\amd64_microsoft.windows.common-controls_6595b64144ccf1df_6.0.19041.1110_none_60b5254171f9507e;C:\Program Files\Android\Android Studio1\jre\bin\server;C:\Users\Administrator\.gradle\native\8bec1ad78214c89d9ad589b4d07fe93259594b29d510b10fafb7a158f7737e5d\windows-amd64;C:\Users\Administrator\.gradle\native\53dbd7edfb1c66fb8903c78663c9afc45aea4f116125fa6feffd364cf09443e8\windows-amd64

VM Arguments:
jvm_args: --add-opens=java.base/java.util=ALL-UNNAMED --add-opens=java.base/java.lang=ALL-UNNAMED --add-opens=java.base/java.lang.invoke=ALL-UNNAMED --add-opens=java.base/java.util=ALL-UNNAMED --add-opens=java.prefs/java.util.prefs=ALL-UNNAMED --add-opens=java.prefs/java.util.prefs=ALL-UNNAMED --add-opens=java.base/java.nio.charset=ALL-UNNAMED --add-opens=java.base/java.net=ALL-UNNAMED --add-opens=java.base/java.util.concurrent.atomic=ALL-UNNAMED -Xmx2048m -Dfile.encoding=UTF-8 -Duser.country=KR -Duser.language=ko -Duser.variant 
java_command: org.gradle.launcher.daemon.bootstrap.GradleDaemon 7.0.2
java_class_path (initial): C:\Users\Administrator\.gradle\wrapper\dists\gradle-7.0.2-bin\857tjihv64xamwrf0h14cai3r\gradle-7.0.2\lib\gradle-launcher-7.0.2.jar
Launcher Type: SUN_STANDARD

[Global flags]
     intx CICompilerCount                          = 12                                        {product} {ergonomic}
     uint ConcGCThreads                            = 3                                         {product} {ergonomic}
     uint G1ConcRefinementThreads                  = 13                                        {product} {ergonomic}
   size_t G1HeapRegionSize                         = 1048576                                   {product} {ergonomic}
    uintx GCDrainStackTargetSize                   = 64                                        {product} {ergonomic}
   size_t InitialHeapSize                          = 257949696                                 {product} {ergonomic}
   size_t MarkStackSize                            = 4194304                                   {product} {ergonomic}
   size_t MaxHeapSize                              = 2147483648                                {product} {command line}
   size_t MaxNewSize                               = 1287651328                                {product} {ergonomic}
   size_t MinHeapDeltaBytes                        = 1048576                                   {product} {ergonomic}
    uintx NonNMethodCodeHeapSize                   = 7594288                                {pd product} {ergonomic}
    uintx NonProfiledCodeHeapSize                  = 122031976                              {pd product} {ergonomic}
    uintx ProfiledCodeHeapSize                     = 122031976                              {pd product} {ergonomic}
    uintx ReservedCodeCacheSize                    = 251658240                              {pd product} {ergonomic}
     bool SegmentedCodeCache                       = true                                      {product} {ergonomic}
     bool UseCompressedClassPointers               = true                                 {lp64_product} {ergonomic}
     bool UseCompressedOops                        = true                                 {lp64_product} {ergonomic}
     bool UseG1GC                                  = true                                      {product} {ergonomic}
     bool UseLargePagesIndividualAllocation        = false                                  {pd product} {ergonomic}

Logging:
Log output configuration:
 #0: stdout all=warning uptime,level,tags
 #1: stderr all=off uptime,level,tags

Environment Variables:
PATH=C:\Windows\system32;C:\Windows;C:\Windows\System32\Wbem;C:\Windows\System32\WindowsPowerShell\v1.0\;C:\Windows\System32\OpenSSH\;C:\Users\Administrator\AppData\Local\Microsoft\WindowsApps;
USERNAME=Administrator
OS=Windows_NT
PROCESSOR_IDENTIFIER=Intel64 Family 6 Model 165 Stepping 5, GenuineIntel



---------------  S Y S T E M  ---------------

OS: Windows 10 , 64 bit Build 19041 (10.0.19041.1202)
OS uptime: 3 days 15:59 hours

CPU:total 16 (initial active 16) (8 cores per cpu, 2 threads per core) family 6 model 165 stepping 5 microcode 0xe2, cmov, cx8, fxsr, mmx, sse, sse2, sse3, ssse3, sse4.1, sse4.2, popcnt, avx, avx2, aes, clmul, erms, 3dnowpref, lzcnt, ht, tsc, tscinvbit, bmi1, bmi2, adx, fma

Memory: 4k page, system-wide physical 15735M (846M free)
TotalPageFile size 15735M (AvailPageFile size 47M)
current process WorkingSet (physical memory assigned to process): 520M, peak: 520M
current process commit charge ("private bytes"): 603M, peak: 648M

vm_info: OpenJDK 64-Bit Server VM (11.0.10+0-b96-7249189) for windows-amd64 JRE (11.0.10+0-b96-7249189), built on Mar 31 2021 21:44:00 by "builder" with MS VC++ 14.0 (VS2015)

END.
