#
# There is insufficient memory for the Java Runtime Environment to continue.
# Native memory allocation (malloc) failed to allocate 953776 bytes for Chunk::new
# Possible reasons:
#   The system is out of physical RAM or swap space
#   The process is running with CompressedOops enabled, and the Java Heap may be blocking the growth of the native heap
# Possible solutions:
#   Reduce memory load on the system
#   Increase physical memory or swap space
#   Check if swap backing store is full
#   Decrease Java heap size (-Xmx/-Xms)
#   Decrease number of Java threads
#   Decrease Java thread stack sizes (-Xss)
#   Set larger code cache with -XX:ReservedCodeCacheSize=
#   JVM is running with Unscaled Compressed Oops mode in which the Java heap is
#     placed in the first 4GB address space. The Java Heap base address is the
#     maximum limit for the native heap growth. Please use -XX:HeapBaseMinAddress
#     to set the Java Heap base and to place the Java Heap above 4GB virtual address.
# This output file may be truncated or incomplete.
#
#  Out of Memory Error (./src/hotspot/share/memory/arena.cpp:197), pid=5300, tid=1672
#
# JRE version: OpenJDK Runtime Environment (11.0.10) (build 11.0.10+0-b96-7249189)
# Java VM: OpenJDK 64-Bit Server VM (11.0.10+0-b96-7249189, mixed mode, tiered, compressed oops, g1 gc, windows-amd64)
# No core dump will be written. Minidumps are not enabled by default on client versions of Windows
#

---------------  S U M M A R Y ------------

Command Line: --add-opens=java.base/java.util=ALL-UNNAMED --add-opens=java.base/java.lang=ALL-UNNAMED --add-opens=java.base/java.lang.invoke=ALL-UNNAMED --add-opens=java.base/java.util=ALL-UNNAMED --add-opens=java.prefs/java.util.prefs=ALL-UNNAMED --add-opens=java.prefs/java.util.prefs=ALL-UNNAMED --add-opens=java.base/java.nio.charset=ALL-UNNAMED --add-opens=java.base/java.net=ALL-UNNAMED --add-opens=java.base/java.util.concurrent.atomic=ALL-UNNAMED -Xmx2048m -Dfile.encoding=UTF-8 -Duser.country=KR -Duser.language=ko -Duser.variant org.gradle.launcher.daemon.bootstrap.GradleDaemon 7.0.2

Host: Intel(R) Core(TM) i7-10700 CPU @ 2.90GHz, 16 cores, 15G,  Windows 10 , 64 bit Build 19041 (10.0.19041.1202)
Time: Wed Oct 13 14:02:18 2021 대한민국 표준시 elapsed time: 5.723105 seconds (0d 0h 0m 5s)

---------------  T H R E A D  ---------------

Current thread (0x000001d7edc17000):  JavaThread "C2 CompilerThread2" daemon [_thread_in_native, id=1672, stack(0x000000391dc00000,0x000000391dd00000)]


Current CompileTask:
C2:   5723 10528       4       org.gradle.internal.snapshot.DirectorySnapshot$$Lambda$1231/0x0000000100bbc440::accept (20 bytes)

Stack: [0x000000391dc00000,0x000000391dd00000]
Native frames: (J=compiled Java code, j=interpreted, Vv=VM code, C=native code)
V  [jvm.dll+0x5ecfaa]
V  [jvm.dll+0x722bd5]
V  [jvm.dll+0x72412d]
V  [jvm.dll+0x7247e3]
V  [jvm.dll+0x242928]
V  [jvm.dll+0xbc4fc]
V  [jvm.dll+0xbca0c]
V  [jvm.dll+0x352d7d]
V  [jvm.dll+0x197c77]
V  [jvm.dll+0x1fb70e]
V  [jvm.dll+0x1fa7f4]
V  [jvm.dll+0x18354c]
V  [jvm.dll+0x208ee7]
V  [jvm.dll+0x207731]
V  [jvm.dll+0x6eb1cf]
V  [jvm.dll+0x6e3d45]
V  [jvm.dll+0x5ebe96]
C  [ucrtbase.dll+0x21bb2]
C  [KERNEL32.DLL+0x17034]
C  [ntdll.dll+0x52651]


---------------  P R O C E S S  ---------------

Threads class SMR info:
_java_thread_list=0x000001d7f50d2d80, length=96, elements={
0x000001d7d1a10000, 0x000001d7ed278000, 0x000001d7ed281000, 0x000001d7ed2ed000,
0x000001d7ed2ef000, 0x000001d7ed2f0000, 0x000001d7ed2fb000, 0x000001d7ed302800,
0x000001d7ed30e000, 0x000001d7eca12800, 0x000001d7ed475800, 0x000001d7ed71f000,
0x000001d7edc17000, 0x000001d7ed95b000, 0x000001d7ed912000, 0x000001d7ef53e800,
0x000001d7ee59c800, 0x000001d7ee4e6800, 0x000001d7eeba7800, 0x000001d7ef8b0800,
0x000001d7ee532800, 0x000001d7ef57c000, 0x000001d7ef2fa800, 0x000001d7ef8dd000,
0x000001d7ef671000, 0x000001d7ef673800, 0x000001d7ef671800, 0x000001d7ef66e800,
0x000001d7ef672800, 0x000001d7ef66d800, 0x000001d7ef66f000, 0x000001d7ef670000,
0x000001d7ef674000, 0x000001d7f3b53800, 0x000001d7f3b52000, 0x000001d7f3b54800,
0x000001d7f216e800, 0x000001d7f3b58800, 0x000001d7f3b57000, 0x000001d7f3b53000,
0x000001d7f3b5a000, 0x000001d7f3b55800, 0x000001d7f3b5c000, 0x000001d7f3b56000,
0x000001d7f3b5d800, 0x000001d7f3b61800, 0x000001d7f3b5e800, 0x000001d7f3b60000,
0x000001d7f3b60800, 0x000001d7f3b5c800, 0x000001d7f3b5f000, 0x000001d7f3c25800,
0x000001d7f3c23800, 0x000001d7f3c24000, 0x000001d7f3c25000, 0x000001d7f3c26800,
0x000001d7f3c21000, 0x000001d7f3c27800, 0x000001d7f3c21800, 0x000001d7f3c22800,
0x000001d7f1aad800, 0x000001d7f1ab2800, 0x000001d7f1aae800, 0x000001d7f1aaf000,
0x000001d7f1ab0000, 0x000001d7f1ab1000, 0x000001d7f1ab1800, 0x000001d7f1aac800,
0x000001d7f1ab6800, 0x000001d7f1ab7800, 0x000001d7f1ab5800, 0x000001d7f1ab8000,
0x000001d7f1ab9000, 0x000001d7f1aba000, 0x000001d7f1ab4000, 0x000001d7f1aba800,
0x000001d7f1ab5000, 0x000001d7f1abb800, 0x000001d7f74f3800, 0x000001d7f74ef000,
0x000001d7f74f6000, 0x000001d7f74f4000, 0x000001d7f74f2800, 0x000001d7f74f0000,
0x000001d7f74f5000, 0x000001d7f74f6800, 0x000001d7f74f1000, 0x000001d7f74f7800,
0x000001d7f74f1800, 0x000001d7f74fc800, 0x000001d7f74fb800, 0x000001d7f74f9000,
0x000001d7f74f8000, 0x000001d7f74fa800, 0x000001d7f74fe000, 0x000001d7ed917000
}

Java Threads: ( => current thread )
  0x000001d7d1a10000 JavaThread "main" [_thread_blocked, id=10468, stack(0x000000391c900000,0x000000391ca00000)]
  0x000001d7ed278000 JavaThread "Reference Handler" daemon [_thread_blocked, id=10852, stack(0x000000391d000000,0x000000391d100000)]
  0x000001d7ed281000 JavaThread "Finalizer" daemon [_thread_blocked, id=10980, stack(0x000000391d100000,0x000000391d200000)]
  0x000001d7ed2ed000 JavaThread "Signal Dispatcher" daemon [_thread_blocked, id=12848, stack(0x000000391d200000,0x000000391d300000)]
  0x000001d7ed2ef000 JavaThread "Attach Listener" daemon [_thread_blocked, id=12232, stack(0x000000391d300000,0x000000391d400000)]
  0x000001d7ed2f0000 JavaThread "Service Thread" daemon [_thread_blocked, id=3360, stack(0x000000391d400000,0x000000391d500000)]
  0x000001d7ed2fb000 JavaThread "C2 CompilerThread0" daemon [_thread_in_native, id=2280, stack(0x000000391d500000,0x000000391d600000)]
  0x000001d7ed302800 JavaThread "C1 CompilerThread0" daemon [_thread_blocked, id=9504, stack(0x000000391d600000,0x000000391d700000)]
  0x000001d7ed30e000 JavaThread "Sweeper thread" daemon [_thread_blocked, id=4004, stack(0x000000391d700000,0x000000391d800000)]
  0x000001d7eca12800 JavaThread "C1 CompilerThread1" daemon [_thread_blocked, id=11060, stack(0x000000391d800000,0x000000391d900000)]
  0x000001d7ed475800 JavaThread "Common-Cleaner" daemon [_thread_blocked, id=2512, stack(0x000000391d900000,0x000000391da00000)]
  0x000001d7ed71f000 JavaThread "C2 CompilerThread1" daemon [_thread_in_native, id=7768, stack(0x000000391db00000,0x000000391dc00000)]
=>0x000001d7edc17000 JavaThread "C2 CompilerThread2" daemon [_thread_in_native, id=1672, stack(0x000000391dc00000,0x000000391dd00000)]
  0x000001d7ed95b000 JavaThread "C1 CompilerThread2" daemon [_thread_blocked, id=4332, stack(0x000000391dd00000,0x000000391de00000)]
  0x000001d7ed912000 JavaThread "C1 CompilerThread3" daemon [_thread_blocked, id=2644, stack(0x000000391de00000,0x000000391df00000)]
  0x000001d7ef53e800 JavaThread "Daemon health stats" [_thread_blocked, id=10540, stack(0x000000391e300000,0x000000391e400000)]
  0x000001d7ee59c800 JavaThread "Incoming local TCP Connector on port 63550" [_thread_in_native, id=10224, stack(0x000000391e400000,0x000000391e500000)]
  0x000001d7ee4e6800 JavaThread "Daemon periodic checks" [_thread_blocked, id=9808, stack(0x000000391e500000,0x000000391e600000)]
  0x000001d7eeba7800 JavaThread "Daemon" [_thread_blocked, id=9340, stack(0x000000391e600000,0x000000391e700000)]
  0x000001d7ef8b0800 JavaThread "Handler for socket connection from /127.0.0.1:63550 to /127.0.0.1:63551" [_thread_in_native, id=12568, stack(0x000000391e700000,0x000000391e800000)]
  0x000001d7ee532800 JavaThread "Cancel handler" [_thread_blocked, id=11892, stack(0x000000391e800000,0x000000391e900000)]
  0x000001d7ef57c000 JavaThread "Daemon worker" [_thread_blocked, id=3416, stack(0x000000391e900000,0x000000391ea00000)]
  0x000001d7ef2fa800 JavaThread "Asynchronous log dispatcher for DefaultDaemonConnection: socket connection from /127.0.0.1:63550 to /127.0.0.1:63551" [_thread_blocked, id=9616, stack(0x000000391ea00000,0x000000391eb00000)]
  0x000001d7ef8dd000 JavaThread "Stdin handler" [_thread_blocked, id=9332, stack(0x000000391eb00000,0x000000391ec00000)]
  0x000001d7ef671000 JavaThread "Daemon client event forwarder" [_thread_blocked, id=6656, stack(0x000000391ec00000,0x000000391ed00000)]
  0x000001d7ef673800 JavaThread "Cache worker for file hash cache (C:\Users\Administrator\.gradle\caches\7.0.2\fileHashes)" [_thread_blocked, id=12096, stack(0x000000391ed00000,0x000000391ee00000)]
  0x000001d7ef671800 JavaThread "File lock request listener" [_thread_in_native, id=3136, stack(0x000000391ee00000,0x000000391ef00000)]
  0x000001d7ef66e800 JavaThread "Cache worker for journal cache (C:\Users\Administrator\.gradle\caches\journal-1)" [_thread_blocked, id=5932, stack(0x000000391f900000,0x000000391fa00000)]
  0x000001d7ef672800 JavaThread "Cache worker for file hash cache (C:\Users\Administrator\AndroidStudioProjects\ChatApplication\.gradle\7.0.2\fileHashes)" [_thread_blocked, id=3076, stack(0x000000391fa00000,0x000000391fb00000)]
  0x000001d7ef66d800 JavaThread "File watcher server" daemon [_thread_in_native, id=9336, stack(0x000000391fb00000,0x000000391fc00000)]
  0x000001d7ef66f000 JavaThread "File watcher consumer" daemon [_thread_blocked, id=3988, stack(0x000000391fc00000,0x000000391fd00000)]
  0x000001d7ef670000 JavaThread "Cache worker for checksums cache (C:\Users\Administrator\AndroidStudioProjects\ChatApplication\.gradle\checksums)" [_thread_blocked, id=5260, stack(0x000000391fd00000,0x000000391fe00000)]
  0x000001d7ef674000 JavaThread "Cache worker for cache directory md-supplier (C:\Users\Administrator\.gradle\caches\7.0.2\md-supplier)" [_thread_blocked, id=3508, stack(0x000000391fe00000,0x000000391ff00000)]
  0x000001d7f3b53800 JavaThread "Cache worker for cache directory md-rule (C:\Users\Administrator\.gradle\caches\7.0.2\md-rule)" [_thread_blocked, id=3316, stack(0x000000391ff00000,0x0000003920000000)]
  0x000001d7f3b52000 JavaThread "C2 CompilerThread3" daemon [_thread_in_native, id=12364, stack(0x0000003920000000,0x0000003920100000)]
  0x000001d7f3b54800 JavaThread "Cache worker for execution history cache (C:\Users\Administrator\.gradle\caches\7.0.2\executionHistory)" [_thread_blocked, id=13280, stack(0x0000003920100000,0x0000003920200000)]
  0x000001d7f216e800 JavaThread "C2 CompilerThread4" daemon [_thread_in_native, id=8440, stack(0x0000003920200000,0x0000003920300000)]
  0x000001d7f3b58800 JavaThread "jar transforms" [_thread_blocked, id=2688, stack(0x0000003920300000,0x0000003920400000)]
  0x000001d7f3b57000 JavaThread "jar transforms Thread 2" [_thread_blocked, id=7996, stack(0x0000003920400000,0x0000003920500000)]
  0x000001d7f3b53000 JavaThread "Cache worker for file content cache (C:\Users\Administrator\.gradle\caches\7.0.2\fileContent)" [_thread_blocked, id=8552, stack(0x0000003920500000,0x0000003920600000)]
  0x000001d7f3b5a000 JavaThread "Cache worker for dependencies-accessors (C:\Users\Administrator\AndroidStudioProjects\ChatApplication\.gradle\7.0.2\dependencies-accessors)" [_thread_blocked, id=8936, stack(0x0000003920600000,0x0000003920700000)]
  0x000001d7f3b55800 JavaThread "jar transforms Thread 3" [_thread_blocked, id=5376, stack(0x0000003920700000,0x0000003920800000)]
  0x000001d7f3b5c000 JavaThread "Cache worker for Build Output Cleanup Cache (C:\Users\Administrator\AndroidStudioProjects\ChatApplication\.gradle\buildOutputCleanup)" [_thread_in_Java, id=6316, stack(0x0000003920800000,0x0000003920900000)]
  0x000001d7f3b56000 JavaThread "Build operations" [_thread_blocked, id=10992, stack(0x0000003920900000,0x0000003920a00000)]
  0x000001d7f3b5d800 JavaThread "Build operations Thread 2" [_thread_blocked, id=6272, stack(0x0000003920a00000,0x0000003920b00000)]
  0x000001d7f3b61800 JavaThread "Build operations Thread 3" [_thread_blocked, id=11800, stack(0x0000003920b00000,0x0000003920c00000)]
  0x000001d7f3b5e800 JavaThread "Build operations Thread 4" [_thread_blocked, id=9292, stack(0x0000003920c00000,0x0000003920d00000)]
  0x000001d7f3b60000 JavaThread "Build operations Thread 5" [_thread_blocked, id=4296, stack(0x0000003920d00000,0x0000003920e00000)]
  0x000001d7f3b60800 JavaThread "Build operations Thread 6" [_thread_blocked, id=4468, stack(0x0000003920e00000,0x0000003920f00000)]
  0x000001d7f3b5c800 JavaThread "Build operations Thread 7" [_thread_blocked, id=12144, stack(0x0000003920f00000,0x0000003921000000)]
  0x000001d7f3b5f000 JavaThread "Build operations Thread 8" [_thread_blocked, id=3816, stack(0x0000003921000000,0x0000003921100000)]
  0x000001d7f3c25800 JavaThread "Build operations Thread 9" [_thread_blocked, id=9792, stack(0x0000003921100000,0x0000003921200000)]
  0x000001d7f3c23800 JavaThread "Build operations Thread 10" [_thread_blocked, id=9968, stack(0x0000003921200000,0x0000003921300000)]
  0x000001d7f3c24000 JavaThread "Build operations Thread 11" [_thread_blocked, id=5732, stack(0x0000003921300000,0x0000003921400000)]
  0x000001d7f3c25000 JavaThread "Build operations Thread 12" [_thread_blocked, id=1560, stack(0x0000003921400000,0x0000003921500000)]
  0x000001d7f3c26800 JavaThread "Build operations Thread 13" [_thread_blocked, id=4208, stack(0x0000003921500000,0x0000003921600000)]
  0x000001d7f3c21000 JavaThread "Build operations Thread 14" [_thread_blocked, id=756, stack(0x0000003921600000,0x0000003921700000)]
  0x000001d7f3c27800 JavaThread "Build operations Thread 15" [_thread_blocked, id=12876, stack(0x0000003921700000,0x0000003921800000)]
  0x000001d7f3c21800 JavaThread "Build operations Thread 16" [_thread_blocked, id=9004, stack(0x0000003921800000,0x0000003921900000)]
  0x000001d7f3c22800 JavaThread "jar transforms Thread 4" [_thread_blocked, id=9752, stack(0x0000003921900000,0x0000003921a00000)]
  0x000001d7f1aad800 JavaThread "jar transforms Thread 5" [_thread_blocked, id=7536, stack(0x0000003921a00000,0x0000003921b00000)]
  0x000001d7f1ab2800 JavaThread "jar transforms Thread 6" [_thread_blocked, id=12804, stack(0x0000003921b00000,0x0000003921c00000)]
  0x000001d7f1aae800 JavaThread "jar transforms Thread 7" [_thread_blocked, id=2928, stack(0x0000003921c00000,0x0000003921d00000)]
  0x000001d7f1aaf000 JavaThread "jar transforms Thread 8" [_thread_blocked, id=6412, stack(0x0000003921d00000,0x0000003921e00000)]
  0x000001d7f1ab0000 JavaThread "jar transforms Thread 9" [_thread_blocked, id=7784, stack(0x0000003921e00000,0x0000003921f00000)]
  0x000001d7f1ab1000 JavaThread "jar transforms Thread 10" [_thread_blocked, id=3640, stack(0x0000003921f00000,0x0000003922000000)]
  0x000001d7f1ab1800 JavaThread "jar transforms Thread 11" [_thread_blocked, id=11764, stack(0x0000003922000000,0x0000003922100000)]
  0x000001d7f1aac800 JavaThread "jar transforms Thread 12" [_thread_blocked, id=11916, stack(0x0000003922100000,0x0000003922200000)]
  0x000001d7f1ab6800 JavaThread "jar transforms Thread 13" [_thread_blocked, id=8916, stack(0x0000003922200000,0x0000003922300000)]
  0x000001d7f1ab7800 JavaThread "jar transforms Thread 14" [_thread_blocked, id=9280, stack(0x0000003922300000,0x0000003922400000)]
  0x000001d7f1ab5800 JavaThread "jar transforms Thread 15" [_thread_blocked, id=1788, stack(0x0000003922400000,0x0000003922500000)]
  0x000001d7f1ab8000 JavaThread "jar transforms Thread 16" [_thread_blocked, id=8188, stack(0x0000003922500000,0x0000003922600000)]
  0x000001d7f1ab9000 JavaThread "Memory manager" [_thread_blocked, id=12164, stack(0x0000003922600000,0x0000003922700000)]
  0x000001d7f1aba000 JavaThread "build event listener" [_thread_blocked, id=6612, stack(0x0000003922700000,0x0000003922800000)]
  0x000001d7f1ab4000 JavaThread "pool-3-thread-1" [_thread_blocked, id=8892, stack(0x0000003922800000,0x0000003922900000)]
  0x000001d7f1aba800 JavaThread "build event listener" [_thread_blocked, id=13276, stack(0x0000003922900000,0x0000003922a00000)]
  0x000001d7f1ab5000 JavaThread "Execution worker for ':'" [_thread_blocked, id=10324, stack(0x0000003922a00000,0x0000003922b00000)]
  0x000001d7f1abb800 JavaThread "Execution worker for ':' Thread 2" [_thread_blocked, id=520, stack(0x0000003922b00000,0x0000003922c00000)]
  0x000001d7f74f3800 JavaThread "Execution worker for ':' Thread 3" [_thread_blocked, id=7756, stack(0x0000003922c00000,0x0000003922d00000)]
  0x000001d7f74ef000 JavaThread "Execution worker for ':' Thread 4" [_thread_blocked, id=3092, stack(0x0000003922d00000,0x0000003922e00000)]
  0x000001d7f74f6000 JavaThread "Execution worker for ':' Thread 5" [_thread_blocked, id=5860, stack(0x0000003922e00000,0x0000003922f00000)]
  0x000001d7f74f4000 JavaThread "Execution worker for ':' Thread 6" [_thread_blocked, id=12448, stack(0x0000003922f00000,0x0000003923000000)]
  0x000001d7f74f2800 JavaThread "Execution worker for ':' Thread 7" [_thread_in_Java, id=1116, stack(0x0000003923000000,0x0000003923100000)]
  0x000001d7f74f0000 JavaThread "Execution worker for ':' Thread 8" [_thread_blocked, id=10572, stack(0x0000003923100000,0x0000003923200000)]
  0x000001d7f74f5000 JavaThread "Execution worker for ':' Thread 9" [_thread_blocked, id=9044, stack(0x0000003923200000,0x0000003923300000)]
  0x000001d7f74f6800 JavaThread "Execution worker for ':' Thread 10" [_thread_blocked, id=10616, stack(0x0000003923300000,0x0000003923400000)]
  0x000001d7f74f1000 JavaThread "Execution worker for ':' Thread 11" [_thread_blocked, id=9368, stack(0x0000003923400000,0x0000003923500000)]
  0x000001d7f74f7800 JavaThread "Execution worker for ':' Thread 12" [_thread_blocked, id=8980, stack(0x0000003923500000,0x0000003923600000)]
  0x000001d7f74f1800 JavaThread "Execution worker for ':' Thread 13" [_thread_blocked, id=7280, stack(0x0000003923600000,0x0000003923700000)]
  0x000001d7f74fc800 JavaThread "Execution worker for ':' Thread 14" [_thread_blocked, id=7448, stack(0x0000003923700000,0x0000003923800000)]
  0x000001d7f74fb800 JavaThread "Execution worker for ':' Thread 15" [_thread_blocked, id=3588, stack(0x0000003923800000,0x0000003923900000)]
  0x000001d7f74f9000 JavaThread "Cache worker for execution history cache (C:\Users\Administrator\AndroidStudioProjects\ChatApplication\.gradle\7.0.2\executionHistory)" [_thread_blocked, id=12536, stack(0x0000003923900000,0x0000003923a00000)]
  0x000001d7f74f8000 JavaThread "WorkerExecutor Queue" [_thread_in_native, id=12724, stack(0x0000003923b00000,0x0000003923c00000)]
  0x000001d7f74fa800 JavaThread "WorkerExecutor Queue Thread 2" [_thread_blocked, id=2164, stack(0x0000003923c00000,0x0000003923d00000)]
  0x000001d7f74fe000 JavaThread "WorkerExecutor Queue Thread 3" [_thread_blocked, id=3616, stack(0x0000003923d00000,0x0000003923e00000)]
  0x000001d7ed917000 JavaThread "WorkerExecutor Queue Thread 4" [_thread_blocked, id=10716, stack(0x0000003923e00000,0x0000003923f00000)]

Other Threads:
  0x000001d7ed275000 VMThread "VM Thread" [stack: 0x000000391cf00000,0x000000391d000000] [id=7912]
  0x000001d7ed4ed000 WatcherThread [stack: 0x000000391da00000,0x000000391db00000] [id=7816]
  0x000001d7d1a27000 GCTaskThread "GC Thread#0" [stack: 0x000000391ca00000,0x000000391cb00000] [id=8356]
  0x000001d7ee67a000 GCTaskThread "GC Thread#1" [stack: 0x000000391df00000,0x000000391e000000] [id=6364]
  0x000001d7ed907000 GCTaskThread "GC Thread#2" [stack: 0x000000391e000000,0x000000391e100000] [id=3288]
  0x000001d7eddac000 GCTaskThread "GC Thread#3" [stack: 0x000000391e100000,0x000000391e200000] [id=12260]
  0x000001d7ee37e800 GCTaskThread "GC Thread#4" [stack: 0x000000391e200000,0x000000391e300000] [id=12264]
  0x000001d7ef637800 GCTaskThread "GC Thread#5" [stack: 0x000000391ef00000,0x000000391f000000] [id=9796]
  0x000001d7ef638000 GCTaskThread "GC Thread#6" [stack: 0x000000391f000000,0x000000391f100000] [id=11860]
  0x000001d7efaa0800 GCTaskThread "GC Thread#7" [stack: 0x000000391f100000,0x000000391f200000] [id=4364]
  0x000001d7ef967000 GCTaskThread "GC Thread#8" [stack: 0x000000391f200000,0x000000391f300000] [id=9832]
  0x000001d7ef967800 GCTaskThread "GC Thread#9" [stack: 0x000000391f300000,0x000000391f400000] [id=3936]
  0x000001d7ef968800 GCTaskThread "GC Thread#10" [stack: 0x000000391f400000,0x000000391f500000] [id=5424]
  0x000001d7ef969000 GCTaskThread "GC Thread#11" [stack: 0x000000391f500000,0x000000391f600000] [id=9596]
  0x000001d7efaa1800 GCTaskThread "GC Thread#12" [stack: 0x000000391f600000,0x000000391f700000] [id=10180]
  0x000001d7d1a5b800 ConcurrentGCThread "G1 Main Marker" [stack: 0x000000391cb00000,0x000000391cc00000] [id=10308]
  0x000001d7d1a5e000 ConcurrentGCThread "G1 Conc#0" [stack: 0x000000391cc00000,0x000000391cd00000] [id=6028]
  0x000001d7ede3d800 ConcurrentGCThread "G1 Conc#1" [stack: 0x000000391f700000,0x000000391f800000] [id=5176]
  0x000001d7ef3a8800 ConcurrentGCThread "G1 Conc#2" [stack: 0x000000391f800000,0x000000391f900000] [id=5224]
  0x000001d7d1aee000 ConcurrentGCThread "G1 Refine#0" [stack: 0x000000391cd00000,0x000000391ce00000] [id=1260]
  0x000001d7f5084800 ConcurrentGCThread "G1 Refine#1" [stack: 0x0000003923a00000,0x0000003923b00000] [id=844]
  0x000001d7ec8c1800 ConcurrentGCThread "G1 Young RemSet Sampling" [stack: 0x000000391ce00000,0x000000391cf00000] [id=9360]

Threads with active compile tasks:
C2 CompilerThread0   5732 11461   !   4       org.gradle.internal.event.AbstractBroadcastDispatch::dispatch (191 bytes)
C2 CompilerThread1   5732 11460       4       org.gradle.internal.event.DefaultListenerManager$EventBroadcast$ListenerDispatch::dispatch (9 bytes)
C2 CompilerThread2   5732 10528       4       org.gradle.internal.snapshot.DirectorySnapshot$$Lambda$1231/0x0000000100bbc440::accept (20 bytes)
C2 CompilerThread3   5732 11563       4       java.lang.reflect.Constructor::newInstance (76 bytes)
C2 CompilerThread4   5732 11337       4       java.util.stream.MatchOps$MatchOp::evaluateSequential (7 bytes)

VM state:at safepoint (normal execution)

VM Mutex/Monitor currently owned by a thread:  ([mutex/lock_event])
[0x000001d7d1a0e7c0] Safepoint_lock - owner thread: 0x0000000000000000
[0x000001d7d1a0ec40] Threads_lock - owner thread: 0x000001d7ed275000

OutOfMemory and StackOverflow Exception counts:
OutOfMemoryError java_heap_errors=1
LinkageErrors=139

Heap address: 0x0000000080000000, size: 2048 MB, Compressed Oops mode: 32-bit
Narrow klass base: 0x0000000000000000, Narrow klass shift: 3
Compressed class space size: 1073741824 Address: 0x0000000100000000

Heap:
 garbage-first heap   total 303104K, used 114304K [0x0000000080000000, 0x0000000100000000)
  region size 1024K, 35 young (35840K), 8 survivors (8192K)
 Metaspace       used 89961K, capacity 92508K, committed 92708K, reserved 1130496K
  class space    used 11588K, capacity 12497K, committed 12544K, reserved 1048576K
Heap Regions: E=young(eden), S=young(survivor), O=old, HS=humongous(starts), HC=humongous(continues), CS=collection set, F=free, A=archive, TAMS=top-at-mark-start (previous, next)
|   0|0x0000000080000000, 0x0000000080100000, 0x0000000080100000|100%| O|  |TAMS 0x0000000080100000, 0x0000000080000000| Untracked 
|   1|0x0000000080100000, 0x0000000080200000, 0x0000000080200000|100%| O|  |TAMS 0x0000000080200000, 0x0000000080100000| Untracked 
|   2|0x0000000080200000, 0x0000000080300000, 0x0000000080300000|100%| O|  |TAMS 0x0000000080300000, 0x0000000080200000| Untracked 
|   3|0x0000000080300000, 0x0000000080400000, 0x0000000080400000|100%|HS|  |TAMS 0x0000000080400000, 0x0000000080300000| Complete 
|   4|0x0000000080400000, 0x0000000080500000, 0x0000000080500000|100%|HC|  |TAMS 0x0000000080500000, 0x0000000080400000| Complete 
|   5|0x0000000080500000, 0x0000000080600000, 0x0000000080600000|100%|HC|  |TAMS 0x0000000080600000, 0x0000000080500000| Complete 
|   6|0x0000000080600000, 0x0000000080700000, 0x0000000080700000|100%| O|  |TAMS 0x0000000080700000, 0x0000000080600000| Untracked 
|   7|0x0000000080700000, 0x0000000080800000, 0x0000000080800000|100%| O|  |TAMS 0x0000000080800000, 0x0000000080700000| Untracked 
|   8|0x0000000080800000, 0x0000000080900000, 0x0000000080900000|100%| O|  |TAMS 0x0000000080900000, 0x0000000080800000| Untracked 
|   9|0x0000000080900000, 0x0000000080a00000, 0x0000000080a00000|100%| O|  |TAMS 0x0000000080a00000, 0x0000000080900000| Untracked 
|  10|0x0000000080a00000, 0x0000000080b00000, 0x0000000080b00000|100%| O|  |TAMS 0x0000000080b00000, 0x0000000080a00000| Untracked 
|  11|0x0000000080b00000, 0x0000000080c00000, 0x0000000080c00000|100%| O|  |TAMS 0x0000000080c00000, 0x0000000080b00000| Untracked 
|  12|0x0000000080c00000, 0x0000000080d00000, 0x0000000080d00000|100%| O|  |TAMS 0x0000000080d00000, 0x0000000080c00000| Untracked 
|  13|0x0000000080d00000, 0x0000000080e00000, 0x0000000080e00000|100%| O|  |TAMS 0x0000000080e00000, 0x0000000080d00000| Untracked 
|  14|0x0000000080e00000, 0x0000000080f00000, 0x0000000080f00000|100%| O|  |TAMS 0x0000000080f00000, 0x0000000080e00000| Untracked 
|  15|0x0000000080f00000, 0x0000000081000000, 0x0000000081000000|100%| O|  |TAMS 0x0000000081000000, 0x0000000080f00000| Untracked 
|  16|0x0000000081000000, 0x0000000081100000, 0x0000000081100000|100%| O|  |TAMS 0x0000000081100000, 0x0000000081000000| Untracked 
|  17|0x0000000081100000, 0x0000000081200000, 0x0000000081200000|100%|HS|  |TAMS 0x0000000081200000, 0x0000000081100000| Complete 
|  18|0x0000000081200000, 0x0000000081300000, 0x0000000081300000|100%|HS|  |TAMS 0x0000000081300000, 0x0000000081200000| Complete 
|  19|0x0000000081300000, 0x0000000081400000, 0x0000000081400000|100%|HS|  |TAMS 0x0000000081400000, 0x0000000081300000| Complete 
|  20|0x0000000081400000, 0x0000000081500000, 0x0000000081500000|100%|HS|  |TAMS 0x0000000081500000, 0x0000000081400000| Complete 
|  21|0x0000000081500000, 0x0000000081600000, 0x0000000081600000|100%|HC|  |TAMS 0x0000000081600000, 0x0000000081500000| Complete 
|  22|0x0000000081600000, 0x0000000081700000, 0x0000000081700000|100%|HC|  |TAMS 0x0000000081700000, 0x0000000081600000| Complete 
|  23|0x0000000081700000, 0x0000000081800000, 0x0000000081800000|100%|HS|  |TAMS 0x0000000081800000, 0x0000000081700000| Complete 
|  24|0x0000000081800000, 0x0000000081900000, 0x0000000081900000|100%|HC|  |TAMS 0x0000000081900000, 0x0000000081800000| Complete 
|  25|0x0000000081900000, 0x0000000081a00000, 0x0000000081a00000|100%| O|  |TAMS 0x0000000081a00000, 0x0000000081900000| Untracked 
|  26|0x0000000081a00000, 0x0000000081b00000, 0x0000000081b00000|100%| O|  |TAMS 0x0000000081b00000, 0x0000000081a00000| Untracked 
|  27|0x0000000081b00000, 0x0000000081c00000, 0x0000000081c00000|100%| O|  |TAMS 0x0000000081c00000, 0x0000000081b00000| Untracked 
|  28|0x0000000081c00000, 0x0000000081d00000, 0x0000000081d00000|100%| O|  |TAMS 0x0000000081d00000, 0x0000000081c00000| Untracked 
|  29|0x0000000081d00000, 0x0000000081e00000, 0x0000000081e00000|100%| O|  |TAMS 0x0000000081e00000, 0x0000000081d00000| Untracked 
|  30|0x0000000081e00000, 0x0000000081f00000, 0x0000000081f00000|100%| O|  |TAMS 0x0000000081f00000, 0x0000000081e00000| Untracked 
|  31|0x0000000081f00000, 0x0000000082000000, 0x0000000082000000|100%| O|  |TAMS 0x0000000082000000, 0x0000000081f00000| Untracked 
|  32|0x0000000082000000, 0x0000000082100000, 0x0000000082100000|100%| O|  |TAMS 0x0000000082100000, 0x0000000082000000| Untracked 
|  33|0x0000000082100000, 0x0000000082200000, 0x0000000082200000|100%| O|  |TAMS 0x0000000082200000, 0x0000000082100000| Untracked 
|  34|0x0000000082200000, 0x0000000082300000, 0x0000000082300000|100%| O|  |TAMS 0x0000000082300000, 0x0000000082200000| Untracked 
|  35|0x0000000082300000, 0x0000000082400000, 0x0000000082400000|100%| O|  |TAMS 0x0000000082400000, 0x0000000082300000| Untracked 
|  36|0x0000000082400000, 0x0000000082500000, 0x0000000082500000|100%| O|  |TAMS 0x0000000082500000, 0x0000000082400000| Untracked 
|  37|0x0000000082500000, 0x0000000082600000, 0x0000000082600000|100%| O|  |TAMS 0x0000000082600000, 0x0000000082500000| Untracked 
|  38|0x0000000082600000, 0x0000000082700000, 0x0000000082700000|100%| O|  |TAMS 0x0000000082700000, 0x0000000082600000| Untracked 
|  39|0x0000000082700000, 0x0000000082800000, 0x0000000082800000|100%| O|  |TAMS 0x0000000082800000, 0x0000000082700000| Untracked 
|  40|0x0000000082800000, 0x0000000082900000, 0x0000000082900000|100%| O|  |TAMS 0x0000000082900000, 0x0000000082800000| Untracked 
|  41|0x0000000082900000, 0x0000000082a00000, 0x0000000082a00000|100%| O|  |TAMS 0x0000000082a00000, 0x0000000082900000| Untracked 
|  42|0x0000000082a00000, 0x0000000082b00000, 0x0000000082b00000|100%| O|  |TAMS 0x0000000082b00000, 0x0000000082a00000| Untracked 
|  43|0x0000000082b00000, 0x0000000082c00000, 0x0000000082c00000|100%| O|  |TAMS 0x0000000082c00000, 0x0000000082b00000| Untracked 
|  44|0x0000000082c00000, 0x0000000082d00000, 0x0000000082d00000|100%| O|  |TAMS 0x0000000082d00000, 0x0000000082c00000| Untracked 
|  45|0x0000000082d00000, 0x0000000082e00000, 0x0000000082e00000|100%| O|  |TAMS 0x0000000082e00000, 0x0000000082d00000| Untracked 
|  46|0x0000000082e00000, 0x0000000082f00000, 0x0000000082f00000|100%| O|  |TAMS 0x0000000082ef2600, 0x0000000082e00000| Untracked 
|  47|0x0000000082f00000, 0x0000000083000000, 0x0000000083000000|100%| O|  |TAMS 0x0000000082f00000, 0x0000000082f00000| Untracked 
|  48|0x0000000083000000, 0x0000000083100000, 0x0000000083100000|100%| O|  |TAMS 0x0000000083000000, 0x0000000083000000| Untracked 
|  49|0x0000000083100000, 0x0000000083200000, 0x0000000083200000|100%| O|  |TAMS 0x0000000083100000, 0x0000000083100000| Untracked 
|  50|0x0000000083200000, 0x0000000083300000, 0x0000000083300000|100%| O|  |TAMS 0x0000000083200000, 0x0000000083200000| Untracked 
|  51|0x0000000083300000, 0x0000000083400000, 0x0000000083400000|100%| O|  |TAMS 0x0000000083300000, 0x0000000083300000| Untracked 
|  52|0x0000000083400000, 0x0000000083500000, 0x0000000083500000|100%| O|  |TAMS 0x0000000083400000, 0x0000000083400000| Untracked 
|  53|0x0000000083500000, 0x0000000083600000, 0x0000000083600000|100%| O|  |TAMS 0x0000000083500000, 0x0000000083500000| Untracked 
|  54|0x0000000083600000, 0x0000000083700000, 0x0000000083700000|100%| O|  |TAMS 0x0000000083600000, 0x0000000083600000| Untracked 
|  55|0x0000000083700000, 0x0000000083800000, 0x0000000083800000|100%| O|  |TAMS 0x0000000083700000, 0x0000000083700000| Untracked 
|  56|0x0000000083800000, 0x0000000083900000, 0x0000000083900000|100%| O|  |TAMS 0x0000000083800000, 0x0000000083800000| Untracked 
|  57|0x0000000083900000, 0x0000000083a00000, 0x0000000083a00000|100%| O|  |TAMS 0x0000000083900000, 0x0000000083900000| Untracked 
|  58|0x0000000083a00000, 0x0000000083b00000, 0x0000000083b00000|100%| O|  |TAMS 0x0000000083a00000, 0x0000000083a00000| Untracked 
|  59|0x0000000083b00000, 0x0000000083c00000, 0x0000000083c00000|100%| O|  |TAMS 0x0000000083b00000, 0x0000000083b00000| Untracked 
|  60|0x0000000083c00000, 0x0000000083d00000, 0x0000000083d00000|100%| O|  |TAMS 0x0000000083c00000, 0x0000000083c00000| Untracked 
|  61|0x0000000083d00000, 0x0000000083e00000, 0x0000000083e00000|100%| O|  |TAMS 0x0000000083d00000, 0x0000000083d00000| Untracked 
|  62|0x0000000083e00000, 0x0000000083f00000, 0x0000000083f00000|100%| O|  |TAMS 0x0000000083e00000, 0x0000000083e00000| Untracked 
|  63|0x0000000083f00000, 0x0000000084000000, 0x0000000084000000|100%| O|  |TAMS 0x0000000083f00000, 0x0000000083f00000| Untracked 
|  64|0x0000000084000000, 0x0000000084100000, 0x0000000084100000|100%| O|  |TAMS 0x0000000084000000, 0x0000000084000000| Untracked 
|  65|0x0000000084100000, 0x0000000084200000, 0x0000000084200000|100%| O|  |TAMS 0x0000000084100000, 0x0000000084100000| Untracked 
|  66|0x0000000084200000, 0x0000000084300000, 0x0000000084300000|100%| O|  |TAMS 0x0000000084200000, 0x0000000084200000| Untracked 
|  67|0x0000000084300000, 0x0000000084400000, 0x0000000084400000|100%| O|  |TAMS 0x0000000084300000, 0x0000000084300000| Untracked 
|  68|0x0000000084400000, 0x0000000084500000, 0x0000000084500000|100%| O|  |TAMS 0x0000000084400000, 0x0000000084400000| Untracked 
|  69|0x0000000084500000, 0x0000000084600000, 0x0000000084600000|100%| O|  |TAMS 0x0000000084500000, 0x0000000084500000| Untracked 
|  70|0x0000000084600000, 0x0000000084700000, 0x0000000084700000|100%| O|  |TAMS 0x0000000084600000, 0x0000000084600000| Untracked 
|  71|0x0000000084700000, 0x0000000084800000, 0x0000000084800000|100%| O|  |TAMS 0x0000000084700000, 0x0000000084700000| Untracked 
|  72|0x0000000084800000, 0x0000000084900000, 0x0000000084900000|100%| O|  |TAMS 0x0000000084800000, 0x0000000084800000| Untracked 
|  73|0x0000000084900000, 0x0000000084a00000, 0x0000000084a00000|100%| O|  |TAMS 0x0000000084900000, 0x0000000084900000| Untracked 
|  74|0x0000000084a00000, 0x0000000084b00000, 0x0000000084b00000|100%| O|  |TAMS 0x0000000084a00000, 0x0000000084a00000| Untracked 
|  75|0x0000000084b00000, 0x0000000084bf4c00, 0x0000000084c00000| 95%| O|  |TAMS 0x0000000084b00000, 0x0000000084b00000| Untracked 
|  76|0x0000000084c00000, 0x0000000084d00000, 0x0000000084d00000|100%|HS|  |TAMS 0x0000000084c00000, 0x0000000084c00000| Complete 
|  77|0x0000000084d00000, 0x0000000084e00000, 0x0000000084e00000|100%|HC|  |TAMS 0x0000000084d00000, 0x0000000084d00000| Complete 
|  78|0x0000000084e00000, 0x0000000084e00000, 0x0000000084f00000|  0%| F|  |TAMS 0x0000000084e00000, 0x0000000084e00000| Untracked 
|  79|0x0000000084f00000, 0x0000000084f00000, 0x0000000085000000|  0%| F|  |TAMS 0x0000000084f00000, 0x0000000084f00000| Untracked 
|  80|0x0000000085000000, 0x0000000085000000, 0x0000000085100000|  0%| F|  |TAMS 0x0000000085000000, 0x0000000085000000| Untracked 
|  81|0x0000000085100000, 0x0000000085100000, 0x0000000085200000|  0%| F|  |TAMS 0x0000000085100000, 0x0000000085100000| Untracked 
|  82|0x0000000085200000, 0x0000000085200000, 0x0000000085300000|  0%| F|  |TAMS 0x0000000085200000, 0x0000000085200000| Untracked 
|  83|0x0000000085300000, 0x0000000085300000, 0x0000000085400000|  0%| F|  |TAMS 0x0000000085300000, 0x0000000085300000| Untracked 
|  84|0x0000000085400000, 0x0000000085400000, 0x0000000085500000|  0%| F|  |TAMS 0x0000000085400000, 0x0000000085400000| Untracked 
|  85|0x0000000085500000, 0x0000000085500000, 0x0000000085600000|  0%| F|  |TAMS 0x0000000085500000, 0x0000000085500000| Untracked 
|  86|0x0000000085600000, 0x0000000085600000, 0x0000000085700000|  0%| F|  |TAMS 0x0000000085600000, 0x0000000085600000| Untracked 
|  87|0x0000000085700000, 0x0000000085700000, 0x0000000085800000|  0%| F|  |TAMS 0x0000000085700000, 0x0000000085700000| Untracked 
|  88|0x0000000085800000, 0x0000000085800000, 0x0000000085900000|  0%| F|  |TAMS 0x0000000085800000, 0x0000000085800000| Untracked 
|  89|0x0000000085900000, 0x0000000085900000, 0x0000000085a00000|  0%| F|  |TAMS 0x0000000085900000, 0x0000000085900000| Untracked 
|  90|0x0000000085a00000, 0x0000000085a00000, 0x0000000085b00000|  0%| F|  |TAMS 0x0000000085a00000, 0x0000000085a00000| Untracked 
|  91|0x0000000085b00000, 0x0000000085b00000, 0x0000000085c00000|  0%| F|  |TAMS 0x0000000085b00000, 0x0000000085b00000| Untracked 
|  92|0x0000000085c00000, 0x0000000085c00000, 0x0000000085d00000|  0%| F|  |TAMS 0x0000000085c00000, 0x0000000085c00000| Untracked 
|  93|0x0000000085d00000, 0x0000000085d00000, 0x0000000085e00000|  0%| F|  |TAMS 0x0000000085d00000, 0x0000000085d00000| Untracked 
|  94|0x0000000085e00000, 0x0000000085e00000, 0x0000000085f00000|  0%| F|  |TAMS 0x0000000085e00000, 0x0000000085e00000| Untracked 
|  95|0x0000000085f00000, 0x0000000085f00000, 0x0000000086000000|  0%| F|  |TAMS 0x0000000085f00000, 0x0000000085f00000| Untracked 
|  96|0x0000000086000000, 0x0000000086000000, 0x0000000086100000|  0%| F|  |TAMS 0x0000000086000000, 0x0000000086000000| Untracked 
|  97|0x0000000086100000, 0x0000000086100000, 0x0000000086200000|  0%| F|  |TAMS 0x0000000086100000, 0x0000000086100000| Untracked 
|  98|0x0000000086200000, 0x0000000086200000, 0x0000000086300000|  0%| F|  |TAMS 0x0000000086200000, 0x0000000086200000| Untracked 
|  99|0x0000000086300000, 0x0000000086300000, 0x0000000086400000|  0%| F|  |TAMS 0x0000000086300000, 0x0000000086300000| Untracked 
| 100|0x0000000086400000, 0x0000000086400000, 0x0000000086500000|  0%| F|  |TAMS 0x0000000086400000, 0x0000000086400000| Untracked 
| 101|0x0000000086500000, 0x0000000086500000, 0x0000000086600000|  0%| F|  |TAMS 0x0000000086500000, 0x0000000086500000| Untracked 
| 102|0x0000000086600000, 0x0000000086600000, 0x0000000086700000|  0%| F|  |TAMS 0x0000000086600000, 0x0000000086600000| Untracked 
| 103|0x0000000086700000, 0x0000000086700000, 0x0000000086800000|  0%| F|  |TAMS 0x0000000086700000, 0x0000000086700000| Untracked 
| 104|0x0000000086800000, 0x0000000086800000, 0x0000000086900000|  0%| F|  |TAMS 0x0000000086800000, 0x0000000086800000| Untracked 
| 105|0x0000000086900000, 0x0000000086900000, 0x0000000086a00000|  0%| F|  |TAMS 0x0000000086900000, 0x0000000086900000| Untracked 
| 106|0x0000000086a00000, 0x0000000086a00000, 0x0000000086b00000|  0%| F|  |TAMS 0x0000000086a00000, 0x0000000086a00000| Untracked 
| 107|0x0000000086b00000, 0x0000000086b00000, 0x0000000086c00000|  0%| F|  |TAMS 0x0000000086b00000, 0x0000000086b00000| Untracked 
| 108|0x0000000086c00000, 0x0000000086c00000, 0x0000000086d00000|  0%| F|  |TAMS 0x0000000086c00000, 0x0000000086c00000| Untracked 
| 109|0x0000000086d00000, 0x0000000086d00000, 0x0000000086e00000|  0%| F|  |TAMS 0x0000000086d00000, 0x0000000086d00000| Untracked 
| 110|0x0000000086e00000, 0x0000000086e00000, 0x0000000086f00000|  0%| F|  |TAMS 0x0000000086e00000, 0x0000000086e00000| Untracked 
| 111|0x0000000086f00000, 0x0000000086f00000, 0x0000000087000000|  0%| F|  |TAMS 0x0000000086f00000, 0x0000000086f00000| Untracked 
| 112|0x0000000087000000, 0x0000000087000000, 0x0000000087100000|  0%| F|  |TAMS 0x0000000087000000, 0x0000000087000000| Untracked 
| 113|0x0000000087100000, 0x0000000087100000, 0x0000000087200000|  0%| F|  |TAMS 0x0000000087100000, 0x0000000087100000| Untracked 
| 114|0x0000000087200000, 0x0000000087200000, 0x0000000087300000|  0%| F|  |TAMS 0x0000000087200000, 0x0000000087200000| Untracked 
| 115|0x0000000087300000, 0x0000000087300000, 0x0000000087400000|  0%| F|  |TAMS 0x0000000087300000, 0x0000000087300000| Untracked 
| 116|0x0000000087400000, 0x0000000087400000, 0x0000000087500000|  0%| F|  |TAMS 0x0000000087400000, 0x0000000087400000| Untracked 
| 117|0x0000000087500000, 0x0000000087500000, 0x0000000087600000|  0%| F|  |TAMS 0x0000000087500000, 0x0000000087500000| Untracked 
| 118|0x0000000087600000, 0x0000000087600000, 0x0000000087700000|  0%| F|  |TAMS 0x0000000087600000, 0x0000000087600000| Untracked 
| 119|0x0000000087700000, 0x0000000087700000, 0x0000000087800000|  0%| F|  |TAMS 0x0000000087700000, 0x0000000087700000| Untracked 
| 120|0x0000000087800000, 0x0000000087800000, 0x0000000087900000|  0%| F|  |TAMS 0x0000000087800000, 0x0000000087800000| Untracked 
| 121|0x0000000087900000, 0x0000000087900000, 0x0000000087a00000|  0%| F|  |TAMS 0x0000000087900000, 0x0000000087900000| Untracked 
| 122|0x0000000087a00000, 0x0000000087a00000, 0x0000000087b00000|  0%| F|  |TAMS 0x0000000087a00000, 0x0000000087a00000| Untracked 
| 123|0x0000000087b00000, 0x0000000087bab5b8, 0x0000000087c00000| 66%| S|CS|TAMS 0x0000000087b00000, 0x0000000087b00000| Complete 
| 124|0x0000000087c00000, 0x0000000087d00000, 0x0000000087d00000|100%| S|CS|TAMS 0x0000000087c00000, 0x0000000087c00000| Complete 
| 125|0x0000000087d00000, 0x0000000087e00000, 0x0000000087e00000|100%| S|CS|TAMS 0x0000000087d00000, 0x0000000087d00000| Complete 
| 126|0x0000000087e00000, 0x0000000087f00000, 0x0000000087f00000|100%| S|CS|TAMS 0x0000000087e00000, 0x0000000087e00000| Complete 
| 127|0x0000000087f00000, 0x0000000088000000, 0x0000000088000000|100%| S|CS|TAMS 0x0000000087f00000, 0x0000000087f00000| Complete 
| 128|0x0000000088000000, 0x0000000088100000, 0x0000000088100000|100%| S|CS|TAMS 0x0000000088000000, 0x0000000088000000| Complete 
| 129|0x0000000088100000, 0x0000000088200000, 0x0000000088200000|100%| S|CS|TAMS 0x0000000088100000, 0x0000000088100000| Complete 
| 130|0x0000000088200000, 0x0000000088300000, 0x0000000088300000|100%| S|CS|TAMS 0x0000000088200000, 0x0000000088200000| Complete 
| 131|0x0000000088300000, 0x0000000088300000, 0x0000000088400000|  0%| F|  |TAMS 0x0000000088300000, 0x0000000088300000| Untracked 
| 132|0x0000000088400000, 0x0000000088400000, 0x0000000088500000|  0%| F|  |TAMS 0x0000000088400000, 0x0000000088400000| Untracked 
| 133|0x0000000088500000, 0x0000000088500000, 0x0000000088600000|  0%| F|  |TAMS 0x0000000088500000, 0x0000000088500000| Untracked 
| 134|0x0000000088600000, 0x0000000088600000, 0x0000000088700000|  0%| F|  |TAMS 0x0000000088600000, 0x0000000088600000| Untracked 
| 135|0x0000000088700000, 0x0000000088700000, 0x0000000088800000|  0%| F|  |TAMS 0x0000000088700000, 0x0000000088700000| Untracked 
| 136|0x0000000088800000, 0x0000000088800000, 0x0000000088900000|  0%| F|  |TAMS 0x0000000088800000, 0x0000000088800000| Untracked 
| 137|0x0000000088900000, 0x0000000088900000, 0x0000000088a00000|  0%| F|  |TAMS 0x0000000088900000, 0x0000000088900000| Untracked 
| 138|0x0000000088a00000, 0x0000000088a00000, 0x0000000088b00000|  0%| F|  |TAMS 0x0000000088a00000, 0x0000000088a00000| Untracked 
| 139|0x0000000088b00000, 0x0000000088b00000, 0x0000000088c00000|  0%| F|  |TAMS 0x0000000088b00000, 0x0000000088b00000| Untracked 
| 140|0x0000000088c00000, 0x0000000088c00000, 0x0000000088d00000|  0%| F|  |TAMS 0x0000000088c00000, 0x0000000088c00000| Untracked 
| 141|0x0000000088d00000, 0x0000000088d00000, 0x0000000088e00000|  0%| F|  |TAMS 0x0000000088d00000, 0x0000000088d00000| Untracked 
| 142|0x0000000088e00000, 0x0000000088e00000, 0x0000000088f00000|  0%| F|  |TAMS 0x0000000088e00000, 0x0000000088e00000| Untracked 
| 143|0x0000000088f00000, 0x0000000088f00000, 0x0000000089000000|  0%| F|  |TAMS 0x0000000088f00000, 0x0000000088f00000| Untracked 
| 144|0x0000000089000000, 0x0000000089000000, 0x0000000089100000|  0%| F|  |TAMS 0x0000000089000000, 0x0000000089000000| Untracked 
| 145|0x0000000089100000, 0x0000000089100000, 0x0000000089200000|  0%| F|  |TAMS 0x0000000089100000, 0x0000000089100000| Untracked 
| 146|0x0000000089200000, 0x0000000089200000, 0x0000000089300000|  0%| F|  |TAMS 0x0000000089200000, 0x0000000089200000| Untracked 
| 147|0x0000000089300000, 0x0000000089300000, 0x0000000089400000|  0%| F|  |TAMS 0x0000000089300000, 0x0000000089300000| Untracked 
| 148|0x0000000089400000, 0x0000000089400000, 0x0000000089500000|  0%| F|  |TAMS 0x0000000089400000, 0x0000000089400000| Untracked 
| 149|0x0000000089500000, 0x0000000089500000, 0x0000000089600000|  0%| F|  |TAMS 0x0000000089500000, 0x0000000089500000| Untracked 
| 150|0x0000000089600000, 0x0000000089600000, 0x0000000089700000|  0%| F|  |TAMS 0x0000000089600000, 0x0000000089600000| Untracked 
| 151|0x0000000089700000, 0x0000000089700000, 0x0000000089800000|  0%| F|  |TAMS 0x0000000089700000, 0x0000000089700000| Untracked 
| 152|0x0000000089800000, 0x0000000089800000, 0x0000000089900000|  0%| F|  |TAMS 0x0000000089800000, 0x0000000089800000| Untracked 
| 153|0x0000000089900000, 0x0000000089900000, 0x0000000089a00000|  0%| F|  |TAMS 0x0000000089900000, 0x0000000089900000| Untracked 
| 154|0x0000000089a00000, 0x0000000089a00000, 0x0000000089b00000|  0%| F|  |TAMS 0x0000000089a00000, 0x0000000089a00000| Untracked 
| 155|0x0000000089b00000, 0x0000000089b00000, 0x0000000089c00000|  0%| F|  |TAMS 0x0000000089b00000, 0x0000000089b00000| Untracked 
| 156|0x0000000089c00000, 0x0000000089c00000, 0x0000000089d00000|  0%| F|  |TAMS 0x0000000089c00000, 0x0000000089c00000| Untracked 
| 157|0x0000000089d00000, 0x0000000089d00000, 0x0000000089e00000|  0%| F|  |TAMS 0x0000000089d00000, 0x0000000089d00000| Untracked 
| 158|0x0000000089e00000, 0x0000000089e00000, 0x0000000089f00000|  0%| F|  |TAMS 0x0000000089e00000, 0x0000000089e00000| Untracked 
| 159|0x0000000089f00000, 0x0000000089f00000, 0x000000008a000000|  0%| F|  |TAMS 0x0000000089f00000, 0x0000000089f00000| Untracked 
| 160|0x000000008a000000, 0x000000008a000000, 0x000000008a100000|  0%| F|  |TAMS 0x000000008a000000, 0x000000008a000000| Untracked 
| 161|0x000000008a100000, 0x000000008a100000, 0x000000008a200000|  0%| F|  |TAMS 0x000000008a100000, 0x000000008a100000| Untracked 
| 162|0x000000008a200000, 0x000000008a200000, 0x000000008a300000|  0%| F|  |TAMS 0x000000008a200000, 0x000000008a200000| Untracked 
| 163|0x000000008a300000, 0x000000008a300000, 0x000000008a400000|  0%| F|  |TAMS 0x000000008a300000, 0x000000008a300000| Untracked 
| 164|0x000000008a400000, 0x000000008a400000, 0x000000008a500000|  0%| F|  |TAMS 0x000000008a400000, 0x000000008a400000| Untracked 
| 165|0x000000008a500000, 0x000000008a500000, 0x000000008a600000|  0%| F|  |TAMS 0x000000008a500000, 0x000000008a500000| Untracked 
| 166|0x000000008a600000, 0x000000008a600000, 0x000000008a700000|  0%| F|  |TAMS 0x000000008a600000, 0x000000008a600000| Untracked 
| 167|0x000000008a700000, 0x000000008a700000, 0x000000008a800000|  0%| F|  |TAMS 0x000000008a700000, 0x000000008a700000| Untracked 
| 168|0x000000008a800000, 0x000000008a800000, 0x000000008a900000|  0%| F|  |TAMS 0x000000008a800000, 0x000000008a800000| Untracked 
| 169|0x000000008a900000, 0x000000008a900000, 0x000000008aa00000|  0%| F|  |TAMS 0x000000008a900000, 0x000000008a900000| Untracked 
| 170|0x000000008aa00000, 0x000000008aa00000, 0x000000008ab00000|  0%| F|  |TAMS 0x000000008aa00000, 0x000000008aa00000| Untracked 
| 171|0x000000008ab00000, 0x000000008ab00000, 0x000000008ac00000|  0%| F|  |TAMS 0x000000008ab00000, 0x000000008ab00000| Untracked 
| 172|0x000000008ac00000, 0x000000008ac00000, 0x000000008ad00000|  0%| F|  |TAMS 0x000000008ac00000, 0x000000008ac00000| Untracked 
| 173|0x000000008ad00000, 0x000000008ad00000, 0x000000008ae00000|  0%| F|  |TAMS 0x000000008ad00000, 0x000000008ad00000| Untracked 
| 174|0x000000008ae00000, 0x000000008ae00000, 0x000000008af00000|  0%| F|  |TAMS 0x000000008ae00000, 0x000000008ae00000| Untracked 
| 175|0x000000008af00000, 0x000000008af00000, 0x000000008b000000|  0%| F|  |TAMS 0x000000008af00000, 0x000000008af00000| Untracked 
| 176|0x000000008b000000, 0x000000008b000000, 0x000000008b100000|  0%| F|  |TAMS 0x000000008b000000, 0x000000008b000000| Untracked 
| 177|0x000000008b100000, 0x000000008b100000, 0x000000008b200000|  0%| F|  |TAMS 0x000000008b100000, 0x000000008b100000| Untracked 
| 178|0x000000008b200000, 0x000000008b200000, 0x000000008b300000|  0%| F|  |TAMS 0x000000008b200000, 0x000000008b200000| Untracked 
| 179|0x000000008b300000, 0x000000008b300000, 0x000000008b400000|  0%| F|  |TAMS 0x000000008b300000, 0x000000008b300000| Untracked 
| 180|0x000000008b400000, 0x000000008b400000, 0x000000008b500000|  0%| F|  |TAMS 0x000000008b400000, 0x000000008b400000| Untracked 
| 181|0x000000008b500000, 0x000000008b500000, 0x000000008b600000|  0%| F|  |TAMS 0x000000008b500000, 0x000000008b500000| Untracked 
| 182|0x000000008b600000, 0x000000008b600000, 0x000000008b700000|  0%| F|  |TAMS 0x000000008b600000, 0x000000008b600000| Untracked 
| 183|0x000000008b700000, 0x000000008b700000, 0x000000008b800000|  0%| F|  |TAMS 0x000000008b700000, 0x000000008b700000| Untracked 
| 184|0x000000008b800000, 0x000000008b800000, 0x000000008b900000|  0%| F|  |TAMS 0x000000008b800000, 0x000000008b800000| Untracked 
| 185|0x000000008b900000, 0x000000008b900000, 0x000000008ba00000|  0%| F|  |TAMS 0x000000008b900000, 0x000000008b900000| Untracked 
| 186|0x000000008ba00000, 0x000000008ba00000, 0x000000008bb00000|  0%| F|  |TAMS 0x000000008ba00000, 0x000000008ba00000| Untracked 
| 187|0x000000008bb00000, 0x000000008bb00000, 0x000000008bc00000|  0%| F|  |TAMS 0x000000008bb00000, 0x000000008bb00000| Untracked 
| 188|0x000000008bc00000, 0x000000008bc00000, 0x000000008bd00000|  0%| F|  |TAMS 0x000000008bc00000, 0x000000008bc00000| Untracked 
| 189|0x000000008bd00000, 0x000000008bd00000, 0x000000008be00000|  0%| F|  |TAMS 0x000000008bd00000, 0x000000008bd00000| Untracked 
| 190|0x000000008be00000, 0x000000008be00000, 0x000000008bf00000|  0%| F|  |TAMS 0x000000008be00000, 0x000000008be00000| Untracked 
| 191|0x000000008bf00000, 0x000000008bf00000, 0x000000008c000000|  0%| F|  |TAMS 0x000000008bf00000, 0x000000008bf00000| Untracked 
| 192|0x000000008c000000, 0x000000008c000000, 0x000000008c100000|  0%| F|  |TAMS 0x000000008c000000, 0x000000008c000000| Untracked 
| 193|0x000000008c100000, 0x000000008c100000, 0x000000008c200000|  0%| F|  |TAMS 0x000000008c100000, 0x000000008c100000| Untracked 
| 194|0x000000008c200000, 0x000000008c200000, 0x000000008c300000|  0%| F|  |TAMS 0x000000008c200000, 0x000000008c200000| Untracked 
| 195|0x000000008c300000, 0x000000008c300000, 0x000000008c400000|  0%| F|  |TAMS 0x000000008c300000, 0x000000008c300000| Untracked 
| 196|0x000000008c400000, 0x000000008c400000, 0x000000008c500000|  0%| F|  |TAMS 0x000000008c400000, 0x000000008c400000| Untracked 
| 197|0x000000008c500000, 0x000000008c500000, 0x000000008c600000|  0%| F|  |TAMS 0x000000008c500000, 0x000000008c500000| Untracked 
| 198|0x000000008c600000, 0x000000008c600000, 0x000000008c700000|  0%| F|  |TAMS 0x000000008c600000, 0x000000008c600000| Untracked 
| 199|0x000000008c700000, 0x000000008c700000, 0x000000008c800000|  0%| F|  |TAMS 0x000000008c700000, 0x000000008c700000| Untracked 
| 200|0x000000008c800000, 0x000000008c800000, 0x000000008c900000|  0%| F|  |TAMS 0x000000008c800000, 0x000000008c800000| Untracked 
| 201|0x000000008c900000, 0x000000008c900000, 0x000000008ca00000|  0%| F|  |TAMS 0x000000008c900000, 0x000000008c900000| Untracked 
| 202|0x000000008ca00000, 0x000000008ca00000, 0x000000008cb00000|  0%| F|  |TAMS 0x000000008ca00000, 0x000000008ca00000| Untracked 
| 203|0x000000008cb00000, 0x000000008cb00000, 0x000000008cc00000|  0%| F|  |TAMS 0x000000008cb00000, 0x000000008cb00000| Untracked 
| 204|0x000000008cc00000, 0x000000008cc00000, 0x000000008cd00000|  0%| F|  |TAMS 0x000000008cc00000, 0x000000008cc00000| Untracked 
| 205|0x000000008cd00000, 0x000000008cd00000, 0x000000008ce00000|  0%| F|  |TAMS 0x000000008cd00000, 0x000000008cd00000| Untracked 
| 206|0x000000008ce00000, 0x000000008ce00000, 0x000000008cf00000|  0%| F|  |TAMS 0x000000008ce00000, 0x000000008ce00000| Untracked 
| 207|0x000000008cf00000, 0x000000008cf00000, 0x000000008d000000|  0%| F|  |TAMS 0x000000008cf00000, 0x000000008cf00000| Untracked 
| 208|0x000000008d000000, 0x000000008d000000, 0x000000008d100000|  0%| F|  |TAMS 0x000000008d000000, 0x000000008d000000| Untracked 
| 209|0x000000008d100000, 0x000000008d100000, 0x000000008d200000|  0%| F|  |TAMS 0x000000008d100000, 0x000000008d100000| Untracked 
| 210|0x000000008d200000, 0x000000008d200000, 0x000000008d300000|  0%| F|  |TAMS 0x000000008d200000, 0x000000008d200000| Untracked 
| 211|0x000000008d300000, 0x000000008d300000, 0x000000008d400000|  0%| F|  |TAMS 0x000000008d300000, 0x000000008d300000| Untracked 
| 212|0x000000008d400000, 0x000000008d400000, 0x000000008d500000|  0%| F|  |TAMS 0x000000008d400000, 0x000000008d400000| Untracked 
| 213|0x000000008d500000, 0x000000008d500000, 0x000000008d600000|  0%| F|  |TAMS 0x000000008d500000, 0x000000008d500000| Untracked 
| 214|0x000000008d600000, 0x000000008d600000, 0x000000008d700000|  0%| F|  |TAMS 0x000000008d600000, 0x000000008d600000| Untracked 
| 215|0x000000008d700000, 0x000000008d700000, 0x000000008d800000|  0%| F|  |TAMS 0x000000008d700000, 0x000000008d700000| Untracked 
| 216|0x000000008d800000, 0x000000008d800000, 0x000000008d900000|  0%| F|  |TAMS 0x000000008d800000, 0x000000008d800000| Untracked 
| 217|0x000000008d900000, 0x000000008d900000, 0x000000008da00000|  0%| F|  |TAMS 0x000000008d900000, 0x000000008d900000| Untracked 
| 218|0x000000008da00000, 0x000000008da00000, 0x000000008db00000|  0%| F|  |TAMS 0x000000008da00000, 0x000000008da00000| Untracked 
| 219|0x000000008db00000, 0x000000008db00000, 0x000000008dc00000|  0%| F|  |TAMS 0x000000008db00000, 0x000000008db00000| Untracked 
| 220|0x000000008dc00000, 0x000000008dc00000, 0x000000008dd00000|  0%| F|  |TAMS 0x000000008dc00000, 0x000000008dc00000| Untracked 
| 221|0x000000008dd00000, 0x000000008dd00000, 0x000000008de00000|  0%| F|  |TAMS 0x000000008dd00000, 0x000000008dd00000| Untracked 
| 222|0x000000008de00000, 0x000000008de00000, 0x000000008df00000|  0%| F|  |TAMS 0x000000008de00000, 0x000000008de00000| Untracked 
| 223|0x000000008df00000, 0x000000008df00000, 0x000000008e000000|  0%| F|  |TAMS 0x000000008df00000, 0x000000008df00000| Untracked 
| 224|0x000000008e000000, 0x000000008e000000, 0x000000008e100000|  0%| F|  |TAMS 0x000000008e000000, 0x000000008e000000| Untracked 
| 225|0x000000008e100000, 0x000000008e100000, 0x000000008e200000|  0%| F|  |TAMS 0x000000008e100000, 0x000000008e100000| Untracked 
| 226|0x000000008e200000, 0x000000008e200000, 0x000000008e300000|  0%| F|  |TAMS 0x000000008e200000, 0x000000008e200000| Untracked 
| 227|0x000000008e300000, 0x000000008e300000, 0x000000008e400000|  0%| F|  |TAMS 0x000000008e300000, 0x000000008e300000| Untracked 
| 228|0x000000008e400000, 0x000000008e400000, 0x000000008e500000|  0%| F|  |TAMS 0x000000008e400000, 0x000000008e400000| Untracked 
| 229|0x000000008e500000, 0x000000008e500000, 0x000000008e600000|  0%| F|  |TAMS 0x000000008e500000, 0x000000008e500000| Untracked 
| 230|0x000000008e600000, 0x000000008e600000, 0x000000008e700000|  0%| F|  |TAMS 0x000000008e600000, 0x000000008e600000| Untracked 
| 231|0x000000008e700000, 0x000000008e700000, 0x000000008e800000|  0%| F|  |TAMS 0x000000008e700000, 0x000000008e700000| Untracked 
| 232|0x000000008e800000, 0x000000008e800000, 0x000000008e900000|  0%| F|  |TAMS 0x000000008e800000, 0x000000008e800000| Untracked 
| 233|0x000000008e900000, 0x000000008e900000, 0x000000008ea00000|  0%| F|  |TAMS 0x000000008e900000, 0x000000008e900000| Untracked 
| 234|0x000000008ea00000, 0x000000008ea00000, 0x000000008eb00000|  0%| F|  |TAMS 0x000000008ea00000, 0x000000008ea00000| Untracked 
| 235|0x000000008eb00000, 0x000000008eb00000, 0x000000008ec00000|  0%| F|  |TAMS 0x000000008eb00000, 0x000000008eb00000| Untracked 
| 236|0x000000008ec00000, 0x000000008ec00000, 0x000000008ed00000|  0%| F|  |TAMS 0x000000008ec00000, 0x000000008ec00000| Untracked 
| 237|0x000000008ed00000, 0x000000008ed00000, 0x000000008ee00000|  0%| F|  |TAMS 0x000000008ed00000, 0x000000008ed00000| Untracked 
| 238|0x000000008ee00000, 0x000000008ee00000, 0x000000008ef00000|  0%| F|  |TAMS 0x000000008ee00000, 0x000000008ee00000| Untracked 
| 239|0x000000008ef00000, 0x000000008ef00000, 0x000000008f000000|  0%| F|  |TAMS 0x000000008ef00000, 0x000000008ef00000| Untracked 
| 240|0x000000008f000000, 0x000000008f000000, 0x000000008f100000|  0%| F|  |TAMS 0x000000008f000000, 0x000000008f000000| Untracked 
| 241|0x000000008f100000, 0x000000008f100000, 0x000000008f200000|  0%| F|  |TAMS 0x000000008f100000, 0x000000008f100000| Untracked 
| 242|0x000000008f200000, 0x000000008f200000, 0x000000008f300000|  0%| F|  |TAMS 0x000000008f200000, 0x000000008f200000| Untracked 
| 243|0x000000008f300000, 0x000000008f300000, 0x000000008f400000|  0%| F|  |TAMS 0x000000008f300000, 0x000000008f300000| Untracked 
| 244|0x000000008f400000, 0x000000008f400000, 0x000000008f500000|  0%| F|  |TAMS 0x000000008f400000, 0x000000008f400000| Untracked 
| 245|0x000000008f500000, 0x000000008f500000, 0x000000008f600000|  0%| F|  |TAMS 0x000000008f500000, 0x000000008f500000| Untracked 
| 246|0x000000008f600000, 0x000000008f600000, 0x000000008f700000|  0%| F|  |TAMS 0x000000008f600000, 0x000000008f600000| Untracked 
| 247|0x000000008f700000, 0x000000008f700000, 0x000000008f800000|  0%| F|  |TAMS 0x000000008f700000, 0x000000008f700000| Untracked 
| 248|0x000000008f800000, 0x000000008f800000, 0x000000008f900000|  0%| F|  |TAMS 0x000000008f800000, 0x000000008f800000| Untracked 
| 249|0x000000008f900000, 0x000000008f900000, 0x000000008fa00000|  0%| F|  |TAMS 0x000000008f900000, 0x000000008f900000| Untracked 
| 250|0x000000008fa00000, 0x000000008fa00000, 0x000000008fb00000|  0%| F|  |TAMS 0x000000008fa00000, 0x000000008fa00000| Untracked 
| 251|0x000000008fb00000, 0x000000008fb00000, 0x000000008fc00000|  0%| F|  |TAMS 0x000000008fb00000, 0x000000008fb00000| Untracked 
| 252|0x000000008fc00000, 0x000000008fc00000, 0x000000008fd00000|  0%| F|  |TAMS 0x000000008fc00000, 0x000000008fc00000| Untracked 
| 253|0x000000008fd00000, 0x000000008fd00000, 0x000000008fe00000|  0%| F|  |TAMS 0x000000008fd00000, 0x000000008fd00000| Untracked 
| 254|0x000000008fe00000, 0x000000008fe00000, 0x000000008ff00000|  0%| F|  |TAMS 0x000000008fe00000, 0x000000008fe00000| Untracked 
| 255|0x000000008ff00000, 0x000000008ff00000, 0x0000000090000000|  0%| F|  |TAMS 0x000000008ff00000, 0x000000008ff00000| Untracked 
| 256|0x0000000090000000, 0x0000000090000000, 0x0000000090100000|  0%| F|  |TAMS 0x0000000090000000, 0x0000000090000000| Untracked 
| 257|0x0000000090100000, 0x0000000090100000, 0x0000000090200000|  0%| F|  |TAMS 0x0000000090100000, 0x0000000090100000| Untracked 
| 258|0x0000000090200000, 0x0000000090200000, 0x0000000090300000|  0%| F|  |TAMS 0x0000000090200000, 0x0000000090200000| Untracked 
| 259|0x0000000090300000, 0x0000000090300000, 0x0000000090400000|  0%| F|  |TAMS 0x0000000090300000, 0x0000000090300000| Untracked 
| 260|0x0000000090400000, 0x0000000090400000, 0x0000000090500000|  0%| F|  |TAMS 0x0000000090400000, 0x0000000090400000| Untracked 
| 261|0x0000000090500000, 0x0000000090500000, 0x0000000090600000|  0%| F|  |TAMS 0x0000000090500000, 0x0000000090500000| Untracked 
| 262|0x0000000090600000, 0x0000000090600000, 0x0000000090700000|  0%| F|  |TAMS 0x0000000090600000, 0x0000000090600000| Untracked 
| 263|0x0000000090700000, 0x0000000090700000, 0x0000000090800000|  0%| F|  |TAMS 0x0000000090700000, 0x0000000090700000| Untracked 
| 264|0x0000000090800000, 0x0000000090800000, 0x0000000090900000|  0%| F|  |TAMS 0x0000000090800000, 0x0000000090800000| Untracked 
| 265|0x0000000090900000, 0x0000000090900000, 0x0000000090a00000|  0%| F|  |TAMS 0x0000000090900000, 0x0000000090900000| Untracked 
| 266|0x0000000090a00000, 0x0000000090a00000, 0x0000000090b00000|  0%| F|  |TAMS 0x0000000090a00000, 0x0000000090a00000| Untracked 
| 267|0x0000000090b00000, 0x0000000090b8c2b8, 0x0000000090c00000| 54%| E|  |TAMS 0x0000000090b00000, 0x0000000090b00000| Complete 
| 268|0x0000000090c00000, 0x0000000090d00000, 0x0000000090d00000|100%| E|CS|TAMS 0x0000000090c00000, 0x0000000090c00000| Complete 
| 269|0x0000000090d00000, 0x0000000090e00000, 0x0000000090e00000|100%| E|CS|TAMS 0x0000000090d00000, 0x0000000090d00000| Complete 
| 270|0x0000000090e00000, 0x0000000090f00000, 0x0000000090f00000|100%| E|CS|TAMS 0x0000000090e00000, 0x0000000090e00000| Complete 
| 271|0x0000000090f00000, 0x0000000091000000, 0x0000000091000000|100%| E|CS|TAMS 0x0000000090f00000, 0x0000000090f00000| Complete 
| 272|0x0000000091000000, 0x0000000091100000, 0x0000000091100000|100%| E|CS|TAMS 0x0000000091000000, 0x0000000091000000| Complete 
| 273|0x0000000091100000, 0x0000000091200000, 0x0000000091200000|100%| E|CS|TAMS 0x0000000091100000, 0x0000000091100000| Complete 
| 274|0x0000000091200000, 0x0000000091300000, 0x0000000091300000|100%| E|CS|TAMS 0x0000000091200000, 0x0000000091200000| Complete 
| 275|0x0000000091300000, 0x0000000091400000, 0x0000000091400000|100%| E|CS|TAMS 0x0000000091300000, 0x0000000091300000| Complete 
| 276|0x0000000091400000, 0x0000000091500000, 0x0000000091500000|100%| E|CS|TAMS 0x0000000091400000, 0x0000000091400000| Complete 
| 277|0x0000000091500000, 0x0000000091600000, 0x0000000091600000|100%| E|CS|TAMS 0x0000000091500000, 0x0000000091500000| Complete 
| 278|0x0000000091600000, 0x0000000091700000, 0x0000000091700000|100%| E|CS|TAMS 0x0000000091600000, 0x0000000091600000| Complete 
| 279|0x0000000091700000, 0x0000000091800000, 0x0000000091800000|100%| E|CS|TAMS 0x0000000091700000, 0x0000000091700000| Complete 
| 280|0x0000000091800000, 0x0000000091900000, 0x0000000091900000|100%| E|CS|TAMS 0x0000000091800000, 0x0000000091800000| Complete 
| 281|0x0000000091900000, 0x0000000091a00000, 0x0000000091a00000|100%| E|CS|TAMS 0x0000000091900000, 0x0000000091900000| Complete 
| 282|0x0000000091a00000, 0x0000000091b00000, 0x0000000091b00000|100%| E|CS|TAMS 0x0000000091a00000, 0x0000000091a00000| Complete 
| 283|0x0000000091b00000, 0x0000000091c00000, 0x0000000091c00000|100%| E|CS|TAMS 0x0000000091b00000, 0x0000000091b00000| Complete 
| 284|0x0000000091c00000, 0x0000000091d00000, 0x0000000091d00000|100%| E|CS|TAMS 0x0000000091c00000, 0x0000000091c00000| Complete 
| 285|0x0000000091d00000, 0x0000000091e00000, 0x0000000091e00000|100%| E|CS|TAMS 0x0000000091d00000, 0x0000000091d00000| Complete 
| 286|0x0000000091e00000, 0x0000000091f00000, 0x0000000091f00000|100%| E|CS|TAMS 0x0000000091e00000, 0x0000000091e00000| Complete 
| 287|0x0000000091f00000, 0x0000000092000000, 0x0000000092000000|100%| E|CS|TAMS 0x0000000091f00000, 0x0000000091f00000| Complete 
| 288|0x0000000092000000, 0x0000000092100000, 0x0000000092100000|100%| E|CS|TAMS 0x0000000092000000, 0x0000000092000000| Complete 
| 289|0x0000000092100000, 0x0000000092200000, 0x0000000092200000|100%| E|CS|TAMS 0x0000000092100000, 0x0000000092100000| Complete 
| 290|0x0000000092200000, 0x0000000092300000, 0x0000000092300000|100%| E|CS|TAMS 0x0000000092200000, 0x0000000092200000| Complete 
| 291|0x0000000092300000, 0x0000000092400000, 0x0000000092400000|100%| E|CS|TAMS 0x0000000092300000, 0x0000000092300000| Complete 
| 292|0x0000000092400000, 0x0000000092500000, 0x0000000092500000|100%| E|CS|TAMS 0x0000000092400000, 0x0000000092400000| Complete 
| 293|0x0000000092500000, 0x0000000092600000, 0x0000000092600000|100%| E|CS|TAMS 0x0000000092500000, 0x0000000092500000| Complete 
| 294|0x0000000092600000, 0x0000000092700000, 0x0000000092700000|100%| E|CS|TAMS 0x0000000092600000, 0x0000000092600000| Complete 
| 295|0x0000000092700000, 0x0000000092800000, 0x0000000092800000|100%| E|CS|TAMS 0x0000000092700000, 0x0000000092700000| Complete 

Card table byte_map: [0x000001d7e5180000,0x000001d7e5580000] _byte_map_base: 0x000001d7e4d80000

Marking Bits (Prev, Next): (CMBitMap*) 0x000001d7d1a52db8, (CMBitMap*) 0x000001d7d1a52df0
 Prev Bits: [0x000001d7e5980000, 0x000001d7e7980000)
 Next Bits: [0x000001d7e7980000, 0x000001d7e9980000)

Polling page: 0x000001d7cfa00000

Metaspace:

Usage:
  Non-class:     78.21 MB capacity,    76.62 MB ( 98%) used,     1.32 MB (  2%) free+waste,   283.81 KB ( <1%) overhead. 
      Class:     12.21 MB capacity,    11.33 MB ( 93%) used,   770.53 KB (  6%) free+waste,   129.44 KB (  1%) overhead. 
       Both:     90.42 MB capacity,    87.95 MB ( 97%) used,     2.07 MB (  2%) free+waste,   413.25 KB ( <1%) overhead. 

Virtual space:
  Non-class space:       80.00 MB reserved,      78.29 MB ( 98%) committed 
      Class space:        1.00 GB reserved,      12.25 MB (  1%) committed 
             Both:        1.08 GB reserved,      90.54 MB (  8%) committed 

Chunk freelists:
   Non-Class:  10.00 KB
       Class:  12.00 KB
        Both:  22.00 KB

MaxMetaspaceSize: 17179869184.00 GB
CompressedClassSpaceSize: 1.00 GB

CodeHeap 'non-profiled nmethods': size=119168Kb used=6793Kb max_used=6793Kb free=112374Kb
 bounds [0x000001d7dd0a0000, 0x000001d7dd750000, 0x000001d7e4500000]
CodeHeap 'profiled nmethods': size=119168Kb used=26010Kb max_used=26010Kb free=93158Kb
 bounds [0x000001d7d5c40000, 0x000001d7d75b0000, 0x000001d7dd0a0000]
CodeHeap 'non-nmethods': size=7424Kb used=3976Kb max_used=4056Kb free=3448Kb
 bounds [0x000001d7d5500000, 0x000001d7d5900000, 0x000001d7d5c40000]
 total_blobs=12452 nmethods=11562 adapters=796
 compilation: enabled
              stopped_count=0, restarted_count=0
 full_count=0

Compilation events (20 events):
Event: 5.717 Thread 0x000001d7eca12800 nmethod 11576 0x000001d7d7592e90 code [0x000001d7d7593040, 0x000001d7d7593158]
Event: 5.718 Thread 0x000001d7ed95b000 11577   !   3       com.sun.proxy.$Proxy0::onOutput (34 bytes)
Event: 5.718 Thread 0x000001d7ed912000 nmethod 11575 0x000001d7d7593210 code [0x000001d7d75935e0, 0x000001d7d7594d28]
Event: 5.718 Thread 0x000001d7ed95b000 nmethod 11577 0x000001d7d7595310 code [0x000001d7d7595500, 0x000001d7d75959f8]
Event: 5.719 Thread 0x000001d7ed302800 11578       3       java.util.HashMap::capacity (32 bytes)
Event: 5.719 Thread 0x000001d7eca12800 11579       3       java.lang.Float::floatToIntBits (15 bytes)
Event: 5.719 Thread 0x000001d7eca12800 nmethod 11579 0x000001d7d7595c10 code [0x000001d7d7595dc0, 0x000001d7d7595fd8]
Event: 5.719 Thread 0x000001d7ed302800 nmethod 11578 0x000001d7d7596090 code [0x000001d7d7596240, 0x000001d7d75963f8]
Event: 5.720 Thread 0x000001d7ed912000 11580       1       org.gradle.api.internal.tasks.TaskExecutionOutcome::getMessage (5 bytes)
Event: 5.721 Thread 0x000001d7ed912000 nmethod 11580 0x000001d7dd739290 code [0x000001d7dd739440, 0x000001d7dd7394f8]
Event: 5.721 Thread 0x000001d7ed95b000 11581       3       java.util.HashSet::writeObject (75 bytes)
Event: 5.721 Thread 0x000001d7ed912000 11582       3       java.io.ObjectOutputStream::writeFloat (9 bytes)
Event: 5.721 Thread 0x000001d7eca12800 11583       3       java.io.ObjectOutputStream$BlockDataOutputStream::writeFloat (46 bytes)
Event: 5.721 Thread 0x000001d7ed912000 nmethod 11582 0x000001d7d7596490 code [0x000001d7d7596640, 0x000001d7d7596788]
Event: 5.721 Thread 0x000001d7ed71f000 nmethod 11557 0x000001d7dd739590 code [0x000001d7dd7397a0, 0x000001d7dd739de0]
Event: 5.721 Thread 0x000001d7eca12800 nmethod 11583 0x000001d7d7596890 code [0x000001d7d7596aa0, 0x000001d7d7597098]
Event: 5.721 Thread 0x000001d7ed71f000 11460       4       org.gradle.internal.event.DefaultListenerManager$EventBroadcast$ListenerDispatch::dispatch (9 bytes)
Event: 5.721 Thread 0x000001d7ed95b000 nmethod 11581 0x000001d7d7597290 code [0x000001d7d7597520, 0x000001d7d7598028]
Event: 5.721 Thread 0x000001d7ed95b000 11585       3       java.util.regex.Pattern$SliceU::match (99 bytes)
Event: 5.721 Thread 0x000001d7ed95b000 nmethod 11585 0x000001d7d7598410 code [0x000001d7d7598640, 0x000001d7d7598d78]

GC Heap History (20 events):
Event: 1.062 GC heap before
{Heap before GC invocations=1 (full 0):
 garbage-first heap   total 251904K, used 107468K [0x0000000080000000, 0x0000000100000000)
  region size 1024K, 100 young (102400K), 3 survivors (3072K)
 Metaspace       used 20601K, capacity 21120K, committed 21296K, reserved 1069056K
  class space    used 2501K, capacity 2658K, committed 2688K, reserved 1048576K
}
Event: 1.067 GC heap after
{Heap after GC invocations=2 (full 0):
 garbage-first heap   total 251904K, used 16533K [0x0000000080000000, 0x0000000100000000)
  region size 1024K, 11 young (11264K), 11 survivors (11264K)
 Metaspace       used 20601K, capacity 21120K, committed 21296K, reserved 1069056K
  class space    used 2501K, capacity 2658K, committed 2688K, reserved 1048576K
}
Event: 1.271 GC heap before
{Heap before GC invocations=3 (full 0):
 garbage-first heap   total 251904K, used 59541K [0x0000000080000000, 0x0000000100000000)
  region size 1024K, 53 young (54272K), 11 survivors (11264K)
 Metaspace       used 24811K, capacity 25404K, committed 25648K, reserved 1071104K
  class space    used 3192K, capacity 3388K, committed 3456K, reserved 1048576K
}
Event: 1.274 GC heap after
{Heap after GC invocations=4 (full 0):
 garbage-first heap   total 251904K, used 18482K [0x0000000080000000, 0x0000000100000000)
  region size 1024K, 2 young (2048K), 2 survivors (2048K)
 Metaspace       used 24811K, capacity 25404K, committed 25648K, reserved 1071104K
  class space    used 3192K, capacity 3388K, committed 3456K, reserved 1048576K
}
Event: 1.710 GC heap before
{Heap before GC invocations=4 (full 0):
 garbage-first heap   total 251904K, used 88114K [0x0000000080000000, 0x0000000100000000)
  region size 1024K, 71 young (72704K), 2 survivors (2048K)
 Metaspace       used 34862K, capacity 35662K, committed 35708K, reserved 1081344K
  class space    used 4529K, capacity 4832K, committed 4864K, reserved 1048576K
}
Event: 1.714 GC heap after
{Heap after GC invocations=5 (full 0):
 garbage-first heap   total 251904K, used 21969K [0x0000000080000000, 0x0000000100000000)
  region size 1024K, 6 young (6144K), 6 survivors (6144K)
 Metaspace       used 34862K, capacity 35662K, committed 35708K, reserved 1081344K
  class space    used 4529K, capacity 4832K, committed 4864K, reserved 1048576K
}
Event: 2.288 GC heap before
{Heap before GC invocations=6 (full 0):
 garbage-first heap   total 251904K, used 136657K [0x0000000080000000, 0x0000000100000000)
  region size 1024K, 115 young (117760K), 6 survivors (6144K)
 Metaspace       used 44054K, capacity 45092K, committed 45308K, reserved 1089536K
  class space    used 5635K, capacity 6003K, committed 6016K, reserved 1048576K
}
Event: 2.293 GC heap after
{Heap after GC invocations=7 (full 0):
 garbage-first heap   total 251904K, used 28371K [0x0000000080000000, 0x0000000100000000)
  region size 1024K, 12 young (12288K), 12 survivors (12288K)
 Metaspace       used 44054K, capacity 45092K, committed 45308K, reserved 1089536K
  class space    used 5635K, capacity 6003K, committed 6016K, reserved 1048576K
}
Event: 3.092 GC heap before
{Heap before GC invocations=7 (full 0):
 garbage-first heap   total 251904K, used 173779K [0x0000000080000000, 0x0000000100000000)
  region size 1024K, 147 young (150528K), 12 survivors (12288K)
 Metaspace       used 56871K, capacity 58369K, committed 58492K, reserved 1099776K
  class space    used 7121K, capacity 7630K, committed 7680K, reserved 1048576K
}
Event: 3.100 GC heap after
{Heap after GC invocations=8 (full 0):
 garbage-first heap   total 251904K, used 48774K [0x0000000080000000, 0x0000000100000000)
  region size 1024K, 19 young (19456K), 19 survivors (19456K)
 Metaspace       used 56871K, capacity 58369K, committed 58492K, reserved 1099776K
  class space    used 7121K, capacity 7630K, committed 7680K, reserved 1048576K
}
Event: 3.181 GC heap before
{Heap before GC invocations=8 (full 0):
 garbage-first heap   total 251904K, used 61062K [0x0000000080000000, 0x0000000100000000)
  region size 1024K, 32 young (32768K), 19 survivors (19456K)
 Metaspace       used 58339K, capacity 59794K, committed 59940K, reserved 1101824K
  class space    used 7335K, capacity 7888K, committed 7936K, reserved 1048576K
}
Event: 3.194 GC heap after
{Heap after GC invocations=9 (full 0):
 garbage-first heap   total 251904K, used 50320K [0x0000000080000000, 0x0000000100000000)
  region size 1024K, 3 young (3072K), 3 survivors (3072K)
 Metaspace       used 58339K, capacity 59794K, committed 59940K, reserved 1101824K
  class space    used 7335K, capacity 7888K, committed 7936K, reserved 1048576K
}
Event: 3.927 GC heap before
{Heap before GC invocations=10 (full 0):
 garbage-first heap   total 251904K, used 186512K [0x0000000080000000, 0x0000000100000000)
  region size 1024K, 136 young (139264K), 3 survivors (3072K)
 Metaspace       used 69221K, capacity 70902K, committed 71076K, reserved 1112064K
  class space    used 8687K, capacity 9289K, committed 9344K, reserved 1048576K
}
Event: 3.937 GC heap after
{Heap after GC invocations=11 (full 0):
 garbage-first heap   total 251904K, used 59500K [0x0000000080000000, 0x0000000100000000)
  region size 1024K, 12 young (12288K), 12 survivors (12288K)
 Metaspace       used 69221K, capacity 70902K, committed 71076K, reserved 1112064K
  class space    used 8687K, capacity 9289K, committed 9344K, reserved 1048576K
}
Event: 4.739 GC heap before
{Heap before GC invocations=12 (full 0):
 garbage-first heap   total 251904K, used 189548K [0x0000000080000000, 0x0000000100000000)
  region size 1024K, 139 young (142336K), 12 survivors (12288K)
 Metaspace       used 80236K, capacity 81958K, committed 82212K, reserved 1120256K
  class space    used 10344K, capacity 10986K, committed 11008K, reserved 1048576K
}
Event: 4.749 GC heap after
{Heap after GC invocations=13 (full 0):
 garbage-first heap   total 251904K, used 67592K [0x0000000080000000, 0x0000000100000000)
  region size 1024K, 9 young (9216K), 9 survivors (9216K)
 Metaspace       used 80236K, capacity 81958K, committed 82212K, reserved 1120256K
  class space    used 10344K, capacity 10986K, committed 11008K, reserved 1048576K
}
Event: 5.357 GC heap before
{Heap before GC invocations=13 (full 0):
 garbage-first heap   total 251904K, used 192520K [0x0000000080000000, 0x0000000100000000)
  region size 1024K, 132 young (135168K), 9 survivors (9216K)
 Metaspace       used 86600K, capacity 88923K, committed 89252K, reserved 1126400K
  class space    used 11176K, capacity 12036K, committed 12160K, reserved 1048576K
}
Event: 5.367 GC heap after
{Heap after GC invocations=14 (full 0):
 garbage-first heap   total 251904K, used 77956K [0x0000000080000000, 0x0000000100000000)
  region size 1024K, 17 young (17408K), 17 survivors (17408K)
 Metaspace       used 86600K, capacity 88923K, committed 89252K, reserved 1126400K
  class space    used 11176K, capacity 12036K, committed 12160K, reserved 1048576K
}
Event: 5.660 GC heap before
{Heap before GC invocations=14 (full 0):
 garbage-first heap   total 251904K, used 194692K [0x0000000080000000, 0x0000000100000000)
  region size 1024K, 132 young (135168K), 17 survivors (17408K)
 Metaspace       used 88896K, capacity 91413K, committed 91556K, reserved 1128448K
  class space    used 11438K, capacity 12349K, committed 12416K, reserved 1048576K
}
Event: 5.672 GC heap after
{Heap after GC invocations=15 (full 0):
 garbage-first heap   total 303104K, used 85632K [0x0000000080000000, 0x0000000100000000)
  region size 1024K, 8 young (8192K), 8 survivors (8192K)
 Metaspace       used 88896K, capacity 91413K, committed 91556K, reserved 1128448K
  class space    used 11438K, capacity 12349K, committed 12416K, reserved 1048576K
}

Deoptimization events (20 events):
Event: 5.692 Thread 0x000001d7f74f1000 Uncommon trap: trap_request=0xffffffc6 fr.pc=0x000001d7dd7209b4 relative=0x00000000000017d4
Event: 5.692 Thread 0x000001d7f74f1000 Uncommon trap: reason=bimorphic_or_optimized_type_check action=maybe_recompile pc=0x000001d7dd7209b4 method=org.gradle.internal.snapshot.SnapshotUtil$1.handleAsDescendantOfChild(Lorg/gradle/internal/snapshot/VfsRelativePath;Lorg/gradle/internal/snapshot/F
Event: 5.692 Thread 0x000001d7f74f1000 DEOPT PACKING pc=0x000001d7dd7209b4 sp=0x00000039234fb470
Event: 5.692 Thread 0x000001d7f74f1000 DEOPT UNPACKING pc=0x000001d7d55278af sp=0x00000039234fb2f0 mode 2
Event: 5.696 Thread 0x000001d7f3c23800 Uncommon trap: trap_request=0xfffffff4 fr.pc=0x000001d7dd72d234 relative=0x0000000000000af4
Event: 5.696 Thread 0x000001d7f3c23800 Uncommon trap: reason=null_check action=make_not_entrant pc=0x000001d7dd72d234 method=org.gradle.tooling.internal.provider.runner.SubtreeFilteringBuildOperationListener.started(Lorg/gradle/internal/operations/BuildOperationDescriptor;Lorg/gradle/internal/
Event: 5.696 Thread 0x000001d7f3c23800 DEOPT PACKING pc=0x000001d7dd72d234 sp=0x00000039212fe680
Event: 5.696 Thread 0x000001d7f3c23800 DEOPT UNPACKING pc=0x000001d7d55278af sp=0x00000039212fe630 mode 2
Event: 5.708 Thread 0x000001d7f74fa800 Uncommon trap: trap_request=0xffffff4d fr.pc=0x000001d7dd172318 relative=0x0000000000000078
Event: 5.708 Thread 0x000001d7f74fa800 Uncommon trap: reason=unstable_if action=reinterpret pc=0x000001d7dd172318 method=java.lang.Integer.stringSize(I)I @ 19 c2
Event: 5.708 Thread 0x000001d7f74fa800 DEOPT PACKING pc=0x000001d7dd172318 sp=0x0000003923cfdac0
Event: 5.708 Thread 0x000001d7f74fa800 DEOPT UNPACKING pc=0x000001d7d55278af sp=0x0000003923cfda40 mode 2
Event: 5.708 Thread 0x000001d7f3b56000 Uncommon trap: trap_request=0xfffffff4 fr.pc=0x000001d7dd734d80 relative=0x00000000000004c0
Event: 5.708 Thread 0x000001d7f3b56000 Uncommon trap: reason=null_check action=make_not_entrant pc=0x000001d7dd734d80 method=org.gradle.tooling.internal.provider.runner.SubtreeFilteringBuildOperationListener.finished(Lorg/gradle/internal/operations/BuildOperationDescriptor;Lorg/gradle/internal
Event: 5.708 Thread 0x000001d7f3b56000 DEOPT PACKING pc=0x000001d7dd734d80 sp=0x00000039209fe450
Event: 5.708 Thread 0x000001d7f3b56000 DEOPT UNPACKING pc=0x000001d7d55278af sp=0x00000039209fe3e8 mode 2
Event: 5.720 Thread 0x000001d7ed917000 Uncommon trap: trap_request=0x00000186 fr.pc=0x000001d7dd4752b0 relative=0x00000000000003b0
Event: 5.720 Thread 0x000001d7ed917000 Uncommon trap: reason=unloaded action=reinterpret pc=0x000001d7dd4752b0 method=java.util.regex.Pattern.newSlice([IIZ)Ljava/util/regex/Pattern$Node; @ 68 c2
Event: 5.720 Thread 0x000001d7ed917000 DEOPT PACKING pc=0x000001d7dd4752b0 sp=0x0000003923efcd00
Event: 5.720 Thread 0x000001d7ed917000 DEOPT UNPACKING pc=0x000001d7d55278af sp=0x0000003923efccb8 mode 2

Classes redefined (0 events):
No events

Internal exceptions (20 events):
Event: 5.192 Thread 0x000001d7f3c23800 Exception <a 'java/lang/NoSuchMethodError'{0x000000008af0f5b0}: 'java.lang.Object java.lang.invoke.DirectMethodHandle$Holder.invokeSpecialIFC(java.lang.Object, java.lang.Object, java.lang.Object)'> (0x000000008af0f5b0) thrown at [./src/hotspot/share/interpreter/linkResolver.cpp, line 773]
Event: 5.192 Thread 0x000001d7f3b56000 Exception <a 'java/lang/NoSuchMethodError'{0x000000008ae1c300}: 'java.lang.Object java.lang.invoke.DirectMethodHandle$Holder.invokeSpecialIFC(java.lang.Object, java.lang.Object, java.lang.Object)'> (0x000000008ae1c300) thrown at [./src/hotspot/share/interpreter/linkResolver.cpp, line 773]
Event: 5.192 Thread 0x000001d7f3c27800 Exception <a 'java/lang/NoSuchMethodError'{0x000000008b0b4e38}: 'java.lang.Object java.lang.invoke.DirectMethodHandle$Holder.invokeSpecialIFC(java.lang.Object, java.lang.Object, java.lang.Object)'> (0x000000008b0b4e38) thrown at [./src/hotspot/share/interpreter/linkResolver.cpp, line 773]
Event: 5.192 Thread 0x000001d7f3b5f000 Exception <a 'java/lang/NoSuchMethodError'{0x000000008b0a2930}: 'java.lang.Object java.lang.invoke.DirectMethodHandle$Holder.invokeSpecialIFC(java.lang.Object, java.lang.Object, java.lang.Object)'> (0x000000008b0a2930) thrown at [./src/hotspot/share/interpreter/linkResolver.cpp, line 773]
Event: 5.192 Thread 0x000001d7f3c21800 Exception <a 'java/lang/NoSuchMethodError'{0x000000008af93e80}: 'java.lang.Object java.lang.invoke.DirectMethodHandle$Holder.invokeSpecialIFC(java.lang.Object, java.lang.Object, java.lang.Object)'> (0x000000008af93e80) thrown at [./src/hotspot/share/interpreter/linkResolver.cpp, line 773]
Event: 5.192 Thread 0x000001d7f3c24000 Exception <a 'java/lang/NoSuchMethodError'{0x000000008ae03380}: 'java.lang.Object java.lang.invoke.DirectMethodHandle$Holder.invokeSpecialIFC(java.lang.Object, java.lang.Object, java.lang.Object)'> (0x000000008ae03380) thrown at [./src/hotspot/share/interpreter/linkResolver.cpp, line 773]
Event: 5.192 Thread 0x000001d7f3b60000 Exception <a 'java/lang/NoSuchMethodError'{0x000000008b086c10}: 'java.lang.Object java.lang.invoke.DirectMethodHandle$Holder.invokeSpecialIFC(java.lang.Object, java.lang.Object, java.lang.Object)'> (0x000000008b086c10) thrown at [./src/hotspot/share/interpreter/linkResolver.cpp, line 773]
Event: 5.192 Thread 0x000001d7f3c21000 Exception <a 'java/lang/NoSuchMethodError'{0x000000008af45f20}: 'java.lang.Object java.lang.invoke.DirectMethodHandle$Holder.invokeSpecialIFC(java.lang.Object, java.lang.Object, java.lang.Object)'> (0x000000008af45f20) thrown at [./src/hotspot/share/interpreter/linkResolver.cpp, line 773]
Event: 5.522 Thread 0x000001d7f74f4000 Exception <a 'java/lang/NoSuchMethodError'{0x000000008c2b5300}: <clinit>> (0x000000008c2b5300) thrown at [./src/hotspot/share/prims/jni.cpp, line 1362]
Event: 5.522 Thread 0x000001d7f74f4000 Exception <a 'java/lang/NoSuchMethodError'{0x000000008c2b6638}: <clinit>> (0x000000008c2b6638) thrown at [./src/hotspot/share/prims/jni.cpp, line 1362]
Event: 5.522 Thread 0x000001d7f74f4000 Exception <a 'java/lang/NoSuchMethodError'{0x000000008c2b8d88}: <clinit>> (0x000000008c2b8d88) thrown at [./src/hotspot/share/prims/jni.cpp, line 1362]
Event: 5.523 Thread 0x000001d7f74f4000 Exception <a 'java/lang/NoSuchMethodError'{0x000000008c2d13b0}: <clinit>> (0x000000008c2d13b0) thrown at [./src/hotspot/share/prims/jni.cpp, line 1362]
Event: 5.523 Thread 0x000001d7f74f4000 Exception <a 'java/lang/NoSuchMethodError'{0x000000008c2d2890}: <clinit>> (0x000000008c2d2890) thrown at [./src/hotspot/share/prims/jni.cpp, line 1362]
Event: 5.547 Thread 0x000001d7f74f4000 Exception <a 'java/lang/NoSuchMethodError'{0x000000008be622f0}: <clinit>> (0x000000008be622f0) thrown at [./src/hotspot/share/prims/jni.cpp, line 1362]
Event: 5.549 Thread 0x000001d7f74f4000 Exception <a 'java/lang/NoSuchMethodError'{0x000000008be98ad0}: <clinit>> (0x000000008be98ad0) thrown at [./src/hotspot/share/prims/jni.cpp, line 1362]
Event: 5.550 Thread 0x000001d7f74f4000 Exception <a 'java/lang/NoSuchMethodError'{0x000000008becc5e8}: <clinit>> (0x000000008becc5e8) thrown at [./src/hotspot/share/prims/jni.cpp, line 1362]
Event: 5.550 Thread 0x000001d7f74f4000 Exception <a 'java/lang/NoSuchMethodError'{0x000000008bedf4a0}: <clinit>> (0x000000008bedf4a0) thrown at [./src/hotspot/share/prims/jni.cpp, line 1362]
Event: 5.696 Thread 0x000001d7f3c23800 Implicit null exception at 0x000001d7dd72c944 to 0x000001d7dd72d214
Event: 5.708 Thread 0x000001d7f3b56000 Implicit null exception at 0x000001d7dd734952 to 0x000001d7dd734d58
Event: 5.722 Thread 0x000001d7ed917000 Exception <a 'java/lang/OutOfMemoryError'{0x0000000091006868}> (0x0000000091006868) thrown at [./src/hotspot/share/prims/jni.cpp, line 636]

Events (20 events):
Event: 5.720 loading class kotlin/reflect/jvm/internal/impl/descriptors/impl/PropertyDescriptorImpl
Event: 5.720 loading class kotlin/reflect/jvm/internal/impl/descriptors/impl/PropertyDescriptorImpl done
Event: 5.720 loading class sun/nio/fs/Globs
Event: 5.720 loading class sun/nio/fs/Globs done
Event: 5.720 loading class java/util/regex/Pattern$SliceU
Event: 5.720 loading class java/util/regex/Pattern$SliceU done
Event: 5.720 loading class sun/nio/fs/WindowsFileSystem$2
Event: 5.720 loading class sun/nio/fs/WindowsFileSystem$2 done
Event: 5.720 loading class com/android/builder/dexing/DirDexArchive
Event: 5.720 loading class com/android/builder/dexing/DirDexArchive done
Event: 5.721 loading class kotlin/reflect/jvm/internal/impl/descriptors/impl/VariableDescriptorWithInitializerImpl
Event: 5.721 loading class kotlin/reflect/jvm/internal/impl/descriptors/impl/VariableDescriptorWithInitializerImpl done
Event: 5.721 loading class kotlin/reflect/jvm/internal/impl/descriptors/impl/VariableDescriptorImpl
Event: 5.721 loading class kotlin/reflect/jvm/internal/impl/descriptors/impl/VariableDescriptorImpl done
Event: 5.722 loading class kotlin/reflect/jvm/internal/impl/descriptors/PropertyGetterDescriptor
Event: 5.722 loading class kotlin/reflect/jvm/internal/impl/descriptors/PropertyGetterDescriptor done
Event: 5.722 loading class org/gradle/internal/exceptions/DefaultMultiCauseException$1
Event: 5.722 loading class org/gradle/internal/exceptions/DefaultMultiCauseException$1 done
Event: 5.722 loading class kotlin/reflect/jvm/internal/impl/descriptors/PropertySetterDescriptor
Event: 5.722 loading class kotlin/reflect/jvm/internal/impl/descriptors/PropertySetterDescriptor done


Dynamic libraries:
0x00007ff629880000 - 0x00007ff62988a000 	C:\Program Files\Android\Android Studio1\jre\bin\java.exe
0x00007ffaf9290000 - 0x00007ffaf9485000 	C:\Windows\SYSTEM32\ntdll.dll
0x00007ffaf8110000 - 0x00007ffaf81ce000 	C:\Windows\System32\KERNEL32.DLL
0x00007ffaf6d80000 - 0x00007ffaf7049000 	C:\Windows\System32\KERNELBASE.dll
0x00007ffaf6a40000 - 0x00007ffaf6b40000 	C:\Windows\System32\ucrtbase.dll
0x00007ffadf960000 - 0x00007ffadf979000 	C:\Program Files\Android\Android Studio1\jre\bin\jli.dll
0x00007ffaf1fe0000 - 0x00007ffaf1ff7000 	C:\Program Files\Android\Android Studio1\jre\bin\VCRUNTIME140.dll
0x00007ffaf90a0000 - 0x00007ffaf9241000 	C:\Windows\System32\USER32.dll
0x00007ffaf72b0000 - 0x00007ffaf72d2000 	C:\Windows\System32\win32u.dll
0x00007ffae4af0000 - 0x00007ffae4d8a000 	C:\Windows\WinSxS\amd64_microsoft.windows.common-controls_6595b64144ccf1df_6.0.19041.1110_none_60b5254171f9507e\COMCTL32.dll
0x00007ffaf8b00000 - 0x00007ffaf8b2b000 	C:\Windows\System32\GDI32.dll
0x00007ffaf7c10000 - 0x00007ffaf7cae000 	C:\Windows\System32\msvcrt.dll
0x00007ffaf7050000 - 0x00007ffaf715b000 	C:\Windows\System32\gdi32full.dll
0x00007ffaf71c0000 - 0x00007ffaf725d000 	C:\Windows\System32\msvcp_win.dll
0x00007ffaf72e0000 - 0x00007ffaf7310000 	C:\Windows\System32\IMM32.DLL
0x00007ffae63e0000 - 0x00007ffae647d000 	C:\Program Files\Android\Android Studio1\jre\bin\msvcp140.dll
0x00007ffaa26e0000 - 0x00007ffaa31af000 	C:\Program Files\Android\Android Studio1\jre\bin\server\jvm.dll
0x00007ffaf87e0000 - 0x00007ffaf888c000 	C:\Windows\System32\ADVAPI32.dll
0x00007ffaf7b70000 - 0x00007ffaf7c0b000 	C:\Windows\System32\sechost.dll
0x00007ffaf89d0000 - 0x00007ffaf8afa000 	C:\Windows\System32\RPCRT4.dll
0x00007ffaf7cb0000 - 0x00007ffaf7cb8000 	C:\Windows\System32\PSAPI.DLL
0x00007ffaf2440000 - 0x00007ffaf2449000 	C:\Windows\SYSTEM32\WSOCK32.dll
0x00007ffadf470000 - 0x00007ffadf497000 	C:\Windows\SYSTEM32\WINMM.dll
0x00007ffaf18c0000 - 0x00007ffaf18ca000 	C:\Windows\SYSTEM32\VERSION.dll
0x00007ffaf8550000 - 0x00007ffaf85bb000 	C:\Windows\System32\WS2_32.dll
0x00007ffaf48d0000 - 0x00007ffaf48e2000 	C:\Windows\SYSTEM32\kernel.appcore.dll
0x00007ffaf1a60000 - 0x00007ffaf1a71000 	C:\Program Files\Android\Android Studio1\jre\bin\verify.dll
0x00007ffade100000 - 0x00007ffade2e4000 	C:\Windows\SYSTEM32\DBGHELP.DLL
0x00007ffaddc10000 - 0x00007ffaddc3c000 	C:\Windows\SYSTEM32\dbgcore.DLL
0x00007ffaf69b0000 - 0x00007ffaf6a33000 	C:\Windows\System32\bcryptPrimitives.dll
0x00007ffaece80000 - 0x00007ffaecea9000 	C:\Program Files\Android\Android Studio1\jre\bin\java.dll
0x00007ffaf1e70000 - 0x00007ffaf1e7b000 	C:\Program Files\Android\Android Studio1\jre\bin\jimage.dll
0x00007ffae66d0000 - 0x00007ffae66e8000 	C:\Program Files\Android\Android Studio1\jre\bin\zip.dll
0x00007ffaf7430000 - 0x00007ffaf7b6f000 	C:\Windows\System32\SHELL32.dll
0x00007ffaf4ad0000 - 0x00007ffaf5260000 	C:\Windows\SYSTEM32\windows.storage.dll
0x00007ffaf81f0000 - 0x00007ffaf8545000 	C:\Windows\System32\combase.dll
0x00007ffaf6330000 - 0x00007ffaf635c000 	C:\Windows\SYSTEM32\Wldp.dll
0x00007ffaf8060000 - 0x00007ffaf810e000 	C:\Windows\System32\SHCORE.dll
0x00007ffaf73d0000 - 0x00007ffaf7425000 	C:\Windows\System32\shlwapi.dll
0x00007ffaf68f0000 - 0x00007ffaf690f000 	C:\Windows\SYSTEM32\profapi.dll
0x00007ffae66b0000 - 0x00007ffae66ca000 	C:\Program Files\Android\Android Studio1\jre\bin\net.dll
0x00007ffaf1900000 - 0x00007ffaf1a08000 	C:\Windows\SYSTEM32\WINHTTP.dll
0x00007ffaf6090000 - 0x00007ffaf60fa000 	C:\Windows\system32\mswsock.dll
0x00007ffae6690000 - 0x00007ffae66a4000 	C:\Program Files\Android\Android Studio1\jre\bin\nio.dll
0x00007ffae3820000 - 0x00007ffae3847000 	C:\Users\Administrator\.gradle\native\8bec1ad78214c89d9ad589b4d07fe93259594b29d510b10fafb7a158f7737e5d\windows-amd64\native-platform.dll
0x00007ffad6580000 - 0x00007ffad66bd000 	C:\Users\Administrator\.gradle\native\53dbd7edfb1c66fb8903c78663c9afc45aea4f116125fa6feffd364cf09443e8\windows-amd64\native-platform-file-events.dll
0x00007ffaf1a50000 - 0x00007ffaf1a5a000 	C:\Program Files\Android\Android Studio1\jre\bin\management.dll
0x00007ffaef9d0000 - 0x00007ffaef9dc000 	C:\Program Files\Android\Android Studio1\jre\bin\management_ext.dll
0x00007ffaf6280000 - 0x00007ffaf6298000 	C:\Windows\SYSTEM32\CRYPTSP.dll
0x00007ffaf5a10000 - 0x00007ffaf5a44000 	C:\Windows\system32\rsaenh.dll
0x00007ffaf6b40000 - 0x00007ffaf6b67000 	C:\Windows\System32\bcrypt.dll
0x00007ffaf68b0000 - 0x00007ffaf68de000 	C:\Windows\SYSTEM32\USERENV.dll
0x00007ffaf62a0000 - 0x00007ffaf62ac000 	C:\Windows\SYSTEM32\CRYPTBASE.dll
0x00007ffaf5d80000 - 0x00007ffaf5dbb000 	C:\Windows\SYSTEM32\IPHLPAPI.DLL
0x00007ffaf9090000 - 0x00007ffaf9098000 	C:\Windows\System32\NSI.dll
0x00007ffaf0770000 - 0x00007ffaf0787000 	C:\Windows\SYSTEM32\dhcpcsvc6.DLL
0x00007ffaf0750000 - 0x00007ffaf076d000 	C:\Windows\SYSTEM32\dhcpcsvc.DLL
0x00007ffaf5dc0000 - 0x00007ffaf5e8c000 	C:\Windows\SYSTEM32\DNSAPI.dll

dbghelp: loaded successfully - version: 4.0.5 - missing functions: none
symbol engine: initialized successfully - sym options: 0x614 - pdb path: .;C:\Program Files\Android\Android Studio1\jre\bin;C:\Windows\SYSTEM32;C:\Windows\WinSxS\amd64_microsoft.windows.common-controls_6595b64144ccf1df_6.0.19041.1110_none_60b5254171f9507e;C:\Program Files\Android\Android Studio1\jre\bin\server;C:\Users\Administrator\.gradle\native\8bec1ad78214c89d9ad589b4d07fe93259594b29d510b10fafb7a158f7737e5d\windows-amd64;C:\Users\Administrator\.gradle\native\53dbd7edfb1c66fb8903c78663c9afc45aea4f116125fa6feffd364cf09443e8\windows-amd64

VM Arguments:
jvm_args: --add-opens=java.base/java.util=ALL-UNNAMED --add-opens=java.base/java.lang=ALL-UNNAMED --add-opens=java.base/java.lang.invoke=ALL-UNNAMED --add-opens=java.base/java.util=ALL-UNNAMED --add-opens=java.prefs/java.util.prefs=ALL-UNNAMED --add-opens=java.prefs/java.util.prefs=ALL-UNNAMED --add-opens=java.base/java.nio.charset=ALL-UNNAMED --add-opens=java.base/java.net=ALL-UNNAMED --add-opens=java.base/java.util.concurrent.atomic=ALL-UNNAMED -Xmx2048m -Dfile.encoding=UTF-8 -Duser.country=KR -Duser.language=ko -Duser.variant 
java_command: org.gradle.launcher.daemon.bootstrap.GradleDaemon 7.0.2
java_class_path (initial): C:\Users\Administrator\.gradle\wrapper\dists\gradle-7.0.2-bin\857tjihv64xamwrf0h14cai3r\gradle-7.0.2\lib\gradle-launcher-7.0.2.jar
Launcher Type: SUN_STANDARD

[Global flags]
     intx CICompilerCount                          = 12                                        {product} {ergonomic}
     uint ConcGCThreads                            = 3                                         {product} {ergonomic}
     uint G1ConcRefinementThreads                  = 13                                        {product} {ergonomic}
   size_t G1HeapRegionSize                         = 1048576                                   {product} {ergonomic}
    uintx GCDrainStackTargetSize                   = 64                                        {product} {ergonomic}
   size_t InitialHeapSize                          = 257949696                                 {product} {ergonomic}
   size_t MarkStackSize                            = 4194304                                   {product} {ergonomic}
   size_t MaxHeapSize                              = 2147483648                                {product} {command line}
   size_t MaxNewSize                               = 1287651328                                {product} {ergonomic}
   size_t MinHeapDeltaBytes                        = 1048576                                   {product} {ergonomic}
    uintx NonNMethodCodeHeapSize                   = 7594288                                {pd product} {ergonomic}
    uintx NonProfiledCodeHeapSize                  = 122031976                              {pd product} {ergonomic}
    uintx ProfiledCodeHeapSize                     = 122031976                              {pd product} {ergonomic}
    uintx ReservedCodeCacheSize                    = 251658240                              {pd product} {ergonomic}
     bool SegmentedCodeCache                       = true                                      {product} {ergonomic}
     bool UseCompressedClassPointers               = true                                 {lp64_product} {ergonomic}
     bool UseCompressedOops                        = true                                 {lp64_product} {ergonomic}
     bool UseG1GC                                  = true                                      {product} {ergonomic}
     bool UseLargePagesIndividualAllocation        = false                                  {pd product} {ergonomic}

Logging:
Log output configuration:
 #0: stdout all=warning uptime,level,tags
 #1: stderr all=off uptime,level,tags

Environment Variables:
PATH=C:\Windows\system32;C:\Windows;C:\Windows\System32\Wbem;C:\Windows\System32\WindowsPowerShell\v1.0\;C:\Windows\System32\OpenSSH\;C:\Users\Administrator\AppData\Local\Microsoft\WindowsApps;
USERNAME=Administrator
OS=Windows_NT
PROCESSOR_IDENTIFIER=Intel64 Family 6 Model 165 Stepping 5, GenuineIntel



---------------  S Y S T E M  ---------------

OS: Windows 10 , 64 bit Build 19041 (10.0.19041.1202)
OS uptime: 3 days 16:00 hours

CPU:total 16 (initial active 16) (8 cores per cpu, 2 threads per core) family 6 model 165 stepping 5 microcode 0xe2, cmov, cx8, fxsr, mmx, sse, sse2, sse3, ssse3, sse4.1, sse4.2, popcnt, avx, avx2, aes, clmul, erms, 3dnowpref, lzcnt, ht, tsc, tscinvbit, bmi1, bmi2, adx, fma

Memory: 4k page, system-wide physical 15735M (795M free)
TotalPageFile size 15735M (AvailPageFile size 5M)
current process WorkingSet (physical memory assigned to process): 561M, peak: 561M
current process commit charge ("private bytes"): 639M, peak: 640M

vm_info: OpenJDK 64-Bit Server VM (11.0.10+0-b96-7249189) for windows-amd64 JRE (11.0.10+0-b96-7249189), built on Mar 31 2021 21:44:00 by "builder" with MS VC++ 14.0 (VS2015)

END.
