#
# There is insufficient memory for the Java Runtime Environment to continue.
# Native memory allocation (malloc) failed to allocate 858816 bytes for Chunk::new
# Possible reasons:
#   The system is out of physical RAM or swap space
#   The process is running with CompressedOops enabled, and the Java Heap may be blocking the growth of the native heap
# Possible solutions:
#   Reduce memory load on the system
#   Increase physical memory or swap space
#   Check if swap backing store is full
#   Decrease Java heap size (-Xmx/-Xms)
#   Decrease number of Java threads
#   Decrease Java thread stack sizes (-Xss)
#   Set larger code cache with -XX:ReservedCodeCacheSize=
#   JVM is running with Unscaled Compressed Oops mode in which the Java heap is
#     placed in the first 4GB address space. The Java Heap base address is the
#     maximum limit for the native heap growth. Please use -XX:HeapBaseMinAddress
#     to set the Java Heap base and to place the Java Heap above 4GB virtual address.
# This output file may be truncated or incomplete.
#
#  Out of Memory Error (./src/hotspot/share/memory/arena.cpp:197), pid=12248, tid=12928
#
# JRE version: OpenJDK Runtime Environment (11.0.10) (build 11.0.10+0-b96-7249189)
# Java VM: OpenJDK 64-Bit Server VM (11.0.10+0-b96-7249189, mixed mode, tiered, compressed oops, g1 gc, windows-amd64)
# No core dump will be written. Minidumps are not enabled by default on client versions of Windows
#

---------------  S U M M A R Y ------------

Command Line: --add-opens=java.base/java.util=ALL-UNNAMED --add-opens=java.base/java.lang=ALL-UNNAMED --add-opens=java.base/java.lang.invoke=ALL-UNNAMED --add-opens=java.base/java.util=ALL-UNNAMED --add-opens=java.prefs/java.util.prefs=ALL-UNNAMED --add-opens=java.prefs/java.util.prefs=ALL-UNNAMED --add-opens=java.base/java.nio.charset=ALL-UNNAMED --add-opens=java.base/java.net=ALL-UNNAMED --add-opens=java.base/java.util.concurrent.atomic=ALL-UNNAMED -Xmx2048m -Dfile.encoding=UTF-8 -Duser.country=KR -Duser.language=ko -Duser.variant org.gradle.launcher.daemon.bootstrap.GradleDaemon 7.0.2

Host: Intel(R) Core(TM) i7-10700 CPU @ 2.90GHz, 16 cores, 15G,  Windows 10 , 64 bit Build 19041 (10.0.19041.1202)
Time: Wed Oct 13 14:02:33 2021 대한민국 표준시 elapsed time: 6.065546 seconds (0d 0h 0m 6s)

---------------  T H R E A D  ---------------

Current thread (0x000001f562c9e800):  JavaThread "C2 CompilerThread3" daemon [_thread_in_native, id=12928, stack(0x000000bf3ff00000,0x000000bf40000000)]


Current CompileTask:
C2:   6065 12055   !   4       java.net.URL::<init> (543 bytes)

Stack: [0x000000bf3ff00000,0x000000bf40000000]
Native frames: (J=compiled Java code, j=interpreted, Vv=VM code, C=native code)
V  [jvm.dll+0x5ecfaa]
V  [jvm.dll+0x722bd5]
V  [jvm.dll+0x72412d]
V  [jvm.dll+0x7247e3]
V  [jvm.dll+0x242928]
V  [jvm.dll+0xbc4fc]
V  [jvm.dll+0xbca0c]
V  [jvm.dll+0x2b4fd4]
V  [jvm.dll+0x506028]
V  [jvm.dll+0x203253]
V  [jvm.dll+0x1fd07c]
V  [jvm.dll+0x1fa77f]
V  [jvm.dll+0x18354c]
V  [jvm.dll+0x208ee7]
V  [jvm.dll+0x207731]
V  [jvm.dll+0x6eb1cf]
V  [jvm.dll+0x6e3d45]
V  [jvm.dll+0x5ebe96]
C  [ucrtbase.dll+0x21bb2]
C  [KERNEL32.DLL+0x17034]
C  [ntdll.dll+0x52651]


---------------  P R O C E S S  ---------------

Threads class SMR info:
_java_thread_list=0x000001f56e0fcb40, length=113, elements={
0x000001f54629a000, 0x000001f56222f800, 0x000001f562232800, 0x000001f5622a4800,
0x000001f5622a5800, 0x000001f5622a6800, 0x000001f5622a9800, 0x000001f5622b9000,
0x000001f5622c7800, 0x000001f5619ca800, 0x000001f56242d800, 0x000001f5625fc800,
0x000001f5626e1800, 0x000001f562c9e800, 0x000001f563402000, 0x000001f563308000,
0x000001f5647e9000, 0x000001f565280000, 0x000001f56399e000, 0x000001f564099800,
0x000001f564b9c800, 0x000001f565830800, 0x000001f5655bc800, 0x000001f563a05000,
0x000001f563579000, 0x000001f564ee9800, 0x000001f564eea800, 0x000001f564eeb000,
0x000001f564eec000, 0x000001f564eed800, 0x000001f564eed000, 0x000001f564ee8000,
0x000001f564eee800, 0x000001f564ee8800, 0x000001f569397800, 0x000001f569395800,
0x000001f56939a000, 0x000001f569396800, 0x000001f56939c000, 0x000001f56939b800,
0x000001f56939e000, 0x000001f56939d000, 0x000001f569398000, 0x000001f5693a4800,
0x000001f5693a3800, 0x000001f56939e800, 0x000001f5693a1000, 0x000001f5693a0800,
0x000001f56939f800, 0x000001f5693a2000, 0x000001f5693a3000, 0x000001f565b2f000,
0x000001f565b2e800, 0x000001f565b30000, 0x000001f565b31000, 0x000001f565b31800,
0x000001f565b2c000, 0x000001f565b2d000, 0x000001f565b32800, 0x000001f565b33800,
0x000001f565b2d800, 0x000001f565b38000, 0x000001f565b36800, 0x000001f565b37800,
0x000001f565b35000, 0x000001f565b3a000, 0x000001f565b34000, 0x000001f565b3a800,
0x000001f565b36000, 0x000001f565b39000, 0x000001f565451800, 0x000001f565452000,
0x000001f565454000, 0x000001f565454800, 0x000001f565455800, 0x000001f565450000,
0x000001f565456800, 0x000001f565450800, 0x000001f56545d000, 0x000001f56545b000,
0x000001f56545c000, 0x000001f565457000, 0x000001f565458000, 0x000001f56545a800,
0x000001f565459000, 0x000001f56545d800, 0x000001f565459800, 0x000001f56545e800,
0x000001f56ba56000, 0x000001f56ba50800, 0x000001f56ba52000, 0x000001f56ba54800,
0x000001f56ba55000, 0x000001f56ba51000, 0x000001f56ba57800, 0x000001f56ba58800,
0x000001f56ba52800, 0x000001f56ba59800, 0x000001f56ba53800, 0x000001f56ba5c800,
0x000001f56ba5a000, 0x000001f56ba5d800, 0x000001f56ba5f000, 0x000001f56ba5b000,
0x000001f56ba5b800, 0x000001f56ba5e000, 0x000001f569111000, 0x000001f56910b000,
0x000001f569111800, 0x000001f56910f800, 0x000001f56910c000, 0x000001f569112800,
0x000001f56910d000
}

Java Threads: ( => current thread )
  0x000001f54629a000 JavaThread "main" [_thread_blocked, id=10064, stack(0x000000bf3eb00000,0x000000bf3ec00000)]
  0x000001f56222f800 JavaThread "Reference Handler" daemon [_thread_blocked, id=9476, stack(0x000000bf3f200000,0x000000bf3f300000)]
  0x000001f562232800 JavaThread "Finalizer" daemon [_thread_blocked, id=10104, stack(0x000000bf3f300000,0x000000bf3f400000)]
  0x000001f5622a4800 JavaThread "Signal Dispatcher" daemon [_thread_blocked, id=12888, stack(0x000000bf3f400000,0x000000bf3f500000)]
  0x000001f5622a5800 JavaThread "Attach Listener" daemon [_thread_blocked, id=11536, stack(0x000000bf3f500000,0x000000bf3f600000)]
  0x000001f5622a6800 JavaThread "Service Thread" daemon [_thread_blocked, id=4492, stack(0x000000bf3f600000,0x000000bf3f700000)]
  0x000001f5622a9800 JavaThread "C2 CompilerThread0" daemon [_thread_in_native, id=9316, stack(0x000000bf3f700000,0x000000bf3f800000)]
  0x000001f5622b9000 JavaThread "C1 CompilerThread0" daemon [_thread_blocked, id=11328, stack(0x000000bf3f800000,0x000000bf3f900000)]
  0x000001f5622c7800 JavaThread "Sweeper thread" daemon [_thread_blocked, id=2484, stack(0x000000bf3f900000,0x000000bf3fa00000)]
  0x000001f5619ca800 JavaThread "C1 CompilerThread1" daemon [_thread_in_native, id=12092, stack(0x000000bf3fa00000,0x000000bf3fb00000)]
  0x000001f56242d800 JavaThread "Common-Cleaner" daemon [_thread_blocked, id=1380, stack(0x000000bf3fb00000,0x000000bf3fc00000)]
  0x000001f5625fc800 JavaThread "C2 CompilerThread1" daemon [_thread_in_native, id=12252, stack(0x000000bf3fd00000,0x000000bf3fe00000)]
  0x000001f5626e1800 JavaThread "C2 CompilerThread2" daemon [_thread_in_native, id=8648, stack(0x000000bf3fe00000,0x000000bf3ff00000)]
=>0x000001f562c9e800 JavaThread "C2 CompilerThread3" daemon [_thread_in_native, id=12928, stack(0x000000bf3ff00000,0x000000bf40000000)]
  0x000001f563402000 JavaThread "C1 CompilerThread2" daemon [_thread_blocked, id=6968, stack(0x000000bf40400000,0x000000bf40500000)]
  0x000001f563308000 JavaThread "C1 CompilerThread3" daemon [_thread_blocked, id=4292, stack(0x000000bf40500000,0x000000bf40600000)]
  0x000001f5647e9000 JavaThread "Daemon health stats" [_thread_blocked, id=6032, stack(0x000000bf40600000,0x000000bf40700000)]
  0x000001f565280000 JavaThread "Incoming local TCP Connector on port 63567" [_thread_in_native, id=11336, stack(0x000000bf40700000,0x000000bf40800000)]
  0x000001f56399e000 JavaThread "Daemon periodic checks" [_thread_blocked, id=5396, stack(0x000000bf40800000,0x000000bf40900000)]
  0x000001f564099800 JavaThread "Daemon" [_thread_blocked, id=6184, stack(0x000000bf40900000,0x000000bf40a00000)]
  0x000001f564b9c800 JavaThread "Handler for socket connection from /127.0.0.1:63567 to /127.0.0.1:63568" [_thread_in_native, id=12404, stack(0x000000bf40a00000,0x000000bf40b00000)]
  0x000001f565830800 JavaThread "Cancel handler" [_thread_blocked, id=8472, stack(0x000000bf40b00000,0x000000bf40c00000)]
  0x000001f5655bc800 JavaThread "Daemon worker" [_thread_blocked, id=13092, stack(0x000000bf40c00000,0x000000bf40d00000)]
  0x000001f563a05000 JavaThread "Asynchronous log dispatcher for DefaultDaemonConnection: socket connection from /127.0.0.1:63567 to /127.0.0.1:63568" [_thread_blocked, id=3768, stack(0x000000bf40d00000,0x000000bf40e00000)]
  0x000001f563579000 JavaThread "Stdin handler" [_thread_blocked, id=1496, stack(0x000000bf40e00000,0x000000bf40f00000)]
  0x000001f564ee9800 JavaThread "Daemon client event forwarder" [_thread_blocked, id=8400, stack(0x000000bf40f00000,0x000000bf41000000)]
  0x000001f564eea800 JavaThread "Cache worker for file hash cache (C:\Users\Administrator\.gradle\caches\7.0.2\fileHashes)" [_thread_blocked, id=4384, stack(0x000000bf41000000,0x000000bf41100000)]
  0x000001f564eeb000 JavaThread "File lock request listener" [_thread_in_native, id=7692, stack(0x000000bf41100000,0x000000bf41200000)]
  0x000001f564eec000 JavaThread "Cache worker for journal cache (C:\Users\Administrator\.gradle\caches\journal-1)" [_thread_blocked, id=5040, stack(0x000000bf41c00000,0x000000bf41d00000)]
  0x000001f564eed800 JavaThread "Cache worker for file hash cache (C:\Users\Administrator\AndroidStudioProjects\ChatApplication\.gradle\7.0.2\fileHashes)" [_thread_blocked, id=12988, stack(0x000000bf41d00000,0x000000bf41e00000)]
  0x000001f564eed000 JavaThread "File watcher server" daemon [_thread_in_native, id=12964, stack(0x000000bf41e00000,0x000000bf41f00000)]
  0x000001f564ee8000 JavaThread "File watcher consumer" daemon [_thread_blocked, id=5888, stack(0x000000bf41f00000,0x000000bf42000000)]
  0x000001f564eee800 JavaThread "Cache worker for checksums cache (C:\Users\Administrator\AndroidStudioProjects\ChatApplication\.gradle\checksums)" [_thread_blocked, id=10044, stack(0x000000bf42000000,0x000000bf42100000)]
  0x000001f564ee8800 JavaThread "Cache worker for cache directory md-supplier (C:\Users\Administrator\.gradle\caches\7.0.2\md-supplier)" [_thread_blocked, id=10920, stack(0x000000bf42100000,0x000000bf42200000)]
  0x000001f569397800 JavaThread "Cache worker for cache directory md-rule (C:\Users\Administrator\.gradle\caches\7.0.2\md-rule)" [_thread_blocked, id=8168, stack(0x000000bf42200000,0x000000bf42300000)]
  0x000001f569395800 JavaThread "Cache worker for execution history cache (C:\Users\Administrator\.gradle\caches\7.0.2\executionHistory)" [_thread_blocked, id=13260, stack(0x000000bf42300000,0x000000bf42400000)]
  0x000001f56939a000 JavaThread "jar transforms" [_thread_blocked, id=12768, stack(0x000000bf42400000,0x000000bf42500000)]
  0x000001f569396800 JavaThread "jar transforms Thread 2" [_thread_blocked, id=7164, stack(0x000000bf42500000,0x000000bf42600000)]
  0x000001f56939c000 JavaThread "Cache worker for file content cache (C:\Users\Administrator\.gradle\caches\7.0.2\fileContent)" [_thread_blocked, id=11280, stack(0x000000bf42600000,0x000000bf42700000)]
  0x000001f56939b800 JavaThread "Cache worker for dependencies-accessors (C:\Users\Administrator\AndroidStudioProjects\ChatApplication\.gradle\7.0.2\dependencies-accessors)" [_thread_blocked, id=5404, stack(0x000000bf42700000,0x000000bf42800000)]
  0x000001f56939e000 JavaThread "jar transforms Thread 3" [_thread_blocked, id=12360, stack(0x000000bf42800000,0x000000bf42900000)]
  0x000001f56939d000 JavaThread "Cache worker for Build Output Cleanup Cache (C:\Users\Administrator\AndroidStudioProjects\ChatApplication\.gradle\buildOutputCleanup)" [_thread_blocked, id=9756, stack(0x000000bf42900000,0x000000bf42a00000)]
  0x000001f569398000 JavaThread "Build operations" [_thread_blocked, id=5340, stack(0x000000bf42a00000,0x000000bf42b00000)]
  0x000001f5693a4800 JavaThread "Build operations Thread 2" [_thread_blocked, id=10800, stack(0x000000bf42b00000,0x000000bf42c00000)]
  0x000001f5693a3800 JavaThread "Build operations Thread 3" [_thread_blocked, id=9480, stack(0x000000bf42c00000,0x000000bf42d00000)]
  0x000001f56939e800 JavaThread "Build operations Thread 4" [_thread_blocked, id=7416, stack(0x000000bf42d00000,0x000000bf42e00000)]
  0x000001f5693a1000 JavaThread "Build operations Thread 5" [_thread_blocked, id=3044, stack(0x000000bf42e00000,0x000000bf42f00000)]
  0x000001f5693a0800 JavaThread "Build operations Thread 6" [_thread_blocked, id=5904, stack(0x000000bf42f00000,0x000000bf43000000)]
  0x000001f56939f800 JavaThread "Build operations Thread 7" [_thread_blocked, id=9016, stack(0x000000bf43000000,0x000000bf43100000)]
  0x000001f5693a2000 JavaThread "Build operations Thread 8" [_thread_blocked, id=8316, stack(0x000000bf43100000,0x000000bf43200000)]
  0x000001f5693a3000 JavaThread "Build operations Thread 9" [_thread_blocked, id=3652, stack(0x000000bf43200000,0x000000bf43300000)]
  0x000001f565b2f000 JavaThread "Build operations Thread 10" [_thread_blocked, id=11740, stack(0x000000bf43300000,0x000000bf43400000)]
  0x000001f565b2e800 JavaThread "Build operations Thread 11" [_thread_blocked, id=7492, stack(0x000000bf43400000,0x000000bf43500000)]
  0x000001f565b30000 JavaThread "Build operations Thread 12" [_thread_blocked, id=5968, stack(0x000000bf43500000,0x000000bf43600000)]
  0x000001f565b31000 JavaThread "Build operations Thread 13" [_thread_blocked, id=3152, stack(0x000000bf43600000,0x000000bf43700000)]
  0x000001f565b31800 JavaThread "Build operations Thread 14" [_thread_blocked, id=12624, stack(0x000000bf43700000,0x000000bf43800000)]
  0x000001f565b2c000 JavaThread "Build operations Thread 15" [_thread_blocked, id=952, stack(0x000000bf43800000,0x000000bf43900000)]
  0x000001f565b2d000 JavaThread "Build operations Thread 16" [_thread_blocked, id=12688, stack(0x000000bf43900000,0x000000bf43a00000)]
  0x000001f565b32800 JavaThread "jar transforms Thread 4" [_thread_blocked, id=8812, stack(0x000000bf43a00000,0x000000bf43b00000)]
  0x000001f565b33800 JavaThread "jar transforms Thread 5" [_thread_blocked, id=2320, stack(0x000000bf43b00000,0x000000bf43c00000)]
  0x000001f565b2d800 JavaThread "jar transforms Thread 6" [_thread_blocked, id=12084, stack(0x000000bf43c00000,0x000000bf43d00000)]
  0x000001f565b38000 JavaThread "jar transforms Thread 7" [_thread_blocked, id=2404, stack(0x000000bf43d00000,0x000000bf43e00000)]
  0x000001f565b36800 JavaThread "jar transforms Thread 8" [_thread_blocked, id=10708, stack(0x000000bf43e00000,0x000000bf43f00000)]
  0x000001f565b37800 JavaThread "jar transforms Thread 9" [_thread_blocked, id=11204, stack(0x000000bf43f00000,0x000000bf44000000)]
  0x000001f565b35000 JavaThread "jar transforms Thread 10" [_thread_blocked, id=12460, stack(0x000000bf44000000,0x000000bf44100000)]
  0x000001f565b3a000 JavaThread "jar transforms Thread 11" [_thread_blocked, id=11648, stack(0x000000bf44100000,0x000000bf44200000)]
  0x000001f565b34000 JavaThread "jar transforms Thread 12" [_thread_blocked, id=4780, stack(0x000000bf44200000,0x000000bf44300000)]
  0x000001f565b3a800 JavaThread "jar transforms Thread 13" [_thread_blocked, id=3264, stack(0x000000bf44300000,0x000000bf44400000)]
  0x000001f565b36000 JavaThread "jar transforms Thread 14" [_thread_blocked, id=11940, stack(0x000000bf44400000,0x000000bf44500000)]
  0x000001f565b39000 JavaThread "jar transforms Thread 15" [_thread_blocked, id=11500, stack(0x000000bf44500000,0x000000bf44600000)]
  0x000001f565451800 JavaThread "jar transforms Thread 16" [_thread_blocked, id=1664, stack(0x000000bf44600000,0x000000bf44700000)]
  0x000001f565452000 JavaThread "Memory manager" [_thread_blocked, id=11996, stack(0x000000bf44700000,0x000000bf44800000)]
  0x000001f565454000 JavaThread "build event listener" [_thread_blocked, id=11540, stack(0x000000bf44800000,0x000000bf44900000)]
  0x000001f565454800 JavaThread "pool-3-thread-1" [_thread_blocked, id=8320, stack(0x000000bf44900000,0x000000bf44a00000)]
  0x000001f565455800 JavaThread "build event listener" [_thread_blocked, id=8688, stack(0x000000bf44a00000,0x000000bf44b00000)]
  0x000001f565450000 JavaThread "Execution worker for ':'" [_thread_blocked, id=10656, stack(0x000000bf44b00000,0x000000bf44c00000)]
  0x000001f565456800 JavaThread "Execution worker for ':' Thread 2" [_thread_blocked, id=5980, stack(0x000000bf44c00000,0x000000bf44d00000)]
  0x000001f565450800 JavaThread "Execution worker for ':' Thread 3" [_thread_blocked, id=6840, stack(0x000000bf44d00000,0x000000bf44e00000)]
  0x000001f56545d000 JavaThread "Execution worker for ':' Thread 4" [_thread_blocked, id=12208, stack(0x000000bf44e00000,0x000000bf44f00000)]
  0x000001f56545b000 JavaThread "Execution worker for ':' Thread 5" [_thread_blocked, id=11980, stack(0x000000bf44f00000,0x000000bf45000000)]
  0x000001f56545c000 JavaThread "Execution worker for ':' Thread 6" [_thread_blocked, id=312, stack(0x000000bf45000000,0x000000bf45100000)]
  0x000001f565457000 JavaThread "Execution worker for ':' Thread 7" [_thread_blocked, id=12424, stack(0x000000bf45100000,0x000000bf45200000)]
  0x000001f565458000 JavaThread "Execution worker for ':' Thread 8" [_thread_blocked, id=1300, stack(0x000000bf45200000,0x000000bf45300000)]
  0x000001f56545a800 JavaThread "Execution worker for ':' Thread 9" [_thread_blocked, id=11924, stack(0x000000bf45300000,0x000000bf45400000)]
  0x000001f565459000 JavaThread "Execution worker for ':' Thread 10" [_thread_blocked, id=12504, stack(0x000000bf45400000,0x000000bf45500000)]
  0x000001f56545d800 JavaThread "Execution worker for ':' Thread 11" [_thread_blocked, id=4100, stack(0x000000bf45500000,0x000000bf45600000)]
  0x000001f565459800 JavaThread "Execution worker for ':' Thread 12" [_thread_blocked, id=4932, stack(0x000000bf45600000,0x000000bf45700000)]
  0x000001f56545e800 JavaThread "Execution worker for ':' Thread 13" [_thread_blocked, id=8336, stack(0x000000bf45700000,0x000000bf45800000)]
  0x000001f56ba56000 JavaThread "Execution worker for ':' Thread 14" [_thread_blocked, id=5792, stack(0x000000bf45800000,0x000000bf45900000)]
  0x000001f56ba50800 JavaThread "Execution worker for ':' Thread 15" [_thread_blocked, id=6036, stack(0x000000bf45900000,0x000000bf45a00000)]
  0x000001f56ba52000 JavaThread "Cache worker for execution history cache (C:\Users\Administrator\AndroidStudioProjects\ChatApplication\.gradle\7.0.2\executionHistory)" [_thread_blocked, id=5992, stack(0x000000bf45a00000,0x000000bf45b00000)]
  0x000001f56ba54800 JavaThread "WorkerExecutor Queue" [_thread_blocked, id=12612, stack(0x000000bf45c00000,0x000000bf45d00000)]
  0x000001f56ba55000 JavaThread "WorkerExecutor Queue Thread 2" [_thread_blocked, id=4336, stack(0x000000bf45d00000,0x000000bf45e00000)]
  0x000001f56ba51000 JavaThread "WorkerExecutor Queue Thread 3" [_thread_blocked, id=11236, stack(0x000000bf45e00000,0x000000bf45f00000)]
  0x000001f56ba57800 JavaThread "pool-4-thread-1" [_thread_blocked, id=11128, stack(0x000000bf45f00000,0x000000bf46000000)]
  0x000001f56ba58800 JavaThread "stderr" [_thread_in_native, id=11728, stack(0x000000bf46000000,0x000000bf46100000)]
  0x000001f56ba52800 JavaThread "stdout" [_thread_in_native, id=12280, stack(0x000000bf46100000,0x000000bf46200000)]
  0x000001f56ba59800 JavaThread "ForkJoinPool-1-worker-19" daemon [_thread_in_Java, id=10248, stack(0x000000bf46200000,0x000000bf46300000)]
  0x000001f56ba53800 JavaThread "ForkJoinPool-1-worker-5" daemon [_thread_blocked, id=10380, stack(0x000000bf46300000,0x000000bf46400000)]
  0x000001f56ba5c800 JavaThread "ForkJoinPool-1-worker-23" daemon [_thread_blocked, id=3604, stack(0x000000bf46400000,0x000000bf46500000)]
  0x000001f56ba5a000 JavaThread "ForkJoinPool-1-worker-9" daemon [_thread_in_Java, id=10728, stack(0x000000bf46500000,0x000000bf46600000)]
  0x000001f56ba5d800 JavaThread "ForkJoinPool-1-worker-27" daemon [_thread_blocked, id=2196, stack(0x000000bf46600000,0x000000bf46700000)]
  0x000001f56ba5f000 JavaThread "ForkJoinPool-1-worker-13" daemon [_thread_blocked, id=3156, stack(0x000000bf46700000,0x000000bf46800000)]
  0x000001f56ba5b000 JavaThread "ForkJoinPool-1-worker-31" daemon [_thread_in_Java, id=11720, stack(0x000000bf46800000,0x000000bf46900000)]
  0x000001f56ba5b800 JavaThread "ForkJoinPool-1-worker-17" daemon [_thread_in_Java, id=12884, stack(0x000000bf46900000,0x000000bf46a00000)]
  0x000001f56ba5e000 JavaThread "ForkJoinPool-1-worker-3" daemon [_thread_blocked, id=12784, stack(0x000000bf46a00000,0x000000bf46b00000)]
  0x000001f569111000 JavaThread "ForkJoinPool-1-worker-21" daemon [_thread_in_Java, id=13144, stack(0x000000bf46b00000,0x000000bf46c00000)]
  0x000001f56910b000 JavaThread "ForkJoinPool-1-worker-7" daemon [_thread_blocked, id=5580, stack(0x000000bf46c00000,0x000000bf46d00000)]
  0x000001f569111800 JavaThread "ForkJoinPool-1-worker-25" daemon [_thread_in_Java, id=2424, stack(0x000000bf46d00000,0x000000bf46e00000)]
  0x000001f56910f800 JavaThread "ForkJoinPool-1-worker-11" daemon [_thread_in_Java, id=7588, stack(0x000000bf46e00000,0x000000bf46f00000)]
  0x000001f56910c000 JavaThread "ForkJoinPool-1-worker-29" daemon [_thread_in_Java, id=8620, stack(0x000000bf46f00000,0x000000bf47000000)]
  0x000001f569112800 JavaThread "ForkJoinPool-1-worker-15" daemon [_thread_in_Java, id=7516, stack(0x000000bf47000000,0x000000bf47100000)]
  0x000001f56910d000 JavaThread "ForkJoinPool-1-worker-1" daemon [_thread_in_Java, id=13048, stack(0x000000bf47100000,0x000000bf47200000)]

Other Threads:
  0x000001f56222d000 VMThread "VM Thread" [stack: 0x000000bf3f100000,0x000000bf3f200000] [id=5268]
  0x000001f5624b2000 WatcherThread [stack: 0x000000bf3fc00000,0x000000bf3fd00000] [id=4840]
  0x000001f5462b3800 GCTaskThread "GC Thread#0" [stack: 0x000000bf3ec00000,0x000000bf3ed00000] [id=2172]
  0x000001f562e64000 GCTaskThread "GC Thread#1" [stack: 0x000000bf40000000,0x000000bf40100000] [id=3432]
  0x000001f562c86000 GCTaskThread "GC Thread#2" [stack: 0x000000bf40100000,0x000000bf40200000] [id=3800]
  0x000001f563206000 GCTaskThread "GC Thread#3" [stack: 0x000000bf40200000,0x000000bf40300000] [id=8496]
  0x000001f562dd6000 GCTaskThread "GC Thread#4" [stack: 0x000000bf40300000,0x000000bf40400000] [id=1720]
  0x000001f5631a7800 GCTaskThread "GC Thread#5" [stack: 0x000000bf41200000,0x000000bf41300000] [id=6652]
  0x000001f564427800 GCTaskThread "GC Thread#6" [stack: 0x000000bf41300000,0x000000bf41400000] [id=1600]
  0x000001f5637e0800 GCTaskThread "GC Thread#7" [stack: 0x000000bf41400000,0x000000bf41500000] [id=4876]
  0x000001f5646b1800 GCTaskThread "GC Thread#8" [stack: 0x000000bf41500000,0x000000bf41600000] [id=6808]
  0x000001f5652c6000 GCTaskThread "GC Thread#9" [stack: 0x000000bf41600000,0x000000bf41700000] [id=12300]
  0x000001f5645a6000 GCTaskThread "GC Thread#10" [stack: 0x000000bf41700000,0x000000bf41800000] [id=8960]
  0x000001f565743800 GCTaskThread "GC Thread#11" [stack: 0x000000bf41800000,0x000000bf41900000] [id=11864]
  0x000001f563c1b800 GCTaskThread "GC Thread#12" [stack: 0x000000bf41900000,0x000000bf41a00000] [id=6552]
  0x000001f5462e8800 ConcurrentGCThread "G1 Main Marker" [stack: 0x000000bf3ed00000,0x000000bf3ee00000] [id=1972]
  0x000001f5462eb000 ConcurrentGCThread "G1 Conc#0" [stack: 0x000000bf3ee00000,0x000000bf3ef00000] [id=3148]
  0x000001f564029800 ConcurrentGCThread "G1 Conc#1" [stack: 0x000000bf41a00000,0x000000bf41b00000] [id=3380]
  0x000001f5630ca000 ConcurrentGCThread "G1 Conc#2" [stack: 0x000000bf41b00000,0x000000bf41c00000] [id=7112]
  0x000001f56187c800 ConcurrentGCThread "G1 Refine#0" [stack: 0x000000bf3ef00000,0x000000bf3f000000] [id=5068]
  0x000001f56285e000 ConcurrentGCThread "G1 Refine#1" [stack: 0x000000bf45b00000,0x000000bf45c00000] [id=5416]
  0x000001f54637e800 ConcurrentGCThread "G1 Young RemSet Sampling" [stack: 0x000000bf3f000000,0x000000bf3f100000] [id=12680]

Threads with active compile tasks:
C2 CompilerThread0   6079 11034       4       org.gradle.internal.instantiation.generator.AbstractClassGenerator$PropertyMetadata::hasAnnotation (40 bytes)
C2 CompilerThread1   6079 11928 %     4       com.android.tools.r8.dex.j::m @ 64 (2086 bytes)
C2 CompilerThread2   6079 12480 %     4       com.android.tools.r8.dex.j::a @ 315 (1038 bytes)
C2 CompilerThread3   6079 12055   !   4       java.net.URL::<init> (543 bytes)

VM state:not at safepoint (normal execution)

VM Mutex/Monitor currently owned by a thread:  ([mutex/lock_event])
[0x000001f5462975e0] Patching_lock - owner thread: 0x000001f56ba5b800
[0x000001f546296f20] CompiledIC_lock - owner thread: 0x0000000000000000

Heap address: 0x0000000080000000, size: 2048 MB, Compressed Oops mode: 32-bit
Narrow klass base: 0x0000000000000000, Narrow klass shift: 3
Compressed class space size: 1073741824 Address: 0x0000000100000000

Heap:
 garbage-first heap   total 251904K, used 207381K [0x0000000080000000, 0x0000000100000000)
  region size 1024K, 102 young (104448K), 15 survivors (15360K)
 Metaspace       used 97258K, capacity 99938K, committed 100132K, reserved 1136640K
  class space    used 12728K, capacity 13749K, committed 13824K, reserved 1048576K
Heap Regions: E=young(eden), S=young(survivor), O=old, HS=humongous(starts), HC=humongous(continues), CS=collection set, F=free, A=archive, TAMS=top-at-mark-start (previous, next)
|   0|0x0000000080000000, 0x0000000080100000, 0x0000000080100000|100%| O|  |TAMS 0x0000000080100000, 0x0000000080000000| Untracked 
|   1|0x0000000080100000, 0x0000000080200000, 0x0000000080200000|100%| O|  |TAMS 0x0000000080200000, 0x0000000080100000| Untracked 
|   2|0x0000000080200000, 0x0000000080300000, 0x0000000080300000|100%| O|  |TAMS 0x0000000080300000, 0x0000000080200000| Untracked 
|   3|0x0000000080300000, 0x0000000080400000, 0x0000000080400000|100%|HS|  |TAMS 0x0000000080400000, 0x0000000080300000| Complete 
|   4|0x0000000080400000, 0x0000000080500000, 0x0000000080500000|100%|HC|  |TAMS 0x0000000080500000, 0x0000000080400000| Complete 
|   5|0x0000000080500000, 0x0000000080600000, 0x0000000080600000|100%|HC|  |TAMS 0x0000000080600000, 0x0000000080500000| Complete 
|   6|0x0000000080600000, 0x0000000080700000, 0x0000000080700000|100%| O|  |TAMS 0x0000000080700000, 0x0000000080600000| Untracked 
|   7|0x0000000080700000, 0x0000000080800000, 0x0000000080800000|100%| O|  |TAMS 0x0000000080800000, 0x0000000080700000| Untracked 
|   8|0x0000000080800000, 0x0000000080900000, 0x0000000080900000|100%| O|  |TAMS 0x0000000080900000, 0x0000000080800000| Untracked 
|   9|0x0000000080900000, 0x0000000080a00000, 0x0000000080a00000|100%| O|  |TAMS 0x0000000080a00000, 0x0000000080900000| Untracked 
|  10|0x0000000080a00000, 0x0000000080b00000, 0x0000000080b00000|100%| O|  |TAMS 0x0000000080b00000, 0x0000000080a00000| Untracked 
|  11|0x0000000080b00000, 0x0000000080c00000, 0x0000000080c00000|100%| O|  |TAMS 0x0000000080c00000, 0x0000000080b00000| Untracked 
|  12|0x0000000080c00000, 0x0000000080d00000, 0x0000000080d00000|100%| O|  |TAMS 0x0000000080d00000, 0x0000000080c00000| Untracked 
|  13|0x0000000080d00000, 0x0000000080e00000, 0x0000000080e00000|100%| O|  |TAMS 0x0000000080e00000, 0x0000000080d00000| Untracked 
|  14|0x0000000080e00000, 0x0000000080f00000, 0x0000000080f00000|100%| O|  |TAMS 0x0000000080f00000, 0x0000000080e00000| Untracked 
|  15|0x0000000080f00000, 0x0000000081000000, 0x0000000081000000|100%| O|  |TAMS 0x0000000081000000, 0x0000000080f00000| Untracked 
|  16|0x0000000081000000, 0x0000000081100000, 0x0000000081100000|100%| O|  |TAMS 0x0000000081100000, 0x0000000081000000| Untracked 
|  17|0x0000000081100000, 0x0000000081200000, 0x0000000081200000|100%|HS|  |TAMS 0x0000000081200000, 0x0000000081100000| Complete 
|  18|0x0000000081200000, 0x0000000081300000, 0x0000000081300000|100%|HS|  |TAMS 0x0000000081300000, 0x0000000081200000| Complete 
|  19|0x0000000081300000, 0x0000000081400000, 0x0000000081400000|100%|HS|  |TAMS 0x0000000081400000, 0x0000000081300000| Complete 
|  20|0x0000000081400000, 0x0000000081500000, 0x0000000081500000|100%|HS|  |TAMS 0x0000000081500000, 0x0000000081400000| Complete 
|  21|0x0000000081500000, 0x0000000081600000, 0x0000000081600000|100%|HC|  |TAMS 0x0000000081600000, 0x0000000081500000| Complete 
|  22|0x0000000081600000, 0x0000000081700000, 0x0000000081700000|100%|HC|  |TAMS 0x0000000081700000, 0x0000000081600000| Complete 
|  23|0x0000000081700000, 0x0000000081800000, 0x0000000081800000|100%|HS|  |TAMS 0x0000000081800000, 0x0000000081700000| Complete 
|  24|0x0000000081800000, 0x0000000081900000, 0x0000000081900000|100%|HC|  |TAMS 0x0000000081900000, 0x0000000081800000| Complete 
|  25|0x0000000081900000, 0x0000000081a00000, 0x0000000081a00000|100%| O|  |TAMS 0x0000000081a00000, 0x0000000081900000| Untracked 
|  26|0x0000000081a00000, 0x0000000081b00000, 0x0000000081b00000|100%| O|  |TAMS 0x0000000081b00000, 0x0000000081a00000| Untracked 
|  27|0x0000000081b00000, 0x0000000081c00000, 0x0000000081c00000|100%| O|  |TAMS 0x0000000081c00000, 0x0000000081b00000| Untracked 
|  28|0x0000000081c00000, 0x0000000081d00000, 0x0000000081d00000|100%| O|  |TAMS 0x0000000081d00000, 0x0000000081c00000| Untracked 
|  29|0x0000000081d00000, 0x0000000081e00000, 0x0000000081e00000|100%| O|  |TAMS 0x0000000081e00000, 0x0000000081d00000| Untracked 
|  30|0x0000000081e00000, 0x0000000081f00000, 0x0000000081f00000|100%| O|  |TAMS 0x0000000081f00000, 0x0000000081e00000| Untracked 
|  31|0x0000000081f00000, 0x0000000082000000, 0x0000000082000000|100%| O|  |TAMS 0x0000000082000000, 0x0000000081f00000| Untracked 
|  32|0x0000000082000000, 0x0000000082100000, 0x0000000082100000|100%| O|  |TAMS 0x0000000082100000, 0x0000000082000000| Untracked 
|  33|0x0000000082100000, 0x0000000082200000, 0x0000000082200000|100%| O|  |TAMS 0x0000000082200000, 0x0000000082100000| Untracked 
|  34|0x0000000082200000, 0x0000000082300000, 0x0000000082300000|100%| O|  |TAMS 0x0000000082300000, 0x0000000082200000| Untracked 
|  35|0x0000000082300000, 0x0000000082400000, 0x0000000082400000|100%| O|  |TAMS 0x0000000082400000, 0x0000000082300000| Untracked 
|  36|0x0000000082400000, 0x0000000082500000, 0x0000000082500000|100%| O|  |TAMS 0x0000000082500000, 0x0000000082400000| Untracked 
|  37|0x0000000082500000, 0x0000000082600000, 0x0000000082600000|100%| O|  |TAMS 0x0000000082600000, 0x0000000082500000| Untracked 
|  38|0x0000000082600000, 0x0000000082700000, 0x0000000082700000|100%| O|  |TAMS 0x0000000082700000, 0x0000000082600000| Untracked 
|  39|0x0000000082700000, 0x0000000082800000, 0x0000000082800000|100%| O|  |TAMS 0x0000000082800000, 0x0000000082700000| Untracked 
|  40|0x0000000082800000, 0x0000000082900000, 0x0000000082900000|100%| O|  |TAMS 0x0000000082900000, 0x0000000082800000| Untracked 
|  41|0x0000000082900000, 0x0000000082a00000, 0x0000000082a00000|100%| O|  |TAMS 0x0000000082a00000, 0x0000000082900000| Untracked 
|  42|0x0000000082a00000, 0x0000000082b00000, 0x0000000082b00000|100%| O|  |TAMS 0x0000000082b00000, 0x0000000082a00000| Untracked 
|  43|0x0000000082b00000, 0x0000000082c00000, 0x0000000082c00000|100%| O|  |TAMS 0x0000000082c00000, 0x0000000082b00000| Untracked 
|  44|0x0000000082c00000, 0x0000000082d00000, 0x0000000082d00000|100%| O|  |TAMS 0x0000000082d00000, 0x0000000082c00000| Untracked 
|  45|0x0000000082d00000, 0x0000000082e00000, 0x0000000082e00000|100%| O|  |TAMS 0x0000000082e00000, 0x0000000082d00000| Untracked 
|  46|0x0000000082e00000, 0x0000000082f00000, 0x0000000082f00000|100%| O|  |TAMS 0x0000000082f00000, 0x0000000082e00000| Untracked 
|  47|0x0000000082f00000, 0x0000000083000000, 0x0000000083000000|100%| O|  |TAMS 0x0000000082faac00, 0x0000000082f00000| Untracked 
|  48|0x0000000083000000, 0x0000000083100000, 0x0000000083100000|100%| O|  |TAMS 0x0000000083000000, 0x0000000083000000| Untracked 
|  49|0x0000000083100000, 0x0000000083200000, 0x0000000083200000|100%| O|  |TAMS 0x0000000083100000, 0x0000000083100000| Untracked 
|  50|0x0000000083200000, 0x0000000083300000, 0x0000000083300000|100%| O|  |TAMS 0x0000000083200000, 0x0000000083200000| Untracked 
|  51|0x0000000083300000, 0x0000000083400000, 0x0000000083400000|100%| O|  |TAMS 0x0000000083300000, 0x0000000083300000| Untracked 
|  52|0x0000000083400000, 0x0000000083500000, 0x0000000083500000|100%| O|  |TAMS 0x0000000083400000, 0x0000000083400000| Untracked 
|  53|0x0000000083500000, 0x0000000083600000, 0x0000000083600000|100%| O|  |TAMS 0x0000000083500000, 0x0000000083500000| Untracked 
|  54|0x0000000083600000, 0x0000000083700000, 0x0000000083700000|100%| O|  |TAMS 0x0000000083600000, 0x0000000083600000| Untracked 
|  55|0x0000000083700000, 0x0000000083800000, 0x0000000083800000|100%| O|  |TAMS 0x0000000083700000, 0x0000000083700000| Untracked 
|  56|0x0000000083800000, 0x0000000083900000, 0x0000000083900000|100%| O|  |TAMS 0x0000000083800000, 0x0000000083800000| Untracked 
|  57|0x0000000083900000, 0x0000000083a00000, 0x0000000083a00000|100%| O|  |TAMS 0x0000000083900000, 0x0000000083900000| Untracked 
|  58|0x0000000083a00000, 0x0000000083b00000, 0x0000000083b00000|100%| O|  |TAMS 0x0000000083a00000, 0x0000000083a00000| Untracked 
|  59|0x0000000083b00000, 0x0000000083c00000, 0x0000000083c00000|100%| O|  |TAMS 0x0000000083b00000, 0x0000000083b00000| Untracked 
|  60|0x0000000083c00000, 0x0000000083d00000, 0x0000000083d00000|100%| O|  |TAMS 0x0000000083c00000, 0x0000000083c00000| Untracked 
|  61|0x0000000083d00000, 0x0000000083e00000, 0x0000000083e00000|100%| O|  |TAMS 0x0000000083d00000, 0x0000000083d00000| Untracked 
|  62|0x0000000083e00000, 0x0000000083f00000, 0x0000000083f00000|100%| O|  |TAMS 0x0000000083e00000, 0x0000000083e00000| Untracked 
|  63|0x0000000083f00000, 0x0000000084000000, 0x0000000084000000|100%| O|  |TAMS 0x0000000083f00000, 0x0000000083f00000| Untracked 
|  64|0x0000000084000000, 0x0000000084100000, 0x0000000084100000|100%| O|  |TAMS 0x0000000084000000, 0x0000000084000000| Untracked 
|  65|0x0000000084100000, 0x0000000084200000, 0x0000000084200000|100%| O|  |TAMS 0x0000000084100000, 0x0000000084100000| Untracked 
|  66|0x0000000084200000, 0x0000000084300000, 0x0000000084300000|100%| O|  |TAMS 0x0000000084200000, 0x0000000084200000| Untracked 
|  67|0x0000000084300000, 0x0000000084400000, 0x0000000084400000|100%| O|  |TAMS 0x0000000084300000, 0x0000000084300000| Untracked 
|  68|0x0000000084400000, 0x0000000084500000, 0x0000000084500000|100%| O|  |TAMS 0x0000000084400000, 0x0000000084400000| Untracked 
|  69|0x0000000084500000, 0x0000000084600000, 0x0000000084600000|100%| O|  |TAMS 0x0000000084500000, 0x0000000084500000| Untracked 
|  70|0x0000000084600000, 0x0000000084700000, 0x0000000084700000|100%| O|  |TAMS 0x0000000084600000, 0x0000000084600000| Untracked 
|  71|0x0000000084700000, 0x0000000084800000, 0x0000000084800000|100%| O|  |TAMS 0x0000000084700000, 0x0000000084700000| Untracked 
|  72|0x0000000084800000, 0x0000000084900000, 0x0000000084900000|100%| O|  |TAMS 0x0000000084800000, 0x0000000084800000| Untracked 
|  73|0x0000000084900000, 0x0000000084985400, 0x0000000084a00000| 52%| O|  |TAMS 0x0000000084900000, 0x0000000084900000| Untracked 
|  74|0x0000000084a00000, 0x0000000084b00000, 0x0000000084b00000|100%|HS|  |TAMS 0x0000000084a00000, 0x0000000084a00000| Complete 
|  75|0x0000000084b00000, 0x0000000084c00000, 0x0000000084c00000|100%|HC|  |TAMS 0x0000000084b00000, 0x0000000084b00000| Complete 
|  76|0x0000000084c00000, 0x0000000084d00000, 0x0000000084d00000|100%|HS|  |TAMS 0x0000000084c00000, 0x0000000084c00000| Complete 
|  77|0x0000000084d00000, 0x0000000084e00000, 0x0000000084e00000|100%|HS|  |TAMS 0x0000000084d00000, 0x0000000084d00000| Complete 
|  78|0x0000000084e00000, 0x0000000084f00000, 0x0000000084f00000|100%|HS|  |TAMS 0x0000000084e00000, 0x0000000084e00000| Complete 
|  79|0x0000000084f00000, 0x0000000085000000, 0x0000000085000000|100%|HS|  |TAMS 0x0000000084f00000, 0x0000000084f00000| Complete 
|  80|0x0000000085000000, 0x0000000085100000, 0x0000000085100000|100%|HC|  |TAMS 0x0000000085000000, 0x0000000085000000| Complete 
|  81|0x0000000085100000, 0x0000000085200000, 0x0000000085200000|100%|HC|  |TAMS 0x0000000085100000, 0x0000000085100000| Complete 
|  82|0x0000000085200000, 0x0000000085300000, 0x0000000085300000|100%|HS|  |TAMS 0x0000000085200000, 0x0000000085200000| Complete 
|  83|0x0000000085300000, 0x0000000085400000, 0x0000000085400000|100%|HS|  |TAMS 0x0000000085300000, 0x0000000085300000| Complete 
|  84|0x0000000085400000, 0x0000000085500000, 0x0000000085500000|100%|HC|  |TAMS 0x0000000085400000, 0x0000000085400000| Complete 
|  85|0x0000000085500000, 0x0000000085600000, 0x0000000085600000|100%|HS|  |TAMS 0x0000000085500000, 0x0000000085500000| Complete 
|  86|0x0000000085600000, 0x0000000085700000, 0x0000000085700000|100%|HC|  |TAMS 0x0000000085600000, 0x0000000085600000| Complete 
|  87|0x0000000085700000, 0x0000000085800000, 0x0000000085800000|100%|HS|  |TAMS 0x0000000085700000, 0x0000000085700000| Complete 
|  88|0x0000000085800000, 0x0000000085900000, 0x0000000085900000|100%|HS|  |TAMS 0x0000000085800000, 0x0000000085800000| Complete 
|  89|0x0000000085900000, 0x0000000085a00000, 0x0000000085a00000|100%|HS|  |TAMS 0x0000000085900000, 0x0000000085900000| Complete 
|  90|0x0000000085a00000, 0x0000000085b00000, 0x0000000085b00000|100%|HS|  |TAMS 0x0000000085a00000, 0x0000000085a00000| Complete 
|  91|0x0000000085b00000, 0x0000000085c00000, 0x0000000085c00000|100%|HS|  |TAMS 0x0000000085b00000, 0x0000000085b00000| Complete 
|  92|0x0000000085c00000, 0x0000000085d00000, 0x0000000085d00000|100%|HS|  |TAMS 0x0000000085c00000, 0x0000000085c00000| Complete 
|  93|0x0000000085d00000, 0x0000000085e00000, 0x0000000085e00000|100%|HS|  |TAMS 0x0000000085d00000, 0x0000000085d00000| Complete 
|  94|0x0000000085e00000, 0x0000000085f00000, 0x0000000085f00000|100%|HC|  |TAMS 0x0000000085e00000, 0x0000000085e00000| Complete 
|  95|0x0000000085f00000, 0x0000000086000000, 0x0000000086000000|100%|HC|  |TAMS 0x0000000085f00000, 0x0000000085f00000| Complete 
|  96|0x0000000086000000, 0x0000000086100000, 0x0000000086100000|100%|HS|  |TAMS 0x0000000086000000, 0x0000000086000000| Complete 
|  97|0x0000000086100000, 0x0000000086200000, 0x0000000086200000|100%|HC|  |TAMS 0x0000000086100000, 0x0000000086100000| Complete 
|  98|0x0000000086200000, 0x0000000086300000, 0x0000000086300000|100%|HC|  |TAMS 0x0000000086200000, 0x0000000086200000| Complete 
|  99|0x0000000086300000, 0x0000000086400000, 0x0000000086400000|100%|HS|  |TAMS 0x0000000086300000, 0x0000000086300000| Complete 
| 100|0x0000000086400000, 0x0000000086500000, 0x0000000086500000|100%|HS|  |TAMS 0x0000000086400000, 0x0000000086400000| Complete 
| 101|0x0000000086500000, 0x0000000086600000, 0x0000000086600000|100%|HS|  |TAMS 0x0000000086500000, 0x0000000086500000| Complete 
| 102|0x0000000086600000, 0x0000000086700000, 0x0000000086700000|100%|HS|  |TAMS 0x0000000086600000, 0x0000000086600000| Complete 
| 103|0x0000000086700000, 0x0000000086700000, 0x0000000086800000|  0%| F|  |TAMS 0x0000000086700000, 0x0000000086700000| Untracked 
| 104|0x0000000086800000, 0x0000000086800000, 0x0000000086900000|  0%| F|  |TAMS 0x0000000086800000, 0x0000000086800000| Untracked 
| 105|0x0000000086900000, 0x0000000086900000, 0x0000000086a00000|  0%| F|  |TAMS 0x0000000086900000, 0x0000000086900000| Untracked 
| 106|0x0000000086a00000, 0x0000000086a00000, 0x0000000086b00000|  0%| F|  |TAMS 0x0000000086a00000, 0x0000000086a00000| Untracked 
| 107|0x0000000086b00000, 0x0000000086b00000, 0x0000000086c00000|  0%| F|  |TAMS 0x0000000086b00000, 0x0000000086b00000| Untracked 
| 108|0x0000000086c00000, 0x0000000086c00000, 0x0000000086d00000|  0%| F|  |TAMS 0x0000000086c00000, 0x0000000086c00000| Untracked 
| 109|0x0000000086d00000, 0x0000000086d00000, 0x0000000086e00000|  0%| F|  |TAMS 0x0000000086d00000, 0x0000000086d00000| Untracked 
| 110|0x0000000086e00000, 0x0000000086e00000, 0x0000000086f00000|  0%| F|  |TAMS 0x0000000086e00000, 0x0000000086e00000| Untracked 
| 111|0x0000000086f00000, 0x0000000086f00000, 0x0000000087000000|  0%| F|  |TAMS 0x0000000086f00000, 0x0000000086f00000| Untracked 
| 112|0x0000000087000000, 0x0000000087000000, 0x0000000087100000|  0%| F|  |TAMS 0x0000000087000000, 0x0000000087000000| Untracked 
| 113|0x0000000087100000, 0x0000000087100000, 0x0000000087200000|  0%| F|  |TAMS 0x0000000087100000, 0x0000000087100000| Untracked 
| 114|0x0000000087200000, 0x0000000087200000, 0x0000000087300000|  0%| F|  |TAMS 0x0000000087200000, 0x0000000087200000| Untracked 
| 115|0x0000000087300000, 0x0000000087300000, 0x0000000087400000|  0%| F|  |TAMS 0x0000000087300000, 0x0000000087300000| Untracked 
| 116|0x0000000087400000, 0x0000000087400000, 0x0000000087500000|  0%| F|  |TAMS 0x0000000087400000, 0x0000000087400000| Untracked 
| 117|0x0000000087500000, 0x0000000087500000, 0x0000000087600000|  0%| F|  |TAMS 0x0000000087500000, 0x0000000087500000| Untracked 
| 118|0x0000000087600000, 0x0000000087700000, 0x0000000087700000|100%| S|CS|TAMS 0x0000000087600000, 0x0000000087600000| Complete 
| 119|0x0000000087700000, 0x0000000087800000, 0x0000000087800000|100%| S|CS|TAMS 0x0000000087700000, 0x0000000087700000| Complete 
| 120|0x0000000087800000, 0x0000000087900000, 0x0000000087900000|100%| S|CS|TAMS 0x0000000087800000, 0x0000000087800000| Complete 
| 121|0x0000000087900000, 0x0000000087900000, 0x0000000087a00000|  0%| F|  |TAMS 0x0000000087900000, 0x0000000087900000| Untracked 
| 122|0x0000000087a00000, 0x0000000087a00000, 0x0000000087b00000|  0%| F|  |TAMS 0x0000000087a00000, 0x0000000087a00000| Untracked 
| 123|0x0000000087b00000, 0x0000000087c00000, 0x0000000087c00000|100%| S|CS|TAMS 0x0000000087b00000, 0x0000000087b00000| Complete 
| 124|0x0000000087c00000, 0x0000000087d00000, 0x0000000087d00000|100%| S|CS|TAMS 0x0000000087c00000, 0x0000000087c00000| Complete 
| 125|0x0000000087d00000, 0x0000000087e00000, 0x0000000087e00000|100%| S|CS|TAMS 0x0000000087d00000, 0x0000000087d00000| Complete 
| 126|0x0000000087e00000, 0x0000000087f00000, 0x0000000087f00000|100%| S|CS|TAMS 0x0000000087e00000, 0x0000000087e00000| Complete 
| 127|0x0000000087f00000, 0x0000000088000000, 0x0000000088000000|100%| S|CS|TAMS 0x0000000087f00000, 0x0000000087f00000| Complete 
| 128|0x0000000088000000, 0x0000000088100000, 0x0000000088100000|100%| S|CS|TAMS 0x0000000088000000, 0x0000000088000000| Complete 
| 129|0x0000000088100000, 0x0000000088200000, 0x0000000088200000|100%| S|CS|TAMS 0x0000000088100000, 0x0000000088100000| Complete 
| 130|0x0000000088200000, 0x0000000088300000, 0x0000000088300000|100%| S|CS|TAMS 0x0000000088200000, 0x0000000088200000| Complete 
| 131|0x0000000088300000, 0x0000000088400000, 0x0000000088400000|100%| S|CS|TAMS 0x0000000088300000, 0x0000000088300000| Complete 
| 132|0x0000000088400000, 0x0000000088400000, 0x0000000088500000|  0%| F|  |TAMS 0x0000000088400000, 0x0000000088400000| Untracked 
| 133|0x0000000088500000, 0x0000000088500000, 0x0000000088600000|  0%| F|  |TAMS 0x0000000088500000, 0x0000000088500000| Untracked 
| 134|0x0000000088600000, 0x0000000088600000, 0x0000000088700000|  0%| F|  |TAMS 0x0000000088600000, 0x0000000088600000| Untracked 
| 135|0x0000000088700000, 0x0000000088700000, 0x0000000088800000|  0%| F|  |TAMS 0x0000000088700000, 0x0000000088700000| Untracked 
| 136|0x0000000088800000, 0x0000000088800000, 0x0000000088900000|  0%| F|  |TAMS 0x0000000088800000, 0x0000000088800000| Untracked 
| 137|0x0000000088900000, 0x0000000088900000, 0x0000000088a00000|  0%| F|  |TAMS 0x0000000088900000, 0x0000000088900000| Untracked 
| 138|0x0000000088a00000, 0x0000000088b00000, 0x0000000088b00000|100%| S|CS|TAMS 0x0000000088a00000, 0x0000000088a00000| Complete 
| 139|0x0000000088b00000, 0x0000000088c00000, 0x0000000088c00000|100%| S|CS|TAMS 0x0000000088b00000, 0x0000000088b00000| Complete 
| 140|0x0000000088c00000, 0x0000000088d00000, 0x0000000088d00000|100%| S|CS|TAMS 0x0000000088c00000, 0x0000000088c00000| Complete 
| 141|0x0000000088d00000, 0x0000000088d00000, 0x0000000088e00000|  0%| F|  |TAMS 0x0000000088d00000, 0x0000000088d00000| Untracked 
| 142|0x0000000088e00000, 0x0000000088e00000, 0x0000000088f00000|  0%| F|  |TAMS 0x0000000088e00000, 0x0000000088e00000| Untracked 
| 143|0x0000000088f00000, 0x0000000088f00000, 0x0000000089000000|  0%| F|  |TAMS 0x0000000088f00000, 0x0000000088f00000| Untracked 
| 144|0x0000000089000000, 0x0000000089000000, 0x0000000089100000|  0%| F|  |TAMS 0x0000000089000000, 0x0000000089000000| Untracked 
| 145|0x0000000089100000, 0x0000000089100000, 0x0000000089200000|  0%| F|  |TAMS 0x0000000089100000, 0x0000000089100000| Untracked 
| 146|0x0000000089200000, 0x0000000089200000, 0x0000000089300000|  0%| F|  |TAMS 0x0000000089200000, 0x0000000089200000| Untracked 
| 147|0x0000000089300000, 0x0000000089300000, 0x0000000089400000|  0%| F|  |TAMS 0x0000000089300000, 0x0000000089300000| Untracked 
| 148|0x0000000089400000, 0x0000000089400000, 0x0000000089500000|  0%| F|  |TAMS 0x0000000089400000, 0x0000000089400000| Untracked 
| 149|0x0000000089500000, 0x0000000089500000, 0x0000000089600000|  0%| F|  |TAMS 0x0000000089500000, 0x0000000089500000| Untracked 
| 150|0x0000000089600000, 0x0000000089600000, 0x0000000089700000|  0%| F|  |TAMS 0x0000000089600000, 0x0000000089600000| Untracked 
| 151|0x0000000089700000, 0x0000000089700000, 0x0000000089800000|  0%| F|  |TAMS 0x0000000089700000, 0x0000000089700000| Untracked 
| 152|0x0000000089800000, 0x0000000089800000, 0x0000000089900000|  0%| F|  |TAMS 0x0000000089800000, 0x0000000089800000| Untracked 
| 153|0x0000000089900000, 0x0000000089900000, 0x0000000089a00000|  0%| F|  |TAMS 0x0000000089900000, 0x0000000089900000| Untracked 
| 154|0x0000000089a00000, 0x0000000089a00000, 0x0000000089b00000|  0%| F|  |TAMS 0x0000000089a00000, 0x0000000089a00000| Untracked 
| 155|0x0000000089b00000, 0x0000000089b00000, 0x0000000089c00000|  0%| F|  |TAMS 0x0000000089b00000, 0x0000000089b00000| Untracked 
| 156|0x0000000089c00000, 0x0000000089c00000, 0x0000000089d00000|  0%| F|  |TAMS 0x0000000089c00000, 0x0000000089c00000| Untracked 
| 157|0x0000000089d00000, 0x0000000089d00000, 0x0000000089e00000|  0%| F|  |TAMS 0x0000000089d00000, 0x0000000089d00000| Untracked 
| 158|0x0000000089e00000, 0x0000000089e3ee80, 0x0000000089f00000| 24%| E|  |TAMS 0x0000000089e00000, 0x0000000089e00000| Complete 
| 159|0x0000000089f00000, 0x000000008a000000, 0x000000008a000000|100%| E|CS|TAMS 0x0000000089f00000, 0x0000000089f00000| Complete 
| 160|0x000000008a000000, 0x000000008a100000, 0x000000008a100000|100%| E|CS|TAMS 0x000000008a000000, 0x000000008a000000| Complete 
| 161|0x000000008a100000, 0x000000008a200000, 0x000000008a200000|100%| E|CS|TAMS 0x000000008a100000, 0x000000008a100000| Complete 
| 162|0x000000008a200000, 0x000000008a300000, 0x000000008a300000|100%| E|CS|TAMS 0x000000008a200000, 0x000000008a200000| Complete 
| 163|0x000000008a300000, 0x000000008a400000, 0x000000008a400000|100%| E|CS|TAMS 0x000000008a300000, 0x000000008a300000| Complete 
| 164|0x000000008a400000, 0x000000008a500000, 0x000000008a500000|100%| E|CS|TAMS 0x000000008a400000, 0x000000008a400000| Complete 
| 165|0x000000008a500000, 0x000000008a600000, 0x000000008a600000|100%| E|CS|TAMS 0x000000008a500000, 0x000000008a500000| Complete 
| 166|0x000000008a600000, 0x000000008a700000, 0x000000008a700000|100%| E|CS|TAMS 0x000000008a600000, 0x000000008a600000| Complete 
| 167|0x000000008a700000, 0x000000008a800000, 0x000000008a800000|100%| E|CS|TAMS 0x000000008a700000, 0x000000008a700000| Complete 
| 168|0x000000008a800000, 0x000000008a900000, 0x000000008a900000|100%| E|CS|TAMS 0x000000008a800000, 0x000000008a800000| Complete 
| 169|0x000000008a900000, 0x000000008aa00000, 0x000000008aa00000|100%| E|CS|TAMS 0x000000008a900000, 0x000000008a900000| Complete 
| 170|0x000000008aa00000, 0x000000008ab00000, 0x000000008ab00000|100%| E|CS|TAMS 0x000000008aa00000, 0x000000008aa00000| Complete 
| 171|0x000000008ab00000, 0x000000008ac00000, 0x000000008ac00000|100%| E|CS|TAMS 0x000000008ab00000, 0x000000008ab00000| Complete 
| 172|0x000000008ac00000, 0x000000008ad00000, 0x000000008ad00000|100%| E|CS|TAMS 0x000000008ac00000, 0x000000008ac00000| Complete 
| 173|0x000000008ad00000, 0x000000008ae00000, 0x000000008ae00000|100%| E|CS|TAMS 0x000000008ad00000, 0x000000008ad00000| Complete 
| 174|0x000000008ae00000, 0x000000008af00000, 0x000000008af00000|100%| E|CS|TAMS 0x000000008ae00000, 0x000000008ae00000| Complete 
| 175|0x000000008af00000, 0x000000008b000000, 0x000000008b000000|100%| E|CS|TAMS 0x000000008af00000, 0x000000008af00000| Complete 
| 176|0x000000008b000000, 0x000000008b100000, 0x000000008b100000|100%| E|CS|TAMS 0x000000008b000000, 0x000000008b000000| Complete 
| 177|0x000000008b100000, 0x000000008b200000, 0x000000008b200000|100%| E|CS|TAMS 0x000000008b100000, 0x000000008b100000| Complete 
| 178|0x000000008b200000, 0x000000008b300000, 0x000000008b300000|100%| E|CS|TAMS 0x000000008b200000, 0x000000008b200000| Complete 
| 179|0x000000008b300000, 0x000000008b400000, 0x000000008b400000|100%| E|CS|TAMS 0x000000008b300000, 0x000000008b300000| Complete 
| 180|0x000000008b400000, 0x000000008b500000, 0x000000008b500000|100%| E|CS|TAMS 0x000000008b400000, 0x000000008b400000| Complete 
| 181|0x000000008b500000, 0x000000008b600000, 0x000000008b600000|100%| E|  |TAMS 0x000000008b500000, 0x000000008b500000| Complete 
| 182|0x000000008b600000, 0x000000008b700000, 0x000000008b700000|100%| E|CS|TAMS 0x000000008b600000, 0x000000008b600000| Complete 
| 183|0x000000008b700000, 0x000000008b800000, 0x000000008b800000|100%| E|CS|TAMS 0x000000008b700000, 0x000000008b700000| Complete 
| 184|0x000000008b800000, 0x000000008b900000, 0x000000008b900000|100%| E|CS|TAMS 0x000000008b800000, 0x000000008b800000| Complete 
| 185|0x000000008b900000, 0x000000008ba00000, 0x000000008ba00000|100%| E|CS|TAMS 0x000000008b900000, 0x000000008b900000| Complete 
| 186|0x000000008ba00000, 0x000000008bb00000, 0x000000008bb00000|100%| E|CS|TAMS 0x000000008ba00000, 0x000000008ba00000| Complete 
| 187|0x000000008bb00000, 0x000000008bc00000, 0x000000008bc00000|100%| E|CS|TAMS 0x000000008bb00000, 0x000000008bb00000| Complete 
| 188|0x000000008bc00000, 0x000000008bd00000, 0x000000008bd00000|100%| E|CS|TAMS 0x000000008bc00000, 0x000000008bc00000| Complete 
| 189|0x000000008bd00000, 0x000000008be00000, 0x000000008be00000|100%| E|CS|TAMS 0x000000008bd00000, 0x000000008bd00000| Complete 
| 190|0x000000008be00000, 0x000000008bf00000, 0x000000008bf00000|100%| E|CS|TAMS 0x000000008be00000, 0x000000008be00000| Complete 
| 191|0x000000008bf00000, 0x000000008c000000, 0x000000008c000000|100%| E|CS|TAMS 0x000000008bf00000, 0x000000008bf00000| Complete 
| 192|0x000000008c000000, 0x000000008c100000, 0x000000008c100000|100%| E|CS|TAMS 0x000000008c000000, 0x000000008c000000| Complete 
| 193|0x000000008c100000, 0x000000008c200000, 0x000000008c200000|100%| E|CS|TAMS 0x000000008c100000, 0x000000008c100000| Complete 
| 194|0x000000008c200000, 0x000000008c300000, 0x000000008c300000|100%| E|CS|TAMS 0x000000008c200000, 0x000000008c200000| Complete 
| 195|0x000000008c300000, 0x000000008c400000, 0x000000008c400000|100%| E|CS|TAMS 0x000000008c300000, 0x000000008c300000| Complete 
| 196|0x000000008c400000, 0x000000008c500000, 0x000000008c500000|100%| E|CS|TAMS 0x000000008c400000, 0x000000008c400000| Complete 
| 197|0x000000008c500000, 0x000000008c600000, 0x000000008c600000|100%| E|CS|TAMS 0x000000008c500000, 0x000000008c500000| Complete 
| 198|0x000000008c600000, 0x000000008c700000, 0x000000008c700000|100%| E|CS|TAMS 0x000000008c600000, 0x000000008c600000| Complete 
| 199|0x000000008c700000, 0x000000008c800000, 0x000000008c800000|100%| E|CS|TAMS 0x000000008c700000, 0x000000008c700000| Complete 
| 200|0x000000008c800000, 0x000000008c900000, 0x000000008c900000|100%| E|CS|TAMS 0x000000008c800000, 0x000000008c800000| Complete 
| 201|0x000000008c900000, 0x000000008ca00000, 0x000000008ca00000|100%| E|CS|TAMS 0x000000008c900000, 0x000000008c900000| Complete 
| 202|0x000000008ca00000, 0x000000008cb00000, 0x000000008cb00000|100%| E|CS|TAMS 0x000000008ca00000, 0x000000008ca00000| Complete 
| 203|0x000000008cb00000, 0x000000008cc00000, 0x000000008cc00000|100%| E|CS|TAMS 0x000000008cb00000, 0x000000008cb00000| Complete 
| 204|0x000000008cc00000, 0x000000008cd00000, 0x000000008cd00000|100%| E|CS|TAMS 0x000000008cc00000, 0x000000008cc00000| Complete 
| 205|0x000000008cd00000, 0x000000008ce00000, 0x000000008ce00000|100%| E|CS|TAMS 0x000000008cd00000, 0x000000008cd00000| Complete 
| 206|0x000000008ce00000, 0x000000008cf00000, 0x000000008cf00000|100%| E|CS|TAMS 0x000000008ce00000, 0x000000008ce00000| Complete 
| 207|0x000000008cf00000, 0x000000008d000000, 0x000000008d000000|100%| E|CS|TAMS 0x000000008cf00000, 0x000000008cf00000| Complete 
| 208|0x000000008d000000, 0x000000008d100000, 0x000000008d100000|100%| E|CS|TAMS 0x000000008d000000, 0x000000008d000000| Complete 
| 209|0x000000008d100000, 0x000000008d200000, 0x000000008d200000|100%| E|CS|TAMS 0x000000008d100000, 0x000000008d100000| Complete 
| 210|0x000000008d200000, 0x000000008d300000, 0x000000008d300000|100%| E|CS|TAMS 0x000000008d200000, 0x000000008d200000| Complete 
| 211|0x000000008d300000, 0x000000008d400000, 0x000000008d400000|100%| E|CS|TAMS 0x000000008d300000, 0x000000008d300000| Complete 
| 212|0x000000008d400000, 0x000000008d500000, 0x000000008d500000|100%| E|CS|TAMS 0x000000008d400000, 0x000000008d400000| Complete 
| 213|0x000000008d500000, 0x000000008d600000, 0x000000008d600000|100%| E|CS|TAMS 0x000000008d500000, 0x000000008d500000| Complete 
| 214|0x000000008d600000, 0x000000008d700000, 0x000000008d700000|100%| E|CS|TAMS 0x000000008d600000, 0x000000008d600000| Complete 
| 215|0x000000008d700000, 0x000000008d800000, 0x000000008d800000|100%| E|CS|TAMS 0x000000008d700000, 0x000000008d700000| Complete 
| 216|0x000000008d800000, 0x000000008d900000, 0x000000008d900000|100%| E|CS|TAMS 0x000000008d800000, 0x000000008d800000| Complete 
| 217|0x000000008d900000, 0x000000008da00000, 0x000000008da00000|100%| E|CS|TAMS 0x000000008d900000, 0x000000008d900000| Complete 
| 218|0x000000008da00000, 0x000000008db00000, 0x000000008db00000|100%| E|CS|TAMS 0x000000008da00000, 0x000000008da00000| Complete 
| 219|0x000000008db00000, 0x000000008dc00000, 0x000000008dc00000|100%| E|CS|TAMS 0x000000008db00000, 0x000000008db00000| Complete 
| 220|0x000000008dc00000, 0x000000008dd00000, 0x000000008dd00000|100%| E|CS|TAMS 0x000000008dc00000, 0x000000008dc00000| Complete 
| 221|0x000000008dd00000, 0x000000008de00000, 0x000000008de00000|100%| E|CS|TAMS 0x000000008dd00000, 0x000000008dd00000| Complete 
| 222|0x000000008de00000, 0x000000008df00000, 0x000000008df00000|100%| E|CS|TAMS 0x000000008de00000, 0x000000008de00000| Complete 
| 223|0x000000008df00000, 0x000000008e000000, 0x000000008e000000|100%| E|CS|TAMS 0x000000008df00000, 0x000000008df00000| Complete 
| 224|0x000000008e000000, 0x000000008e100000, 0x000000008e100000|100%| E|CS|TAMS 0x000000008e000000, 0x000000008e000000| Complete 
| 225|0x000000008e100000, 0x000000008e200000, 0x000000008e200000|100%| E|CS|TAMS 0x000000008e100000, 0x000000008e100000| Complete 
| 226|0x000000008e200000, 0x000000008e300000, 0x000000008e300000|100%| E|CS|TAMS 0x000000008e200000, 0x000000008e200000| Complete 
| 227|0x000000008e300000, 0x000000008e400000, 0x000000008e400000|100%| E|CS|TAMS 0x000000008e300000, 0x000000008e300000| Complete 
| 228|0x000000008e400000, 0x000000008e500000, 0x000000008e500000|100%| E|CS|TAMS 0x000000008e400000, 0x000000008e400000| Complete 
| 229|0x000000008e500000, 0x000000008e600000, 0x000000008e600000|100%| E|CS|TAMS 0x000000008e500000, 0x000000008e500000| Complete 
| 230|0x000000008e600000, 0x000000008e700000, 0x000000008e700000|100%| E|CS|TAMS 0x000000008e600000, 0x000000008e600000| Complete 
| 231|0x000000008e700000, 0x000000008e800000, 0x000000008e800000|100%| E|CS|TAMS 0x000000008e700000, 0x000000008e700000| Complete 
| 232|0x000000008e800000, 0x000000008e900000, 0x000000008e900000|100%| E|CS|TAMS 0x000000008e800000, 0x000000008e800000| Complete 
| 233|0x000000008e900000, 0x000000008ea00000, 0x000000008ea00000|100%| E|CS|TAMS 0x000000008e900000, 0x000000008e900000| Complete 
| 234|0x000000008ea00000, 0x000000008eb00000, 0x000000008eb00000|100%| E|CS|TAMS 0x000000008ea00000, 0x000000008ea00000| Complete 
| 235|0x000000008eb00000, 0x000000008ec00000, 0x000000008ec00000|100%| E|CS|TAMS 0x000000008eb00000, 0x000000008eb00000| Complete 
| 236|0x000000008ec00000, 0x000000008ed00000, 0x000000008ed00000|100%| E|CS|TAMS 0x000000008ec00000, 0x000000008ec00000| Complete 
| 237|0x000000008ed00000, 0x000000008ee00000, 0x000000008ee00000|100%| E|CS|TAMS 0x000000008ed00000, 0x000000008ed00000| Complete 
| 238|0x000000008ee00000, 0x000000008ef00000, 0x000000008ef00000|100%| E|CS|TAMS 0x000000008ee00000, 0x000000008ee00000| Complete 
| 239|0x000000008ef00000, 0x000000008f000000, 0x000000008f000000|100%| E|CS|TAMS 0x000000008ef00000, 0x000000008ef00000| Complete 
| 240|0x000000008f000000, 0x000000008f100000, 0x000000008f100000|100%| E|CS|TAMS 0x000000008f000000, 0x000000008f000000| Complete 
| 241|0x000000008f100000, 0x000000008f200000, 0x000000008f200000|100%| E|CS|TAMS 0x000000008f100000, 0x000000008f100000| Complete 
| 242|0x000000008f200000, 0x000000008f300000, 0x000000008f300000|100%| E|CS|TAMS 0x000000008f200000, 0x000000008f200000| Complete 
| 243|0x000000008f300000, 0x000000008f400000, 0x000000008f400000|100%| E|CS|TAMS 0x000000008f300000, 0x000000008f300000| Complete 
| 244|0x000000008f400000, 0x000000008f500000, 0x000000008f500000|100%| E|CS|TAMS 0x000000008f400000, 0x000000008f400000| Complete 
| 245|0x000000008f500000, 0x000000008f600000, 0x000000008f600000|100%| E|CS|TAMS 0x000000008f500000, 0x000000008f500000| Complete 

Card table byte_map: [0x000001f55a150000,0x000001f55a550000] _byte_map_base: 0x000001f559d50000

Marking Bits (Prev, Next): (CMBitMap*) 0x000001f5462dfeb8, (CMBitMap*) 0x000001f5462dfef0
 Prev Bits: [0x000001f55a950000, 0x000001f55c950000)
 Next Bits: [0x000001f55c950000, 0x000001f55e950000)

Polling page: 0x000001f544760000

Metaspace:

Usage:
  Non-class:     84.17 MB capacity,    82.55 MB ( 98%) used,     1.31 MB (  2%) free+waste,   311.19 KB ( <1%) overhead. 
      Class:     13.43 MB capacity,    12.43 MB ( 93%) used,   877.21 KB (  6%) free+waste,   143.56 KB (  1%) overhead. 
       Both:     97.60 MB capacity,    94.98 MB ( 97%) used,     2.17 MB (  2%) free+waste,   454.75 KB ( <1%) overhead. 

Virtual space:
  Non-class space:       86.00 MB reserved,      84.29 MB ( 98%) committed 
      Class space:        1.00 GB reserved,      13.50 MB (  1%) committed 
             Both:        1.08 GB reserved,      97.79 MB (  9%) committed 

Chunk freelists:
   Non-Class:  55.00 KB
       Class:  11.00 KB
        Both:  66.00 KB

MaxMetaspaceSize: 17179869184.00 GB
CompressedClassSpaceSize: 1.00 GB

CodeHeap 'non-profiled nmethods': size=119168Kb used=6934Kb max_used=6934Kb free=112233Kb
 bounds [0x000001f551930000, 0x000001f552000000, 0x000001f558d90000]
CodeHeap 'profiled nmethods': size=119168Kb used=27752Kb max_used=27752Kb free=91415Kb
 bounds [0x000001f54a4d0000, 0x000001f54bff0000, 0x000001f551930000]
CodeHeap 'non-nmethods': size=7424Kb used=4000Kb max_used=4049Kb free=3423Kb
 bounds [0x000001f549d90000, 0x000001f54a190000, 0x000001f54a4d0000]
 total_blobs=13296 nmethods=12379 adapters=824
 compilation: enabled
              stopped_count=0, restarted_count=0
 full_count=0

Compilation events (20 events):
Event: 6.064 Thread 0x000001f5626e1800 nmethod 12062 0x000001f551fede90 code [0x000001f551fee200, 0x000001f551ff0d48]
Event: 6.064 Thread 0x000001f5619ca800 nmethod 12346 0x000001f551ff2510 code [0x000001f551ff26c0, 0x000001f551ff2778]
Event: 6.064 Thread 0x000001f563402000 nmethod 12244 0x000001f551ff2810 code [0x000001f551ff29c0, 0x000001f551ff2a78]
Event: 6.064 Thread 0x000001f5622b9000 nmethod 12347 0x000001f551ff2b10 code [0x000001f551ff2cc0, 0x000001f551ff2d78]
Event: 6.064 Thread 0x000001f563402000 12348       1       com.android.tools.r8.internal.Av::a (6 bytes)
Event: 6.064 Thread 0x000001f5619ca800 12404       2       com.android.tools.r8.code.P0::hashCode (29 bytes)
Event: 6.064 Thread 0x000001f5622b9000 12403       1       com.android.tools.r8.graph.f0$d::p0 (5 bytes)
Event: 6.064 Thread 0x000001f5626e1800 12266       4       com.android.tools.r8.internal.zh::get (106 bytes)
Event: 6.064 Thread 0x000001f563402000 nmethod 12348 0x000001f551ff2e10 code [0x000001f551ff2fc0, 0x000001f551ff30b8]
Event: 6.064 Thread 0x000001f5622b9000 nmethod 12403 0x000001f551ff3110 code [0x000001f551ff32c0, 0x000001f551ff3378]
Event: 6.064 Thread 0x000001f563402000 12247       1       com.android.tools.r8.internal.Av::b (5 bytes)
Event: 6.064 Thread 0x000001f5622b9000 12248       1       com.android.tools.r8.internal.Av::a (5 bytes)
Event: 6.064 Thread 0x000001f5619ca800 nmethod 12404 0x000001f54bf9ea90 code [0x000001f54bf9ec40, 0x000001f54bf9ed88]
Event: 6.064 Thread 0x000001f5619ca800 12405       2       com.android.tools.r8.code.T3::<init> (7 bytes)
Event: 6.064 Thread 0x000001f563402000 nmethod 12247 0x000001f551ff3410 code [0x000001f551ff35c0, 0x000001f551ff3678]
Event: 6.064 Thread 0x000001f563402000 12407       2       com.android.tools.r8.dex.j$c::a (53 bytes)
Event: 6.064 Thread 0x000001f5622b9000 nmethod 12248 0x000001f551ff3710 code [0x000001f551ff38c0, 0x000001f551ff3978]
Event: 6.064 Thread 0x000001f5622b9000 12408       2       com.android.tools.r8.internal.ku$a::next (25 bytes)
Event: 6.064 Thread 0x000001f5619ca800 nmethod 12405 0x000001f54bf9ee10 code [0x000001f54bf9efc0, 0x000001f54bf9f118]
Event: 6.064 Thread 0x000001f5619ca800 12416       2       com.android.tools.r8.code.l1::<init> (7 bytes)

GC Heap History (20 events):
Event: 1.303 GC heap before
{Heap before GC invocations=3 (full 0):
 garbage-first heap   total 251904K, used 68969K [0x0000000080000000, 0x0000000100000000)
  region size 1024K, 62 young (63488K), 11 survivors (11264K)
 Metaspace       used 25899K, capacity 26548K, committed 26672K, reserved 1073152K
  class space    used 3371K, capacity 3600K, committed 3712K, reserved 1048576K
}
Event: 1.307 GC heap after
{Heap after GC invocations=4 (full 0):
 garbage-first heap   total 251904K, used 18972K [0x0000000080000000, 0x0000000100000000)
  region size 1024K, 3 young (3072K), 3 survivors (3072K)
 Metaspace       used 25899K, capacity 26548K, committed 26672K, reserved 1073152K
  class space    used 3371K, capacity 3600K, committed 3712K, reserved 1048576K
}
Event: 1.701 GC heap before
{Heap before GC invocations=4 (full 0):
 garbage-first heap   total 251904K, used 77340K [0x0000000080000000, 0x0000000100000000)
  region size 1024K, 61 young (62464K), 3 survivors (3072K)
 Metaspace       used 34863K, capacity 35662K, committed 35708K, reserved 1081344K
  class space    used 4528K, capacity 4832K, committed 4864K, reserved 1048576K
}
Event: 1.705 GC heap after
{Heap after GC invocations=5 (full 0):
 garbage-first heap   total 251904K, used 22223K [0x0000000080000000, 0x0000000100000000)
  region size 1024K, 6 young (6144K), 6 survivors (6144K)
 Metaspace       used 34863K, capacity 35662K, committed 35708K, reserved 1081344K
  class space    used 4528K, capacity 4832K, committed 4864K, reserved 1048576K
}
Event: 2.358 GC heap before
{Heap before GC invocations=6 (full 0):
 garbage-first heap   total 251904K, used 150223K [0x0000000080000000, 0x0000000100000000)
  region size 1024K, 128 young (131072K), 6 survivors (6144K)
 Metaspace       used 45158K, capacity 46216K, committed 46332K, reserved 1089536K
  class space    used 5785K, capacity 6188K, committed 6272K, reserved 1048576K
}
Event: 2.363 GC heap after
{Heap after GC invocations=7 (full 0):
 garbage-first heap   total 251904K, used 29475K [0x0000000080000000, 0x0000000100000000)
  region size 1024K, 13 young (13312K), 13 survivors (13312K)
 Metaspace       used 45158K, capacity 46216K, committed 46332K, reserved 1089536K
  class space    used 5785K, capacity 6188K, committed 6272K, reserved 1048576K
}
Event: 3.189 GC heap before
{Heap before GC invocations=7 (full 0):
 garbage-first heap   total 251904K, used 174883K [0x0000000080000000, 0x0000000100000000)
  region size 1024K, 147 young (150528K), 13 survivors (13312K)
 Metaspace       used 58201K, capacity 59691K, committed 59940K, reserved 1101824K
  class space    used 7316K, capacity 7853K, committed 7936K, reserved 1048576K
}
Event: 3.199 GC heap after
{Heap after GC invocations=8 (full 0):
 garbage-first heap   total 251904K, used 49528K [0x0000000080000000, 0x0000000100000000)
  region size 1024K, 19 young (19456K), 19 survivors (19456K)
 Metaspace       used 58201K, capacity 59691K, committed 59940K, reserved 1101824K
  class space    used 7316K, capacity 7853K, committed 7936K, reserved 1048576K
}
Event: 3.202 GC heap before
{Heap before GC invocations=8 (full 0):
 garbage-first heap   total 251904K, used 49528K [0x0000000080000000, 0x0000000100000000)
  region size 1024K, 20 young (20480K), 19 survivors (19456K)
 Metaspace       used 58321K, capacity 59787K, committed 59940K, reserved 1101824K
  class space    used 7332K, capacity 7885K, committed 7936K, reserved 1048576K
}
Event: 3.214 GC heap after
{Heap after GC invocations=9 (full 0):
 garbage-first heap   total 251904K, used 50827K [0x0000000080000000, 0x0000000100000000)
  region size 1024K, 2 young (2048K), 2 survivors (2048K)
 Metaspace       used 58321K, capacity 59787K, committed 59940K, reserved 1101824K
  class space    used 7332K, capacity 7885K, committed 7936K, reserved 1048576K
}
Event: 3.830 GC heap before
{Heap before GC invocations=10 (full 0):
 garbage-first heap   total 251904K, used 164491K [0x0000000080000000, 0x0000000100000000)
  region size 1024K, 113 young (115712K), 2 survivors (2048K)
 Metaspace       used 67575K, capacity 69156K, committed 69284K, reserved 1110016K
  class space    used 8474K, capacity 9049K, committed 9088K, reserved 1048576K
}
Event: 3.835 GC heap after
{Heap after GC invocations=11 (full 0):
 garbage-first heap   total 251904K, used 58424K [0x0000000080000000, 0x0000000100000000)
  region size 1024K, 10 young (10240K), 10 survivors (10240K)
 Metaspace       used 67575K, capacity 69156K, committed 69284K, reserved 1110016K
  class space    used 8474K, capacity 9049K, committed 9088K, reserved 1048576K
}
Event: 4.444 GC heap before
{Heap before GC invocations=12 (full 0):
 garbage-first heap   total 251904K, used 172088K [0x0000000080000000, 0x0000000100000000)
  region size 1024K, 121 young (123904K), 10 survivors (10240K)
 Metaspace       used 75768K, capacity 77537K, committed 77732K, reserved 1116160K
  class space    used 9715K, capacity 10362K, committed 10368K, reserved 1048576K
}
Event: 4.450 GC heap after
{Heap after GC invocations=13 (full 0):
 garbage-first heap   total 251904K, used 65760K [0x0000000080000000, 0x0000000100000000)
  region size 1024K, 8 young (8192K), 8 survivors (8192K)
 Metaspace       used 75768K, capacity 77537K, committed 77732K, reserved 1116160K
  class space    used 9715K, capacity 10362K, committed 10368K, reserved 1048576K
}
Event: 5.201 GC heap before
{Heap before GC invocations=13 (full 0):
 garbage-first heap   total 251904K, used 179424K [0x0000000080000000, 0x0000000100000000)
  region size 1024K, 120 young (122880K), 8 survivors (8192K)
 Metaspace       used 85852K, capacity 88172K, committed 88356K, reserved 1126400K
  class space    used 11101K, capacity 11946K, committed 12032K, reserved 1048576K
}
Event: 5.210 GC heap after
{Heap after GC invocations=14 (full 0):
 garbage-first heap   total 251904K, used 75211K [0x0000000080000000, 0x0000000100000000)
  region size 1024K, 15 young (15360K), 15 survivors (15360K)
 Metaspace       used 85852K, capacity 88172K, committed 88356K, reserved 1126400K
  class space    used 11101K, capacity 11946K, committed 12032K, reserved 1048576K
}
Event: 5.554 GC heap before
{Heap before GC invocations=14 (full 0):
 garbage-first heap   total 251904K, used 184779K [0x0000000080000000, 0x0000000100000000)
  region size 1024K, 123 young (125952K), 15 survivors (15360K)
 Metaspace       used 87898K, capacity 90317K, committed 90404K, reserved 1128448K
  class space    used 11314K, capacity 12225K, committed 12288K, reserved 1048576K
}
Event: 5.565 GC heap after
{Heap after GC invocations=15 (full 0):
 garbage-first heap   total 251904K, used 83300K [0x0000000080000000, 0x0000000100000000)
  region size 1024K, 8 young (8192K), 8 survivors (8192K)
 Metaspace       used 87898K, capacity 90317K, committed 90404K, reserved 1128448K
  class space    used 11314K, capacity 12225K, committed 12288K, reserved 1048576K
}
Event: 5.792 GC heap before
{Heap before GC invocations=15 (full 0):
 garbage-first heap   total 251904K, used 199012K [0x0000000080000000, 0x0000000100000000)
  region size 1024K, 113 young (115712K), 8 survivors (8192K)
 Metaspace       used 93072K, capacity 95512K, committed 95652K, reserved 1132544K
  class space    used 12005K, capacity 12919K, committed 12928K, reserved 1048576K
}
Event: 5.797 GC heap after
{Heap after GC invocations=16 (full 0):
 garbage-first heap   total 251904K, used 99861K [0x0000000080000000, 0x0000000100000000)
  region size 1024K, 15 young (15360K), 15 survivors (15360K)
 Metaspace       used 93072K, capacity 95512K, committed 95652K, reserved 1132544K
  class space    used 12005K, capacity 12919K, committed 12928K, reserved 1048576K
}

Deoptimization events (20 events):
Event: 6.030 Thread 0x000001f56ba5a000 Uncommon trap: trap_request=0xffffff4d fr.pc=0x000001f551fe7a3c relative=0x0000000000000bbc
Event: 6.030 Thread 0x000001f56ba5a000 Uncommon trap: reason=unstable_if action=reinterpret pc=0x000001f551fe7a3c method=com.android.tools.r8.dex.j.a(ILjava/util/function/Supplier;)Ljava/lang/Object; @ 1 c2
Event: 6.030 Thread 0x000001f569112800 Uncommon trap: trap_request=0xffffff4d fr.pc=0x000001f551fe7a3c relative=0x0000000000000bbc
Event: 6.030 Thread 0x000001f56ba5a000 DEOPT PACKING pc=0x000001f551fe7a3c sp=0x000000bf465fed70
Event: 6.030 Thread 0x000001f569112800 Uncommon trap: reason=unstable_if action=reinterpret pc=0x000001f551fe7a3c method=com.android.tools.r8.dex.j.a(ILjava/util/function/Supplier;)Ljava/lang/Object; @ 1 c2
Event: 6.030 Thread 0x000001f569112800 DEOPT PACKING pc=0x000001f551fe7a3c sp=0x000000bf470feba0
Event: 6.030 Thread 0x000001f56ba59800 Uncommon trap: trap_request=0xffffff4d fr.pc=0x000001f551fe7a3c relative=0x0000000000000bbc
Event: 6.030 Thread 0x000001f56ba5a000 DEOPT UNPACKING pc=0x000001f549db78af sp=0x000000bf465fed78 mode 2
Event: 6.030 Thread 0x000001f56ba5d800 Uncommon trap: trap_request=0xffffff4d fr.pc=0x000001f551fd8d30 relative=0x0000000000000170
Event: 6.030 Thread 0x000001f56ba5d800 Uncommon trap: reason=unstable_if action=reinterpret pc=0x000001f551fd8d30 method=com.android.tools.r8.graph.a0.g(Ljava/lang/Object;)Z @ 23 c2
Event: 6.030 Thread 0x000001f56ba5d800 DEOPT PACKING pc=0x000001f551fd8d30 sp=0x000000bf466feaa0
Event: 6.030 Thread 0x000001f56ba59800 Uncommon trap: reason=unstable_if action=reinterpret pc=0x000001f551fe7a3c method=com.android.tools.r8.dex.j.a(ILjava/util/function/Supplier;)Ljava/lang/Object; @ 1 c2
Event: 6.030 Thread 0x000001f56ba5b800 Uncommon trap: trap_request=0xffffff4d fr.pc=0x000001f551f3084c relative=0x000000000000038c
Event: 6.030 Thread 0x000001f569112800 DEOPT UNPACKING pc=0x000001f549db78af sp=0x000000bf470feba8 mode 2
Event: 6.030 Thread 0x000001f56ba5b800 Uncommon trap: reason=unstable_if action=reinterpret pc=0x000001f551f3084c method=java.util.concurrent.ConcurrentLinkedQueue.offer(Ljava/lang/Object;)Z @ 96 c2
Event: 6.030 Thread 0x000001f56ba5b800 DEOPT PACKING pc=0x000001f551f3084c sp=0x000000bf469fee80
Event: 6.030 Thread 0x000001f56ba5b800 DEOPT UNPACKING pc=0x000001f549db78af sp=0x000000bf469fee18 mode 2
Event: 6.030 Thread 0x000001f56ba59800 DEOPT PACKING pc=0x000001f551fe7a3c sp=0x000000bf462fed20
Event: 6.031 Thread 0x000001f56ba59800 DEOPT UNPACKING pc=0x000001f549db78af sp=0x000000bf462fed28 mode 2
Event: 6.030 Thread 0x000001f56ba5d800 DEOPT UNPACKING pc=0x000001f549db78af sp=0x000000bf466fea40 mode 2

Classes redefined (0 events):
No events

Internal exceptions (20 events):
Event: 5.527 Thread 0x000001f565450000 Exception <a 'java/lang/NoSuchMethodError'{0x0000000088fd4840}: <clinit>> (0x0000000088fd4840) thrown at [./src/hotspot/share/prims/jni.cpp, line 1362]
Event: 5.528 Thread 0x000001f565450000 Exception <a 'java/lang/NoSuchMethodError'{0x0000000088e08328}: <clinit>> (0x0000000088e08328) thrown at [./src/hotspot/share/prims/jni.cpp, line 1362]
Event: 5.529 Thread 0x000001f565450000 Exception <a 'java/lang/NoSuchMethodError'{0x0000000088e1ae80}: <clinit>> (0x0000000088e1ae80) thrown at [./src/hotspot/share/prims/jni.cpp, line 1362]
Event: 5.741 Thread 0x000001f56ba51000 Exception <a 'sun/nio/fs/WindowsException'{0x0000000089db5758}> (0x0000000089db5758) thrown at [./src/hotspot/share/prims/jni.cpp, line 615]
Event: 5.822 Thread 0x000001f56ba51000 Exception <a 'java/lang/NoSuchMethodError'{0x000000008f027930}: 'java.lang.Object java.lang.invoke.DirectMethodHandle$Holder.invokeStatic(java.lang.Object, java.lang.Object, java.lang.Object, java.lang.Object, java.lang.Object, java.lang.Object, java.lang.Object, java.lang.Object, java.lang.Object, java.lang.Object, java.lang.Object, java.lang.Object, java.lang.Object, java.lang.Object, java.lang.Object, java.lang.Object, java.lang.Object, java.lang.Object, int, java.lang.Object)'> (0x000000008f027930) thr
Event: 5.822 Thread 0x000001f56ba51000 Exception <a 'java/lang/NoSuchMethodError'{0x000000008f02d1c0}: 'java.lang.Object java.lang.invoke.DirectMethodHandle$Holder.invokeStaticInit(java.lang.Object, java.lang.Object, java.lang.Object, java.lang.Object, java.lang.Object, java.lang.Object, java.lang.Object, java.lang.Object, java.lang.Object, java.lang.Object, java.lang.Object, java.lang.Object, java.lang.Object, java.lang.Object, java.lang.Object, java.lang.Object, java.lang.Object, java.lang.Object, int, java.lang.Object)'> (0x000000008f02d1c0)
Event: 5.877 Thread 0x000001f56ba54800 Exception <a 'java/lang/NoSuchMethodError'{0x000000008db3c1e0}: 'void java.lang.invoke.DirectMethodHandle$Holder.invokeStatic(java.lang.Object, long)'> (0x000000008db3c1e0) thrown at [./src/hotspot/share/interpreter/linkResolver.cpp, line 773]
Event: 5.877 Thread 0x000001f56ba54800 Exception <a 'java/lang/NoSuchMethodError'{0x000000008db413f8}: 'java.lang.Object java.lang.invoke.DirectMethodHandle$Holder.invokeStatic(java.lang.Object, long)'> (0x000000008db413f8) thrown at [./src/hotspot/share/interpreter/linkResolver.cpp, line 773]
Event: 5.878 Thread 0x000001f56ba54800 Exception <a 'java/lang/NoSuchMethodError'{0x000000008d96b960}: 'java.lang.Object java.lang.invoke.DirectMethodHandle$Holder.invokeStaticInit(java.lang.Object, java.lang.Object, long, java.lang.Object)'> (0x000000008d96b960) thrown at [./src/hotspot/share/interpreter/linkResolver.cpp, line 773]
Event: 5.878 Thread 0x000001f56ba54800 Exception <a 'java/lang/NoSuchMethodError'{0x000000008d971af8}: 'java.lang.Object java.lang.invoke.DirectMethodHandle$Holder.invokeStatic(java.lang.Object, java.lang.Object, long)'> (0x000000008d971af8) thrown at [./src/hotspot/share/interpreter/linkResolver.cpp, line 773]
Event: 5.878 Thread 0x000001f56ba54800 Exception <a 'java/lang/NoSuchMethodError'{0x000000008d978070}: 'java.lang.Object java.lang.invoke.Invokers$Holder.linkToTargetMethod(java.lang.Object, long, java.lang.Object)'> (0x000000008d978070) thrown at [./src/hotspot/share/interpreter/linkResolver.cpp, line 773]
Event: 5.926 Thread 0x000001f56ba54800 Exception <a 'java/lang/NoSuchMethodError'{0x000000008ca9a940}: 'int java.lang.invoke.DirectMethodHandle$Holder.invokeSpecialIFC(java.lang.Object, java.lang.Object, java.lang.Object)'> (0x000000008ca9a940) thrown at [./src/hotspot/share/interpreter/linkResolver.cpp, line 773]
Event: 5.988 Thread 0x000001f56ba5d800 Exception <a 'java/lang/IncompatibleClassChangeError'{0x000000008b6ba788}: Found class java.lang.Object, but interface was expected> (0x000000008b6ba788) thrown at [./src/hotspot/share/interpreter/linkResolver.cpp, line 839]
Event: 5.999 Thread 0x000001f56910d000 Exception <a 'java/lang/IncompatibleClassChangeError'{0x000000008b32f1e8}: Found class java.lang.Object, but interface was expected> (0x000000008b32f1e8) thrown at [./src/hotspot/share/interpreter/linkResolver.cpp, line 839]
Event: 5.999 Thread 0x000001f56ba5b000 Exception <a 'java/lang/IncompatibleClassChangeError'{0x000000008b340af0}: Found class java.lang.Object, but interface was expected> (0x000000008b340af0) thrown at [./src/hotspot/share/interpreter/linkResolver.cpp, line 839]
Event: 5.999 Thread 0x000001f56ba5f000 Exception <a 'java/lang/IncompatibleClassChangeError'{0x000000008b337b78}: Found class java.lang.Object, but interface was expected> (0x000000008b337b78) thrown at [./src/hotspot/share/interpreter/linkResolver.cpp, line 839]
Event: 5.999 Thread 0x000001f56910d000 Exception <a 'java/lang/IncompatibleClassChangeError'{0x000000008b38ed18}: Found class java.lang.Object, but interface was expected> (0x000000008b38ed18) thrown at [./src/hotspot/share/interpreter/linkResolver.cpp, line 839]
Event: 5.999 Thread 0x000001f56ba5f000 Exception <a 'java/lang/IncompatibleClassChangeError'{0x000000008b33a540}: Found class java.lang.Object, but interface was expected> (0x000000008b33a540) thrown at [./src/hotspot/share/interpreter/linkResolver.cpp, line 839]
Event: 5.999 Thread 0x000001f56ba5b000 Exception <a 'java/lang/IncompatibleClassChangeError'{0x000000008b3434b8}: Found class java.lang.Object, but interface was expected> (0x000000008b3434b8) thrown at [./src/hotspot/share/interpreter/linkResolver.cpp, line 839]
Event: 6.000 Thread 0x000001f569111000 Exception <a 'java/lang/NoSuchMethodError'{0x000000008b376238}: 'java.lang.Object java.lang.invoke.DirectMethodHandle$Holder.newInvokeSpecial(java.lang.Object, int)'> (0x000000008b376238) thrown at [./src/hotspot/share/interpreter/linkResolver.cpp, line 773]

Events (20 events):
Event: 6.041 loading class com/android/tools/r8/internal/yu
Event: 6.041 loading class com/android/tools/r8/internal/yu done
Event: 6.041 loading class com/android/tools/r8/internal/ku$a
Event: 6.041 loading class com/android/tools/r8/internal/ku$a done
Event: 6.041 loading class com/android/tools/r8/internal/Hu
Event: 6.041 loading class com/android/tools/r8/internal/Hu done
Event: 6.042 loading class com/android/tools/r8/internal/ku$f
Event: 6.042 loading class com/android/tools/r8/internal/ku$f done
Event: 6.042 loading class com/android/tools/r8/internal/Rb$a
Event: 6.042 loading class com/android/tools/r8/internal/Rb$a done
Event: 6.043 loading class com/android/tools/r8/internal/mu
Event: 6.043 loading class com/android/tools/r8/internal/mu done
Event: 6.043 loading class com/android/tools/r8/internal/pr
Event: 6.043 loading class com/android/tools/r8/internal/pr done
Event: 6.043 loading class com/android/tools/r8/internal/ku$d
Event: 6.043 loading class com/android/tools/r8/internal/ku$d done
Event: 6.043 loading class com/android/tools/r8/internal/lu
Event: 6.043 loading class com/android/tools/r8/internal/lu done
Event: 6.048 loading class com/android/tools/r8/internal/Yc
Event: 6.048 loading class com/android/tools/r8/internal/Yc done


Dynamic libraries:
0x00007ff629880000 - 0x00007ff62988a000 	C:\Program Files\Android\Android Studio1\jre\bin\java.exe
0x00007ffaf9290000 - 0x00007ffaf9485000 	C:\Windows\SYSTEM32\ntdll.dll
0x00007ffaf8110000 - 0x00007ffaf81ce000 	C:\Windows\System32\KERNEL32.DLL
0x00007ffaf6d80000 - 0x00007ffaf7049000 	C:\Windows\System32\KERNELBASE.dll
0x00007ffaf6a40000 - 0x00007ffaf6b40000 	C:\Windows\System32\ucrtbase.dll
0x00007ffadf960000 - 0x00007ffadf979000 	C:\Program Files\Android\Android Studio1\jre\bin\jli.dll
0x00007ffaf1fe0000 - 0x00007ffaf1ff7000 	C:\Program Files\Android\Android Studio1\jre\bin\VCRUNTIME140.dll
0x00007ffaf90a0000 - 0x00007ffaf9241000 	C:\Windows\System32\USER32.dll
0x00007ffaf72b0000 - 0x00007ffaf72d2000 	C:\Windows\System32\win32u.dll
0x00007ffae4af0000 - 0x00007ffae4d8a000 	C:\Windows\WinSxS\amd64_microsoft.windows.common-controls_6595b64144ccf1df_6.0.19041.1110_none_60b5254171f9507e\COMCTL32.dll
0x00007ffaf8b00000 - 0x00007ffaf8b2b000 	C:\Windows\System32\GDI32.dll
0x00007ffaf7c10000 - 0x00007ffaf7cae000 	C:\Windows\System32\msvcrt.dll
0x00007ffaf7050000 - 0x00007ffaf715b000 	C:\Windows\System32\gdi32full.dll
0x00007ffaf71c0000 - 0x00007ffaf725d000 	C:\Windows\System32\msvcp_win.dll
0x00007ffaf72e0000 - 0x00007ffaf7310000 	C:\Windows\System32\IMM32.DLL
0x00007ffae63e0000 - 0x00007ffae647d000 	C:\Program Files\Android\Android Studio1\jre\bin\msvcp140.dll
0x00007ffaa26e0000 - 0x00007ffaa31af000 	C:\Program Files\Android\Android Studio1\jre\bin\server\jvm.dll
0x00007ffaf87e0000 - 0x00007ffaf888c000 	C:\Windows\System32\ADVAPI32.dll
0x00007ffaf7b70000 - 0x00007ffaf7c0b000 	C:\Windows\System32\sechost.dll
0x00007ffaf89d0000 - 0x00007ffaf8afa000 	C:\Windows\System32\RPCRT4.dll
0x00007ffaf7cb0000 - 0x00007ffaf7cb8000 	C:\Windows\System32\PSAPI.DLL
0x00007ffaf2440000 - 0x00007ffaf2449000 	C:\Windows\SYSTEM32\WSOCK32.dll
0x00007ffadf470000 - 0x00007ffadf497000 	C:\Windows\SYSTEM32\WINMM.dll
0x00007ffaf18c0000 - 0x00007ffaf18ca000 	C:\Windows\SYSTEM32\VERSION.dll
0x00007ffaf8550000 - 0x00007ffaf85bb000 	C:\Windows\System32\WS2_32.dll
0x00007ffaf48d0000 - 0x00007ffaf48e2000 	C:\Windows\SYSTEM32\kernel.appcore.dll
0x00007ffaf1a60000 - 0x00007ffaf1a71000 	C:\Program Files\Android\Android Studio1\jre\bin\verify.dll
0x00007ffade100000 - 0x00007ffade2e4000 	C:\Windows\SYSTEM32\DBGHELP.DLL
0x00007ffaddc10000 - 0x00007ffaddc3c000 	C:\Windows\SYSTEM32\dbgcore.DLL
0x00007ffaf69b0000 - 0x00007ffaf6a33000 	C:\Windows\System32\bcryptPrimitives.dll
0x00007ffaece80000 - 0x00007ffaecea9000 	C:\Program Files\Android\Android Studio1\jre\bin\java.dll
0x00007ffaf1e70000 - 0x00007ffaf1e7b000 	C:\Program Files\Android\Android Studio1\jre\bin\jimage.dll
0x00007ffae66d0000 - 0x00007ffae66e8000 	C:\Program Files\Android\Android Studio1\jre\bin\zip.dll
0x00007ffaf7430000 - 0x00007ffaf7b6f000 	C:\Windows\System32\SHELL32.dll
0x00007ffaf4ad0000 - 0x00007ffaf5260000 	C:\Windows\SYSTEM32\windows.storage.dll
0x00007ffaf81f0000 - 0x00007ffaf8545000 	C:\Windows\System32\combase.dll
0x00007ffaf6330000 - 0x00007ffaf635c000 	C:\Windows\SYSTEM32\Wldp.dll
0x00007ffaf8060000 - 0x00007ffaf810e000 	C:\Windows\System32\SHCORE.dll
0x00007ffaf73d0000 - 0x00007ffaf7425000 	C:\Windows\System32\shlwapi.dll
0x00007ffaf68f0000 - 0x00007ffaf690f000 	C:\Windows\SYSTEM32\profapi.dll
0x00007ffae66b0000 - 0x00007ffae66ca000 	C:\Program Files\Android\Android Studio1\jre\bin\net.dll
0x00007ffaf1900000 - 0x00007ffaf1a08000 	C:\Windows\SYSTEM32\WINHTTP.dll
0x00007ffaf6090000 - 0x00007ffaf60fa000 	C:\Windows\system32\mswsock.dll
0x00007ffae6690000 - 0x00007ffae66a4000 	C:\Program Files\Android\Android Studio1\jre\bin\nio.dll
0x00007ffae3820000 - 0x00007ffae3847000 	C:\Users\Administrator\.gradle\native\8bec1ad78214c89d9ad589b4d07fe93259594b29d510b10fafb7a158f7737e5d\windows-amd64\native-platform.dll
0x00007ffad6580000 - 0x00007ffad66bd000 	C:\Users\Administrator\.gradle\native\53dbd7edfb1c66fb8903c78663c9afc45aea4f116125fa6feffd364cf09443e8\windows-amd64\native-platform-file-events.dll
0x00007ffaf1a50000 - 0x00007ffaf1a5a000 	C:\Program Files\Android\Android Studio1\jre\bin\management.dll
0x00007ffaef9d0000 - 0x00007ffaef9dc000 	C:\Program Files\Android\Android Studio1\jre\bin\management_ext.dll
0x00007ffaf6280000 - 0x00007ffaf6298000 	C:\Windows\SYSTEM32\CRYPTSP.dll
0x00007ffaf5a10000 - 0x00007ffaf5a44000 	C:\Windows\system32\rsaenh.dll
0x00007ffaf6b40000 - 0x00007ffaf6b67000 	C:\Windows\System32\bcrypt.dll
0x00007ffaf68b0000 - 0x00007ffaf68de000 	C:\Windows\SYSTEM32\USERENV.dll
0x00007ffaf62a0000 - 0x00007ffaf62ac000 	C:\Windows\SYSTEM32\CRYPTBASE.dll
0x00007ffaf5d80000 - 0x00007ffaf5dbb000 	C:\Windows\SYSTEM32\IPHLPAPI.DLL
0x00007ffaf9090000 - 0x00007ffaf9098000 	C:\Windows\System32\NSI.dll
0x00007ffaf0770000 - 0x00007ffaf0787000 	C:\Windows\SYSTEM32\dhcpcsvc6.DLL
0x00007ffaf0750000 - 0x00007ffaf076d000 	C:\Windows\SYSTEM32\dhcpcsvc.DLL
0x00007ffaf5dc0000 - 0x00007ffaf5e8c000 	C:\Windows\SYSTEM32\DNSAPI.dll

dbghelp: loaded successfully - version: 4.0.5 - missing functions: none
symbol engine: initialized successfully - sym options: 0x614 - pdb path: .;C:\Program Files\Android\Android Studio1\jre\bin;C:\Windows\SYSTEM32;C:\Windows\WinSxS\amd64_microsoft.windows.common-controls_6595b64144ccf1df_6.0.19041.1110_none_60b5254171f9507e;C:\Program Files\Android\Android Studio1\jre\bin\server;C:\Users\Administrator\.gradle\native\8bec1ad78214c89d9ad589b4d07fe93259594b29d510b10fafb7a158f7737e5d\windows-amd64;C:\Users\Administrator\.gradle\native\53dbd7edfb1c66fb8903c78663c9afc45aea4f116125fa6feffd364cf09443e8\windows-amd64

VM Arguments:
jvm_args: --add-opens=java.base/java.util=ALL-UNNAMED --add-opens=java.base/java.lang=ALL-UNNAMED --add-opens=java.base/java.lang.invoke=ALL-UNNAMED --add-opens=java.base/java.util=ALL-UNNAMED --add-opens=java.prefs/java.util.prefs=ALL-UNNAMED --add-opens=java.prefs/java.util.prefs=ALL-UNNAMED --add-opens=java.base/java.nio.charset=ALL-UNNAMED --add-opens=java.base/java.net=ALL-UNNAMED --add-opens=java.base/java.util.concurrent.atomic=ALL-UNNAMED -Xmx2048m -Dfile.encoding=UTF-8 -Duser.country=KR -Duser.language=ko -Duser.variant 
java_command: org.gradle.launcher.daemon.bootstrap.GradleDaemon 7.0.2
java_class_path (initial): C:\Users\Administrator\.gradle\wrapper\dists\gradle-7.0.2-bin\857tjihv64xamwrf0h14cai3r\gradle-7.0.2\lib\gradle-launcher-7.0.2.jar
Launcher Type: SUN_STANDARD

[Global flags]
     intx CICompilerCount                          = 12                                        {product} {ergonomic}
     uint ConcGCThreads                            = 3                                         {product} {ergonomic}
     uint G1ConcRefinementThreads                  = 13                                        {product} {ergonomic}
   size_t G1HeapRegionSize                         = 1048576                                   {product} {ergonomic}
    uintx GCDrainStackTargetSize                   = 64                                        {product} {ergonomic}
   size_t InitialHeapSize                          = 257949696                                 {product} {ergonomic}
   size_t MarkStackSize                            = 4194304                                   {product} {ergonomic}
   size_t MaxHeapSize                              = 2147483648                                {product} {command line}
   size_t MaxNewSize                               = 1287651328                                {product} {ergonomic}
   size_t MinHeapDeltaBytes                        = 1048576                                   {product} {ergonomic}
    uintx NonNMethodCodeHeapSize                   = 7594288                                {pd product} {ergonomic}
    uintx NonProfiledCodeHeapSize                  = 122031976                              {pd product} {ergonomic}
    uintx ProfiledCodeHeapSize                     = 122031976                              {pd product} {ergonomic}
    uintx ReservedCodeCacheSize                    = 251658240                              {pd product} {ergonomic}
     bool SegmentedCodeCache                       = true                                      {product} {ergonomic}
     bool UseCompressedClassPointers               = true                                 {lp64_product} {ergonomic}
     bool UseCompressedOops                        = true                                 {lp64_product} {ergonomic}
     bool UseG1GC                                  = true                                      {product} {ergonomic}
     bool UseLargePagesIndividualAllocation        = false                                  {pd product} {ergonomic}

Logging:
Log output configuration:
 #0: stdout all=warning uptime,level,tags
 #1: stderr all=off uptime,level,tags

Environment Variables:
PATH=C:\Windows\system32;C:\Windows;C:\Windows\System32\Wbem;C:\Windows\System32\WindowsPowerShell\v1.0\;C:\Windows\System32\OpenSSH\;C:\Users\Administrator\AppData\Local\Microsoft\WindowsApps;
USERNAME=Administrator
OS=Windows_NT
PROCESSOR_IDENTIFIER=Intel64 Family 6 Model 165 Stepping 5, GenuineIntel



---------------  S Y S T E M  ---------------

OS: Windows 10 , 64 bit Build 19041 (10.0.19041.1202)
OS uptime: 3 days 16:00 hours

CPU:total 16 (initial active 16) (8 cores per cpu, 2 threads per core) family 6 model 165 stepping 5 microcode 0xe2, cmov, cx8, fxsr, mmx, sse, sse2, sse3, ssse3, sse4.1, sse4.2, popcnt, avx, avx2, aes, clmul, erms, 3dnowpref, lzcnt, ht, tsc, tscinvbit, bmi1, bmi2, adx, fma

Memory: 4k page, system-wide physical 15735M (758M free)
TotalPageFile size 15735M (AvailPageFile size 9M)
current process WorkingSet (physical memory assigned to process): 561M, peak: 566M
current process commit charge ("private bytes"): 616M, peak: 622M

vm_info: OpenJDK 64-Bit Server VM (11.0.10+0-b96-7249189) for windows-amd64 JRE (11.0.10+0-b96-7249189), built on Mar 31 2021 21:44:00 by "builder" with MS VC++ 14.0 (VS2015)

END.
