#
# There is insufficient memory for the Java Runtime Environment to continue.
# Native memory allocation (mmap) failed to map 81788928 bytes for Failed to commit area from 0x000000008ff00000 to 0x0000000094d00000 of length 81788928.
# Possible reasons:
#   The system is out of physical RAM or swap space
#   The process is running with CompressedOops enabled, and the Java Heap may be blocking the growth of the native heap
# Possible solutions:
#   Reduce memory load on the system
#   Increase physical memory or swap space
#   Check if swap backing store is full
#   Decrease Java heap size (-Xmx/-Xms)
#   Decrease number of Java threads
#   Decrease Java thread stack sizes (-Xss)
#   Set larger code cache with -XX:ReservedCodeCacheSize=
#   JVM is running with Unscaled Compressed Oops mode in which the Java heap is
#     placed in the first 4GB address space. The Java Heap base address is the
#     maximum limit for the native heap growth. Please use -XX:HeapBaseMinAddress
#     to set the Java Heap base and to place the Java Heap above 4GB virtual address.
# This output file may be truncated or incomplete.
#
#  Out of Memory Error (./src/hotspot/os/windows/os_windows.cpp:3301), pid=9864, tid=12228
#
# JRE version: OpenJDK Runtime Environment (11.0.10) (build 11.0.10+0-b96-7249189)
# Java VM: OpenJDK 64-Bit Server VM (11.0.10+0-b96-7249189, mixed mode, tiered, compressed oops, g1 gc, windows-amd64)
# No core dump will be written. Minidumps are not enabled by default on client versions of Windows
#

---------------  S U M M A R Y ------------

Command Line: --add-opens=java.base/java.util=ALL-UNNAMED --add-opens=java.base/java.lang=ALL-UNNAMED --add-opens=java.base/java.lang.invoke=ALL-UNNAMED --add-opens=java.base/java.util=ALL-UNNAMED --add-opens=java.prefs/java.util.prefs=ALL-UNNAMED --add-opens=java.prefs/java.util.prefs=ALL-UNNAMED --add-opens=java.base/java.nio.charset=ALL-UNNAMED --add-opens=java.base/java.net=ALL-UNNAMED --add-opens=java.base/java.util.concurrent.atomic=ALL-UNNAMED -Xmx2048m -Dfile.encoding=UTF-8 -Duser.country=KR -Duser.language=ko -Duser.variant org.gradle.launcher.daemon.bootstrap.GradleDaemon 7.0.2

Host: Intel(R) Core(TM) i7-10700 CPU @ 2.90GHz, 16 cores, 15G,  Windows 10 , 64 bit Build 19041 (10.0.19041.1202)
Time: Wed Oct 13 13:56:53 2021 대한민국 표준시 elapsed time: 1996.480780 seconds (0d 0h 33m 16s)

---------------  T H R E A D  ---------------

Current thread (0x0000017e42ffd800):  VMThread "VM Thread" [stack: 0x0000001af5b00000,0x0000001af5c00000] [id=12228]

Stack: [0x0000001af5b00000,0x0000001af5c00000]
[error occurred during error reporting (printing stack bounds), id 0xc0000005, EXCEPTION_ACCESS_VIOLATION (0xc0000005) at pc=0x0000017e2b370f2d]

Native frames: (J=compiled Java code, j=interpreted, Vv=VM code, C=native code)
V  [jvm.dll+0x5ecfaa]
V  [jvm.dll+0x722bd5]
V  [jvm.dll+0x72412d]
V  [jvm.dll+0x724745]
V  [jvm.dll+0x7246fb]
V  [jvm.dll+0x5ec348]
V  [jvm.dll+0x5ecad8]
C  [ntdll.dll+0xa20cf]
C  [ntdll.dll+0x51454]
C  [ntdll.dll+0xa0bfe]
C  0x0000017e2b370f2d

VM_Operation (0x0000001af9bf90c0): G1CollectForAllocation, mode: safepoint, requested by thread 0x0000017e5080e000


---------------  P R O C E S S  ---------------

Threads class SMR info:
_java_thread_list=0x0000017e4fca7950, length=116, elements={
0x0000017e2787c000, 0x0000017e42fff000, 0x0000017e43002000, 0x0000017e43075800,
0x0000017e43076800, 0x0000017e43079000, 0x0000017e43082800, 0x0000017e43089000,
0x0000017e43096800, 0x0000017e431fc000, 0x0000017e45162800, 0x0000017e445e9800,
0x0000017e45981800, 0x0000017e45008800, 0x0000017e45006000, 0x0000017e45007000,
0x0000017e45009800, 0x0000017e45004800, 0x0000017e45ce3000, 0x0000017e45ce0000,
0x0000017e45cde000, 0x0000017e45ce2000, 0x0000017e45cdf000, 0x0000017e46df5000,
0x0000017e46df0800, 0x0000017e49f23000, 0x0000017e49f22800, 0x0000017e49f24000,
0x0000017e49f1f000, 0x0000017e49f20000, 0x0000017e49f20800, 0x0000017e49f25800,
0x0000017e49f25000, 0x0000017e49f21800, 0x0000017e45ecf800, 0x0000017e45ed1000,
0x0000017e45ece000, 0x0000017e45ed6800, 0x0000017e45ed0000, 0x0000017e46df6800,
0x0000017e45cbd800, 0x0000017e46de8800, 0x0000017e45cc4000, 0x0000017e45edb000,
0x0000017e45ed6000, 0x0000017e45ed9000, 0x0000017e45eda000, 0x0000017e45cc5800,
0x0000017e46df1800, 0x0000017e4989a000, 0x0000017e4989b800, 0x0000017e4989f800,
0x0000017e498a0800, 0x0000017e4989c800, 0x0000017e4989a800, 0x0000017e49896800,
0x0000017e49896000, 0x0000017e45cc0000, 0x0000017e45cbe000, 0x0000017e45cc4800,
0x0000017e45cc7000, 0x0000017e45cc6800, 0x0000017e45cc9000, 0x0000017e45cc3000,
0x0000017e45cc9800, 0x0000017e45cca800, 0x0000017e45ccb000, 0x0000017e45ccc000,
0x0000017e50803800, 0x0000017e50804000, 0x0000017e50808000, 0x0000017e5080a000,
0x0000017e50805000, 0x0000017e5080a800, 0x0000017e5080b800, 0x0000017e50806000,
0x0000017e5080c800, 0x0000017e50806800, 0x0000017e5080f800, 0x0000017e50810800,
0x0000017e5080d000, 0x0000017e5080e000, 0x0000017e50811000, 0x0000017e50812000,
0x0000017e46de7800, 0x0000017e46dec800, 0x0000017e46deb000, 0x0000017e46de9800,
0x0000017e46dec000, 0x0000017e46dee000, 0x0000017e46def000, 0x0000017e46dea000,
0x0000017e46df0000, 0x0000017e46df5800, 0x0000017e46df3000, 0x0000017e46df2800,
0x0000017e46df4000, 0x0000017e49897800, 0x0000017e49898000, 0x0000017e4989d000,
0x0000017e4989e000, 0x0000017e4989f000, 0x0000017e49899000, 0x0000017e498a4800,
0x0000017e498a1000, 0x0000017e498a3000, 0x0000017e498a3800, 0x0000017e45ecc000,
0x0000017e45ed2000, 0x0000017e45ed2800, 0x0000017e45ecd000, 0x0000017e45ed4800,
0x0000017e45ece800, 0x0000017e45ed5000, 0x0000017e45ed7800, 0x0000017e45008000
}

Java Threads: ( => current thread )
  0x0000017e2787c000 JavaThread "main" [_thread_blocked, id=2424, stack(0x0000001af5500000,0x0000001af5600000)]
  0x0000017e42fff000 JavaThread "Reference Handler" daemon [_thread_blocked, id=11048, stack(0x0000001af5c00000,0x0000001af5d00000)]
  0x0000017e43002000 JavaThread "Finalizer" daemon [_thread_blocked, id=1964, stack(0x0000001af5d00000,0x0000001af5e00000)]
  0x0000017e43075800 JavaThread "Signal Dispatcher" daemon [_thread_blocked, id=6676, stack(0x0000001af5e00000,0x0000001af5f00000)]
  0x0000017e43076800 JavaThread "Attach Listener" daemon [_thread_blocked, id=10564, stack(0x0000001af5f00000,0x0000001af6000000)]
  0x0000017e43079000 JavaThread "Service Thread" daemon [_thread_blocked, id=12912, stack(0x0000001af6000000,0x0000001af6100000)]
  0x0000017e43082800 JavaThread "C2 CompilerThread0" daemon [_thread_blocked, id=12000, stack(0x0000001af6100000,0x0000001af6200000)]
  0x0000017e43089000 JavaThread "C1 CompilerThread0" daemon [_thread_blocked, id=8736, stack(0x0000001af6200000,0x0000001af6300000)]
  0x0000017e43096800 JavaThread "Sweeper thread" daemon [_thread_blocked, id=9736, stack(0x0000001af6300000,0x0000001af6400000)]
  0x0000017e431fc000 JavaThread "Common-Cleaner" daemon [_thread_blocked, id=9872, stack(0x0000001af6500000,0x0000001af6600000)]
  0x0000017e45162800 JavaThread "Daemon health stats" [_thread_blocked, id=6680, stack(0x0000001af7000000,0x0000001af7100000)]
  0x0000017e445e9800 JavaThread "Incoming local TCP Connector on port 59945" [_thread_in_native, id=11008, stack(0x0000001af7100000,0x0000001af7200000)]
  0x0000017e45981800 JavaThread "Daemon periodic checks" [_thread_blocked, id=3252, stack(0x0000001af7200000,0x0000001af7300000)]
  0x0000017e45008800 JavaThread "Cache worker for file hash cache (C:\Users\Administrator\.gradle\caches\7.0.2\fileHashes)" [_thread_blocked, id=5416, stack(0x0000001af7a00000,0x0000001af7b00000)]
  0x0000017e45006000 JavaThread "File lock request listener" [_thread_in_native, id=10248, stack(0x0000001af7b00000,0x0000001af7c00000)]
  0x0000017e45007000 JavaThread "Cache worker for journal cache (C:\Users\Administrator\.gradle\caches\journal-1)" [_thread_blocked, id=11128, stack(0x0000001af8600000,0x0000001af8700000)]
  0x0000017e45009800 JavaThread "File watcher server" daemon [_thread_blocked, id=9868, stack(0x0000001af8800000,0x0000001af8900000)]
  0x0000017e45004800 JavaThread "File watcher consumer" daemon [_thread_blocked, id=11236, stack(0x0000001af8900000,0x0000001af8a00000)]
  0x0000017e45ce3000 JavaThread "Cache worker for execution history cache (C:\Users\Administrator\.gradle\caches\7.0.2\executionHistory)" [_thread_blocked, id=11240, stack(0x0000001af8d00000,0x0000001af8e00000)]
  0x0000017e45ce0000 JavaThread "jar transforms" [_thread_blocked, id=3632, stack(0x0000001af8f00000,0x0000001af9000000)]
  0x0000017e45cde000 JavaThread "jar transforms Thread 2" [_thread_blocked, id=1800, stack(0x0000001af9000000,0x0000001af9100000)]
  0x0000017e45ce2000 JavaThread "Cache worker for file content cache (C:\Users\Administrator\.gradle\caches\7.0.2\fileContent)" [_thread_blocked, id=5380, stack(0x0000001af9100000,0x0000001af9200000)]
  0x0000017e45cdf000 JavaThread "jar transforms Thread 3" [_thread_blocked, id=8436, stack(0x0000001af9300000,0x0000001af9400000)]
  0x0000017e46df5000 JavaThread "jar transforms Thread 4" [_thread_blocked, id=12196, stack(0x0000001afa500000,0x0000001afa600000)]
  0x0000017e46df0800 JavaThread "jar transforms Thread 5" [_thread_blocked, id=9412, stack(0x0000001afa600000,0x0000001afa700000)]
  0x0000017e49f23000 JavaThread "jar transforms Thread 6" [_thread_blocked, id=4408, stack(0x0000001afa700000,0x0000001afa800000)]
  0x0000017e49f22800 JavaThread "jar transforms Thread 7" [_thread_blocked, id=4336, stack(0x0000001afa800000,0x0000001afa900000)]
  0x0000017e49f24000 JavaThread "jar transforms Thread 8" [_thread_blocked, id=10816, stack(0x0000001afa900000,0x0000001afaa00000)]
  0x0000017e49f1f000 JavaThread "jar transforms Thread 9" [_thread_blocked, id=11480, stack(0x0000001afaa00000,0x0000001afab00000)]
  0x0000017e49f20000 JavaThread "jar transforms Thread 10" [_thread_blocked, id=8832, stack(0x0000001afab00000,0x0000001afac00000)]
  0x0000017e49f20800 JavaThread "jar transforms Thread 11" [_thread_blocked, id=7468, stack(0x0000001afac00000,0x0000001afad00000)]
  0x0000017e49f25800 JavaThread "jar transforms Thread 12" [_thread_blocked, id=8620, stack(0x0000001afad00000,0x0000001afae00000)]
  0x0000017e49f25000 JavaThread "jar transforms Thread 13" [_thread_blocked, id=4248, stack(0x0000001afae00000,0x0000001afaf00000)]
  0x0000017e49f21800 JavaThread "jar transforms Thread 14" [_thread_blocked, id=5112, stack(0x0000001afaf00000,0x0000001afb000000)]
  0x0000017e45ecf800 JavaThread "jar transforms Thread 15" [_thread_blocked, id=6988, stack(0x0000001afb000000,0x0000001afb100000)]
  0x0000017e45ed1000 JavaThread "jar transforms Thread 16" [_thread_blocked, id=10832, stack(0x0000001afb100000,0x0000001afb200000)]
  0x0000017e45ece000 JavaThread "Memory manager" [_thread_blocked, id=6492, stack(0x0000001af6900000,0x0000001af6a00000)]
  0x0000017e45ed6800 JavaThread "pool-3-thread-1" [_thread_blocked, id=8464, stack(0x0000001afb600000,0x0000001afb700000)]
  0x0000017e45ed0000 JavaThread "pool-6-thread-1" [_thread_blocked, id=5584, stack(0x0000001afb700000,0x0000001afb800000)]
  0x0000017e46df6800 JavaThread "pool-9-thread-1" [_thread_blocked, id=5668, stack(0x0000001afa400000,0x0000001afa500000)]
  0x0000017e45cbd800 JavaThread "pool-14-thread-1" [_thread_blocked, id=1752, stack(0x0000001afa300000,0x0000001afa400000)]
  0x0000017e46de8800 JavaThread "pool-19-thread-1" [_thread_blocked, id=5412, stack(0x0000001afb200000,0x0000001afb300000)]
  0x0000017e45cc4000 JavaThread "pool-24-thread-1" [_thread_blocked, id=5848, stack(0x0000001afb800000,0x0000001afb900000)]
  0x0000017e45edb000 JavaThread "RMI Scheduler(0)" daemon [_thread_blocked, id=4824, stack(0x0000001afcc00000,0x0000001afcd00000)]
  0x0000017e45ed6000 JavaThread "RMI GC Daemon" daemon [_thread_blocked, id=12584, stack(0x0000001afd400000,0x0000001afd500000)]
  0x0000017e45ed9000 JavaThread "RMI TCP Accept-0" daemon [_thread_in_native, id=9356, stack(0x0000001afd500000,0x0000001afd600000)]
  0x0000017e45eda000 JavaThread "RMI Reaper" [_thread_blocked, id=12600, stack(0x0000001afd600000,0x0000001afd700000)]
  0x0000017e45cc5800 JavaThread "pool-28-thread-1" [_thread_blocked, id=2268, stack(0x0000001afb300000,0x0000001afb400000)]
  0x0000017e46df1800 JavaThread "pool-31-thread-1" [_thread_blocked, id=7516, stack(0x0000001afb900000,0x0000001afba00000)]
  0x0000017e4989a000 JavaThread "ForkJoinPool.commonPool-worker-21" daemon [_thread_blocked, id=2348, stack(0x0000001afce00000,0x0000001afcf00000)]
  0x0000017e4989b800 JavaThread "ForkJoinPool.commonPool-worker-7" daemon [_thread_blocked, id=3872, stack(0x0000001afd800000,0x0000001afd900000)]
  0x0000017e4989f800 JavaThread "ForkJoinPool.commonPool-worker-27" daemon [_thread_blocked, id=6884, stack(0x0000001afd900000,0x0000001afda00000)]
  0x0000017e498a0800 JavaThread "ForkJoinPool.commonPool-worker-11" daemon [_thread_blocked, id=12032, stack(0x0000001afda00000,0x0000001afdb00000)]
  0x0000017e4989c800 JavaThread "ForkJoinPool.commonPool-worker-19" daemon [_thread_blocked, id=10952, stack(0x0000001afdb00000,0x0000001afdc00000)]
  0x0000017e4989a800 JavaThread "ForkJoinPool.commonPool-worker-29" daemon [_thread_blocked, id=11724, stack(0x0000001afdc00000,0x0000001afdd00000)]
  0x0000017e49896800 JavaThread "Daemon Thread 7" [_thread_blocked, id=7148, stack(0x0000001af5200000,0x0000001af5300000)]
  0x0000017e49896000 JavaThread "Daemon worker Thread 7" [_thread_blocked, id=9496, stack(0x0000001af6400000,0x0000001af6500000)]
  0x0000017e45cc0000 JavaThread "pool-36-thread-1" [_thread_blocked, id=10204, stack(0x0000001afb500000,0x0000001afb600000)]
  0x0000017e45cbe000 JavaThread "RMI TCP Connection(idle)" daemon [_thread_blocked, id=7524, stack(0x0000001af7700000,0x0000001af7800000)]
  0x0000017e45cc4800 JavaThread "Handler for socket connection from /127.0.0.1:59945 to /127.0.0.1:58508" [_thread_in_native, id=1816, stack(0x0000001af5300000,0x0000001af5400000)]
  0x0000017e45cc7000 JavaThread "Cancel handler" [_thread_blocked, id=8388, stack(0x0000001af5400000,0x0000001af5500000)]
  0x0000017e45cc6800 JavaThread "Asynchronous log dispatcher for DefaultDaemonConnection: socket connection from /127.0.0.1:59945 to /127.0.0.1:58508" [_thread_blocked, id=10808, stack(0x0000001af6700000,0x0000001af6800000)]
  0x0000017e45cc9000 JavaThread "Stdin handler" [_thread_blocked, id=6660, stack(0x0000001af6800000,0x0000001af6900000)]
  0x0000017e45cc3000 JavaThread "Daemon client event forwarder" [_thread_blocked, id=12620, stack(0x0000001af6a00000,0x0000001af6b00000)]
  0x0000017e45cc9800 JavaThread "Cache worker for file hash cache (C:\Users\Administrator\AndroidStudioProjects\ChatApplication\.gradle\7.0.2\fileHashes)" [_thread_blocked, id=11560, stack(0x0000001af6f00000,0x0000001af7000000)]
  0x0000017e45cca800 JavaThread "Cache worker for checksums cache (C:\Users\Administrator\AndroidStudioProjects\ChatApplication\.gradle\checksums)" [_thread_blocked, id=8380, stack(0x0000001af7300000,0x0000001af7400000)]
  0x0000017e45ccb000 JavaThread "Cache worker for cache directory md-supplier (C:\Users\Administrator\.gradle\caches\7.0.2\md-supplier)" [_thread_blocked, id=7436, stack(0x0000001af7400000,0x0000001af7500000)]
  0x0000017e45ccc000 JavaThread "Cache worker for cache directory md-rule (C:\Users\Administrator\.gradle\caches\7.0.2\md-rule)" [_thread_blocked, id=12656, stack(0x0000001af7500000,0x0000001af7600000)]
  0x0000017e50803800 JavaThread "Cache worker for dependencies-accessors (C:\Users\Administrator\AndroidStudioProjects\ChatApplication\.gradle\7.0.2\dependencies-accessors)" [_thread_blocked, id=7732, stack(0x0000001af7600000,0x0000001af7700000)]
  0x0000017e50804000 JavaThread "Cache worker for Build Output Cleanup Cache (C:\Users\Administrator\AndroidStudioProjects\ChatApplication\.gradle\buildOutputCleanup)" [_thread_blocked, id=13088, stack(0x0000001af7800000,0x0000001af7900000)]
  0x0000017e50808000 JavaThread "Build operations" [_thread_blocked, id=2952, stack(0x0000001af8b00000,0x0000001af8c00000)]
  0x0000017e5080a000 JavaThread "Build operations Thread 2" [_thread_blocked, id=10444, stack(0x0000001af8c00000,0x0000001af8d00000)]
  0x0000017e50805000 JavaThread "Build operations Thread 3" [_thread_blocked, id=12564, stack(0x0000001af8e00000,0x0000001af8f00000)]
  0x0000017e5080a800 JavaThread "Build operations Thread 4" [_thread_blocked, id=8828, stack(0x0000001af9200000,0x0000001af9300000)]
  0x0000017e5080b800 JavaThread "Build operations Thread 5" [_thread_blocked, id=10556, stack(0x0000001af9400000,0x0000001af9500000)]
  0x0000017e50806000 JavaThread "Build operations Thread 6" [_thread_blocked, id=11088, stack(0x0000001af9500000,0x0000001af9600000)]
  0x0000017e5080c800 JavaThread "Build operations Thread 7" [_thread_blocked, id=5816, stack(0x0000001af9600000,0x0000001af9700000)]
  0x0000017e50806800 JavaThread "Build operations Thread 8" [_thread_blocked, id=11224, stack(0x0000001af9700000,0x0000001af9800000)]
  0x0000017e5080f800 JavaThread "Build operations Thread 9" [_thread_blocked, id=2368, stack(0x0000001af9800000,0x0000001af9900000)]
  0x0000017e50810800 JavaThread "Build operations Thread 10" [_thread_blocked, id=4340, stack(0x0000001af9900000,0x0000001af9a00000)]
  0x0000017e5080d000 JavaThread "Build operations Thread 11" [_thread_blocked, id=6424, stack(0x0000001af9a00000,0x0000001af9b00000)]
  0x0000017e5080e000 JavaThread "Build operations Thread 12" [_thread_blocked, id=13212, stack(0x0000001af9b00000,0x0000001af9c00000)]
  0x0000017e50811000 JavaThread "Build operations Thread 13" [_thread_blocked, id=11992, stack(0x0000001af9c00000,0x0000001af9d00000)]
  0x0000017e50812000 JavaThread "Build operations Thread 14" [_thread_blocked, id=12836, stack(0x0000001af9d00000,0x0000001af9e00000)]
  0x0000017e46de7800 JavaThread "Build operations Thread 15" [_thread_blocked, id=10188, stack(0x0000001af9e00000,0x0000001af9f00000)]
  0x0000017e46dec800 JavaThread "Build operations Thread 16" [_thread_blocked, id=11468, stack(0x0000001afa000000,0x0000001afa100000)]
  0x0000017e46deb000 JavaThread "build event listener" [_thread_blocked, id=10388, stack(0x0000001afb400000,0x0000001afb500000)]
  0x0000017e46de9800 JavaThread "pool-39-thread-1" [_thread_blocked, id=12108, stack(0x0000001afbc00000,0x0000001afbd00000)]
  0x0000017e46dec000 JavaThread "build event listener" [_thread_blocked, id=3120, stack(0x0000001afbd00000,0x0000001afbe00000)]
  0x0000017e46dee000 JavaThread "Execution worker for ':'" [_thread_blocked, id=6728, stack(0x0000001afbe00000,0x0000001afbf00000)]
  0x0000017e46def000 JavaThread "Execution worker for ':' Thread 2" [_thread_blocked, id=8268, stack(0x0000001afbf00000,0x0000001afc000000)]
  0x0000017e46dea000 JavaThread "Execution worker for ':' Thread 3" [_thread_blocked, id=2776, stack(0x0000001afc000000,0x0000001afc100000)]
  0x0000017e46df0000 JavaThread "Execution worker for ':' Thread 4" [_thread_blocked, id=3088, stack(0x0000001afc100000,0x0000001afc200000)]
  0x0000017e46df5800 JavaThread "Execution worker for ':' Thread 5" [_thread_blocked, id=11596, stack(0x0000001afc200000,0x0000001afc300000)]
  0x0000017e46df3000 JavaThread "Execution worker for ':' Thread 6" [_thread_blocked, id=8540, stack(0x0000001afc300000,0x0000001afc400000)]
  0x0000017e46df2800 JavaThread "Execution worker for ':' Thread 7" [_thread_blocked, id=8568, stack(0x0000001afc400000,0x0000001afc500000)]
  0x0000017e46df4000 JavaThread "Execution worker for ':' Thread 8" [_thread_blocked, id=9028, stack(0x0000001afc500000,0x0000001afc600000)]
  0x0000017e49897800 JavaThread "Execution worker for ':' Thread 9" [_thread_blocked, id=11016, stack(0x0000001afc600000,0x0000001afc700000)]
  0x0000017e49898000 JavaThread "Execution worker for ':' Thread 10" [_thread_blocked, id=12088, stack(0x0000001afc700000,0x0000001afc800000)]
  0x0000017e4989d000 JavaThread "Execution worker for ':' Thread 11" [_thread_blocked, id=1744, stack(0x0000001afc800000,0x0000001afc900000)]
  0x0000017e4989e000 JavaThread "Execution worker for ':' Thread 12" [_thread_blocked, id=10792, stack(0x0000001afc900000,0x0000001afca00000)]
  0x0000017e4989f000 JavaThread "Execution worker for ':' Thread 13" [_thread_blocked, id=1920, stack(0x0000001afca00000,0x0000001afcb00000)]
  0x0000017e49899000 JavaThread "Execution worker for ':' Thread 14" [_thread_blocked, id=7972, stack(0x0000001afcb00000,0x0000001afcc00000)]
  0x0000017e498a4800 JavaThread "Execution worker for ':' Thread 15" [_thread_blocked, id=12612, stack(0x0000001afcd00000,0x0000001afce00000)]
  0x0000017e498a1000 JavaThread "Cache worker for execution history cache (C:\Users\Administrator\AndroidStudioProjects\ChatApplication\.gradle\7.0.2\executionHistory)" [_thread_blocked, id=280, stack(0x0000001afcf00000,0x0000001afd000000)]
  0x0000017e498a3000 JavaThread "RMI TCP Connection(5)-127.0.0.1" daemon [_thread_in_native, id=6548, stack(0x0000001afd100000,0x0000001afd200000)]
  0x0000017e498a3800 JavaThread "C1 CompilerThread1" daemon [_thread_blocked, id=13104, stack(0x0000001af7900000,0x0000001af7a00000)]
  0x0000017e45ecc000 JavaThread "C1 CompilerThread2" daemon [_thread_blocked, id=13048, stack(0x0000001af8a00000,0x0000001af8b00000)]
  0x0000017e45ed2000 JavaThread "C2 CompilerThread1" daemon [_thread_in_native, id=11932, stack(0x0000001af9f00000,0x0000001afa000000)]
  0x0000017e45ed2800 JavaThread "C2 CompilerThread2" daemon [_thread_blocked, id=9544, stack(0x0000001afa100000,0x0000001afa200000)]
  0x0000017e45ecd000 JavaThread "Cache worker for Java compile cache (C:\Users\Administrator\.gradle\caches\7.0.2\javaCompile)" [_thread_blocked, id=12236, stack(0x0000001afa200000,0x0000001afa300000)]
  0x0000017e45ed4800 JavaThread "Cache worker for Java compile cache (C:\Users\Administrator\AndroidStudioProjects\ChatApplication\.gradle\7.0.2\javaCompile)" [_thread_blocked, id=1888, stack(0x0000001afd200000,0x0000001afd300000)]
  0x0000017e45ece800 JavaThread "C1 CompilerThread3" daemon [_thread_blocked, id=3580, stack(0x0000001afd000000,0x0000001afd100000)]
  0x0000017e45ed5000 JavaThread "WorkerExecutor Queue" [_thread_blocked, id=6628, stack(0x0000001afd300000,0x0000001afd400000)]
  0x0000017e45ed7800 JavaThread "C2 CompilerThread3" daemon [_thread_blocked, id=11208, stack(0x0000001afd700000,0x0000001afd800000)]
  0x0000017e45008000 JavaThread "WorkerExecutor Queue Thread 2" [_thread_blocked, id=5928, stack(0x0000001afdd00000,0x0000001afde00000)]

Other Threads:
=>0x0000017e42ffd800 VMThread "VM Thread" [stack: 0x0000001af5b00000,0x0000001af5c00000] [id=12228]
  0x0000017e43201800 WatcherThread [stack: 0x0000001af6600000,0x0000001af6700000] [id=11936]
  0x0000017e27894800 GCTaskThread "GC Thread#0" [stack: 0x0000001af5600000,0x0000001af5700000] [id=7352]
  0x0000017e438eb800 GCTaskThread "GC Thread#1" [stack: 0x0000001af6b00000,0x0000001af6c00000] [id=11952]
  0x0000017e43f82000 GCTaskThread "GC Thread#2" [stack: 0x0000001af6c00000,0x0000001af6d00000] [id=1332]
  0x0000017e43a41000 GCTaskThread "GC Thread#3" [stack: 0x0000001af6d00000,0x0000001af6e00000] [id=1544]
  0x0000017e43944800 GCTaskThread "GC Thread#4" [stack: 0x0000001af6e00000,0x0000001af6f00000] [id=6636]
  0x0000017e45978000 GCTaskThread "GC Thread#5" [stack: 0x0000001af7c00000,0x0000001af7d00000] [id=3188]
  0x0000017e456de800 GCTaskThread "GC Thread#6" [stack: 0x0000001af7d00000,0x0000001af7e00000] [id=3328]
  0x0000017e4390f000 GCTaskThread "GC Thread#7" [stack: 0x0000001af7e00000,0x0000001af7f00000] [id=9284]
  0x0000017e448ef800 GCTaskThread "GC Thread#8" [stack: 0x0000001af7f00000,0x0000001af8000000] [id=11972]
  0x0000017e45ada800 GCTaskThread "GC Thread#9" [stack: 0x0000001af8000000,0x0000001af8100000] [id=10328]
  0x0000017e43951800 GCTaskThread "GC Thread#10" [stack: 0x0000001af8100000,0x0000001af8200000] [id=1536]
  0x0000017e44250000 GCTaskThread "GC Thread#11" [stack: 0x0000001af8200000,0x0000001af8300000] [id=1564]
  0x0000017e4500e800 GCTaskThread "GC Thread#12" [stack: 0x0000001af8300000,0x0000001af8400000] [id=9008]
  0x0000017e278c8000 ConcurrentGCThread "G1 Main Marker" [stack: 0x0000001af5700000,0x0000001af5800000] [id=11584]
  0x0000017e278ca000 ConcurrentGCThread "G1 Conc#0" [stack: 0x0000001af5800000,0x0000001af5900000] [id=12696]
  0x0000017e43a50800 ConcurrentGCThread "G1 Conc#1" [stack: 0x0000001af8400000,0x0000001af8500000] [id=11728]
  0x0000017e43e64000 ConcurrentGCThread "G1 Conc#2" [stack: 0x0000001af8500000,0x0000001af8600000] [id=1912]
  0x0000017e2795e000 ConcurrentGCThread "G1 Refine#0" [stack: 0x0000001af5900000,0x0000001af5a00000] [id=4132]
  0x0000017e4fda0000 ConcurrentGCThread "G1 Refine#1" [stack: 0x0000001af8700000,0x0000001af8800000] [id=5772]
  0x0000017e4264b800 ConcurrentGCThread "G1 Young RemSet Sampling" [stack: 0x0000001af5a00000,0x0000001af5b00000] [id=7384]

Threads with active compile tasks:
C2 CompilerThread01996496 29253       4       com.android.tools.r8.ir.regalloc.a::a (261 bytes)
C1 CompilerThread21996496 29393       3       com.android.tools.r8.internal.E7::b (455 bytes)
C2 CompilerThread11996496 29139       4       com.android.tools.r8.internal.Le::a (1137 bytes)
C2 CompilerThread21996497 28934       4       com.android.tools.r8.internal.W4::a (1165 bytes)
C2 CompilerThread31996497 29260 %     4       com.android.tools.r8.ir.regalloc.a::a @ 1405 (3985 bytes)

VM state:at safepoint (normal execution)

VM Mutex/Monitor currently owned by a thread:  ([mutex/lock_event])
[0x0000017e278793e0] Threads_lock - owner thread: 0x0000017e42ffd800
[0x0000017e27878e40] Heap_lock - owner thread: 0x0000017e5080e000

Heap address: 0x0000000080000000, size: 2048 MB, Compressed Oops mode: 32-bit
Narrow klass base: 0x0000000000000000, Narrow klass shift: 3
Compressed class space size: 1073741824 Address: 0x0000000100000000

Heap:
 garbage-first heap   total 340992K, used 170301K [0x0000000080000000, 0x0000000100000000)
  region size 1024K, 3 young (3072K), 3 survivors (3072K)
 Metaspace       used 157546K, capacity 162905K, committed 163108K, reserved 1191936K
  class space    used 19683K, capacity 21665K, committed 21760K, reserved 1048576K
Heap Regions: E=young(eden), S=young(survivor), O=old, HS=humongous(starts), HC=humongous(continues), CS=collection set, F=free, A=archive, TAMS=top-at-mark-start (previous, next)
|   0|0x0000000080000000, 0x0000000080100000, 0x0000000080100000|100%| O|  |TAMS 0x0000000080100000, 0x0000000080000000| Updating 
|   1|0x0000000080100000, 0x0000000080200000, 0x0000000080200000|100%| O|  |TAMS 0x0000000080200000, 0x0000000080100000| Updating 
|   2|0x0000000080200000, 0x0000000080300000, 0x0000000080300000|100%| O|  |TAMS 0x0000000080300000, 0x0000000080200000| Updating 
|   3|0x0000000080300000, 0x0000000080400000, 0x0000000080400000|100%|HS|  |TAMS 0x0000000080400000, 0x0000000080300000| Complete 
|   4|0x0000000080400000, 0x0000000080500000, 0x0000000080500000|100%|HC|  |TAMS 0x0000000080500000, 0x0000000080400000| Complete 
|   5|0x0000000080500000, 0x0000000080600000, 0x0000000080600000|100%|HC|  |TAMS 0x0000000080600000, 0x0000000080500000| Complete 
|   6|0x0000000080600000, 0x0000000080700000, 0x0000000080700000|100%| O|  |TAMS 0x0000000080700000, 0x0000000080600000| Updating 
|   7|0x0000000080700000, 0x0000000080800000, 0x0000000080800000|100%| O|  |TAMS 0x0000000080800000, 0x0000000080700000| Updating 
|   8|0x0000000080800000, 0x0000000080900000, 0x0000000080900000|100%| O|  |TAMS 0x0000000080900000, 0x0000000080800000| Updating 
|   9|0x0000000080900000, 0x0000000080a00000, 0x0000000080a00000|100%| O|  |TAMS 0x0000000080a00000, 0x0000000080900000| Updating 
|  10|0x0000000080a00000, 0x0000000080b00000, 0x0000000080b00000|100%| O|  |TAMS 0x0000000080b00000, 0x0000000080a00000| Updating 
|  11|0x0000000080b00000, 0x0000000080c00000, 0x0000000080c00000|100%| O|  |TAMS 0x0000000080c00000, 0x0000000080b00000| Updating 
|  12|0x0000000080c00000, 0x0000000080d00000, 0x0000000080d00000|100%| O|  |TAMS 0x0000000080d00000, 0x0000000080c00000| Updating 
|  13|0x0000000080d00000, 0x0000000080e00000, 0x0000000080e00000|100%| O|  |TAMS 0x0000000080e00000, 0x0000000080d00000| Updating 
|  14|0x0000000080e00000, 0x0000000080f00000, 0x0000000080f00000|100%| O|  |TAMS 0x0000000080f00000, 0x0000000080e00000| Updating 
|  15|0x0000000080f00000, 0x0000000081000000, 0x0000000081000000|100%| O|  |TAMS 0x0000000081000000, 0x0000000080f00000| Updating 
|  16|0x0000000081000000, 0x0000000081100000, 0x0000000081100000|100%| O|  |TAMS 0x0000000081100000, 0x0000000081000000| Updating 
|  17|0x0000000081100000, 0x0000000081200000, 0x0000000081200000|100%|HS|  |TAMS 0x0000000081200000, 0x0000000081100000| Complete 
|  18|0x0000000081200000, 0x0000000081300000, 0x0000000081300000|100%|HS|  |TAMS 0x0000000081300000, 0x0000000081200000| Complete 
|  19|0x0000000081300000, 0x0000000081400000, 0x0000000081400000|100%|HS|  |TAMS 0x0000000081400000, 0x0000000081300000| Complete 
|  20|0x0000000081400000, 0x0000000081500000, 0x0000000081500000|100%|HS|  |TAMS 0x0000000081500000, 0x0000000081400000| Complete 
|  21|0x0000000081500000, 0x0000000081600000, 0x0000000081600000|100%|HC|  |TAMS 0x0000000081600000, 0x0000000081500000| Complete 
|  22|0x0000000081600000, 0x0000000081700000, 0x0000000081700000|100%|HC|  |TAMS 0x0000000081700000, 0x0000000081600000| Complete 
|  23|0x0000000081700000, 0x0000000081800000, 0x0000000081800000|100%|HS|  |TAMS 0x0000000081800000, 0x0000000081700000| Complete 
|  24|0x0000000081800000, 0x0000000081900000, 0x0000000081900000|100%|HC|  |TAMS 0x0000000081900000, 0x0000000081800000| Complete 
|  25|0x0000000081900000, 0x0000000081a00000, 0x0000000081a00000|100%| O|  |TAMS 0x0000000081a00000, 0x0000000081900000| Updating 
|  26|0x0000000081a00000, 0x0000000081b00000, 0x0000000081b00000|100%| O|  |TAMS 0x0000000081b00000, 0x0000000081a00000| Updating 
|  27|0x0000000081b00000, 0x0000000081c00000, 0x0000000081c00000|100%| O|  |TAMS 0x0000000081c00000, 0x0000000081b00000| Updating 
|  28|0x0000000081c00000, 0x0000000081d00000, 0x0000000081d00000|100%| O|  |TAMS 0x0000000081d00000, 0x0000000081c00000| Updating 
|  29|0x0000000081d00000, 0x0000000081e00000, 0x0000000081e00000|100%| O|  |TAMS 0x0000000081e00000, 0x0000000081d00000| Updating 
|  30|0x0000000081e00000, 0x0000000081f00000, 0x0000000081f00000|100%| O|  |TAMS 0x0000000081f00000, 0x0000000081e00000| Updating 
|  31|0x0000000081f00000, 0x0000000082000000, 0x0000000082000000|100%| O|  |TAMS 0x0000000082000000, 0x0000000081f00000| Updating 
|  32|0x0000000082000000, 0x0000000082100000, 0x0000000082100000|100%| O|  |TAMS 0x0000000082100000, 0x0000000082000000| Updating 
|  33|0x0000000082100000, 0x0000000082200000, 0x0000000082200000|100%| O|  |TAMS 0x0000000082200000, 0x0000000082100000| Updating 
|  34|0x0000000082200000, 0x0000000082300000, 0x0000000082300000|100%| O|  |TAMS 0x0000000082300000, 0x0000000082200000| Updating 
|  35|0x0000000082300000, 0x0000000082400000, 0x0000000082400000|100%| O|  |TAMS 0x0000000082400000, 0x0000000082300000| Updating 
|  36|0x0000000082400000, 0x0000000082500000, 0x0000000082500000|100%| O|  |TAMS 0x0000000082500000, 0x0000000082400000| Updating 
|  37|0x0000000082500000, 0x0000000082600000, 0x0000000082600000|100%| O|  |TAMS 0x0000000082600000, 0x0000000082500000| Updating 
|  38|0x0000000082600000, 0x0000000082700000, 0x0000000082700000|100%| O|  |TAMS 0x0000000082700000, 0x0000000082600000| Updating 
|  39|0x0000000082700000, 0x0000000082800000, 0x0000000082800000|100%| O|  |TAMS 0x0000000082800000, 0x0000000082700000| Updating 
|  40|0x0000000082800000, 0x0000000082900000, 0x0000000082900000|100%| O|  |TAMS 0x0000000082900000, 0x0000000082800000| Updating 
|  41|0x0000000082900000, 0x0000000082a00000, 0x0000000082a00000|100%| O|  |TAMS 0x0000000082a00000, 0x0000000082900000| Updating 
|  42|0x0000000082a00000, 0x0000000082b00000, 0x0000000082b00000|100%| O|  |TAMS 0x0000000082b00000, 0x0000000082a00000| Updating 
|  43|0x0000000082b00000, 0x0000000082c00000, 0x0000000082c00000|100%| O|  |TAMS 0x0000000082c00000, 0x0000000082b00000| Updating 
|  44|0x0000000082c00000, 0x0000000082d00000, 0x0000000082d00000|100%| O|  |TAMS 0x0000000082d00000, 0x0000000082c00000| Updating 
|  45|0x0000000082d00000, 0x0000000082e00000, 0x0000000082e00000|100%| O|  |TAMS 0x0000000082e00000, 0x0000000082d00000| Updating 
|  46|0x0000000082e00000, 0x0000000082f00000, 0x0000000082f00000|100%| O|  |TAMS 0x0000000082f00000, 0x0000000082e00000| Updating 
|  47|0x0000000082f00000, 0x0000000083000000, 0x0000000083000000|100%| O|  |TAMS 0x0000000083000000, 0x0000000082f00000| Updating 
|  48|0x0000000083000000, 0x0000000083100000, 0x0000000083100000|100%| O|  |TAMS 0x0000000083100000, 0x0000000083000000| Updating 
|  49|0x0000000083100000, 0x0000000083200000, 0x0000000083200000|100%| O|  |TAMS 0x0000000083200000, 0x0000000083100000| Updating 
|  50|0x0000000083200000, 0x0000000083300000, 0x0000000083300000|100%| O|  |TAMS 0x0000000083300000, 0x0000000083200000| Updating 
|  51|0x0000000083300000, 0x0000000083300000, 0x0000000083400000|  0%| F|  |TAMS 0x0000000083300000, 0x0000000083300000| Untracked 
|  52|0x0000000083400000, 0x0000000083500000, 0x0000000083500000|100%| O|  |TAMS 0x0000000083500000, 0x0000000083400000| Updating 
|  53|0x0000000083500000, 0x0000000083600000, 0x0000000083600000|100%| O|  |TAMS 0x0000000083600000, 0x0000000083500000| Updating 
|  54|0x0000000083600000, 0x0000000083700000, 0x0000000083700000|100%| O|  |TAMS 0x0000000083700000, 0x0000000083600000| Updating 
|  55|0x0000000083700000, 0x0000000083800000, 0x0000000083800000|100%| O|  |TAMS 0x0000000083800000, 0x0000000083700000| Updating 
|  56|0x0000000083800000, 0x0000000083900000, 0x0000000083900000|100%| O|  |TAMS 0x0000000083900000, 0x0000000083800000| Updating 
|  57|0x0000000083900000, 0x0000000083a00000, 0x0000000083a00000|100%| O|  |TAMS 0x0000000083a00000, 0x0000000083900000| Updating 
|  58|0x0000000083a00000, 0x0000000083b00000, 0x0000000083b00000|100%| O|  |TAMS 0x0000000083b00000, 0x0000000083a00000| Updating 
|  59|0x0000000083b00000, 0x0000000083c00000, 0x0000000083c00000|100%| O|  |TAMS 0x0000000083c00000, 0x0000000083b00000| Updating 
|  60|0x0000000083c00000, 0x0000000083d00000, 0x0000000083d00000|100%| O|  |TAMS 0x0000000083d00000, 0x0000000083c00000| Updating 
|  61|0x0000000083d00000, 0x0000000083e00000, 0x0000000083e00000|100%| O|  |TAMS 0x0000000083e00000, 0x0000000083d00000| Updating 
|  62|0x0000000083e00000, 0x0000000083f00000, 0x0000000083f00000|100%| O|  |TAMS 0x0000000083f00000, 0x0000000083e00000| Updating 
|  63|0x0000000083f00000, 0x0000000084000000, 0x0000000084000000|100%| O|  |TAMS 0x0000000084000000, 0x0000000083f00000| Updating 
|  64|0x0000000084000000, 0x0000000084100000, 0x0000000084100000|100%| O|  |TAMS 0x0000000084100000, 0x0000000084000000| Updating 
|  65|0x0000000084100000, 0x0000000084200000, 0x0000000084200000|100%| O|  |TAMS 0x0000000084200000, 0x0000000084100000| Updating 
|  66|0x0000000084200000, 0x0000000084300000, 0x0000000084300000|100%| O|  |TAMS 0x0000000084300000, 0x0000000084200000| Updating 
|  67|0x0000000084300000, 0x0000000084400000, 0x0000000084400000|100%| O|  |TAMS 0x0000000084400000, 0x0000000084300000| Updating 
|  68|0x0000000084400000, 0x0000000084500000, 0x0000000084500000|100%| O|  |TAMS 0x0000000084500000, 0x0000000084400000| Updating 
|  69|0x0000000084500000, 0x0000000084600000, 0x0000000084600000|100%| O|  |TAMS 0x0000000084600000, 0x0000000084500000| Updating 
|  70|0x0000000084600000, 0x0000000084700000, 0x0000000084700000|100%| O|  |TAMS 0x0000000084700000, 0x0000000084600000| Updating 
|  71|0x0000000084700000, 0x0000000084800000, 0x0000000084800000|100%| O|  |TAMS 0x0000000084800000, 0x0000000084700000| Updating 
|  72|0x0000000084800000, 0x0000000084900000, 0x0000000084900000|100%| O|  |TAMS 0x0000000084900000, 0x0000000084800000| Updating 
|  73|0x0000000084900000, 0x0000000084a00000, 0x0000000084a00000|100%| O|  |TAMS 0x0000000084a00000, 0x0000000084900000| Updating 
|  74|0x0000000084a00000, 0x0000000084b00000, 0x0000000084b00000|100%| O|  |TAMS 0x0000000084b00000, 0x0000000084a00000| Updating 
|  75|0x0000000084b00000, 0x0000000084c00000, 0x0000000084c00000|100%| O|  |TAMS 0x0000000084c00000, 0x0000000084b00000| Updating 
|  76|0x0000000084c00000, 0x0000000084d00000, 0x0000000084d00000|100%| O|  |TAMS 0x0000000084d00000, 0x0000000084c00000| Updating 
|  77|0x0000000084d00000, 0x0000000084e00000, 0x0000000084e00000|100%| O|  |TAMS 0x0000000084e00000, 0x0000000084d00000| Updating 
|  78|0x0000000084e00000, 0x0000000084f00000, 0x0000000084f00000|100%| O|  |TAMS 0x0000000084f00000, 0x0000000084e00000| Updating 
|  79|0x0000000084f00000, 0x0000000085000000, 0x0000000085000000|100%| O|  |TAMS 0x0000000085000000, 0x0000000084f00000| Updating 
|  80|0x0000000085000000, 0x0000000085100000, 0x0000000085100000|100%| O|  |TAMS 0x0000000085100000, 0x0000000085000000| Updating 
|  81|0x0000000085100000, 0x0000000085100000, 0x0000000085200000|  0%| F|  |TAMS 0x0000000085100000, 0x0000000085100000| Untracked 
|  82|0x0000000085200000, 0x0000000085300000, 0x0000000085300000|100%| O|  |TAMS 0x0000000085300000, 0x0000000085200000| Updating 
|  83|0x0000000085300000, 0x0000000085400000, 0x0000000085400000|100%| O|  |TAMS 0x0000000085400000, 0x0000000085300000| Updating 
|  84|0x0000000085400000, 0x0000000085500000, 0x0000000085500000|100%| O|  |TAMS 0x0000000085500000, 0x0000000085400000| Updating 
|  85|0x0000000085500000, 0x0000000085600000, 0x0000000085600000|100%| O|  |TAMS 0x0000000085600000, 0x0000000085500000| Updating 
|  86|0x0000000085600000, 0x0000000085700000, 0x0000000085700000|100%| O|  |TAMS 0x0000000085700000, 0x0000000085600000| Updating 
|  87|0x0000000085700000, 0x0000000085800000, 0x0000000085800000|100%| O|  |TAMS 0x0000000085800000, 0x0000000085700000| Updating 
|  88|0x0000000085800000, 0x0000000085900000, 0x0000000085900000|100%| O|  |TAMS 0x0000000085900000, 0x0000000085800000| Updating 
|  89|0x0000000085900000, 0x0000000085a00000, 0x0000000085a00000|100%| O|  |TAMS 0x0000000085a00000, 0x0000000085900000| Updating 
|  90|0x0000000085a00000, 0x0000000085b00000, 0x0000000085b00000|100%| O|  |TAMS 0x0000000085b00000, 0x0000000085a00000| Updating 
|  91|0x0000000085b00000, 0x0000000085c00000, 0x0000000085c00000|100%| O|  |TAMS 0x0000000085c00000, 0x0000000085b00000| Updating 
|  92|0x0000000085c00000, 0x0000000085c00000, 0x0000000085d00000|  0%| F|  |TAMS 0x0000000085c00000, 0x0000000085c00000| Untracked 
|  93|0x0000000085d00000, 0x0000000085e00000, 0x0000000085e00000|100%| O|  |TAMS 0x0000000085e00000, 0x0000000085d00000| Updating 
|  94|0x0000000085e00000, 0x0000000085f00000, 0x0000000085f00000|100%| O|  |TAMS 0x0000000085f00000, 0x0000000085e00000| Updating 
|  95|0x0000000085f00000, 0x0000000086000000, 0x0000000086000000|100%| O|  |TAMS 0x0000000086000000, 0x0000000085f00000| Updating 
|  96|0x0000000086000000, 0x0000000086100000, 0x0000000086100000|100%| O|  |TAMS 0x0000000086100000, 0x0000000086000000| Updating 
|  97|0x0000000086100000, 0x0000000086200000, 0x0000000086200000|100%| O|  |TAMS 0x0000000086200000, 0x0000000086100000| Updating 
|  98|0x0000000086200000, 0x0000000086300000, 0x0000000086300000|100%| O|  |TAMS 0x0000000086300000, 0x0000000086200000| Updating 
|  99|0x0000000086300000, 0x0000000086400000, 0x0000000086400000|100%| O|  |TAMS 0x0000000086400000, 0x0000000086300000| Updating 
| 100|0x0000000086400000, 0x0000000086500000, 0x0000000086500000|100%| O|  |TAMS 0x0000000086500000, 0x0000000086400000| Updating 
| 101|0x0000000086500000, 0x0000000086600000, 0x0000000086600000|100%| O|  |TAMS 0x0000000086600000, 0x0000000086500000| Updating 
| 102|0x0000000086600000, 0x0000000086700000, 0x0000000086700000|100%| O|  |TAMS 0x0000000086700000, 0x0000000086600000| Updating 
| 103|0x0000000086700000, 0x0000000086700000, 0x0000000086800000|  0%| F|  |TAMS 0x0000000086700000, 0x0000000086700000| Untracked 
| 104|0x0000000086800000, 0x0000000086800000, 0x0000000086900000|  0%| F|  |TAMS 0x0000000086800000, 0x0000000086800000| Untracked 
| 105|0x0000000086900000, 0x0000000086a00000, 0x0000000086a00000|100%| O|  |TAMS 0x0000000086a00000, 0x0000000086900000| Updating 
| 106|0x0000000086a00000, 0x0000000086b00000, 0x0000000086b00000|100%| O|  |TAMS 0x0000000086b00000, 0x0000000086a00000| Updating 
| 107|0x0000000086b00000, 0x0000000086c00000, 0x0000000086c00000|100%| O|  |TAMS 0x0000000086c00000, 0x0000000086b00000| Updating 
| 108|0x0000000086c00000, 0x0000000086d00000, 0x0000000086d00000|100%| O|  |TAMS 0x0000000086d00000, 0x0000000086c00000| Updating 
| 109|0x0000000086d00000, 0x0000000086e00000, 0x0000000086e00000|100%| O|  |TAMS 0x0000000086e00000, 0x0000000086d00000| Updating 
| 110|0x0000000086e00000, 0x0000000086f00000, 0x0000000086f00000|100%| O|  |TAMS 0x0000000086f00000, 0x0000000086e00000| Updating 
| 111|0x0000000086f00000, 0x0000000087000000, 0x0000000087000000|100%| O|  |TAMS 0x0000000087000000, 0x0000000086f00000| Updating 
| 112|0x0000000087000000, 0x0000000087100000, 0x0000000087100000|100%| O|  |TAMS 0x0000000087100000, 0x0000000087000000| Updating 
| 113|0x0000000087100000, 0x0000000087200000, 0x0000000087200000|100%| O|  |TAMS 0x0000000087200000, 0x0000000087100000| Updating 
| 114|0x0000000087200000, 0x0000000087300000, 0x0000000087300000|100%| O|  |TAMS 0x0000000087300000, 0x0000000087200000| Updating 
| 115|0x0000000087300000, 0x0000000087400000, 0x0000000087400000|100%| O|  |TAMS 0x0000000087400000, 0x0000000087300000| Updating 
| 116|0x0000000087400000, 0x0000000087500000, 0x0000000087500000|100%| O|  |TAMS 0x0000000087500000, 0x0000000087400000| Updating 
| 117|0x0000000087500000, 0x0000000087500000, 0x0000000087600000|  0%| F|  |TAMS 0x0000000087500000, 0x0000000087500000| Untracked 
| 118|0x0000000087600000, 0x0000000087700000, 0x0000000087700000|100%| O|  |TAMS 0x0000000087700000, 0x0000000087600000| Updating 
| 119|0x0000000087700000, 0x0000000087800000, 0x0000000087800000|100%| O|  |TAMS 0x0000000087800000, 0x0000000087700000| Updating 
| 120|0x0000000087800000, 0x0000000087900000, 0x0000000087900000|100%| O|  |TAMS 0x0000000087900000, 0x0000000087800000| Updating 
| 121|0x0000000087900000, 0x0000000087a00000, 0x0000000087a00000|100%| O|  |TAMS 0x0000000087a00000, 0x0000000087900000| Updating 
| 122|0x0000000087a00000, 0x0000000087b00000, 0x0000000087b00000|100%| O|  |TAMS 0x0000000087b00000, 0x0000000087a00000| Updating 
| 123|0x0000000087b00000, 0x0000000087b00000, 0x0000000087c00000|  0%| F|  |TAMS 0x0000000087b00000, 0x0000000087b00000| Untracked 
| 124|0x0000000087c00000, 0x0000000087d00000, 0x0000000087d00000|100%| O|  |TAMS 0x0000000087d00000, 0x0000000087c00000| Updating 
| 125|0x0000000087d00000, 0x0000000087e00000, 0x0000000087e00000|100%| O|  |TAMS 0x0000000087e00000, 0x0000000087d00000| Updating 
| 126|0x0000000087e00000, 0x0000000087f00000, 0x0000000087f00000|100%| O|  |TAMS 0x0000000087f00000, 0x0000000087e00000| Updating 
| 127|0x0000000087f00000, 0x0000000088000000, 0x0000000088000000|100%| O|  |TAMS 0x0000000088000000, 0x0000000087f00000| Updating 
| 128|0x0000000088000000, 0x0000000088100000, 0x0000000088100000|100%| O|  |TAMS 0x0000000088100000, 0x0000000088000000| Updating 
| 129|0x0000000088100000, 0x0000000088200000, 0x0000000088200000|100%| O|  |TAMS 0x0000000088200000, 0x0000000088100000| Updating 
| 130|0x0000000088200000, 0x0000000088300000, 0x0000000088300000|100%| O|  |TAMS 0x0000000088300000, 0x0000000088200000| Updating 
| 131|0x0000000088300000, 0x0000000088400000, 0x0000000088400000|100%| O|  |TAMS 0x0000000088400000, 0x0000000088300000| Updating 
| 132|0x0000000088400000, 0x0000000088500000, 0x0000000088500000|100%| O|  |TAMS 0x0000000088500000, 0x0000000088400000| Updating 
| 133|0x0000000088500000, 0x0000000088600000, 0x0000000088600000|100%| O|  |TAMS 0x0000000088600000, 0x0000000088500000| Updating 
| 134|0x0000000088600000, 0x0000000088700000, 0x0000000088700000|100%| O|  |TAMS 0x0000000088700000, 0x0000000088600000| Updating 
| 135|0x0000000088700000, 0x0000000088800000, 0x0000000088800000|100%| O|  |TAMS 0x0000000088800000, 0x0000000088700000| Updating 
| 136|0x0000000088800000, 0x0000000088900000, 0x0000000088900000|100%| O|  |TAMS 0x0000000088900000, 0x0000000088800000| Updating 
| 137|0x0000000088900000, 0x0000000088a00000, 0x0000000088a00000|100%| O|  |TAMS 0x0000000088a00000, 0x0000000088900000| Updating 
| 138|0x0000000088a00000, 0x0000000088b00000, 0x0000000088b00000|100%| O|  |TAMS 0x0000000088b00000, 0x0000000088a00000| Updating 
| 139|0x0000000088b00000, 0x0000000088c00000, 0x0000000088c00000|100%| O|  |TAMS 0x0000000088c00000, 0x0000000088b00000| Updating 
| 140|0x0000000088c00000, 0x0000000088d00000, 0x0000000088d00000|100%| O|  |TAMS 0x0000000088d00000, 0x0000000088c00000| Updating 
| 141|0x0000000088d00000, 0x0000000088e00000, 0x0000000088e00000|100%| O|  |TAMS 0x0000000088e00000, 0x0000000088d00000| Updating 
| 142|0x0000000088e00000, 0x0000000088f00000, 0x0000000088f00000|100%| O|  |TAMS 0x0000000088f00000, 0x0000000088e00000| Updating 
| 143|0x0000000088f00000, 0x0000000089000000, 0x0000000089000000|100%| O|  |TAMS 0x0000000089000000, 0x0000000088f00000| Updating 
| 144|0x0000000089000000, 0x0000000089100000, 0x0000000089100000|100%| O|  |TAMS 0x0000000089100000, 0x0000000089000000| Updating 
| 145|0x0000000089100000, 0x0000000089200000, 0x0000000089200000|100%| O|  |TAMS 0x0000000089200000, 0x0000000089100000| Updating 
| 146|0x0000000089200000, 0x0000000089300000, 0x0000000089300000|100%| O|  |TAMS 0x0000000089300000, 0x0000000089200000| Updating 
| 147|0x0000000089300000, 0x0000000089400000, 0x0000000089400000|100%| O|  |TAMS 0x0000000089400000, 0x0000000089300000| Updating 
| 148|0x0000000089400000, 0x0000000089500000, 0x0000000089500000|100%| O|  |TAMS 0x0000000089500000, 0x0000000089400000| Updating 
| 149|0x0000000089500000, 0x0000000089600000, 0x0000000089600000|100%| O|  |TAMS 0x0000000089600000, 0x0000000089500000| Updating 
| 150|0x0000000089600000, 0x0000000089700000, 0x0000000089700000|100%| O|  |TAMS 0x0000000089700000, 0x0000000089600000| Updating 
| 151|0x0000000089700000, 0x0000000089800000, 0x0000000089800000|100%| O|  |TAMS 0x0000000089800000, 0x0000000089700000| Updating 
| 152|0x0000000089800000, 0x0000000089900000, 0x0000000089900000|100%| O|  |TAMS 0x0000000089900000, 0x0000000089800000| Updating 
| 153|0x0000000089900000, 0x0000000089928000, 0x0000000089a00000| 15%| O|  |TAMS 0x0000000089928000, 0x0000000089900000| Updating 
| 154|0x0000000089a00000, 0x0000000089b00000, 0x0000000089b00000|100%|HS|  |TAMS 0x0000000089b00000, 0x0000000089a00000| Complete 
| 155|0x0000000089b00000, 0x0000000089c00000, 0x0000000089c00000|100%|HC|  |TAMS 0x0000000089c00000, 0x0000000089b00000| Complete 
| 156|0x0000000089c00000, 0x0000000089d00000, 0x0000000089d00000|100%|HS|  |TAMS 0x0000000089d00000, 0x0000000089c00000| Complete 
| 157|0x0000000089d00000, 0x0000000089e00000, 0x0000000089e00000|100%|HC|  |TAMS 0x0000000089e00000, 0x0000000089d00000| Complete 
| 158|0x0000000089e00000, 0x0000000089f00000, 0x0000000089f00000|100%|HC|  |TAMS 0x0000000089f00000, 0x0000000089e00000| Complete 
| 159|0x0000000089f00000, 0x000000008a000000, 0x000000008a000000|100%|HS|  |TAMS 0x000000008a000000, 0x0000000089f00000| Complete 
| 160|0x000000008a000000, 0x000000008a100000, 0x000000008a100000|100%|HC|  |TAMS 0x000000008a100000, 0x000000008a000000| Complete 
| 161|0x000000008a100000, 0x000000008a200000, 0x000000008a200000|100%|HC|  |TAMS 0x000000008a200000, 0x000000008a100000| Complete 
| 162|0x000000008a200000, 0x000000008a300000, 0x000000008a300000|100%|HC|  |TAMS 0x000000008a300000, 0x000000008a200000| Complete 
| 163|0x000000008a300000, 0x000000008a400000, 0x000000008a400000|100%|HC|  |TAMS 0x000000008a400000, 0x000000008a300000| Complete 
| 164|0x000000008a400000, 0x000000008a500000, 0x000000008a500000|100%|HS|  |TAMS 0x000000008a500000, 0x000000008a400000| Complete 
| 165|0x000000008a500000, 0x000000008a600000, 0x000000008a600000|100%|HC|  |TAMS 0x000000008a600000, 0x000000008a500000| Complete 
| 166|0x000000008a600000, 0x000000008a700000, 0x000000008a700000|100%|HC|  |TAMS 0x000000008a700000, 0x000000008a600000| Complete 
| 167|0x000000008a700000, 0x000000008a800000, 0x000000008a800000|100%|HC|  |TAMS 0x000000008a800000, 0x000000008a700000| Complete 
| 168|0x000000008a800000, 0x000000008a900000, 0x000000008a900000|100%|HC|  |TAMS 0x000000008a900000, 0x000000008a800000| Complete 
| 169|0x000000008a900000, 0x000000008aa00000, 0x000000008aa00000|100%|HS|  |TAMS 0x000000008aa00000, 0x000000008a900000| Complete 
| 170|0x000000008aa00000, 0x000000008ab00000, 0x000000008ab00000|100%|HC|  |TAMS 0x000000008ab00000, 0x000000008aa00000| Complete 
| 171|0x000000008ab00000, 0x000000008ac00000, 0x000000008ac00000|100%|HC|  |TAMS 0x000000008ac00000, 0x000000008ab00000| Complete 
| 172|0x000000008ac00000, 0x000000008ac00000, 0x000000008ad00000|  0%| F|  |TAMS 0x000000008ac00000, 0x000000008ac00000| Untracked 
| 173|0x000000008ad00000, 0x000000008ad00000, 0x000000008ae00000|  0%| F|  |TAMS 0x000000008ad00000, 0x000000008ad00000| Untracked 
| 174|0x000000008ae00000, 0x000000008ae00000, 0x000000008af00000|  0%| F|  |TAMS 0x000000008ae00000, 0x000000008ae00000| Untracked 
| 175|0x000000008af00000, 0x000000008af00000, 0x000000008b000000|  0%| F|  |TAMS 0x000000008af00000, 0x000000008af00000| Untracked 
| 176|0x000000008b000000, 0x000000008b000000, 0x000000008b100000|  0%| F|  |TAMS 0x000000008b000000, 0x000000008b000000| Untracked 
| 177|0x000000008b100000, 0x000000008b100000, 0x000000008b200000|  0%| F|  |TAMS 0x000000008b100000, 0x000000008b100000| Untracked 
| 178|0x000000008b200000, 0x000000008b200000, 0x000000008b300000|  0%| F|  |TAMS 0x000000008b200000, 0x000000008b200000| Untracked 
| 179|0x000000008b300000, 0x000000008b300000, 0x000000008b400000|  0%| F|  |TAMS 0x000000008b300000, 0x000000008b300000| Untracked 
| 180|0x000000008b400000, 0x000000008b400000, 0x000000008b500000|  0%| F|  |TAMS 0x000000008b400000, 0x000000008b400000| Untracked 
| 181|0x000000008b500000, 0x000000008b500000, 0x000000008b600000|  0%| F|  |TAMS 0x000000008b500000, 0x000000008b500000| Untracked 
| 182|0x000000008b600000, 0x000000008b600000, 0x000000008b700000|  0%| F|  |TAMS 0x000000008b600000, 0x000000008b600000| Untracked 
| 183|0x000000008b700000, 0x000000008b700000, 0x000000008b800000|  0%| F|  |TAMS 0x000000008b700000, 0x000000008b700000| Untracked 
| 184|0x000000008b800000, 0x000000008b800000, 0x000000008b900000|  0%| F|  |TAMS 0x000000008b800000, 0x000000008b800000| Untracked 
| 185|0x000000008b900000, 0x000000008b900000, 0x000000008ba00000|  0%| F|  |TAMS 0x000000008b900000, 0x000000008b900000| Untracked 
| 186|0x000000008ba00000, 0x000000008ba00000, 0x000000008bb00000|  0%| F|  |TAMS 0x000000008ba00000, 0x000000008ba00000| Untracked 
| 187|0x000000008bb00000, 0x000000008bb00000, 0x000000008bc00000|  0%| F|  |TAMS 0x000000008bb00000, 0x000000008bb00000| Untracked 
| 188|0x000000008bc00000, 0x000000008bc00000, 0x000000008bd00000|  0%| F|  |TAMS 0x000000008bc00000, 0x000000008bc00000| Untracked 
| 189|0x000000008bd00000, 0x000000008bd00000, 0x000000008be00000|  0%| F|  |TAMS 0x000000008bd00000, 0x000000008bd00000| Untracked 
| 190|0x000000008be00000, 0x000000008be00000, 0x000000008bf00000|  0%| F|  |TAMS 0x000000008be00000, 0x000000008be00000| Untracked 
| 191|0x000000008bf00000, 0x000000008bf00000, 0x000000008c000000|  0%| F|  |TAMS 0x000000008bf00000, 0x000000008bf00000| Untracked 
| 192|0x000000008c000000, 0x000000008c000000, 0x000000008c100000|  0%| F|  |TAMS 0x000000008c000000, 0x000000008c000000| Untracked 
| 193|0x000000008c100000, 0x000000008c100000, 0x000000008c200000|  0%| F|  |TAMS 0x000000008c100000, 0x000000008c100000| Untracked 
| 194|0x000000008c200000, 0x000000008c200000, 0x000000008c300000|  0%| F|  |TAMS 0x000000008c200000, 0x000000008c200000| Untracked 
| 195|0x000000008c300000, 0x000000008c327540, 0x000000008c400000| 15%| S|CS|TAMS 0x000000008c300000, 0x000000008c300000| Complete 
| 196|0x000000008c400000, 0x000000008c400000, 0x000000008c500000|  0%| F|  |TAMS 0x000000008c400000, 0x000000008c400000| Untracked 
| 197|0x000000008c500000, 0x000000008c500000, 0x000000008c600000|  0%| F|  |TAMS 0x000000008c500000, 0x000000008c500000| Untracked 
| 198|0x000000008c600000, 0x000000008c600000, 0x000000008c700000|  0%| F|  |TAMS 0x000000008c600000, 0x000000008c600000| Untracked 
| 199|0x000000008c700000, 0x000000008c800000, 0x000000008c800000|100%| S|CS|TAMS 0x000000008c700000, 0x000000008c700000| Complete 
| 200|0x000000008c800000, 0x000000008c900000, 0x000000008c900000|100%| S|CS|TAMS 0x000000008c800000, 0x000000008c800000| Complete 
| 201|0x000000008c900000, 0x000000008c900000, 0x000000008ca00000|  0%| F|  |TAMS 0x000000008c900000, 0x000000008c900000| Untracked 
| 202|0x000000008ca00000, 0x000000008ca00000, 0x000000008cb00000|  0%| F|  |TAMS 0x000000008ca00000, 0x000000008ca00000| Untracked 
| 203|0x000000008cb00000, 0x000000008cb00000, 0x000000008cc00000|  0%| F|  |TAMS 0x000000008cb00000, 0x000000008cb00000| Untracked 
| 204|0x000000008cc00000, 0x000000008cc00000, 0x000000008cd00000|  0%| F|  |TAMS 0x000000008cc00000, 0x000000008cc00000| Untracked 
| 205|0x000000008cd00000, 0x000000008cd00000, 0x000000008ce00000|  0%| F|  |TAMS 0x000000008cd00000, 0x000000008cd00000| Untracked 
| 206|0x000000008ce00000, 0x000000008ce00000, 0x000000008cf00000|  0%| F|  |TAMS 0x000000008ce00000, 0x000000008ce00000| Untracked 
| 207|0x000000008cf00000, 0x000000008cf00000, 0x000000008d000000|  0%| F|  |TAMS 0x000000008cf00000, 0x000000008cf00000| Untracked 
| 208|0x000000008d000000, 0x000000008d000000, 0x000000008d100000|  0%| F|  |TAMS 0x000000008d000000, 0x000000008d000000| Untracked 
| 209|0x000000008d100000, 0x000000008d100000, 0x000000008d200000|  0%| F|  |TAMS 0x000000008d100000, 0x000000008d100000| Untracked 
| 210|0x000000008d200000, 0x000000008d200000, 0x000000008d300000|  0%| F|  |TAMS 0x000000008d200000, 0x000000008d200000| Untracked 
| 211|0x000000008d300000, 0x000000008d300000, 0x000000008d400000|  0%| F|  |TAMS 0x000000008d300000, 0x000000008d300000| Untracked 
| 212|0x000000008d400000, 0x000000008d400000, 0x000000008d500000|  0%| F|  |TAMS 0x000000008d400000, 0x000000008d400000| Untracked 
| 213|0x000000008d500000, 0x000000008d500000, 0x000000008d600000|  0%| F|  |TAMS 0x000000008d500000, 0x000000008d500000| Untracked 
| 214|0x000000008d600000, 0x000000008d600000, 0x000000008d700000|  0%| F|  |TAMS 0x000000008d600000, 0x000000008d600000| Untracked 
| 215|0x000000008d700000, 0x000000008d700000, 0x000000008d800000|  0%| F|  |TAMS 0x000000008d700000, 0x000000008d700000| Untracked 
| 216|0x000000008d800000, 0x000000008d800000, 0x000000008d900000|  0%| F|  |TAMS 0x000000008d800000, 0x000000008d800000| Untracked 
| 217|0x000000008d900000, 0x000000008d900000, 0x000000008da00000|  0%| F|  |TAMS 0x000000008d900000, 0x000000008d900000| Untracked 
| 218|0x000000008da00000, 0x000000008da00000, 0x000000008db00000|  0%| F|  |TAMS 0x000000008da00000, 0x000000008da00000| Untracked 
| 219|0x000000008db00000, 0x000000008db00000, 0x000000008dc00000|  0%| F|  |TAMS 0x000000008db00000, 0x000000008db00000| Untracked 
| 220|0x000000008dc00000, 0x000000008dc00000, 0x000000008dd00000|  0%| F|  |TAMS 0x000000008dc00000, 0x000000008dc00000| Untracked 
| 221|0x000000008dd00000, 0x000000008dd00000, 0x000000008de00000|  0%| F|  |TAMS 0x000000008dd00000, 0x000000008dd00000| Untracked 
| 222|0x000000008de00000, 0x000000008de00000, 0x000000008df00000|  0%| F|  |TAMS 0x000000008de00000, 0x000000008de00000| Untracked 
| 223|0x000000008df00000, 0x000000008df00000, 0x000000008e000000|  0%| F|  |TAMS 0x000000008df00000, 0x000000008df00000| Untracked 
| 224|0x000000008e000000, 0x000000008e000000, 0x000000008e100000|  0%| F|  |TAMS 0x000000008e000000, 0x000000008e000000| Untracked 
| 225|0x000000008e100000, 0x000000008e100000, 0x000000008e200000|  0%| F|  |TAMS 0x000000008e100000, 0x000000008e100000| Untracked 
| 226|0x000000008e200000, 0x000000008e200000, 0x000000008e300000|  0%| F|  |TAMS 0x000000008e200000, 0x000000008e200000| Untracked 
| 227|0x000000008e300000, 0x000000008e300000, 0x000000008e400000|  0%| F|  |TAMS 0x000000008e300000, 0x000000008e300000| Untracked 
| 228|0x000000008e400000, 0x000000008e400000, 0x000000008e500000|  0%| F|  |TAMS 0x000000008e400000, 0x000000008e400000| Untracked 
| 229|0x000000008e500000, 0x000000008e500000, 0x000000008e600000|  0%| F|  |TAMS 0x000000008e500000, 0x000000008e500000| Untracked 
| 230|0x000000008e600000, 0x000000008e600000, 0x000000008e700000|  0%| F|  |TAMS 0x000000008e600000, 0x000000008e600000| Untracked 
| 231|0x000000008e700000, 0x000000008e700000, 0x000000008e800000|  0%| F|  |TAMS 0x000000008e700000, 0x000000008e700000| Untracked 
| 232|0x000000008e800000, 0x000000008e800000, 0x000000008e900000|  0%| F|  |TAMS 0x000000008e800000, 0x000000008e800000| Untracked 
| 233|0x000000008e900000, 0x000000008e900000, 0x000000008ea00000|  0%| F|  |TAMS 0x000000008e900000, 0x000000008e900000| Untracked 
| 234|0x000000008ea00000, 0x000000008ea00000, 0x000000008eb00000|  0%| F|  |TAMS 0x000000008ea00000, 0x000000008ea00000| Untracked 
| 235|0x000000008eb00000, 0x000000008eb00000, 0x000000008ec00000|  0%| F|  |TAMS 0x000000008eb00000, 0x000000008eb00000| Untracked 
| 236|0x000000008ec00000, 0x000000008ec00000, 0x000000008ed00000|  0%| F|  |TAMS 0x000000008ec00000, 0x000000008ec00000| Untracked 
| 237|0x000000008ed00000, 0x000000008ed00000, 0x000000008ee00000|  0%| F|  |TAMS 0x000000008ed00000, 0x000000008ed00000| Untracked 
| 238|0x000000008ee00000, 0x000000008ee00000, 0x000000008ef00000|  0%| F|  |TAMS 0x000000008ee00000, 0x000000008ee00000| Untracked 
| 239|0x000000008ef00000, 0x000000008ef00000, 0x000000008f000000|  0%| F|  |TAMS 0x000000008ef00000, 0x000000008ef00000| Untracked 
| 240|0x000000008f000000, 0x000000008f000000, 0x000000008f100000|  0%| F|  |TAMS 0x000000008f000000, 0x000000008f000000| Untracked 
| 241|0x000000008f100000, 0x000000008f100000, 0x000000008f200000|  0%| F|  |TAMS 0x000000008f100000, 0x000000008f100000| Untracked 
| 242|0x000000008f200000, 0x000000008f200000, 0x000000008f300000|  0%| F|  |TAMS 0x000000008f200000, 0x000000008f200000| Untracked 
| 243|0x000000008f300000, 0x000000008f300000, 0x000000008f400000|  0%| F|  |TAMS 0x000000008f300000, 0x000000008f300000| Untracked 
| 244|0x000000008f400000, 0x000000008f400000, 0x000000008f500000|  0%| F|  |TAMS 0x000000008f400000, 0x000000008f400000| Untracked 
| 245|0x000000008f500000, 0x000000008f500000, 0x000000008f600000|  0%| F|  |TAMS 0x000000008f500000, 0x000000008f500000| Untracked 
| 246|0x000000008f600000, 0x000000008f600000, 0x000000008f700000|  0%| F|  |TAMS 0x000000008f600000, 0x000000008f600000| Untracked 
| 247|0x000000008f700000, 0x000000008f700000, 0x000000008f800000|  0%| F|  |TAMS 0x000000008f700000, 0x000000008f700000| Untracked 
| 248|0x000000008f800000, 0x000000008f800000, 0x000000008f900000|  0%| F|  |TAMS 0x000000008f800000, 0x000000008f800000| Untracked 
| 249|0x000000008f900000, 0x000000008f900000, 0x000000008fa00000|  0%| F|  |TAMS 0x000000008f900000, 0x000000008f900000| Untracked 
| 250|0x000000008fa00000, 0x000000008fa00000, 0x000000008fb00000|  0%| F|  |TAMS 0x000000008fa00000, 0x000000008fa00000| Untracked 
| 251|0x000000008fb00000, 0x000000008fb00000, 0x000000008fc00000|  0%| F|  |TAMS 0x000000008fb00000, 0x000000008fb00000| Untracked 
| 252|0x000000008fc00000, 0x000000008fc00000, 0x000000008fd00000|  0%| F|  |TAMS 0x000000008fc00000, 0x000000008fc00000| Untracked 
| 253|0x000000008fd00000, 0x000000008fd00000, 0x000000008fe00000|  0%| F|  |TAMS 0x000000008fd00000, 0x000000008fd00000| Untracked 
| 254|0x000000008fe00000, 0x000000008fe00000, 0x000000008ff00000|  0%| F|  |TAMS 0x000000008fe00000, 0x000000008fe00000| Untracked 

Card table byte_map: [0x0000017e3b000000,0x0000017e3b400000] _byte_map_base: 0x0000017e3ac00000

Marking Bits (Prev, Next): (CMBitMap*) 0x0000017e278bf068, (CMBitMap*) 0x0000017e278bf0a0
 Prev Bits: [0x0000017e3b800000, 0x0000017e3d800000)
 Next Bits: [0x0000017e3d800000, 0x0000017e3f800000)

Polling page: 0x0000017e257f0000

Metaspace:

Usage:
  Non-class:    137.93 MB capacity,   134.63 MB ( 98%) used,     2.71 MB (  2%) free+waste,   599.25 KB ( <1%) overhead. 
      Class:     21.16 MB capacity,    19.22 MB ( 91%) used,     1.67 MB (  8%) free+waste,   270.94 KB (  1%) overhead. 
       Both:    159.09 MB capacity,   153.85 MB ( 97%) used,     4.38 MB (  3%) free+waste,   870.19 KB ( <1%) overhead. 

Virtual space:
  Non-class space:      140.00 MB reserved,     138.04 MB ( 99%) committed 
      Class space:        1.00 GB reserved,      21.25 MB (  2%) committed 
             Both:        1.14 GB reserved,     159.29 MB ( 14%) committed 

Chunk freelists:
   Non-Class:  44.00 KB
       Class:  0 bytes
        Both:  44.00 KB

MaxMetaspaceSize: 17179869184.00 GB
CompressedClassSpaceSize: 1.00 GB

CodeHeap 'non-profiled nmethods': size=119168Kb used=20339Kb max_used=20924Kb free=98828Kb
 bounds [0x0000017e32f10000, 0x0000017e34390000, 0x0000017e3a370000]
CodeHeap 'profiled nmethods': size=119168Kb used=58820Kb max_used=59404Kb free=60348Kb
 bounds [0x0000017e2bab0000, 0x0000017e2f5c0000, 0x0000017e32f10000]
CodeHeap 'non-nmethods': size=7424Kb used=4119Kb max_used=4207Kb free=3304Kb
 bounds [0x0000017e2b370000, 0x0000017e2b890000, 0x0000017e2bab0000]
 total_blobs=26465 nmethods=25386 adapters=986
 compilation: enabled
              stopped_count=0, restarted_count=0
 full_count=0

Compilation events (20 events):
Event: 1996.463 Thread 0x0000017e45ece800 29382       2       com.android.tools.r8.internal.e7$$Lambda$1697/0x0000000100f41c40::apply (16 bytes)
Event: 1996.463 Thread 0x0000017e498a3800 29383       2       com.android.tools.r8.internal.e7::a (55 bytes)
Event: 1996.463 Thread 0x0000017e45ece800 nmethod 29382 0x0000017e2c5e0010 code [0x0000017e2c5e01c0, 0x0000017e2c5e0348]
Event: 1996.463 Thread 0x0000017e498a3800 nmethod 29383 0x0000017e2c605290 code [0x0000017e2c605440, 0x0000017e2c6055c8]
Event: 1996.463 Thread 0x0000017e45ecc000 nmethod 29381 0x0000017e2c6da690 code [0x0000017e2c6da880, 0x0000017e2c6dac98]
Event: 1996.468 Thread 0x0000017e43089000 29384 %     3       com.android.tools.r8.internal.Ea::d @ 2 (27 bytes)
Event: 1996.469 Thread 0x0000017e43089000 nmethod 29384% 0x0000017e2c612d10 code [0x0000017e2c612ee0, 0x0000017e2c613178]
Event: 1996.471 Thread 0x0000017e498a3800 29385       2       com.android.tools.r8.internal.bq::hashCode (7 bytes)
Event: 1996.471 Thread 0x0000017e45ece800 29386       2       com.android.tools.r8.internal.rA::d (36 bytes)
Event: 1996.471 Thread 0x0000017e45ecc000 29387       1       com.android.tools.r8.internal.da::d (5 bytes)
Event: 1996.471 Thread 0x0000017e498a3800 nmethod 29385 0x0000017e2c563a10 code [0x0000017e2c563bc0, 0x0000017e2c563ce8]
Event: 1996.471 Thread 0x0000017e45ecc000 nmethod 29387 0x0000017e33386d10 code [0x0000017e33386ec0, 0x0000017e33386f78]
Event: 1996.471 Thread 0x0000017e43089000 29388       3       com.android.tools.r8.internal.x::putAll (124 bytes)
Event: 1996.471 Thread 0x0000017e45ece800 nmethod 29386 0x0000017e2c68e490 code [0x0000017e2c68e640, 0x0000017e2c68e7c8]
Event: 1996.471 Thread 0x0000017e43089000 nmethod 29388 0x0000017e2c8adb90 code [0x0000017e2c8ade60, 0x0000017e2c8aee58]
Event: 1996.475 Thread 0x0000017e498a3800 29392       2       com.android.tools.r8.internal.Mi::N (13 bytes)
Event: 1996.475 Thread 0x0000017e498a3800 nmethod 29392 0x0000017e2c639f10 code [0x0000017e2c63a0c0, 0x0000017e2c63a1d8]
Event: 1996.475 Thread 0x0000017e45ecc000 29393       3       com.android.tools.r8.internal.E7::b (455 bytes)
Event: 1996.476 Thread 0x0000017e45ece800 29394       2       com.android.tools.r8.internal.Le::a (94 bytes)
Event: 1996.476 Thread 0x0000017e45ece800 nmethod 29394 0x0000017e2c6a3210 code [0x0000017e2c6a3420, 0x0000017e2c6a3728]

GC Heap History (20 events):
Event: 1995.905 GC heap after
{Heap after GC invocations=68 (full 0):
 garbage-first heap   total 261120K, used 166891K [0x0000000080000000, 0x0000000100000000)
  region size 1024K, 7 young (7168K), 7 survivors (7168K)
 Metaspace       used 156087K, capacity 161480K, committed 161700K, reserved 1189888K
  class space    used 19619K, capacity 21555K, committed 21632K, reserved 1048576K
}
Event: 1995.973 GC heap before
{Heap before GC invocations=69 (full 0):
 garbage-first heap   total 261120K, used 219115K [0x0000000080000000, 0x0000000100000000)
  region size 1024K, 58 young (59392K), 7 survivors (7168K)
 Metaspace       used 156430K, capacity 161770K, committed 161956K, reserved 1189888K
  class space    used 19625K, capacity 21563K, committed 21632K, reserved 1048576K
}
Event: 1995.977 GC heap after
{Heap after GC invocations=70 (full 0):
 garbage-first heap   total 261120K, used 168882K [0x0000000080000000, 0x0000000100000000)
  region size 1024K, 4 young (4096K), 4 survivors (4096K)
 Metaspace       used 156430K, capacity 161770K, committed 161956K, reserved 1189888K
  class space    used 19625K, capacity 21563K, committed 21632K, reserved 1048576K
}
Event: 1995.985 GC heap before
{Heap before GC invocations=70 (full 0):
 garbage-first heap   total 261120K, used 177074K [0x0000000080000000, 0x0000000100000000)
  region size 1024K, 12 young (12288K), 4 survivors (4096K)
 Metaspace       used 156430K, capacity 161770K, committed 161956K, reserved 1189888K
  class space    used 19625K, capacity 21563K, committed 21632K, reserved 1048576K
}
Event: 1995.988 GC heap after
{Heap after GC invocations=71 (full 0):
 garbage-first heap   total 261120K, used 167445K [0x0000000080000000, 0x0000000100000000)
  region size 1024K, 1 young (1024K), 1 survivors (1024K)
 Metaspace       used 156430K, capacity 161770K, committed 161956K, reserved 1189888K
  class space    used 19625K, capacity 21563K, committed 21632K, reserved 1048576K
}
Event: 1996.064 GC heap before
{Heap before GC invocations=71 (full 0):
 garbage-first heap   total 261120K, used 220693K [0x0000000080000000, 0x0000000100000000)
  region size 1024K, 53 young (54272K), 1 survivors (1024K)
 Metaspace       used 156560K, capacity 161913K, committed 162212K, reserved 1189888K
  class space    used 19627K, capacity 21564K, committed 21632K, reserved 1048576K
}
Event: 1996.067 GC heap after
{Heap after GC invocations=72 (full 0):
 garbage-first heap   total 261120K, used 169433K [0x0000000080000000, 0x0000000100000000)
  region size 1024K, 3 young (3072K), 3 survivors (3072K)
 Metaspace       used 156560K, capacity 161913K, committed 162212K, reserved 1189888K
  class space    used 19627K, capacity 21564K, committed 21632K, reserved 1048576K
}
Event: 1996.152 GC heap before
{Heap before GC invocations=72 (full 0):
 garbage-first heap   total 261120K, used 221657K [0x0000000080000000, 0x0000000100000000)
  region size 1024K, 54 young (55296K), 3 survivors (3072K)
 Metaspace       used 157017K, capacity 162354K, committed 162468K, reserved 1189888K
  class space    used 19638K, capacity 21577K, committed 21632K, reserved 1048576K
}
Event: 1996.155 GC heap after
{Heap after GC invocations=73 (full 0):
 garbage-first heap   total 261120K, used 171633K [0x0000000080000000, 0x0000000100000000)
  region size 1024K, 5 young (5120K), 5 survivors (5120K)
 Metaspace       used 157017K, capacity 162354K, committed 162468K, reserved 1189888K
  class space    used 19638K, capacity 21577K, committed 21632K, reserved 1048576K
}
Event: 1996.236 GC heap before
{Heap before GC invocations=73 (full 0):
 garbage-first heap   total 261120K, used 222833K [0x0000000080000000, 0x0000000100000000)
  region size 1024K, 56 young (57344K), 5 survivors (5120K)
 Metaspace       used 157255K, capacity 162624K, committed 162852K, reserved 1189888K
  class space    used 19663K, capacity 21643K, committed 21760K, reserved 1048576K
}
Event: 1996.238 GC heap after
{Heap after GC invocations=74 (full 0):
 garbage-first heap   total 261120K, used 171448K [0x0000000080000000, 0x0000000100000000)
  region size 1024K, 3 young (3072K), 3 survivors (3072K)
 Metaspace       used 157255K, capacity 162624K, committed 162852K, reserved 1189888K
  class space    used 19663K, capacity 21643K, committed 21760K, reserved 1048576K
}
Event: 1996.297 GC heap before
{Heap before GC invocations=75 (full 0):
 garbage-first heap   total 261120K, used 223672K [0x0000000080000000, 0x0000000100000000)
  region size 1024K, 54 young (55296K), 3 survivors (3072K)
 Metaspace       used 157389K, capacity 162776K, committed 163108K, reserved 1191936K
  class space    used 19665K, capacity 21646K, committed 21760K, reserved 1048576K
}
Event: 1996.299 GC heap after
{Heap after GC invocations=76 (full 0):
 garbage-first heap   total 261120K, used 171943K [0x0000000080000000, 0x0000000100000000)
  region size 1024K, 3 young (3072K), 3 survivors (3072K)
 Metaspace       used 157389K, capacity 162776K, committed 163108K, reserved 1191936K
  class space    used 19665K, capacity 21646K, committed 21760K, reserved 1048576K
}
Event: 1996.309 GC heap before
{Heap before GC invocations=76 (full 0):
 garbage-first heap   total 261120K, used 181159K [0x0000000080000000, 0x0000000100000000)
  region size 1024K, 12 young (12288K), 3 survivors (3072K)
 Metaspace       used 157396K, capacity 162776K, committed 163108K, reserved 1191936K
  class space    used 19665K, capacity 21646K, committed 21760K, reserved 1048576K
}
Event: 1996.315 GC heap after
{Heap after GC invocations=77 (full 0):
 garbage-first heap   total 261120K, used 169365K [0x0000000080000000, 0x0000000100000000)
  region size 1024K, 2 young (2048K), 2 survivors (2048K)
 Metaspace       used 157396K, capacity 162776K, committed 163108K, reserved 1191936K
  class space    used 19665K, capacity 21646K, committed 21760K, reserved 1048576K
}
Event: 1996.326 GC heap before
{Heap before GC invocations=77 (full 0):
 garbage-first heap   total 261120K, used 180629K [0x0000000080000000, 0x0000000100000000)
  region size 1024K, 14 young (14336K), 2 survivors (2048K)
 Metaspace       used 157411K, capacity 162787K, committed 163108K, reserved 1191936K
  class space    used 19668K, capacity 21650K, committed 21760K, reserved 1048576K
}
Event: 1996.329 GC heap after
{Heap after GC invocations=78 (full 0):
 garbage-first heap   total 261120K, used 168990K [0x0000000080000000, 0x0000000100000000)
  region size 1024K, 1 young (1024K), 1 survivors (1024K)
 Metaspace       used 157411K, capacity 162787K, committed 163108K, reserved 1191936K
  class space    used 19668K, capacity 21650K, committed 21760K, reserved 1048576K
}
Event: 1996.401 GC heap before
{Heap before GC invocations=78 (full 0):
 garbage-first heap   total 261120K, used 227358K [0x0000000080000000, 0x0000000100000000)
  region size 1024K, 56 young (57344K), 1 survivors (1024K)
 Metaspace       used 157516K, capacity 162887K, committed 163108K, reserved 1191936K
  class space    used 19679K, capacity 21659K, committed 21760K, reserved 1048576K
}
Event: 1996.403 GC heap after
{Heap after GC invocations=79 (full 0):
 garbage-first heap   total 261120K, used 170214K [0x0000000080000000, 0x0000000100000000)
  region size 1024K, 3 young (3072K), 3 survivors (3072K)
 Metaspace       used 157516K, capacity 162887K, committed 163108K, reserved 1191936K
  class space    used 19679K, capacity 21659K, committed 21760K, reserved 1048576K
}
Event: 1996.477 GC heap before
{Heap before GC invocations=79 (full 0):
 garbage-first heap   total 261120K, used 225510K [0x0000000080000000, 0x0000000100000000)
  region size 1024K, 57 young (58368K), 3 survivors (3072K)
 Metaspace       used 157546K, capacity 162905K, committed 163108K, reserved 1191936K
  class space    used 19683K, capacity 21665K, committed 21760K, reserved 1048576K
}

Deoptimization events (20 events):
Event: 1996.382 Thread 0x0000017e5080e000 DEOPT PACKING pc=0x0000017e2ef40ab7 sp=0x0000001af9bfa070
Event: 1996.382 Thread 0x0000017e5080e000 DEOPT UNPACKING pc=0x0000017e2b3976ce sp=0x0000001af9bf9638 mode 0
Event: 1996.418 Thread 0x0000017e5080c800 DEOPT PACKING pc=0x0000017e2ef45742 sp=0x0000001af96f95a0
Event: 1996.418 Thread 0x0000017e5080c800 DEOPT UNPACKING pc=0x0000017e2b3976ce sp=0x0000001af96f8c88 mode 0
Event: 1996.419 Thread 0x0000017e5080e000 DEOPT PACKING pc=0x0000017e2ee992a2 sp=0x0000001af9bf9be0
Event: 1996.419 Thread 0x0000017e5080e000 DEOPT UNPACKING pc=0x0000017e2b3976ce sp=0x0000001af9bf9008 mode 0
Event: 1996.427 Thread 0x0000017e5080b800 Uncommon trap: trap_request=0xffffff4d fr.pc=0x0000017e339dfabc relative=0x0000000000003c3c
Event: 1996.427 Thread 0x0000017e5080b800 Uncommon trap: reason=unstable_if action=reinterpret pc=0x0000017e339dfabc method=com.android.tools.r8.internal.Sr.a(Lcom/android/tools/r8/internal/Fg;)Z @ 149 c2
Event: 1996.427 Thread 0x0000017e5080b800 DEOPT PACKING pc=0x0000017e339dfabc sp=0x0000001af94f9990
Event: 1996.427 Thread 0x0000017e5080b800 DEOPT UNPACKING pc=0x0000017e2b3978af sp=0x0000001af94f9998 mode 2
Event: 1996.442 Thread 0x0000017e5080b800 DEOPT PACKING pc=0x0000017e2f0a60e7 sp=0x0000001af94f9ce0
Event: 1996.442 Thread 0x0000017e5080b800 DEOPT UNPACKING pc=0x0000017e2b3976ce sp=0x0000001af94f92f0 mode 0
Event: 1996.442 Thread 0x0000017e5080c800 DEOPT PACKING pc=0x0000017e2f121931 sp=0x0000001af96f9940
Event: 1996.442 Thread 0x0000017e5080c800 DEOPT UNPACKING pc=0x0000017e2b3976ce sp=0x0000001af96f8ec8 mode 0
Event: 1996.445 Thread 0x0000017e5080c800 DEOPT PACKING pc=0x0000017e2f0ba325 sp=0x0000001af96f9af0
Event: 1996.445 Thread 0x0000017e5080c800 DEOPT UNPACKING pc=0x0000017e2b3976ce sp=0x0000001af96f91e8 mode 0
Event: 1996.459 Thread 0x0000017e5080c800 DEOPT PACKING pc=0x0000017e2ef3eae4 sp=0x0000001af96f9120
Event: 1996.459 Thread 0x0000017e5080c800 DEOPT UNPACKING pc=0x0000017e2b3976ce sp=0x0000001af96f86b8 mode 0
Event: 1996.475 Thread 0x0000017e5080c800 DEOPT PACKING pc=0x0000017e2ef896c2 sp=0x0000001af96f9c00
Event: 1996.475 Thread 0x0000017e5080c800 DEOPT UNPACKING pc=0x0000017e2b3976ce sp=0x0000001af96f91d0 mode 0

Classes redefined (0 events):
No events

Internal exceptions (20 events):
Event: 1995.613 Thread 0x0000017e5080f800 Exception <a 'sun/nio/fs/WindowsException'{0x000000008d166078}> (0x000000008d166078) thrown at [./src/hotspot/share/prims/jni.cpp, line 615]
Event: 1995.614 Thread 0x0000017e50806000 Exception <a 'sun/nio/fs/WindowsException'{0x000000008d029760}> (0x000000008d029760) thrown at [./src/hotspot/share/prims/jni.cpp, line 615]
Event: 1995.614 Thread 0x0000017e5080e000 Exception <a 'sun/nio/fs/WindowsException'{0x000000008d1c7030}> (0x000000008d1c7030) thrown at [./src/hotspot/share/prims/jni.cpp, line 615]
Event: 1995.616 Thread 0x0000017e50808000 Exception <a 'sun/nio/fs/WindowsException'{0x000000008cf033f8}> (0x000000008cf033f8) thrown at [./src/hotspot/share/prims/jni.cpp, line 615]
Event: 1995.622 Thread 0x0000017e46dec800 Exception <a 'sun/nio/fs/WindowsException'{0x000000008cc83f00}> (0x000000008cc83f00) thrown at [./src/hotspot/share/prims/jni.cpp, line 615]
Event: 1995.628 Thread 0x0000017e5080a000 Exception <a 'sun/nio/fs/WindowsException'{0x000000008c72cf00}> (0x000000008c72cf00) thrown at [./src/hotspot/share/prims/jni.cpp, line 615]
Event: 1995.632 Thread 0x0000017e50810800 Exception <a 'sun/nio/fs/WindowsException'{0x000000008c4f1960}> (0x000000008c4f1960) thrown at [./src/hotspot/share/prims/jni.cpp, line 615]
Event: 1995.712 Thread 0x0000017e5080a000 Exception <a 'sun/nio/fs/WindowsException'{0x000000008f2558f0}> (0x000000008f2558f0) thrown at [./src/hotspot/share/prims/jni.cpp, line 615]
Event: 1995.713 Thread 0x0000017e50811000 Exception <a 'sun/nio/fs/WindowsException'{0x000000008f1938b0}> (0x000000008f1938b0) thrown at [./src/hotspot/share/prims/jni.cpp, line 615]
Event: 1995.714 Thread 0x0000017e50805000 Exception <a 'sun/nio/fs/WindowsException'{0x000000008ef1ec20}> (0x000000008ef1ec20) thrown at [./src/hotspot/share/prims/jni.cpp, line 615]
Event: 1995.717 Thread 0x0000017e50806000 Exception <a 'sun/nio/fs/WindowsException'{0x000000008eb485e0}> (0x000000008eb485e0) thrown at [./src/hotspot/share/prims/jni.cpp, line 615]
Event: 1995.722 Thread 0x0000017e5080e000 Exception <a 'sun/nio/fs/WindowsException'{0x000000008e427650}> (0x000000008e427650) thrown at [./src/hotspot/share/prims/jni.cpp, line 615]
Event: 1995.728 Thread 0x0000017e5080c800 Exception <a 'sun/nio/fs/WindowsException'{0x000000008de99b50}> (0x000000008de99b50) thrown at [./src/hotspot/share/prims/jni.cpp, line 615]
Event: 1995.733 Thread 0x0000017e5080a000 Exception <a 'java/lang/NoSuchMethodError'{0x000000008d9c48a8}: 'java.lang.Object java.lang.invoke.DirectMethodHandle$Holder.invokeInterface(java.lang.Object, java.lang.Object, int)'> (0x000000008d9c48a8) thrown at [./src/hotspot/share/interpreter/linkResolver.cpp, line 773]
Event: 1995.735 Thread 0x0000017e5080b800 Exception <a 'sun/nio/fs/WindowsException'{0x000000008d7da858}> (0x000000008d7da858) thrown at [./src/hotspot/share/prims/jni.cpp, line 615]
Event: 1995.769 Thread 0x0000017e5080a000 Exception <a 'sun/nio/fs/WindowsException'{0x000000008c0edb38}> (0x000000008c0edb38) thrown at [./src/hotspot/share/prims/jni.cpp, line 615]
Event: 1995.770 Thread 0x0000017e5080a000 Implicit null exception at 0x0000017e32f8351b to 0x0000017e32f83cd4
Event: 1995.936 Thread 0x0000017e50811000 Exception <a 'sun/nio/fs/WindowsException'{0x000000008edff4b8}> (0x000000008edff4b8) thrown at [./src/hotspot/share/prims/jni.cpp, line 615]
Event: 1996.008 Thread 0x0000017e50805000 Exception <a 'sun/nio/fs/WindowsException'{0x000000008efba090}> (0x000000008efba090) thrown at [./src/hotspot/share/prims/jni.cpp, line 615]
Event: 1996.043 Thread 0x0000017e50806000 Exception <a 'sun/nio/fs/WindowsException'{0x000000008d5022d8}> (0x000000008d5022d8) thrown at [./src/hotspot/share/prims/jni.cpp, line 615]

Events (20 events):
Event: 1996.406 loading class com/android/tools/r8/internal/DE done
Event: 1996.406 loading class com/android/tools/r8/code/G0
Event: 1996.406 loading class com/android/tools/r8/code/G0 done
Event: 1996.406 loading class com/android/tools/r8/code/G0
Event: 1996.406 loading class com/android/tools/r8/code/G0 done
Event: 1996.406 loading class com/android/tools/r8/code/G0
Event: 1996.406 loading class com/android/tools/r8/code/G0 done
Event: 1996.406 loading class com/android/tools/r8/code/G0
Event: 1996.406 loading class com/android/tools/r8/code/G0 done
Event: 1996.406 loading class com/android/tools/r8/code/G0
Event: 1996.406 loading class com/android/tools/r8/code/G0 done
Event: 1996.415 loading class com/android/tools/r8/internal/st
Event: 1996.415 loading class com/android/tools/r8/internal/st done
Event: 1996.431 Executing VM operation: CGC_Operation
Event: 1996.441 Executing VM operation: CGC_Operation done
Event: 1996.456 loading class com/android/tools/r8/code/G0
Event: 1996.456 loading class com/android/tools/r8/code/G0 done
Event: 1996.456 loading class com/android/tools/r8/code/G0
Event: 1996.456 loading class com/android/tools/r8/code/G0 done
Event: 1996.477 Executing VM operation: G1CollectForAllocation


Dynamic libraries:
0x00007ff629880000 - 0x00007ff62988a000 	C:\Program Files\Android\Android Studio1\jre\bin\java.exe
0x00007ffaf9290000 - 0x00007ffaf9485000 	C:\Windows\SYSTEM32\ntdll.dll
0x00007ffaf8110000 - 0x00007ffaf81ce000 	C:\Windows\System32\KERNEL32.DLL
0x00007ffaf6d80000 - 0x00007ffaf7049000 	C:\Windows\System32\KERNELBASE.dll
0x00007ffaf6a40000 - 0x00007ffaf6b40000 	C:\Windows\System32\ucrtbase.dll
0x00007ffadf960000 - 0x00007ffadf979000 	C:\Program Files\Android\Android Studio1\jre\bin\jli.dll
0x00007ffaf1fe0000 - 0x00007ffaf1ff7000 	C:\Program Files\Android\Android Studio1\jre\bin\VCRUNTIME140.dll
0x00007ffaf90a0000 - 0x00007ffaf9241000 	C:\Windows\System32\USER32.dll
0x00007ffaf72b0000 - 0x00007ffaf72d2000 	C:\Windows\System32\win32u.dll
0x00007ffae4af0000 - 0x00007ffae4d8a000 	C:\Windows\WinSxS\amd64_microsoft.windows.common-controls_6595b64144ccf1df_6.0.19041.1110_none_60b5254171f9507e\COMCTL32.dll
0x00007ffaf8b00000 - 0x00007ffaf8b2b000 	C:\Windows\System32\GDI32.dll
0x00007ffaf7c10000 - 0x00007ffaf7cae000 	C:\Windows\System32\msvcrt.dll
0x00007ffaf7050000 - 0x00007ffaf715b000 	C:\Windows\System32\gdi32full.dll
0x00007ffaf71c0000 - 0x00007ffaf725d000 	C:\Windows\System32\msvcp_win.dll
0x00007ffaf72e0000 - 0x00007ffaf7310000 	C:\Windows\System32\IMM32.DLL
0x00007ffae63e0000 - 0x00007ffae647d000 	C:\Program Files\Android\Android Studio1\jre\bin\msvcp140.dll
0x00007ffaa26e0000 - 0x00007ffaa31af000 	C:\Program Files\Android\Android Studio1\jre\bin\server\jvm.dll
0x00007ffaf87e0000 - 0x00007ffaf888c000 	C:\Windows\System32\ADVAPI32.dll
0x00007ffaf7b70000 - 0x00007ffaf7c0b000 	C:\Windows\System32\sechost.dll
0x00007ffaf89d0000 - 0x00007ffaf8afa000 	C:\Windows\System32\RPCRT4.dll
0x00007ffaf7cb0000 - 0x00007ffaf7cb8000 	C:\Windows\System32\PSAPI.DLL
0x00007ffaf2440000 - 0x00007ffaf2449000 	C:\Windows\SYSTEM32\WSOCK32.dll
0x00007ffadf470000 - 0x00007ffadf497000 	C:\Windows\SYSTEM32\WINMM.dll
0x00007ffaf18c0000 - 0x00007ffaf18ca000 	C:\Windows\SYSTEM32\VERSION.dll
0x00007ffaf8550000 - 0x00007ffaf85bb000 	C:\Windows\System32\WS2_32.dll
0x00007ffaf48d0000 - 0x00007ffaf48e2000 	C:\Windows\SYSTEM32\kernel.appcore.dll
0x00007ffaf1a60000 - 0x00007ffaf1a71000 	C:\Program Files\Android\Android Studio1\jre\bin\verify.dll
0x00007ffade100000 - 0x00007ffade2e4000 	C:\Windows\SYSTEM32\DBGHELP.DLL
0x00007ffaddc10000 - 0x00007ffaddc3c000 	C:\Windows\SYSTEM32\dbgcore.DLL
0x00007ffaf69b0000 - 0x00007ffaf6a33000 	C:\Windows\System32\bcryptPrimitives.dll
0x00007ffaece80000 - 0x00007ffaecea9000 	C:\Program Files\Android\Android Studio1\jre\bin\java.dll
0x00007ffaf1e70000 - 0x00007ffaf1e7b000 	C:\Program Files\Android\Android Studio1\jre\bin\jimage.dll
0x00007ffae66d0000 - 0x00007ffae66e8000 	C:\Program Files\Android\Android Studio1\jre\bin\zip.dll
0x00007ffaf7430000 - 0x00007ffaf7b6f000 	C:\Windows\System32\SHELL32.dll
0x00007ffaf4ad0000 - 0x00007ffaf5260000 	C:\Windows\SYSTEM32\windows.storage.dll
0x00007ffaf81f0000 - 0x00007ffaf8545000 	C:\Windows\System32\combase.dll
0x00007ffaf6330000 - 0x00007ffaf635c000 	C:\Windows\SYSTEM32\Wldp.dll
0x00007ffaf8060000 - 0x00007ffaf810e000 	C:\Windows\System32\SHCORE.dll
0x00007ffaf73d0000 - 0x00007ffaf7425000 	C:\Windows\System32\shlwapi.dll
0x00007ffaf68f0000 - 0x00007ffaf690f000 	C:\Windows\SYSTEM32\profapi.dll
0x00007ffae66b0000 - 0x00007ffae66ca000 	C:\Program Files\Android\Android Studio1\jre\bin\net.dll
0x00007ffaf1900000 - 0x00007ffaf1a08000 	C:\Windows\SYSTEM32\WINHTTP.dll
0x00007ffaf6090000 - 0x00007ffaf60fa000 	C:\Windows\system32\mswsock.dll
0x00007ffae6690000 - 0x00007ffae66a4000 	C:\Program Files\Android\Android Studio1\jre\bin\nio.dll
0x00007ffae3820000 - 0x00007ffae3847000 	C:\Users\Administrator\.gradle\native\8bec1ad78214c89d9ad589b4d07fe93259594b29d510b10fafb7a158f7737e5d\windows-amd64\native-platform.dll
0x00007ffad6580000 - 0x00007ffad66bd000 	C:\Users\Administrator\.gradle\native\53dbd7edfb1c66fb8903c78663c9afc45aea4f116125fa6feffd364cf09443e8\windows-amd64\native-platform-file-events.dll
0x00007ffaf1a50000 - 0x00007ffaf1a5a000 	C:\Program Files\Android\Android Studio1\jre\bin\management.dll
0x00007ffaef9d0000 - 0x00007ffaef9dc000 	C:\Program Files\Android\Android Studio1\jre\bin\management_ext.dll
0x00007ffaf6280000 - 0x00007ffaf6298000 	C:\Windows\SYSTEM32\CRYPTSP.dll
0x00007ffaf5a10000 - 0x00007ffaf5a44000 	C:\Windows\system32\rsaenh.dll
0x00007ffaf6b40000 - 0x00007ffaf6b67000 	C:\Windows\System32\bcrypt.dll
0x00007ffaf68b0000 - 0x00007ffaf68de000 	C:\Windows\SYSTEM32\USERENV.dll
0x00007ffaf62a0000 - 0x00007ffaf62ac000 	C:\Windows\SYSTEM32\CRYPTBASE.dll
0x00007ffaf5d80000 - 0x00007ffaf5dbb000 	C:\Windows\SYSTEM32\IPHLPAPI.DLL
0x00007ffaf9090000 - 0x00007ffaf9098000 	C:\Windows\System32\NSI.dll
0x00007ffaf0770000 - 0x00007ffaf0787000 	C:\Windows\SYSTEM32\dhcpcsvc6.DLL
0x00007ffaf0750000 - 0x00007ffaf076d000 	C:\Windows\SYSTEM32\dhcpcsvc.DLL
0x00007ffaf5dc0000 - 0x00007ffaf5e8c000 	C:\Windows\SYSTEM32\DNSAPI.dll
0x00007ffae6220000 - 0x00007ffae6247000 	C:\Program Files\Android\Android Studio1\jre\bin\sunec.dll
0x00007ffaf41f0000 - 0x00007ffaf41f8000 	C:\Program Files\Android\Android Studio1\jre\bin\rmi.dll
0x00007ffaefc60000 - 0x00007ffaefc6a000 	C:\Windows\System32\rasadhlp.dll
0x00007ffaef8c0000 - 0x00007ffaef93f000 	C:\Windows\System32\fwpuclnt.dll
0x00007ffaf56a0000 - 0x00007ffaf56d3000 	C:\Windows\SYSTEM32\ntmarta.dll

dbghelp: loaded successfully - version: 4.0.5 - missing functions: none
symbol engine: initialized successfully - sym options: 0x614 - pdb path: .;C:\Program Files\Android\Android Studio1\jre\bin;C:\Windows\SYSTEM32;C:\Windows\WinSxS\amd64_microsoft.windows.common-controls_6595b64144ccf1df_6.0.19041.1110_none_60b5254171f9507e;C:\Program Files\Android\Android Studio1\jre\bin\server;C:\Users\Administrator\.gradle\native\8bec1ad78214c89d9ad589b4d07fe93259594b29d510b10fafb7a158f7737e5d\windows-amd64;C:\Users\Administrator\.gradle\native\53dbd7edfb1c66fb8903c78663c9afc45aea4f116125fa6feffd364cf09443e8\windows-amd64

VM Arguments:
jvm_args: --add-opens=java.base/java.util=ALL-UNNAMED --add-opens=java.base/java.lang=ALL-UNNAMED --add-opens=java.base/java.lang.invoke=ALL-UNNAMED --add-opens=java.base/java.util=ALL-UNNAMED --add-opens=java.prefs/java.util.prefs=ALL-UNNAMED --add-opens=java.prefs/java.util.prefs=ALL-UNNAMED --add-opens=java.base/java.nio.charset=ALL-UNNAMED --add-opens=java.base/java.net=ALL-UNNAMED --add-opens=java.base/java.util.concurrent.atomic=ALL-UNNAMED -Xmx2048m -Dfile.encoding=UTF-8 -Duser.country=KR -Duser.language=ko -Duser.variant 
java_command: org.gradle.launcher.daemon.bootstrap.GradleDaemon 7.0.2
java_class_path (initial): C:\Users\Administrator\.gradle\wrapper\dists\gradle-7.0.2-bin\857tjihv64xamwrf0h14cai3r\gradle-7.0.2\lib\gradle-launcher-7.0.2.jar
Launcher Type: SUN_STANDARD

[Global flags]
     intx CICompilerCount                          = 12                                        {product} {ergonomic}
     uint ConcGCThreads                            = 3                                         {product} {ergonomic}
     uint G1ConcRefinementThreads                  = 13                                        {product} {ergonomic}
   size_t G1HeapRegionSize                         = 1048576                                   {product} {ergonomic}
    uintx GCDrainStackTargetSize                   = 64                                        {product} {ergonomic}
   size_t InitialHeapSize                          = 257949696                                 {product} {ergonomic}
   size_t MarkStackSize                            = 4194304                                   {product} {ergonomic}
   size_t MaxHeapSize                              = 2147483648                                {product} {command line}
   size_t MaxNewSize                               = 1287651328                                {product} {ergonomic}
   size_t MinHeapDeltaBytes                        = 1048576                                   {product} {ergonomic}
    uintx NonNMethodCodeHeapSize                   = 7594288                                {pd product} {ergonomic}
    uintx NonProfiledCodeHeapSize                  = 122031976                              {pd product} {ergonomic}
    uintx ProfiledCodeHeapSize                     = 122031976                              {pd product} {ergonomic}
    uintx ReservedCodeCacheSize                    = 251658240                              {pd product} {ergonomic}
     bool SegmentedCodeCache                       = true                                      {product} {ergonomic}
     bool UseCompressedClassPointers               = true                                 {lp64_product} {ergonomic}
     bool UseCompressedOops                        = true                                 {lp64_product} {ergonomic}
     bool UseG1GC                                  = true                                      {product} {ergonomic}
     bool UseLargePagesIndividualAllocation        = false                                  {pd product} {ergonomic}

Logging:
Log output configuration:
 #0: stdout all=warning uptime,level,tags
 #1: stderr all=off uptime,level,tags

Environment Variables:
PATH=C:\Windows\system32;C:\Windows;C:\Windows\System32\Wbem;C:\Windows\System32\WindowsPowerShell\v1.0\;C:\Windows\System32\OpenSSH\;C:\Users\Administrator\AppData\Local\Microsoft\WindowsApps;
USERNAME=Administrator
OS=Windows_NT
PROCESSOR_IDENTIFIER=Intel64 Family 6 Model 165 Stepping 5, GenuineIntel



---------------  S Y S T E M  ---------------

OS: Windows 10 , 64 bit Build 19041 (10.0.19041.1202)
OS uptime: 3 days 15:54 hours

CPU:total 16 (initial active 16) (8 cores per cpu, 2 threads per core) family 6 model 165 stepping 5 microcode 0xe2, cmov, cx8, fxsr, mmx, sse, sse2, sse3, ssse3, sse4.1, sse4.2, popcnt, avx, avx2, aes, clmul, erms, 3dnowpref, lzcnt, ht, tsc, tscinvbit, bmi1, bmi2, adx, fma

Memory: 4k page, system-wide physical 15735M (803M free)
TotalPageFile size 15735M (AvailPageFile size 59M)
current process WorkingSet (physical memory assigned to process): 700M, peak: 703M
current process commit charge ("private bytes"): 783M, peak: 862M

vm_info: OpenJDK 64-Bit Server VM (11.0.10+0-b96-7249189) for windows-amd64 JRE (11.0.10+0-b96-7249189), built on Mar 31 2021 21:44:00 by "builder" with MS VC++ 14.0 (VS2015)

END.
